[INFO] | 2024-11-10 07:38:58 AM | analyzer.0x40da24a66f729d0bd0453681c5a6506bdc2a7a6a | Analysis started at: 2024-11-10 07:38:58 AM
[INFO] | 2024-11-10 07:39:01 AM | analyzer.0x40da24a66f729d0bd0453681c5a6506bdc2a7a6a | Version constraints: ['^0.4.11']
[INFO] | 2024-11-10 07:39:01 AM | analyzer.0x40da24a66f729d0bd0453681c5a6506bdc2a7a6a | solc version: v0.4.11
[INFO] | 2024-11-10 07:39:03 AM | analyzer.0x40da24a66f729d0bd0453681c5a6506bdc2a7a6a | Callgraph generation started!
[INFO] | 2024-11-10 07:39:03 AM | analyzer.0x40da24a66f729d0bd0453681c5a6506bdc2a7a6a | Callgraph generation finished!
[INFO] | 2024-11-10 07:39:03 AM | analyzer.0x40da24a66f729d0bd0453681c5a6506bdc2a7a6a | Interprocedural CFG generation started!
[INFO] | 2024-11-10 07:39:03 AM | analyzer.0x40da24a66f729d0bd0453681c5a6506bdc2a7a6a | Interprocedural CFG generation finished!
[INFO] | 2024-11-10 07:39:03 AM | analyzer.0x40da24a66f729d0bd0453681c5a6506bdc2a7a6a | Storage dependency graph generation started!
[INFO] | 2024-11-10 07:39:03 AM | analyzer.0x40da24a66f729d0bd0453681c5a6506bdc2a7a6a | Storage dependency graph generation finished!
[INFO] | 2024-11-10 07:39:03 AM | analyzer.0x40da24a66f729d0bd0453681c5a6506bdc2a7a6a | Value Range Analysis started
[INFO] | 2024-11-10 07:39:03 AM | analyzer.0x40da24a66f729d0bd0453681c5a6506bdc2a7a6a | Generating return summary for slitherConstructorConstantVariables
[INFO] | 2024-11-10 07:39:03 AM | analyzer.0x40da24a66f729d0bd0453681c5a6506bdc2a7a6a | Return summary generated for slitherConstructorConstantVariables
[INFO] | 2024-11-10 07:39:03 AM | analyzer.0x40da24a66f729d0bd0453681c5a6506bdc2a7a6a | Range graph generated
[INFO] | 2024-11-10 07:39:03 AM | analyzer.0x40da24a66f729d0bd0453681c5a6506bdc2a7a6a | Processed function slitherConstructorConstantVariables
[INFO] | 2024-11-10 07:39:03 AM | analyzer.0x40da24a66f729d0bd0453681c5a6506bdc2a7a6a | Generating return summary for slitherConstructorConstantVariables
[INFO] | 2024-11-10 07:39:03 AM | analyzer.0x40da24a66f729d0bd0453681c5a6506bdc2a7a6a | Return summary generated for slitherConstructorConstantVariables
[INFO] | 2024-11-10 07:39:03 AM | analyzer.0x40da24a66f729d0bd0453681c5a6506bdc2a7a6a | Range graph generated
[INFO] | 2024-11-10 07:39:03 AM | analyzer.0x40da24a66f729d0bd0453681c5a6506bdc2a7a6a | Processed function slitherConstructorConstantVariables
[INFO] | 2024-11-10 07:39:03 AM | analyzer.0x40da24a66f729d0bd0453681c5a6506bdc2a7a6a | Generating return summary for getBonusFactor
[INFO] | 2024-11-10 07:39:03 AM | analyzer.0x40da24a66f729d0bd0453681c5a6506bdc2a7a6a | Return summary generated for getBonusFactor
[INFO] | 2024-11-10 07:39:03 AM | analyzer.0x40da24a66f729d0bd0453681c5a6506bdc2a7a6a | State variable assignement do not exist
[INFO] | 2024-11-10 07:39:03 AM | analyzer.0x40da24a66f729d0bd0453681c5a6506bdc2a7a6a | Processed function getBonusFactor
[INFO] | 2024-11-10 07:39:03 AM | analyzer.0x40da24a66f729d0bd0453681c5a6506bdc2a7a6a | Generating return summary for mul
[INFO] | 2024-11-10 07:39:03 AM | analyzer.0x40da24a66f729d0bd0453681c5a6506bdc2a7a6a | Return summary generated for mul
[INFO] | 2024-11-10 07:39:03 AM | analyzer.0x40da24a66f729d0bd0453681c5a6506bdc2a7a6a | State variable assignement do not exist
[INFO] | 2024-11-10 07:39:03 AM | analyzer.0x40da24a66f729d0bd0453681c5a6506bdc2a7a6a | Processed function mul
[INFO] | 2024-11-10 07:39:03 AM | analyzer.0x40da24a66f729d0bd0453681c5a6506bdc2a7a6a | Generating return summary for div
[INFO] | 2024-11-10 07:39:03 AM | analyzer.0x40da24a66f729d0bd0453681c5a6506bdc2a7a6a | Return summary generated for div
[INFO] | 2024-11-10 07:39:03 AM | analyzer.0x40da24a66f729d0bd0453681c5a6506bdc2a7a6a | State variable assignement do not exist
[INFO] | 2024-11-10 07:39:03 AM | analyzer.0x40da24a66f729d0bd0453681c5a6506bdc2a7a6a | Processed function div
[INFO] | 2024-11-10 07:39:03 AM | analyzer.0x40da24a66f729d0bd0453681c5a6506bdc2a7a6a | Generating return summary for sub
[INFO] | 2024-11-10 07:39:03 AM | analyzer.0x40da24a66f729d0bd0453681c5a6506bdc2a7a6a | Return summary generated for sub
[INFO] | 2024-11-10 07:39:03 AM | analyzer.0x40da24a66f729d0bd0453681c5a6506bdc2a7a6a | State variable assignement do not exist
[INFO] | 2024-11-10 07:39:03 AM | analyzer.0x40da24a66f729d0bd0453681c5a6506bdc2a7a6a | Processed function sub
[INFO] | 2024-11-10 07:39:03 AM | analyzer.0x40da24a66f729d0bd0453681c5a6506bdc2a7a6a | Generating return summary for add
[INFO] | 2024-11-10 07:39:03 AM | analyzer.0x40da24a66f729d0bd0453681c5a6506bdc2a7a6a | Return summary generated for add
[INFO] | 2024-11-10 07:39:03 AM | analyzer.0x40da24a66f729d0bd0453681c5a6506bdc2a7a6a | State variable assignement do not exist
[INFO] | 2024-11-10 07:39:03 AM | analyzer.0x40da24a66f729d0bd0453681c5a6506bdc2a7a6a | Processed function add
[INFO] | 2024-11-10 07:39:03 AM | analyzer.0x40da24a66f729d0bd0453681c5a6506bdc2a7a6a | Generating return summary for balanceOf
[INFO] | 2024-11-10 07:39:03 AM | analyzer.0x40da24a66f729d0bd0453681c5a6506bdc2a7a6a | Return summary generated for balanceOf
[INFO] | 2024-11-10 07:39:03 AM | analyzer.0x40da24a66f729d0bd0453681c5a6506bdc2a7a6a | State variable assignement do not exist
[INFO] | 2024-11-10 07:39:03 AM | analyzer.0x40da24a66f729d0bd0453681c5a6506bdc2a7a6a | Processed function balanceOf
[INFO] | 2024-11-10 07:39:03 AM | analyzer.0x40da24a66f729d0bd0453681c5a6506bdc2a7a6a | Generating return summary for transfer
[INFO] | 2024-11-10 07:39:03 AM | analyzer.0x40da24a66f729d0bd0453681c5a6506bdc2a7a6a | Return summary generated for transfer
[INFO] | 2024-11-10 07:39:03 AM | analyzer.0x40da24a66f729d0bd0453681c5a6506bdc2a7a6a | State variable assignement do not exist
[INFO] | 2024-11-10 07:39:03 AM | analyzer.0x40da24a66f729d0bd0453681c5a6506bdc2a7a6a | Processed function transfer
[INFO] | 2024-11-10 07:39:03 AM | analyzer.0x40da24a66f729d0bd0453681c5a6506bdc2a7a6a | Generating return summary for balanceOf
[INFO] | 2024-11-10 07:39:03 AM | analyzer.0x40da24a66f729d0bd0453681c5a6506bdc2a7a6a | Return summary generated for balanceOf
[INFO] | 2024-11-10 07:39:03 AM | analyzer.0x40da24a66f729d0bd0453681c5a6506bdc2a7a6a | State variable assignement do not exist
[INFO] | 2024-11-10 07:39:03 AM | analyzer.0x40da24a66f729d0bd0453681c5a6506bdc2a7a6a | Processed function balanceOf
[INFO] | 2024-11-10 07:39:03 AM | analyzer.0x40da24a66f729d0bd0453681c5a6506bdc2a7a6a | Generating return summary for transfer
[INFO] | 2024-11-10 07:39:03 AM | analyzer.0x40da24a66f729d0bd0453681c5a6506bdc2a7a6a | Return summary generated for transfer
[INFO] | 2024-11-10 07:39:03 AM | analyzer.0x40da24a66f729d0bd0453681c5a6506bdc2a7a6a | State variable assignement do not exist
[INFO] | 2024-11-10 07:39:03 AM | analyzer.0x40da24a66f729d0bd0453681c5a6506bdc2a7a6a | Processed function transfer
[INFO] | 2024-11-10 07:39:03 AM | analyzer.0x40da24a66f729d0bd0453681c5a6506bdc2a7a6a | Generating return summary for allowance
[INFO] | 2024-11-10 07:39:03 AM | analyzer.0x40da24a66f729d0bd0453681c5a6506bdc2a7a6a | Return summary generated for allowance
[INFO] | 2024-11-10 07:39:03 AM | analyzer.0x40da24a66f729d0bd0453681c5a6506bdc2a7a6a | State variable assignement do not exist
[INFO] | 2024-11-10 07:39:03 AM | analyzer.0x40da24a66f729d0bd0453681c5a6506bdc2a7a6a | Processed function allowance
[INFO] | 2024-11-10 07:39:03 AM | analyzer.0x40da24a66f729d0bd0453681c5a6506bdc2a7a6a | Generating return summary for transferFrom
[INFO] | 2024-11-10 07:39:03 AM | analyzer.0x40da24a66f729d0bd0453681c5a6506bdc2a7a6a | Return summary generated for transferFrom
[INFO] | 2024-11-10 07:39:03 AM | analyzer.0x40da24a66f729d0bd0453681c5a6506bdc2a7a6a | State variable assignement do not exist
[INFO] | 2024-11-10 07:39:03 AM | analyzer.0x40da24a66f729d0bd0453681c5a6506bdc2a7a6a | Processed function transferFrom
[INFO] | 2024-11-10 07:39:03 AM | analyzer.0x40da24a66f729d0bd0453681c5a6506bdc2a7a6a | Generating return summary for approve
[INFO] | 2024-11-10 07:39:03 AM | analyzer.0x40da24a66f729d0bd0453681c5a6506bdc2a7a6a | Return summary generated for approve
[INFO] | 2024-11-10 07:39:03 AM | analyzer.0x40da24a66f729d0bd0453681c5a6506bdc2a7a6a | State variable assignement do not exist
[INFO] | 2024-11-10 07:39:03 AM | analyzer.0x40da24a66f729d0bd0453681c5a6506bdc2a7a6a | Processed function approve
[INFO] | 2024-11-10 07:39:03 AM | analyzer.0x40da24a66f729d0bd0453681c5a6506bdc2a7a6a | Generating return summary for balanceOf
[INFO] | 2024-11-10 07:39:03 AM | analyzer.0x40da24a66f729d0bd0453681c5a6506bdc2a7a6a | Return summary generated for balanceOf
[INFO] | 2024-11-10 07:39:03 AM | analyzer.0x40da24a66f729d0bd0453681c5a6506bdc2a7a6a | State variable assignement do not exist
[INFO] | 2024-11-10 07:39:03 AM | analyzer.0x40da24a66f729d0bd0453681c5a6506bdc2a7a6a | Processed function balanceOf
[INFO] | 2024-11-10 07:39:03 AM | analyzer.0x40da24a66f729d0bd0453681c5a6506bdc2a7a6a | Generating return summary for transfer
[INFO] | 2024-11-10 07:39:03 AM | analyzer.0x40da24a66f729d0bd0453681c5a6506bdc2a7a6a | Return summary generated for transfer
[INFO] | 2024-11-10 07:39:03 AM | analyzer.0x40da24a66f729d0bd0453681c5a6506bdc2a7a6a | State variable assignement do not exist
[INFO] | 2024-11-10 07:39:03 AM | analyzer.0x40da24a66f729d0bd0453681c5a6506bdc2a7a6a | Processed function transfer
[INFO] | 2024-11-10 07:39:03 AM | analyzer.0x40da24a66f729d0bd0453681c5a6506bdc2a7a6a | Generating return summary for balanceOf
[INFO] | 2024-11-10 07:39:03 AM | analyzer.0x40da24a66f729d0bd0453681c5a6506bdc2a7a6a | Return summary generated for balanceOf
[INFO] | 2024-11-10 07:39:03 AM | analyzer.0x40da24a66f729d0bd0453681c5a6506bdc2a7a6a | State variable assignement do not exist
[INFO] | 2024-11-10 07:39:03 AM | analyzer.0x40da24a66f729d0bd0453681c5a6506bdc2a7a6a | Processed function balanceOf
[INFO] | 2024-11-10 07:39:03 AM | analyzer.0x40da24a66f729d0bd0453681c5a6506bdc2a7a6a | Generating return summary for balanceOf
[INFO] | 2024-11-10 07:39:03 AM | analyzer.0x40da24a66f729d0bd0453681c5a6506bdc2a7a6a | Return summary generated for balanceOf
[INFO] | 2024-11-10 07:39:03 AM | analyzer.0x40da24a66f729d0bd0453681c5a6506bdc2a7a6a | State variable assignement do not exist
[INFO] | 2024-11-10 07:39:03 AM | analyzer.0x40da24a66f729d0bd0453681c5a6506bdc2a7a6a | Processed function balanceOf
[INFO] | 2024-11-10 07:39:03 AM | analyzer.0x40da24a66f729d0bd0453681c5a6506bdc2a7a6a | Generating return summary for transfer
[INFO] | 2024-11-10 07:39:03 AM | analyzer.0x40da24a66f729d0bd0453681c5a6506bdc2a7a6a | Return summary generated for transfer
[INFO] | 2024-11-10 07:39:03 AM | analyzer.0x40da24a66f729d0bd0453681c5a6506bdc2a7a6a | State variable assignement do not exist
[INFO] | 2024-11-10 07:39:03 AM | analyzer.0x40da24a66f729d0bd0453681c5a6506bdc2a7a6a | Processed function transfer
[INFO] | 2024-11-10 07:39:03 AM | analyzer.0x40da24a66f729d0bd0453681c5a6506bdc2a7a6a | Generating return summary for balanceOf
[INFO] | 2024-11-10 07:39:03 AM | analyzer.0x40da24a66f729d0bd0453681c5a6506bdc2a7a6a | Return summary generated for balanceOf
[INFO] | 2024-11-10 07:39:03 AM | analyzer.0x40da24a66f729d0bd0453681c5a6506bdc2a7a6a | State variable assignement do not exist
[INFO] | 2024-11-10 07:39:03 AM | analyzer.0x40da24a66f729d0bd0453681c5a6506bdc2a7a6a | Processed function balanceOf
[INFO] | 2024-11-10 07:39:03 AM | analyzer.0x40da24a66f729d0bd0453681c5a6506bdc2a7a6a | Generating return summary for allowance
[INFO] | 2024-11-10 07:39:03 AM | analyzer.0x40da24a66f729d0bd0453681c5a6506bdc2a7a6a | Return summary generated for allowance
[INFO] | 2024-11-10 07:39:03 AM | analyzer.0x40da24a66f729d0bd0453681c5a6506bdc2a7a6a | State variable assignement do not exist
[INFO] | 2024-11-10 07:39:03 AM | analyzer.0x40da24a66f729d0bd0453681c5a6506bdc2a7a6a | Processed function allowance
[INFO] | 2024-11-10 07:39:03 AM | analyzer.0x40da24a66f729d0bd0453681c5a6506bdc2a7a6a | Generating return summary for transferFrom
[INFO] | 2024-11-10 07:39:03 AM | analyzer.0x40da24a66f729d0bd0453681c5a6506bdc2a7a6a | Return summary generated for transferFrom
[INFO] | 2024-11-10 07:39:03 AM | analyzer.0x40da24a66f729d0bd0453681c5a6506bdc2a7a6a | State variable assignement do not exist
[INFO] | 2024-11-10 07:39:03 AM | analyzer.0x40da24a66f729d0bd0453681c5a6506bdc2a7a6a | Processed function transferFrom
[INFO] | 2024-11-10 07:39:03 AM | analyzer.0x40da24a66f729d0bd0453681c5a6506bdc2a7a6a | Generating return summary for approve
[INFO] | 2024-11-10 07:39:03 AM | analyzer.0x40da24a66f729d0bd0453681c5a6506bdc2a7a6a | Return summary generated for approve
[INFO] | 2024-11-10 07:39:03 AM | analyzer.0x40da24a66f729d0bd0453681c5a6506bdc2a7a6a | State variable assignement do not exist
[INFO] | 2024-11-10 07:39:03 AM | analyzer.0x40da24a66f729d0bd0453681c5a6506bdc2a7a6a | Processed function approve
[INFO] | 2024-11-10 07:39:03 AM | analyzer.0x40da24a66f729d0bd0453681c5a6506bdc2a7a6a | Generating return summary for approve
[INFO] | 2024-11-10 07:39:03 AM | analyzer.0x40da24a66f729d0bd0453681c5a6506bdc2a7a6a | Return summary generated for approve
[INFO] | 2024-11-10 07:39:03 AM | analyzer.0x40da24a66f729d0bd0453681c5a6506bdc2a7a6a | Range graph generated
[INFO] | 2024-11-10 07:39:03 AM | analyzer.0x40da24a66f729d0bd0453681c5a6506bdc2a7a6a | Processed function approve
[INFO] | 2024-11-10 07:39:03 AM | analyzer.0x40da24a66f729d0bd0453681c5a6506bdc2a7a6a | Generating return summary for allowance
[INFO] | 2024-11-10 07:39:03 AM | analyzer.0x40da24a66f729d0bd0453681c5a6506bdc2a7a6a | Return summary generated for allowance
[INFO] | 2024-11-10 07:39:03 AM | analyzer.0x40da24a66f729d0bd0453681c5a6506bdc2a7a6a | State variable assignement do not exist
[INFO] | 2024-11-10 07:39:03 AM | analyzer.0x40da24a66f729d0bd0453681c5a6506bdc2a7a6a | Processed function allowance
[INFO] | 2024-11-10 07:39:03 AM | analyzer.0x40da24a66f729d0bd0453681c5a6506bdc2a7a6a | Generating return summary for balanceOf
[INFO] | 2024-11-10 07:39:03 AM | analyzer.0x40da24a66f729d0bd0453681c5a6506bdc2a7a6a | Return summary generated for balanceOf
[INFO] | 2024-11-10 07:39:03 AM | analyzer.0x40da24a66f729d0bd0453681c5a6506bdc2a7a6a | State variable assignement do not exist
[INFO] | 2024-11-10 07:39:03 AM | analyzer.0x40da24a66f729d0bd0453681c5a6506bdc2a7a6a | Processed function balanceOf
[INFO] | 2024-11-10 07:39:03 AM | analyzer.0x40da24a66f729d0bd0453681c5a6506bdc2a7a6a | Generating return summary for transfer
[INFO] | 2024-11-10 07:39:03 AM | analyzer.0x40da24a66f729d0bd0453681c5a6506bdc2a7a6a | Return summary generated for transfer
[INFO] | 2024-11-10 07:39:03 AM | analyzer.0x40da24a66f729d0bd0453681c5a6506bdc2a7a6a | State variable assignement do not exist
[INFO] | 2024-11-10 07:39:03 AM | analyzer.0x40da24a66f729d0bd0453681c5a6506bdc2a7a6a | Processed function transfer
[INFO] | 2024-11-10 07:39:03 AM | analyzer.0x40da24a66f729d0bd0453681c5a6506bdc2a7a6a | Generating return summary for balanceOf
[INFO] | 2024-11-10 07:39:03 AM | analyzer.0x40da24a66f729d0bd0453681c5a6506bdc2a7a6a | Return summary generated for balanceOf
[INFO] | 2024-11-10 07:39:03 AM | analyzer.0x40da24a66f729d0bd0453681c5a6506bdc2a7a6a | State variable assignement do not exist
[INFO] | 2024-11-10 07:39:03 AM | analyzer.0x40da24a66f729d0bd0453681c5a6506bdc2a7a6a | Processed function balanceOf
[INFO] | 2024-11-10 07:39:03 AM | analyzer.0x40da24a66f729d0bd0453681c5a6506bdc2a7a6a | Generating return summary for allowance
[INFO] | 2024-11-10 07:39:03 AM | analyzer.0x40da24a66f729d0bd0453681c5a6506bdc2a7a6a | Return summary generated for allowance
[INFO] | 2024-11-10 07:39:03 AM | analyzer.0x40da24a66f729d0bd0453681c5a6506bdc2a7a6a | State variable assignement do not exist
[INFO] | 2024-11-10 07:39:03 AM | analyzer.0x40da24a66f729d0bd0453681c5a6506bdc2a7a6a | Processed function allowance
[INFO] | 2024-11-10 07:39:03 AM | analyzer.0x40da24a66f729d0bd0453681c5a6506bdc2a7a6a | Generating return summary for transferFrom
[INFO] | 2024-11-10 07:39:03 AM | analyzer.0x40da24a66f729d0bd0453681c5a6506bdc2a7a6a | Return summary generated for transferFrom
[INFO] | 2024-11-10 07:39:03 AM | analyzer.0x40da24a66f729d0bd0453681c5a6506bdc2a7a6a | State variable assignement do not exist
[INFO] | 2024-11-10 07:39:03 AM | analyzer.0x40da24a66f729d0bd0453681c5a6506bdc2a7a6a | Processed function transferFrom
[INFO] | 2024-11-10 07:39:03 AM | analyzer.0x40da24a66f729d0bd0453681c5a6506bdc2a7a6a | Generating return summary for approve
[INFO] | 2024-11-10 07:39:03 AM | analyzer.0x40da24a66f729d0bd0453681c5a6506bdc2a7a6a | Return summary generated for approve
[INFO] | 2024-11-10 07:39:03 AM | analyzer.0x40da24a66f729d0bd0453681c5a6506bdc2a7a6a | State variable assignement do not exist
[INFO] | 2024-11-10 07:39:03 AM | analyzer.0x40da24a66f729d0bd0453681c5a6506bdc2a7a6a | Processed function approve
[INFO] | 2024-11-10 07:39:03 AM | analyzer.0x40da24a66f729d0bd0453681c5a6506bdc2a7a6a | Generating return summary for approve
[INFO] | 2024-11-10 07:39:03 AM | analyzer.0x40da24a66f729d0bd0453681c5a6506bdc2a7a6a | Return summary generated for approve
[INFO] | 2024-11-10 07:39:03 AM | analyzer.0x40da24a66f729d0bd0453681c5a6506bdc2a7a6a | Range graph generated
[INFO] | 2024-11-10 07:39:03 AM | analyzer.0x40da24a66f729d0bd0453681c5a6506bdc2a7a6a | Processed function approve
[INFO] | 2024-11-10 07:39:03 AM | analyzer.0x40da24a66f729d0bd0453681c5a6506bdc2a7a6a | Generating return summary for allowance
[INFO] | 2024-11-10 07:39:03 AM | analyzer.0x40da24a66f729d0bd0453681c5a6506bdc2a7a6a | Return summary generated for allowance
[INFO] | 2024-11-10 07:39:03 AM | analyzer.0x40da24a66f729d0bd0453681c5a6506bdc2a7a6a | State variable assignement do not exist
[INFO] | 2024-11-10 07:39:03 AM | analyzer.0x40da24a66f729d0bd0453681c5a6506bdc2a7a6a | Processed function allowance
[INFO] | 2024-11-10 07:39:03 AM | analyzer.0x40da24a66f729d0bd0453681c5a6506bdc2a7a6a | Generating return summary for getPhaseBonus
[INFO] | 2024-11-10 07:39:03 AM | analyzer.0x40da24a66f729d0bd0453681c5a6506bdc2a7a6a | Return summary generated for getPhaseBonus
[INFO] | 2024-11-10 07:39:03 AM | analyzer.0x40da24a66f729d0bd0453681c5a6506bdc2a7a6a | State variable assignement do not exist
[INFO] | 2024-11-10 07:39:03 AM | analyzer.0x40da24a66f729d0bd0453681c5a6506bdc2a7a6a | Processed function getPhaseBonus
[INFO] | 2024-11-10 07:39:03 AM | analyzer.0x40da24a66f729d0bd0453681c5a6506bdc2a7a6a | Generating return summary for moveToState
[INFO] | 2024-11-10 07:39:03 AM | analyzer.0x40da24a66f729d0bd0453681c5a6506bdc2a7a6a | Return summary generated for moveToState
[INFO] | 2024-11-10 07:39:03 AM | analyzer.0x40da24a66f729d0bd0453681c5a6506bdc2a7a6a | Range graph generated
[INFO] | 2024-11-10 07:39:03 AM | analyzer.0x40da24a66f729d0bd0453681c5a6506bdc2a7a6a | Processed function moveToState
[INFO] | 2024-11-10 07:39:03 AM | analyzer.0x40da24a66f729d0bd0453681c5a6506bdc2a7a6a | Generating return summary for balanceOf
[INFO] | 2024-11-10 07:39:03 AM | analyzer.0x40da24a66f729d0bd0453681c5a6506bdc2a7a6a | Return summary generated for balanceOf
[INFO] | 2024-11-10 07:39:03 AM | analyzer.0x40da24a66f729d0bd0453681c5a6506bdc2a7a6a | State variable assignement do not exist
[INFO] | 2024-11-10 07:39:03 AM | analyzer.0x40da24a66f729d0bd0453681c5a6506bdc2a7a6a | Processed function balanceOf
[INFO] | 2024-11-10 07:39:03 AM | analyzer.0x40da24a66f729d0bd0453681c5a6506bdc2a7a6a | Generating return summary for slitherConstructorVariables
[INFO] | 2024-11-10 07:39:03 AM | analyzer.0x40da24a66f729d0bd0453681c5a6506bdc2a7a6a | Return summary generated for slitherConstructorVariables
[INFO] | 2024-11-10 07:39:03 AM | analyzer.0x40da24a66f729d0bd0453681c5a6506bdc2a7a6a | Range graph generated
[INFO] | 2024-11-10 07:39:03 AM | analyzer.0x40da24a66f729d0bd0453681c5a6506bdc2a7a6a | Processed function slitherConstructorVariables
[INFO] | 2024-11-10 07:39:03 AM | analyzer.0x40da24a66f729d0bd0453681c5a6506bdc2a7a6a | Generating return summary for requireState
[INFO] | 2024-11-10 07:39:03 AM | analyzer.0x40da24a66f729d0bd0453681c5a6506bdc2a7a6a | Return summary generated for requireState
[INFO] | 2024-11-10 07:39:03 AM | analyzer.0x40da24a66f729d0bd0453681c5a6506bdc2a7a6a | State variable assignement do not exist
[INFO] | 2024-11-10 07:39:03 AM | analyzer.0x40da24a66f729d0bd0453681c5a6506bdc2a7a6a | Processed function requireState
[INFO] | 2024-11-10 07:39:03 AM | analyzer.0x40da24a66f729d0bd0453681c5a6506bdc2a7a6a | Generating return summary for onlyStateControl
[INFO] | 2024-11-10 07:39:03 AM | analyzer.0x40da24a66f729d0bd0453681c5a6506bdc2a7a6a | Return summary generated for onlyStateControl
[INFO] | 2024-11-10 07:39:03 AM | analyzer.0x40da24a66f729d0bd0453681c5a6506bdc2a7a6a | State variable assignement do not exist
[INFO] | 2024-11-10 07:39:03 AM | analyzer.0x40da24a66f729d0bd0453681c5a6506bdc2a7a6a | Processed function onlyStateControl
[INFO] | 2024-11-10 07:39:03 AM | analyzer.0x40da24a66f729d0bd0453681c5a6506bdc2a7a6a | Generating return summary for onlyTokenAssignmentControl
[INFO] | 2024-11-10 07:39:03 AM | analyzer.0x40da24a66f729d0bd0453681c5a6506bdc2a7a6a | Return summary generated for onlyTokenAssignmentControl
[INFO] | 2024-11-10 07:39:03 AM | analyzer.0x40da24a66f729d0bd0453681c5a6506bdc2a7a6a | State variable assignement do not exist
[INFO] | 2024-11-10 07:39:03 AM | analyzer.0x40da24a66f729d0bd0453681c5a6506bdc2a7a6a | Processed function onlyTokenAssignmentControl
[INFO] | 2024-11-10 07:39:03 AM | analyzer.0x40da24a66f729d0bd0453681c5a6506bdc2a7a6a | Generating return summary for onlyWhitelist
[INFO] | 2024-11-10 07:39:03 AM | analyzer.0x40da24a66f729d0bd0453681c5a6506bdc2a7a6a | Return summary generated for onlyWhitelist
[INFO] | 2024-11-10 07:39:03 AM | analyzer.0x40da24a66f729d0bd0453681c5a6506bdc2a7a6a | State variable assignement do not exist
[INFO] | 2024-11-10 07:39:03 AM | analyzer.0x40da24a66f729d0bd0453681c5a6506bdc2a7a6a | Processed function onlyWhitelist
[INFO] | 2024-11-10 07:39:03 AM | analyzer.0x40da24a66f729d0bd0453681c5a6506bdc2a7a6a | Generating return summary for onlyWithdraw
[INFO] | 2024-11-10 07:39:03 AM | analyzer.0x40da24a66f729d0bd0453681c5a6506bdc2a7a6a | Return summary generated for onlyWithdraw
[INFO] | 2024-11-10 07:39:03 AM | analyzer.0x40da24a66f729d0bd0453681c5a6506bdc2a7a6a | State variable assignement do not exist
[INFO] | 2024-11-10 07:39:03 AM | analyzer.0x40da24a66f729d0bd0453681c5a6506bdc2a7a6a | Processed function onlyWithdraw
[INFO] | 2024-11-10 07:39:03 AM | analyzer.0x40da24a66f729d0bd0453681c5a6506bdc2a7a6a | Generating return summary for CrwdTimelock
[INFO] | 2024-11-10 07:39:03 AM | analyzer.0x40da24a66f729d0bd0453681c5a6506bdc2a7a6a | Return summary generated for CrwdTimelock
[INFO] | 2024-11-10 07:39:03 AM | analyzer.0x40da24a66f729d0bd0453681c5a6506bdc2a7a6a | Range graph generated
[INFO] | 2024-11-10 07:39:03 AM | analyzer.0x40da24a66f729d0bd0453681c5a6506bdc2a7a6a | Processed function CrwdTimelock
[INFO] | 2024-11-10 07:39:03 AM | analyzer.0x40da24a66f729d0bd0453681c5a6506bdc2a7a6a | Generating return summary for addBonus
[INFO] | 2024-11-10 07:39:03 AM | analyzer.0x40da24a66f729d0bd0453681c5a6506bdc2a7a6a | Return summary generated for addBonus
[INFO] | 2024-11-10 07:39:03 AM | analyzer.0x40da24a66f729d0bd0453681c5a6506bdc2a7a6a | State variable assignement do not exist
[INFO] | 2024-11-10 07:39:03 AM | analyzer.0x40da24a66f729d0bd0453681c5a6506bdc2a7a6a | Processed function addBonus
[INFO] | 2024-11-10 07:39:03 AM | analyzer.0x40da24a66f729d0bd0453681c5a6506bdc2a7a6a | Generating return summary for issueTokensToUser
[INFO] | 2024-11-10 07:39:03 AM | analyzer.0x40da24a66f729d0bd0453681c5a6506bdc2a7a6a | Return summary generated for issueTokensToUser
[INFO] | 2024-11-10 07:39:03 AM | analyzer.0x40da24a66f729d0bd0453681c5a6506bdc2a7a6a | Range graph generated
[INFO] | 2024-11-10 07:39:03 AM | analyzer.0x40da24a66f729d0bd0453681c5a6506bdc2a7a6a | Processed function issueTokensToUser
[INFO] | 2024-11-10 07:39:03 AM | analyzer.0x40da24a66f729d0bd0453681c5a6506bdc2a7a6a | Generating return summary for issuePercentToReserve
[INFO] | 2024-11-10 07:39:03 AM | analyzer.0x40da24a66f729d0bd0453681c5a6506bdc2a7a6a | Return summary generated for issuePercentToReserve
[INFO] | 2024-11-10 07:39:03 AM | analyzer.0x40da24a66f729d0bd0453681c5a6506bdc2a7a6a | Range graph generated
[INFO] | 2024-11-10 07:39:03 AM | analyzer.0x40da24a66f729d0bd0453681c5a6506bdc2a7a6a | Processed function issuePercentToReserve
[INFO] | 2024-11-10 07:39:03 AM | analyzer.0x40da24a66f729d0bd0453681c5a6506bdc2a7a6a | Generating return summary for updateEthICOThresholds
[INFO] | 2024-11-10 07:39:03 AM | analyzer.0x40da24a66f729d0bd0453681c5a6506bdc2a7a6a | Return summary generated for updateEthICOThresholds
[INFO] | 2024-11-10 07:39:03 AM | analyzer.0x40da24a66f729d0bd0453681c5a6506bdc2a7a6a | Range graph generated
[INFO] | 2024-11-10 07:39:03 AM | analyzer.0x40da24a66f729d0bd0453681c5a6506bdc2a7a6a | Processed function updateEthICOThresholds
[INFO] | 2024-11-10 07:39:03 AM | analyzer.0x40da24a66f729d0bd0453681c5a6506bdc2a7a6a | Generating return summary for transfer
[INFO] | 2024-11-10 07:39:03 AM | analyzer.0x40da24a66f729d0bd0453681c5a6506bdc2a7a6a | Return summary generated for transfer
[INFO] | 2024-11-10 07:39:03 AM | analyzer.0x40da24a66f729d0bd0453681c5a6506bdc2a7a6a | Range graph generated
[INFO] | 2024-11-10 07:39:03 AM | analyzer.0x40da24a66f729d0bd0453681c5a6506bdc2a7a6a | Processed function transfer
[INFO] | 2024-11-10 07:39:03 AM | analyzer.0x40da24a66f729d0bd0453681c5a6506bdc2a7a6a | Generating return summary for transfer
[INFO] | 2024-11-10 07:39:03 AM | analyzer.0x40da24a66f729d0bd0453681c5a6506bdc2a7a6a | Return summary generated for transfer
[INFO] | 2024-11-10 07:39:03 AM | analyzer.0x40da24a66f729d0bd0453681c5a6506bdc2a7a6a | Range graph generated
[INFO] | 2024-11-10 07:39:03 AM | analyzer.0x40da24a66f729d0bd0453681c5a6506bdc2a7a6a | Processed function transfer
[INFO] | 2024-11-10 07:39:03 AM | analyzer.0x40da24a66f729d0bd0453681c5a6506bdc2a7a6a | Generating return summary for transferFrom
[INFO] | 2024-11-10 07:39:03 AM | analyzer.0x40da24a66f729d0bd0453681c5a6506bdc2a7a6a | Return summary generated for transferFrom
[INFO] | 2024-11-10 07:39:03 AM | analyzer.0x40da24a66f729d0bd0453681c5a6506bdc2a7a6a | Range graph generated
[INFO] | 2024-11-10 07:39:03 AM | analyzer.0x40da24a66f729d0bd0453681c5a6506bdc2a7a6a | Processed function transferFrom
[INFO] | 2024-11-10 07:39:03 AM | analyzer.0x40da24a66f729d0bd0453681c5a6506bdc2a7a6a | Generating return summary for transfer
[INFO] | 2024-11-10 07:39:03 AM | analyzer.0x40da24a66f729d0bd0453681c5a6506bdc2a7a6a | Return summary generated for transfer
[INFO] | 2024-11-10 07:39:03 AM | analyzer.0x40da24a66f729d0bd0453681c5a6506bdc2a7a6a | Range graph generated
[INFO] | 2024-11-10 07:39:03 AM | analyzer.0x40da24a66f729d0bd0453681c5a6506bdc2a7a6a | Processed function transfer
[INFO] | 2024-11-10 07:39:03 AM | analyzer.0x40da24a66f729d0bd0453681c5a6506bdc2a7a6a | Generating return summary for transferFrom
[INFO] | 2024-11-10 07:39:03 AM | analyzer.0x40da24a66f729d0bd0453681c5a6506bdc2a7a6a | Return summary generated for transferFrom
[INFO] | 2024-11-10 07:39:03 AM | analyzer.0x40da24a66f729d0bd0453681c5a6506bdc2a7a6a | Range graph generated
[INFO] | 2024-11-10 07:39:03 AM | analyzer.0x40da24a66f729d0bd0453681c5a6506bdc2a7a6a | Processed function transferFrom
[INFO] | 2024-11-10 07:39:03 AM | analyzer.0x40da24a66f729d0bd0453681c5a6506bdc2a7a6a | Generating return summary for assignToBeneficiary
[INFO] | 2024-11-10 07:39:03 AM | analyzer.0x40da24a66f729d0bd0453681c5a6506bdc2a7a6a | Return summary generated for assignToBeneficiary
[INFO] | 2024-11-10 07:39:03 AM | analyzer.0x40da24a66f729d0bd0453681c5a6506bdc2a7a6a | Range graph generated
[INFO] | 2024-11-10 07:39:03 AM | analyzer.0x40da24a66f729d0bd0453681c5a6506bdc2a7a6a | Processed function assignToBeneficiary
[INFO] | 2024-11-10 07:39:03 AM | analyzer.0x40da24a66f729d0bd0453681c5a6506bdc2a7a6a | Generating return summary for rescueToken
[INFO] | 2024-11-10 07:39:03 AM | analyzer.0x40da24a66f729d0bd0453681c5a6506bdc2a7a6a | Return summary generated for rescueToken
[INFO] | 2024-11-10 07:39:03 AM | analyzer.0x40da24a66f729d0bd0453681c5a6506bdc2a7a6a | State variable assignement do not exist
[INFO] | 2024-11-10 07:39:03 AM | analyzer.0x40da24a66f729d0bd0453681c5a6506bdc2a7a6a | Processed function rescueToken
[INFO] | 2024-11-10 07:39:03 AM | analyzer.0x40da24a66f729d0bd0453681c5a6506bdc2a7a6a | Generating return summary for CrwdToken
[INFO] | 2024-11-10 07:39:03 AM | analyzer.0x40da24a66f729d0bd0453681c5a6506bdc2a7a6a | Return summary generated for CrwdToken
[INFO] | 2024-11-10 07:39:03 AM | analyzer.0x40da24a66f729d0bd0453681c5a6506bdc2a7a6a | Range graph generated
[INFO] | 2024-11-10 07:39:03 AM | analyzer.0x40da24a66f729d0bd0453681c5a6506bdc2a7a6a | Processed function CrwdToken
[INFO] | 2024-11-10 07:39:03 AM | analyzer.0x40da24a66f729d0bd0453681c5a6506bdc2a7a6a | Generating return summary for startICO
[INFO] | 2024-11-10 07:39:03 AM | analyzer.0x40da24a66f729d0bd0453681c5a6506bdc2a7a6a | Return summary generated for startICO
[INFO] | 2024-11-10 07:39:03 AM | analyzer.0x40da24a66f729d0bd0453681c5a6506bdc2a7a6a | Range graph generated
[INFO] | 2024-11-10 07:39:03 AM | analyzer.0x40da24a66f729d0bd0453681c5a6506bdc2a7a6a | Processed function startICO
[INFO] | 2024-11-10 07:39:03 AM | analyzer.0x40da24a66f729d0bd0453681c5a6506bdc2a7a6a | Generating return summary for pause
[INFO] | 2024-11-10 07:39:03 AM | analyzer.0x40da24a66f729d0bd0453681c5a6506bdc2a7a6a | Return summary generated for pause
[INFO] | 2024-11-10 07:39:03 AM | analyzer.0x40da24a66f729d0bd0453681c5a6506bdc2a7a6a | Range graph generated
[INFO] | 2024-11-10 07:39:03 AM | analyzer.0x40da24a66f729d0bd0453681c5a6506bdc2a7a6a | Processed function pause
[INFO] | 2024-11-10 07:39:03 AM | analyzer.0x40da24a66f729d0bd0453681c5a6506bdc2a7a6a | Generating return summary for abort
[INFO] | 2024-11-10 07:39:03 AM | analyzer.0x40da24a66f729d0bd0453681c5a6506bdc2a7a6a | Return summary generated for abort
[INFO] | 2024-11-10 07:39:03 AM | analyzer.0x40da24a66f729d0bd0453681c5a6506bdc2a7a6a | Range graph generated
[INFO] | 2024-11-10 07:39:03 AM | analyzer.0x40da24a66f729d0bd0453681c5a6506bdc2a7a6a | Processed function abort
[INFO] | 2024-11-10 07:39:03 AM | analyzer.0x40da24a66f729d0bd0453681c5a6506bdc2a7a6a | Generating return summary for resumeICO
[INFO] | 2024-11-10 07:39:03 AM | analyzer.0x40da24a66f729d0bd0453681c5a6506bdc2a7a6a | Return summary generated for resumeICO
[INFO] | 2024-11-10 07:39:03 AM | analyzer.0x40da24a66f729d0bd0453681c5a6506bdc2a7a6a | Range graph generated
[INFO] | 2024-11-10 07:39:03 AM | analyzer.0x40da24a66f729d0bd0453681c5a6506bdc2a7a6a | Processed function resumeICO
[INFO] | 2024-11-10 07:39:03 AM | analyzer.0x40da24a66f729d0bd0453681c5a6506bdc2a7a6a | Generating return summary for requestRefund
[INFO] | 2024-11-10 07:39:03 AM | analyzer.0x40da24a66f729d0bd0453681c5a6506bdc2a7a6a | Return summary generated for requestRefund
[INFO] | 2024-11-10 07:39:03 AM | analyzer.0x40da24a66f729d0bd0453681c5a6506bdc2a7a6a | Range graph generated
[INFO] | 2024-11-10 07:39:03 AM | analyzer.0x40da24a66f729d0bd0453681c5a6506bdc2a7a6a | Processed function requestRefund
[INFO] | 2024-11-10 07:39:03 AM | analyzer.0x40da24a66f729d0bd0453681c5a6506bdc2a7a6a | Generating return summary for requestPayout
[INFO] | 2024-11-10 07:39:03 AM | analyzer.0x40da24a66f729d0bd0453681c5a6506bdc2a7a6a | Return summary generated for requestPayout
[INFO] | 2024-11-10 07:39:03 AM | analyzer.0x40da24a66f729d0bd0453681c5a6506bdc2a7a6a | State variable assignement do not exist
[INFO] | 2024-11-10 07:39:03 AM | analyzer.0x40da24a66f729d0bd0453681c5a6506bdc2a7a6a | Processed function requestPayout
[INFO] | 2024-11-10 07:39:03 AM | analyzer.0x40da24a66f729d0bd0453681c5a6506bdc2a7a6a | Generating return summary for setBonusPhase
[INFO] | 2024-11-10 07:39:03 AM | analyzer.0x40da24a66f729d0bd0453681c5a6506bdc2a7a6a | Return summary generated for setBonusPhase
[INFO] | 2024-11-10 07:39:03 AM | analyzer.0x40da24a66f729d0bd0453681c5a6506bdc2a7a6a | Range graph generated
[INFO] | 2024-11-10 07:39:03 AM | analyzer.0x40da24a66f729d0bd0453681c5a6506bdc2a7a6a | Processed function setBonusPhase
[INFO] | 2024-11-10 07:39:03 AM | analyzer.0x40da24a66f729d0bd0453681c5a6506bdc2a7a6a | Generating return summary for addToWhitelist
[INFO] | 2024-11-10 07:39:03 AM | analyzer.0x40da24a66f729d0bd0453681c5a6506bdc2a7a6a | Return summary generated for addToWhitelist
[INFO] | 2024-11-10 07:39:03 AM | analyzer.0x40da24a66f729d0bd0453681c5a6506bdc2a7a6a | Range graph generated
[INFO] | 2024-11-10 07:39:03 AM | analyzer.0x40da24a66f729d0bd0453681c5a6506bdc2a7a6a | Processed function addToWhitelist
[INFO] | 2024-11-10 07:39:03 AM | analyzer.0x40da24a66f729d0bd0453681c5a6506bdc2a7a6a | Generating return summary for fallback
[INFO] | 2024-11-10 07:39:03 AM | analyzer.0x40da24a66f729d0bd0453681c5a6506bdc2a7a6a | Return summary generated for fallback
[INFO] | 2024-11-10 07:39:03 AM | analyzer.0x40da24a66f729d0bd0453681c5a6506bdc2a7a6a | Range graph generated
[INFO] | 2024-11-10 07:39:03 AM | analyzer.0x40da24a66f729d0bd0453681c5a6506bdc2a7a6a | Processed function fallback
[INFO] | 2024-11-10 07:39:03 AM | analyzer.0x40da24a66f729d0bd0453681c5a6506bdc2a7a6a | Generating return summary for addPresaleAmount
[INFO] | 2024-11-10 07:39:03 AM | analyzer.0x40da24a66f729d0bd0453681c5a6506bdc2a7a6a | Return summary generated for addPresaleAmount
[INFO] | 2024-11-10 07:39:03 AM | analyzer.0x40da24a66f729d0bd0453681c5a6506bdc2a7a6a | Range graph generated
[INFO] | 2024-11-10 07:39:03 AM | analyzer.0x40da24a66f729d0bd0453681c5a6506bdc2a7a6a | Processed function addPresaleAmount
[INFO] | 2024-11-10 07:39:03 AM | analyzer.0x40da24a66f729d0bd0453681c5a6506bdc2a7a6a | Generating return summary for burnAndFinish
[INFO] | 2024-11-10 07:39:03 AM | analyzer.0x40da24a66f729d0bd0453681c5a6506bdc2a7a6a | Return summary generated for burnAndFinish
[INFO] | 2024-11-10 07:39:03 AM | analyzer.0x40da24a66f729d0bd0453681c5a6506bdc2a7a6a | Range graph generated
[INFO] | 2024-11-10 07:39:03 AM | analyzer.0x40da24a66f729d0bd0453681c5a6506bdc2a7a6a | Processed function burnAndFinish
[INFO] | 2024-11-10 07:39:03 AM | analyzer.0x40da24a66f729d0bd0453681c5a6506bdc2a7a6a | Generating return summary for transfer
[INFO] | 2024-11-10 07:39:03 AM | analyzer.0x40da24a66f729d0bd0453681c5a6506bdc2a7a6a | Return summary generated for transfer
[INFO] | 2024-11-10 07:39:03 AM | analyzer.0x40da24a66f729d0bd0453681c5a6506bdc2a7a6a | Range graph generated
[INFO] | 2024-11-10 07:39:03 AM | analyzer.0x40da24a66f729d0bd0453681c5a6506bdc2a7a6a | Processed function transfer
[INFO] | 2024-11-10 07:39:03 AM | analyzer.0x40da24a66f729d0bd0453681c5a6506bdc2a7a6a | Generating return summary for transferFrom
[INFO] | 2024-11-10 07:39:03 AM | analyzer.0x40da24a66f729d0bd0453681c5a6506bdc2a7a6a | Return summary generated for transferFrom
[INFO] | 2024-11-10 07:39:03 AM | analyzer.0x40da24a66f729d0bd0453681c5a6506bdc2a7a6a | Range graph generated
[INFO] | 2024-11-10 07:39:03 AM | analyzer.0x40da24a66f729d0bd0453681c5a6506bdc2a7a6a | Processed function transferFrom
[INFO] | 2024-11-10 07:39:03 AM | analyzer.0x40da24a66f729d0bd0453681c5a6506bdc2a7a6a | Generating return summary for endICO
[INFO] | 2024-11-10 07:39:03 AM | analyzer.0x40da24a66f729d0bd0453681c5a6506bdc2a7a6a | Return summary generated for endICO
[INFO] | 2024-11-10 07:39:03 AM | analyzer.0x40da24a66f729d0bd0453681c5a6506bdc2a7a6a | Range graph generated
[INFO] | 2024-11-10 07:39:03 AM | analyzer.0x40da24a66f729d0bd0453681c5a6506bdc2a7a6a | Processed function endICO
[INFO] | 2024-11-10 07:39:03 AM | analyzer.0x40da24a66f729d0bd0453681c5a6506bdc2a7a6a | Generating return summary for anyoneEndICO
[INFO] | 2024-11-10 07:39:03 AM | analyzer.0x40da24a66f729d0bd0453681c5a6506bdc2a7a6a | Return summary generated for anyoneEndICO
[INFO] | 2024-11-10 07:39:03 AM | analyzer.0x40da24a66f729d0bd0453681c5a6506bdc2a7a6a | Range graph generated
[INFO] | 2024-11-10 07:39:03 AM | analyzer.0x40da24a66f729d0bd0453681c5a6506bdc2a7a6a | Processed function anyoneEndICO
[INFO] | 2024-11-10 07:39:03 AM | analyzer.0x40da24a66f729d0bd0453681c5a6506bdc2a7a6a | Generating return summary for release
[INFO] | 2024-11-10 07:39:03 AM | analyzer.0x40da24a66f729d0bd0453681c5a6506bdc2a7a6a | Return summary generated for release
[INFO] | 2024-11-10 07:39:03 AM | analyzer.0x40da24a66f729d0bd0453681c5a6506bdc2a7a6a | Range graph generated
[INFO] | 2024-11-10 07:39:03 AM | analyzer.0x40da24a66f729d0bd0453681c5a6506bdc2a7a6a | Processed function release
[INFO] | 2024-11-10 07:39:03 AM | analyzer.0x40da24a66f729d0bd0453681c5a6506bdc2a7a6a | Value Range Analysis took 0.058859 seconds
[INFO] | 2024-11-10 07:39:03 AM | analyzer.0x40da24a66f729d0bd0453681c5a6506bdc2a7a6a | Value Range Analysis finished
[INFO] | 2024-11-10 07:39:03 AM | analyzer.0x40da24a66f729d0bd0453681c5a6506bdc2a7a6a | Storage dependency graph compostion started!
[INFO] | 2024-11-10 07:39:03 AM | analyzer.0x40da24a66f729d0bd0453681c5a6506bdc2a7a6a | Storage dependency graph compostion finished!
[INFO] | 2024-11-10 07:39:03 AM | analyzer.0x40da24a66f729d0bd0453681c5a6506bdc2a7a6a | Dependency detection started!
[INFO] | 2024-11-10 07:39:03 AM | analyzer.0x40da24a66f729d0bd0453681c5a6506bdc2a7a6a | Dependency detection finished!
[INFO] | 2024-11-10 07:39:03 AM | analyzer.0x40da24a66f729d0bd0453681c5a6506bdc2a7a6a | Static Analysis took 4.922754 seconds
[INFO] | 2024-11-10 07:39:03 AM | analyzer.0x40da24a66f729d0bd0453681c5a6506bdc2a7a6a | Dependency does not exist
[INFO] | 2024-11-10 07:39:03 AM | analyzer.0x40da24a66f729d0bd0453681c5a6506bdc2a7a6a | Symbolic execution is not needed!
[INFO] | 2024-11-10 07:39:03 AM | analyzer.0x40da24a66f729d0bd0453681c5a6506bdc2a7a6a | Analysis finished!
[INFO] | 2024-11-10 07:39:03 AM | analyzer.0x40da24a66f729d0bd0453681c5a6506bdc2a7a6a | Analysis took 4.923075 seconds
[INFO] | 2024-11-10 07:39:03 AM | analyzer.0x40da24a66f729d0bd0453681c5a6506bdc2a7a6a | Analysis finished at: 2024-11-10 07:39:03 AM
