[INFO] | 2024-11-10 07:38:28 AM | analyzer.0x1f42f986f9ef31d6ef787565b211bce0eb877bcc | Analysis started at: 2024-11-10 07:38:28 AM
[INFO] | 2024-11-10 07:38:33 AM | analyzer.0x1f42f986f9ef31d6ef787565b211bce0eb877bcc | Version constraints: ['0.5.6']
[INFO] | 2024-11-10 07:38:33 AM | analyzer.0x1f42f986f9ef31d6ef787565b211bce0eb877bcc | solc version: v0.5.6
[INFO] | 2024-11-10 07:38:37 AM | analyzer.0x1f42f986f9ef31d6ef787565b211bce0eb877bcc | Callgraph generation started!
[INFO] | 2024-11-10 07:38:37 AM | analyzer.0x1f42f986f9ef31d6ef787565b211bce0eb877bcc | Callgraph generation finished!
[INFO] | 2024-11-10 07:38:37 AM | analyzer.0x1f42f986f9ef31d6ef787565b211bce0eb877bcc | Interprocedural CFG generation started!
[INFO] | 2024-11-10 07:38:38 AM | analyzer.0x1f42f986f9ef31d6ef787565b211bce0eb877bcc | Interprocedural CFG generation finished!
[INFO] | 2024-11-10 07:38:38 AM | analyzer.0x1f42f986f9ef31d6ef787565b211bce0eb877bcc | Storage dependency graph generation started!
[INFO] | 2024-11-10 07:38:38 AM | analyzer.0x1f42f986f9ef31d6ef787565b211bce0eb877bcc | Storage dependency graph generation finished!
[INFO] | 2024-11-10 07:38:38 AM | analyzer.0x1f42f986f9ef31d6ef787565b211bce0eb877bcc | Value Range Analysis started
[INFO] | 2024-11-10 07:38:38 AM | analyzer.0x1f42f986f9ef31d6ef787565b211bce0eb877bcc | Generating return summary for totalSupply
[INFO] | 2024-11-10 07:38:38 AM | analyzer.0x1f42f986f9ef31d6ef787565b211bce0eb877bcc | Return summary generated for totalSupply
[INFO] | 2024-11-10 07:38:38 AM | analyzer.0x1f42f986f9ef31d6ef787565b211bce0eb877bcc | State variable assignement do not exist
[INFO] | 2024-11-10 07:38:38 AM | analyzer.0x1f42f986f9ef31d6ef787565b211bce0eb877bcc | Processed function totalSupply
[INFO] | 2024-11-10 07:38:38 AM | analyzer.0x1f42f986f9ef31d6ef787565b211bce0eb877bcc | Generating return summary for balanceOf
[INFO] | 2024-11-10 07:38:38 AM | analyzer.0x1f42f986f9ef31d6ef787565b211bce0eb877bcc | Return summary generated for balanceOf
[INFO] | 2024-11-10 07:38:38 AM | analyzer.0x1f42f986f9ef31d6ef787565b211bce0eb877bcc | State variable assignement do not exist
[INFO] | 2024-11-10 07:38:38 AM | analyzer.0x1f42f986f9ef31d6ef787565b211bce0eb877bcc | Processed function balanceOf
[INFO] | 2024-11-10 07:38:38 AM | analyzer.0x1f42f986f9ef31d6ef787565b211bce0eb877bcc | Generating return summary for allowance
[INFO] | 2024-11-10 07:38:38 AM | analyzer.0x1f42f986f9ef31d6ef787565b211bce0eb877bcc | Return summary generated for allowance
[INFO] | 2024-11-10 07:38:38 AM | analyzer.0x1f42f986f9ef31d6ef787565b211bce0eb877bcc | State variable assignement do not exist
[INFO] | 2024-11-10 07:38:38 AM | analyzer.0x1f42f986f9ef31d6ef787565b211bce0eb877bcc | Processed function allowance
[INFO] | 2024-11-10 07:38:38 AM | analyzer.0x1f42f986f9ef31d6ef787565b211bce0eb877bcc | Generating return summary for transfer
[INFO] | 2024-11-10 07:38:38 AM | analyzer.0x1f42f986f9ef31d6ef787565b211bce0eb877bcc | Return summary generated for transfer
[INFO] | 2024-11-10 07:38:38 AM | analyzer.0x1f42f986f9ef31d6ef787565b211bce0eb877bcc | State variable assignement do not exist
[INFO] | 2024-11-10 07:38:38 AM | analyzer.0x1f42f986f9ef31d6ef787565b211bce0eb877bcc | Processed function transfer
[INFO] | 2024-11-10 07:38:38 AM | analyzer.0x1f42f986f9ef31d6ef787565b211bce0eb877bcc | Generating return summary for approve
[INFO] | 2024-11-10 07:38:38 AM | analyzer.0x1f42f986f9ef31d6ef787565b211bce0eb877bcc | Return summary generated for approve
[INFO] | 2024-11-10 07:38:38 AM | analyzer.0x1f42f986f9ef31d6ef787565b211bce0eb877bcc | State variable assignement do not exist
[INFO] | 2024-11-10 07:38:38 AM | analyzer.0x1f42f986f9ef31d6ef787565b211bce0eb877bcc | Processed function approve
[INFO] | 2024-11-10 07:38:38 AM | analyzer.0x1f42f986f9ef31d6ef787565b211bce0eb877bcc | Generating return summary for transferFrom
[INFO] | 2024-11-10 07:38:38 AM | analyzer.0x1f42f986f9ef31d6ef787565b211bce0eb877bcc | Return summary generated for transferFrom
[INFO] | 2024-11-10 07:38:38 AM | analyzer.0x1f42f986f9ef31d6ef787565b211bce0eb877bcc | State variable assignement do not exist
[INFO] | 2024-11-10 07:38:38 AM | analyzer.0x1f42f986f9ef31d6ef787565b211bce0eb877bcc | Processed function transferFrom
[INFO] | 2024-11-10 07:38:38 AM | analyzer.0x1f42f986f9ef31d6ef787565b211bce0eb877bcc | Generating return summary for mul
[INFO] | 2024-11-10 07:38:38 AM | analyzer.0x1f42f986f9ef31d6ef787565b211bce0eb877bcc | Return summary generated for mul
[INFO] | 2024-11-10 07:38:38 AM | analyzer.0x1f42f986f9ef31d6ef787565b211bce0eb877bcc | State variable assignement do not exist
[INFO] | 2024-11-10 07:38:38 AM | analyzer.0x1f42f986f9ef31d6ef787565b211bce0eb877bcc | Processed function mul
[INFO] | 2024-11-10 07:38:38 AM | analyzer.0x1f42f986f9ef31d6ef787565b211bce0eb877bcc | Generating return summary for div
[INFO] | 2024-11-10 07:38:38 AM | analyzer.0x1f42f986f9ef31d6ef787565b211bce0eb877bcc | Return summary generated for div
[INFO] | 2024-11-10 07:38:38 AM | analyzer.0x1f42f986f9ef31d6ef787565b211bce0eb877bcc | State variable assignement do not exist
[INFO] | 2024-11-10 07:38:38 AM | analyzer.0x1f42f986f9ef31d6ef787565b211bce0eb877bcc | Processed function div
[INFO] | 2024-11-10 07:38:38 AM | analyzer.0x1f42f986f9ef31d6ef787565b211bce0eb877bcc | Generating return summary for sub
[INFO] | 2024-11-10 07:38:38 AM | analyzer.0x1f42f986f9ef31d6ef787565b211bce0eb877bcc | Return summary generated for sub
[INFO] | 2024-11-10 07:38:38 AM | analyzer.0x1f42f986f9ef31d6ef787565b211bce0eb877bcc | State variable assignement do not exist
[INFO] | 2024-11-10 07:38:38 AM | analyzer.0x1f42f986f9ef31d6ef787565b211bce0eb877bcc | Processed function sub
[INFO] | 2024-11-10 07:38:38 AM | analyzer.0x1f42f986f9ef31d6ef787565b211bce0eb877bcc | Generating return summary for add
[INFO] | 2024-11-10 07:38:38 AM | analyzer.0x1f42f986f9ef31d6ef787565b211bce0eb877bcc | Return summary generated for add
[INFO] | 2024-11-10 07:38:38 AM | analyzer.0x1f42f986f9ef31d6ef787565b211bce0eb877bcc | State variable assignement do not exist
[INFO] | 2024-11-10 07:38:38 AM | analyzer.0x1f42f986f9ef31d6ef787565b211bce0eb877bcc | Processed function add
[INFO] | 2024-11-10 07:38:38 AM | analyzer.0x1f42f986f9ef31d6ef787565b211bce0eb877bcc | Generating return summary for mod
[INFO] | 2024-11-10 07:38:38 AM | analyzer.0x1f42f986f9ef31d6ef787565b211bce0eb877bcc | Return summary generated for mod
[INFO] | 2024-11-10 07:38:38 AM | analyzer.0x1f42f986f9ef31d6ef787565b211bce0eb877bcc | State variable assignement do not exist
[INFO] | 2024-11-10 07:38:38 AM | analyzer.0x1f42f986f9ef31d6ef787565b211bce0eb877bcc | Processed function mod
[INFO] | 2024-11-10 07:38:38 AM | analyzer.0x1f42f986f9ef31d6ef787565b211bce0eb877bcc | Generating return summary for totalSupply
[INFO] | 2024-11-10 07:38:38 AM | analyzer.0x1f42f986f9ef31d6ef787565b211bce0eb877bcc | Return summary generated for totalSupply
[INFO] | 2024-11-10 07:38:38 AM | analyzer.0x1f42f986f9ef31d6ef787565b211bce0eb877bcc | State variable assignement do not exist
[INFO] | 2024-11-10 07:38:38 AM | analyzer.0x1f42f986f9ef31d6ef787565b211bce0eb877bcc | Processed function totalSupply
[INFO] | 2024-11-10 07:38:38 AM | analyzer.0x1f42f986f9ef31d6ef787565b211bce0eb877bcc | Generating return summary for balanceOf
[INFO] | 2024-11-10 07:38:38 AM | analyzer.0x1f42f986f9ef31d6ef787565b211bce0eb877bcc | Return summary generated for balanceOf
[INFO] | 2024-11-10 07:38:38 AM | analyzer.0x1f42f986f9ef31d6ef787565b211bce0eb877bcc | State variable assignement do not exist
[INFO] | 2024-11-10 07:38:38 AM | analyzer.0x1f42f986f9ef31d6ef787565b211bce0eb877bcc | Processed function balanceOf
[INFO] | 2024-11-10 07:38:38 AM | analyzer.0x1f42f986f9ef31d6ef787565b211bce0eb877bcc | Generating return summary for allowance
[INFO] | 2024-11-10 07:38:38 AM | analyzer.0x1f42f986f9ef31d6ef787565b211bce0eb877bcc | Return summary generated for allowance
[INFO] | 2024-11-10 07:38:38 AM | analyzer.0x1f42f986f9ef31d6ef787565b211bce0eb877bcc | State variable assignement do not exist
[INFO] | 2024-11-10 07:38:38 AM | analyzer.0x1f42f986f9ef31d6ef787565b211bce0eb877bcc | Processed function allowance
[INFO] | 2024-11-10 07:38:38 AM | analyzer.0x1f42f986f9ef31d6ef787565b211bce0eb877bcc | Generating return summary for transfer
[INFO] | 2024-11-10 07:38:38 AM | analyzer.0x1f42f986f9ef31d6ef787565b211bce0eb877bcc | Return summary generated for transfer
[INFO] | 2024-11-10 07:38:38 AM | analyzer.0x1f42f986f9ef31d6ef787565b211bce0eb877bcc | State variable assignement do not exist
[INFO] | 2024-11-10 07:38:38 AM | analyzer.0x1f42f986f9ef31d6ef787565b211bce0eb877bcc | Processed function transfer
[INFO] | 2024-11-10 07:38:38 AM | analyzer.0x1f42f986f9ef31d6ef787565b211bce0eb877bcc | Generating return summary for approve
[INFO] | 2024-11-10 07:38:38 AM | analyzer.0x1f42f986f9ef31d6ef787565b211bce0eb877bcc | Return summary generated for approve
[INFO] | 2024-11-10 07:38:38 AM | analyzer.0x1f42f986f9ef31d6ef787565b211bce0eb877bcc | State variable assignement do not exist
[INFO] | 2024-11-10 07:38:38 AM | analyzer.0x1f42f986f9ef31d6ef787565b211bce0eb877bcc | Processed function approve
[INFO] | 2024-11-10 07:38:38 AM | analyzer.0x1f42f986f9ef31d6ef787565b211bce0eb877bcc | Generating return summary for transferFrom
[INFO] | 2024-11-10 07:38:38 AM | analyzer.0x1f42f986f9ef31d6ef787565b211bce0eb877bcc | Return summary generated for transferFrom
[INFO] | 2024-11-10 07:38:38 AM | analyzer.0x1f42f986f9ef31d6ef787565b211bce0eb877bcc | State variable assignement do not exist
[INFO] | 2024-11-10 07:38:38 AM | analyzer.0x1f42f986f9ef31d6ef787565b211bce0eb877bcc | Processed function transferFrom
[INFO] | 2024-11-10 07:38:38 AM | analyzer.0x1f42f986f9ef31d6ef787565b211bce0eb877bcc | Generating return summary for totalSupply
[INFO] | 2024-11-10 07:38:38 AM | analyzer.0x1f42f986f9ef31d6ef787565b211bce0eb877bcc | Return summary generated for totalSupply
[INFO] | 2024-11-10 07:38:38 AM | analyzer.0x1f42f986f9ef31d6ef787565b211bce0eb877bcc | State variable assignement do not exist
[INFO] | 2024-11-10 07:38:38 AM | analyzer.0x1f42f986f9ef31d6ef787565b211bce0eb877bcc | Processed function totalSupply
[INFO] | 2024-11-10 07:38:38 AM | analyzer.0x1f42f986f9ef31d6ef787565b211bce0eb877bcc | Generating return summary for balanceOf
[INFO] | 2024-11-10 07:38:38 AM | analyzer.0x1f42f986f9ef31d6ef787565b211bce0eb877bcc | Return summary generated for balanceOf
[INFO] | 2024-11-10 07:38:38 AM | analyzer.0x1f42f986f9ef31d6ef787565b211bce0eb877bcc | State variable assignement do not exist
[INFO] | 2024-11-10 07:38:38 AM | analyzer.0x1f42f986f9ef31d6ef787565b211bce0eb877bcc | Processed function balanceOf
[INFO] | 2024-11-10 07:38:38 AM | analyzer.0x1f42f986f9ef31d6ef787565b211bce0eb877bcc | Generating return summary for allowance
[INFO] | 2024-11-10 07:38:38 AM | analyzer.0x1f42f986f9ef31d6ef787565b211bce0eb877bcc | Return summary generated for allowance
[INFO] | 2024-11-10 07:38:38 AM | analyzer.0x1f42f986f9ef31d6ef787565b211bce0eb877bcc | State variable assignement do not exist
[INFO] | 2024-11-10 07:38:38 AM | analyzer.0x1f42f986f9ef31d6ef787565b211bce0eb877bcc | Processed function allowance
[INFO] | 2024-11-10 07:38:38 AM | analyzer.0x1f42f986f9ef31d6ef787565b211bce0eb877bcc | Generating return summary for approve
[INFO] | 2024-11-10 07:38:38 AM | analyzer.0x1f42f986f9ef31d6ef787565b211bce0eb877bcc | Return summary generated for approve
[INFO] | 2024-11-10 07:38:38 AM | analyzer.0x1f42f986f9ef31d6ef787565b211bce0eb877bcc | Range graph generated
[INFO] | 2024-11-10 07:38:38 AM | analyzer.0x1f42f986f9ef31d6ef787565b211bce0eb877bcc | Processed function approve
[INFO] | 2024-11-10 07:38:38 AM | analyzer.0x1f42f986f9ef31d6ef787565b211bce0eb877bcc | Generating return summary for totalSupply
[INFO] | 2024-11-10 07:38:38 AM | analyzer.0x1f42f986f9ef31d6ef787565b211bce0eb877bcc | Return summary generated for totalSupply
[INFO] | 2024-11-10 07:38:38 AM | analyzer.0x1f42f986f9ef31d6ef787565b211bce0eb877bcc | State variable assignement do not exist
[INFO] | 2024-11-10 07:38:38 AM | analyzer.0x1f42f986f9ef31d6ef787565b211bce0eb877bcc | Processed function totalSupply
[INFO] | 2024-11-10 07:38:38 AM | analyzer.0x1f42f986f9ef31d6ef787565b211bce0eb877bcc | Generating return summary for balanceOf
[INFO] | 2024-11-10 07:38:38 AM | analyzer.0x1f42f986f9ef31d6ef787565b211bce0eb877bcc | Return summary generated for balanceOf
[INFO] | 2024-11-10 07:38:38 AM | analyzer.0x1f42f986f9ef31d6ef787565b211bce0eb877bcc | State variable assignement do not exist
[INFO] | 2024-11-10 07:38:38 AM | analyzer.0x1f42f986f9ef31d6ef787565b211bce0eb877bcc | Processed function balanceOf
[INFO] | 2024-11-10 07:38:38 AM | analyzer.0x1f42f986f9ef31d6ef787565b211bce0eb877bcc | Generating return summary for allowance
[INFO] | 2024-11-10 07:38:38 AM | analyzer.0x1f42f986f9ef31d6ef787565b211bce0eb877bcc | Return summary generated for allowance
[INFO] | 2024-11-10 07:38:38 AM | analyzer.0x1f42f986f9ef31d6ef787565b211bce0eb877bcc | State variable assignement do not exist
[INFO] | 2024-11-10 07:38:38 AM | analyzer.0x1f42f986f9ef31d6ef787565b211bce0eb877bcc | Processed function allowance
[INFO] | 2024-11-10 07:38:38 AM | analyzer.0x1f42f986f9ef31d6ef787565b211bce0eb877bcc | Generating return summary for transfer
[INFO] | 2024-11-10 07:38:38 AM | analyzer.0x1f42f986f9ef31d6ef787565b211bce0eb877bcc | Return summary generated for transfer
[INFO] | 2024-11-10 07:38:38 AM | analyzer.0x1f42f986f9ef31d6ef787565b211bce0eb877bcc | State variable assignement do not exist
[INFO] | 2024-11-10 07:38:38 AM | analyzer.0x1f42f986f9ef31d6ef787565b211bce0eb877bcc | Processed function transfer
[INFO] | 2024-11-10 07:38:38 AM | analyzer.0x1f42f986f9ef31d6ef787565b211bce0eb877bcc | Generating return summary for approve
[INFO] | 2024-11-10 07:38:38 AM | analyzer.0x1f42f986f9ef31d6ef787565b211bce0eb877bcc | Return summary generated for approve
[INFO] | 2024-11-10 07:38:38 AM | analyzer.0x1f42f986f9ef31d6ef787565b211bce0eb877bcc | State variable assignement do not exist
[INFO] | 2024-11-10 07:38:38 AM | analyzer.0x1f42f986f9ef31d6ef787565b211bce0eb877bcc | Processed function approve
[INFO] | 2024-11-10 07:38:38 AM | analyzer.0x1f42f986f9ef31d6ef787565b211bce0eb877bcc | Generating return summary for transferFrom
[INFO] | 2024-11-10 07:38:38 AM | analyzer.0x1f42f986f9ef31d6ef787565b211bce0eb877bcc | Return summary generated for transferFrom
[INFO] | 2024-11-10 07:38:38 AM | analyzer.0x1f42f986f9ef31d6ef787565b211bce0eb877bcc | State variable assignement do not exist
[INFO] | 2024-11-10 07:38:38 AM | analyzer.0x1f42f986f9ef31d6ef787565b211bce0eb877bcc | Processed function transferFrom
[INFO] | 2024-11-10 07:38:38 AM | analyzer.0x1f42f986f9ef31d6ef787565b211bce0eb877bcc | Generating return summary for constructor
[INFO] | 2024-11-10 07:38:38 AM | analyzer.0x1f42f986f9ef31d6ef787565b211bce0eb877bcc | Return summary generated for constructor
[INFO] | 2024-11-10 07:38:38 AM | analyzer.0x1f42f986f9ef31d6ef787565b211bce0eb877bcc | Range graph generated
[INFO] | 2024-11-10 07:38:38 AM | analyzer.0x1f42f986f9ef31d6ef787565b211bce0eb877bcc | Processed function constructor
[INFO] | 2024-11-10 07:38:38 AM | analyzer.0x1f42f986f9ef31d6ef787565b211bce0eb877bcc | Generating return summary for name
[INFO] | 2024-11-10 07:38:38 AM | analyzer.0x1f42f986f9ef31d6ef787565b211bce0eb877bcc | Return summary generated for name
[INFO] | 2024-11-10 07:38:38 AM | analyzer.0x1f42f986f9ef31d6ef787565b211bce0eb877bcc | State variable assignement do not exist
[INFO] | 2024-11-10 07:38:38 AM | analyzer.0x1f42f986f9ef31d6ef787565b211bce0eb877bcc | Processed function name
[INFO] | 2024-11-10 07:38:38 AM | analyzer.0x1f42f986f9ef31d6ef787565b211bce0eb877bcc | Generating return summary for symbol
[INFO] | 2024-11-10 07:38:38 AM | analyzer.0x1f42f986f9ef31d6ef787565b211bce0eb877bcc | Return summary generated for symbol
[INFO] | 2024-11-10 07:38:38 AM | analyzer.0x1f42f986f9ef31d6ef787565b211bce0eb877bcc | State variable assignement do not exist
[INFO] | 2024-11-10 07:38:38 AM | analyzer.0x1f42f986f9ef31d6ef787565b211bce0eb877bcc | Processed function symbol
[INFO] | 2024-11-10 07:38:38 AM | analyzer.0x1f42f986f9ef31d6ef787565b211bce0eb877bcc | Generating return summary for decimals
[INFO] | 2024-11-10 07:38:38 AM | analyzer.0x1f42f986f9ef31d6ef787565b211bce0eb877bcc | Return summary generated for decimals
[INFO] | 2024-11-10 07:38:38 AM | analyzer.0x1f42f986f9ef31d6ef787565b211bce0eb877bcc | State variable assignement do not exist
[INFO] | 2024-11-10 07:38:38 AM | analyzer.0x1f42f986f9ef31d6ef787565b211bce0eb877bcc | Processed function decimals
[INFO] | 2024-11-10 07:38:38 AM | analyzer.0x1f42f986f9ef31d6ef787565b211bce0eb877bcc | Generating return summary for constructor
[INFO] | 2024-11-10 07:38:38 AM | analyzer.0x1f42f986f9ef31d6ef787565b211bce0eb877bcc | Return summary generated for constructor
[INFO] | 2024-11-10 07:38:38 AM | analyzer.0x1f42f986f9ef31d6ef787565b211bce0eb877bcc | Range graph generated
[INFO] | 2024-11-10 07:38:38 AM | analyzer.0x1f42f986f9ef31d6ef787565b211bce0eb877bcc | Processed function constructor
[INFO] | 2024-11-10 07:38:38 AM | analyzer.0x1f42f986f9ef31d6ef787565b211bce0eb877bcc | Generating return summary for onlyOwner
[INFO] | 2024-11-10 07:38:38 AM | analyzer.0x1f42f986f9ef31d6ef787565b211bce0eb877bcc | Return summary generated for onlyOwner
[INFO] | 2024-11-10 07:38:38 AM | analyzer.0x1f42f986f9ef31d6ef787565b211bce0eb877bcc | State variable assignement do not exist
[INFO] | 2024-11-10 07:38:38 AM | analyzer.0x1f42f986f9ef31d6ef787565b211bce0eb877bcc | Processed function onlyOwner
[INFO] | 2024-11-10 07:38:38 AM | analyzer.0x1f42f986f9ef31d6ef787565b211bce0eb877bcc | Generating return summary for constructor
[INFO] | 2024-11-10 07:38:38 AM | analyzer.0x1f42f986f9ef31d6ef787565b211bce0eb877bcc | Return summary generated for constructor
[INFO] | 2024-11-10 07:38:38 AM | analyzer.0x1f42f986f9ef31d6ef787565b211bce0eb877bcc | Range graph generated
[INFO] | 2024-11-10 07:38:38 AM | analyzer.0x1f42f986f9ef31d6ef787565b211bce0eb877bcc | Processed function constructor
[INFO] | 2024-11-10 07:38:38 AM | analyzer.0x1f42f986f9ef31d6ef787565b211bce0eb877bcc | Generating return summary for _setRoundTime
[INFO] | 2024-11-10 07:38:38 AM | analyzer.0x1f42f986f9ef31d6ef787565b211bce0eb877bcc | Return summary generated for _setRoundTime
[INFO] | 2024-11-10 07:38:38 AM | analyzer.0x1f42f986f9ef31d6ef787565b211bce0eb877bcc | Range graph generated
[INFO] | 2024-11-10 07:38:38 AM | analyzer.0x1f42f986f9ef31d6ef787565b211bce0eb877bcc | Processed function _setRoundTime
[INFO] | 2024-11-10 07:38:38 AM | analyzer.0x1f42f986f9ef31d6ef787565b211bce0eb877bcc | Generating return summary for setGameWaveAddress
[INFO] | 2024-11-10 07:38:38 AM | analyzer.0x1f42f986f9ef31d6ef787565b211bce0eb877bcc | Return summary generated for setGameWaveAddress
[INFO] | 2024-11-10 07:38:38 AM | analyzer.0x1f42f986f9ef31d6ef787565b211bce0eb877bcc | Range graph generated
[INFO] | 2024-11-10 07:38:38 AM | analyzer.0x1f42f986f9ef31d6ef787565b211bce0eb877bcc | Processed function setGameWaveAddress
[INFO] | 2024-11-10 07:38:38 AM | analyzer.0x1f42f986f9ef31d6ef787565b211bce0eb877bcc | Generating return summary for setBearsAddress
[INFO] | 2024-11-10 07:38:38 AM | analyzer.0x1f42f986f9ef31d6ef787565b211bce0eb877bcc | Return summary generated for setBearsAddress
[INFO] | 2024-11-10 07:38:38 AM | analyzer.0x1f42f986f9ef31d6ef787565b211bce0eb877bcc | Range graph generated
[INFO] | 2024-11-10 07:38:38 AM | analyzer.0x1f42f986f9ef31d6ef787565b211bce0eb877bcc | Processed function setBearsAddress
[INFO] | 2024-11-10 07:38:38 AM | analyzer.0x1f42f986f9ef31d6ef787565b211bce0eb877bcc | Generating return summary for setBullsAddress
[INFO] | 2024-11-10 07:38:38 AM | analyzer.0x1f42f986f9ef31d6ef787565b211bce0eb877bcc | Return summary generated for setBullsAddress
[INFO] | 2024-11-10 07:38:38 AM | analyzer.0x1f42f986f9ef31d6ef787565b211bce0eb877bcc | Range graph generated
[INFO] | 2024-11-10 07:38:38 AM | analyzer.0x1f42f986f9ef31d6ef787565b211bce0eb877bcc | Processed function setBullsAddress
[INFO] | 2024-11-10 07:38:38 AM | analyzer.0x1f42f986f9ef31d6ef787565b211bce0eb877bcc | Generating return summary for getNow
[INFO] | 2024-11-10 07:38:38 AM | analyzer.0x1f42f986f9ef31d6ef787565b211bce0eb877bcc | Return summary generated for getNow
[INFO] | 2024-11-10 07:38:38 AM | analyzer.0x1f42f986f9ef31d6ef787565b211bce0eb877bcc | State variable assignement do not exist
[INFO] | 2024-11-10 07:38:38 AM | analyzer.0x1f42f986f9ef31d6ef787565b211bce0eb877bcc | Processed function getNow
[INFO] | 2024-11-10 07:38:38 AM | analyzer.0x1f42f986f9ef31d6ef787565b211bce0eb877bcc | Generating return summary for getState
[INFO] | 2024-11-10 07:38:38 AM | analyzer.0x1f42f986f9ef31d6ef787565b211bce0eb877bcc | Return summary generated for getState
[INFO] | 2024-11-10 07:38:38 AM | analyzer.0x1f42f986f9ef31d6ef787565b211bce0eb877bcc | State variable assignement do not exist
[INFO] | 2024-11-10 07:38:38 AM | analyzer.0x1f42f986f9ef31d6ef787565b211bce0eb877bcc | Processed function getState
[INFO] | 2024-11-10 07:38:38 AM | analyzer.0x1f42f986f9ef31d6ef787565b211bce0eb877bcc | Generating return summary for slitherConstructorVariables
[INFO] | 2024-11-10 07:38:38 AM | analyzer.0x1f42f986f9ef31d6ef787565b211bce0eb877bcc | Return summary generated for slitherConstructorVariables
[INFO] | 2024-11-10 07:38:38 AM | analyzer.0x1f42f986f9ef31d6ef787565b211bce0eb877bcc | Range graph generated
[INFO] | 2024-11-10 07:38:38 AM | analyzer.0x1f42f986f9ef31d6ef787565b211bce0eb877bcc | Processed function slitherConstructorVariables
[INFO] | 2024-11-10 07:38:38 AM | analyzer.0x1f42f986f9ef31d6ef787565b211bce0eb877bcc | Generating return summary for onlyOwner
[INFO] | 2024-11-10 07:38:38 AM | analyzer.0x1f42f986f9ef31d6ef787565b211bce0eb877bcc | Return summary generated for onlyOwner
[INFO] | 2024-11-10 07:38:38 AM | analyzer.0x1f42f986f9ef31d6ef787565b211bce0eb877bcc | State variable assignement do not exist
[INFO] | 2024-11-10 07:38:38 AM | analyzer.0x1f42f986f9ef31d6ef787565b211bce0eb877bcc | Processed function onlyOwner
[INFO] | 2024-11-10 07:38:38 AM | analyzer.0x1f42f986f9ef31d6ef787565b211bce0eb877bcc | Generating return summary for balanceOf
[INFO] | 2024-11-10 07:38:38 AM | analyzer.0x1f42f986f9ef31d6ef787565b211bce0eb877bcc | Return summary generated for balanceOf
[INFO] | 2024-11-10 07:38:38 AM | analyzer.0x1f42f986f9ef31d6ef787565b211bce0eb877bcc | State variable assignement do not exist
[INFO] | 2024-11-10 07:38:38 AM | analyzer.0x1f42f986f9ef31d6ef787565b211bce0eb877bcc | Processed function balanceOf
[INFO] | 2024-11-10 07:38:38 AM | analyzer.0x1f42f986f9ef31d6ef787565b211bce0eb877bcc | Generating return summary for constructor
[INFO] | 2024-11-10 07:38:38 AM | analyzer.0x1f42f986f9ef31d6ef787565b211bce0eb877bcc | Return summary generated for constructor
[INFO] | 2024-11-10 07:38:38 AM | analyzer.0x1f42f986f9ef31d6ef787565b211bce0eb877bcc | Range graph generated
[INFO] | 2024-11-10 07:38:38 AM | analyzer.0x1f42f986f9ef31d6ef787565b211bce0eb877bcc | Processed function constructor
[INFO] | 2024-11-10 07:38:38 AM | analyzer.0x1f42f986f9ef31d6ef787565b211bce0eb877bcc | Generating return summary for totalSupply
[INFO] | 2024-11-10 07:38:38 AM | analyzer.0x1f42f986f9ef31d6ef787565b211bce0eb877bcc | Return summary generated for totalSupply
[INFO] | 2024-11-10 07:38:38 AM | analyzer.0x1f42f986f9ef31d6ef787565b211bce0eb877bcc | State variable assignement do not exist
[INFO] | 2024-11-10 07:38:38 AM | analyzer.0x1f42f986f9ef31d6ef787565b211bce0eb877bcc | Processed function totalSupply
[INFO] | 2024-11-10 07:38:38 AM | analyzer.0x1f42f986f9ef31d6ef787565b211bce0eb877bcc | Generating return summary for balanceOf
[INFO] | 2024-11-10 07:38:38 AM | analyzer.0x1f42f986f9ef31d6ef787565b211bce0eb877bcc | Return summary generated for balanceOf
[INFO] | 2024-11-10 07:38:38 AM | analyzer.0x1f42f986f9ef31d6ef787565b211bce0eb877bcc | State variable assignement do not exist
[INFO] | 2024-11-10 07:38:38 AM | analyzer.0x1f42f986f9ef31d6ef787565b211bce0eb877bcc | Processed function balanceOf
[INFO] | 2024-11-10 07:38:38 AM | analyzer.0x1f42f986f9ef31d6ef787565b211bce0eb877bcc | Generating return summary for allowance
[INFO] | 2024-11-10 07:38:38 AM | analyzer.0x1f42f986f9ef31d6ef787565b211bce0eb877bcc | Return summary generated for allowance
[INFO] | 2024-11-10 07:38:38 AM | analyzer.0x1f42f986f9ef31d6ef787565b211bce0eb877bcc | State variable assignement do not exist
[INFO] | 2024-11-10 07:38:38 AM | analyzer.0x1f42f986f9ef31d6ef787565b211bce0eb877bcc | Processed function allowance
[INFO] | 2024-11-10 07:38:38 AM | analyzer.0x1f42f986f9ef31d6ef787565b211bce0eb877bcc | Generating return summary for transfer
[INFO] | 2024-11-10 07:38:38 AM | analyzer.0x1f42f986f9ef31d6ef787565b211bce0eb877bcc | Return summary generated for transfer
[INFO] | 2024-11-10 07:38:38 AM | analyzer.0x1f42f986f9ef31d6ef787565b211bce0eb877bcc | State variable assignement do not exist
[INFO] | 2024-11-10 07:38:38 AM | analyzer.0x1f42f986f9ef31d6ef787565b211bce0eb877bcc | Processed function transfer
[INFO] | 2024-11-10 07:38:38 AM | analyzer.0x1f42f986f9ef31d6ef787565b211bce0eb877bcc | Generating return summary for approve
[INFO] | 2024-11-10 07:38:38 AM | analyzer.0x1f42f986f9ef31d6ef787565b211bce0eb877bcc | Return summary generated for approve
[INFO] | 2024-11-10 07:38:38 AM | analyzer.0x1f42f986f9ef31d6ef787565b211bce0eb877bcc | State variable assignement do not exist
[INFO] | 2024-11-10 07:38:38 AM | analyzer.0x1f42f986f9ef31d6ef787565b211bce0eb877bcc | Processed function approve
[INFO] | 2024-11-10 07:38:38 AM | analyzer.0x1f42f986f9ef31d6ef787565b211bce0eb877bcc | Generating return summary for transferFrom
[INFO] | 2024-11-10 07:38:38 AM | analyzer.0x1f42f986f9ef31d6ef787565b211bce0eb877bcc | Return summary generated for transferFrom
[INFO] | 2024-11-10 07:38:38 AM | analyzer.0x1f42f986f9ef31d6ef787565b211bce0eb877bcc | State variable assignement do not exist
[INFO] | 2024-11-10 07:38:38 AM | analyzer.0x1f42f986f9ef31d6ef787565b211bce0eb877bcc | Processed function transferFrom
[INFO] | 2024-11-10 07:38:38 AM | analyzer.0x1f42f986f9ef31d6ef787565b211bce0eb877bcc | Generating return summary for constructor
[INFO] | 2024-11-10 07:38:38 AM | analyzer.0x1f42f986f9ef31d6ef787565b211bce0eb877bcc | Return summary generated for constructor
[INFO] | 2024-11-10 07:38:38 AM | analyzer.0x1f42f986f9ef31d6ef787565b211bce0eb877bcc | Range graph generated
[INFO] | 2024-11-10 07:38:38 AM | analyzer.0x1f42f986f9ef31d6ef787565b211bce0eb877bcc | Processed function constructor
[INFO] | 2024-11-10 07:38:38 AM | analyzer.0x1f42f986f9ef31d6ef787565b211bce0eb877bcc | Generating return summary for name
[INFO] | 2024-11-10 07:38:38 AM | analyzer.0x1f42f986f9ef31d6ef787565b211bce0eb877bcc | Return summary generated for name
[INFO] | 2024-11-10 07:38:38 AM | analyzer.0x1f42f986f9ef31d6ef787565b211bce0eb877bcc | State variable assignement do not exist
[INFO] | 2024-11-10 07:38:38 AM | analyzer.0x1f42f986f9ef31d6ef787565b211bce0eb877bcc | Processed function name
[INFO] | 2024-11-10 07:38:38 AM | analyzer.0x1f42f986f9ef31d6ef787565b211bce0eb877bcc | Generating return summary for symbol
[INFO] | 2024-11-10 07:38:38 AM | analyzer.0x1f42f986f9ef31d6ef787565b211bce0eb877bcc | Return summary generated for symbol
[INFO] | 2024-11-10 07:38:38 AM | analyzer.0x1f42f986f9ef31d6ef787565b211bce0eb877bcc | State variable assignement do not exist
[INFO] | 2024-11-10 07:38:38 AM | analyzer.0x1f42f986f9ef31d6ef787565b211bce0eb877bcc | Processed function symbol
[INFO] | 2024-11-10 07:38:38 AM | analyzer.0x1f42f986f9ef31d6ef787565b211bce0eb877bcc | Generating return summary for decimals
[INFO] | 2024-11-10 07:38:38 AM | analyzer.0x1f42f986f9ef31d6ef787565b211bce0eb877bcc | Return summary generated for decimals
[INFO] | 2024-11-10 07:38:38 AM | analyzer.0x1f42f986f9ef31d6ef787565b211bce0eb877bcc | State variable assignement do not exist
[INFO] | 2024-11-10 07:38:38 AM | analyzer.0x1f42f986f9ef31d6ef787565b211bce0eb877bcc | Processed function decimals
[INFO] | 2024-11-10 07:38:38 AM | analyzer.0x1f42f986f9ef31d6ef787565b211bce0eb877bcc | Generating return summary for totalSupply
[INFO] | 2024-11-10 07:38:38 AM | analyzer.0x1f42f986f9ef31d6ef787565b211bce0eb877bcc | Return summary generated for totalSupply
[INFO] | 2024-11-10 07:38:38 AM | analyzer.0x1f42f986f9ef31d6ef787565b211bce0eb877bcc | State variable assignement do not exist
[INFO] | 2024-11-10 07:38:38 AM | analyzer.0x1f42f986f9ef31d6ef787565b211bce0eb877bcc | Processed function totalSupply
[INFO] | 2024-11-10 07:38:38 AM | analyzer.0x1f42f986f9ef31d6ef787565b211bce0eb877bcc | Generating return summary for allowance
[INFO] | 2024-11-10 07:38:38 AM | analyzer.0x1f42f986f9ef31d6ef787565b211bce0eb877bcc | Return summary generated for allowance
[INFO] | 2024-11-10 07:38:38 AM | analyzer.0x1f42f986f9ef31d6ef787565b211bce0eb877bcc | State variable assignement do not exist
[INFO] | 2024-11-10 07:38:38 AM | analyzer.0x1f42f986f9ef31d6ef787565b211bce0eb877bcc | Processed function allowance
[INFO] | 2024-11-10 07:38:38 AM | analyzer.0x1f42f986f9ef31d6ef787565b211bce0eb877bcc | Generating return summary for approve
[INFO] | 2024-11-10 07:38:38 AM | analyzer.0x1f42f986f9ef31d6ef787565b211bce0eb877bcc | Return summary generated for approve
[INFO] | 2024-11-10 07:38:38 AM | analyzer.0x1f42f986f9ef31d6ef787565b211bce0eb877bcc | Range graph generated
[INFO] | 2024-11-10 07:38:38 AM | analyzer.0x1f42f986f9ef31d6ef787565b211bce0eb877bcc | Processed function approve
[INFO] | 2024-11-10 07:38:38 AM | analyzer.0x1f42f986f9ef31d6ef787565b211bce0eb877bcc | Generating return summary for slitherConstructorVariables
[INFO] | 2024-11-10 07:38:38 AM | analyzer.0x1f42f986f9ef31d6ef787565b211bce0eb877bcc | Return summary generated for slitherConstructorVariables
[INFO] | 2024-11-10 07:38:38 AM | analyzer.0x1f42f986f9ef31d6ef787565b211bce0eb877bcc | Range graph generated
[INFO] | 2024-11-10 07:38:38 AM | analyzer.0x1f42f986f9ef31d6ef787565b211bce0eb877bcc | Processed function slitherConstructorVariables
[INFO] | 2024-11-10 07:38:38 AM | analyzer.0x1f42f986f9ef31d6ef787565b211bce0eb877bcc | Generating return summary for onlyOwner
[INFO] | 2024-11-10 07:38:38 AM | analyzer.0x1f42f986f9ef31d6ef787565b211bce0eb877bcc | Return summary generated for onlyOwner
[INFO] | 2024-11-10 07:38:38 AM | analyzer.0x1f42f986f9ef31d6ef787565b211bce0eb877bcc | State variable assignement do not exist
[INFO] | 2024-11-10 07:38:38 AM | analyzer.0x1f42f986f9ef31d6ef787565b211bce0eb877bcc | Processed function onlyOwner
[INFO] | 2024-11-10 07:38:38 AM | analyzer.0x1f42f986f9ef31d6ef787565b211bce0eb877bcc | Generating return summary for constructor
[INFO] | 2024-11-10 07:38:38 AM | analyzer.0x1f42f986f9ef31d6ef787565b211bce0eb877bcc | Return summary generated for constructor
[INFO] | 2024-11-10 07:38:38 AM | analyzer.0x1f42f986f9ef31d6ef787565b211bce0eb877bcc | Range graph generated
[INFO] | 2024-11-10 07:38:38 AM | analyzer.0x1f42f986f9ef31d6ef787565b211bce0eb877bcc | Processed function constructor
[INFO] | 2024-11-10 07:38:38 AM | analyzer.0x1f42f986f9ef31d6ef787565b211bce0eb877bcc | Generating return summary for constructor
[INFO] | 2024-11-10 07:38:38 AM | analyzer.0x1f42f986f9ef31d6ef787565b211bce0eb877bcc | Return summary generated for constructor
[INFO] | 2024-11-10 07:38:38 AM | analyzer.0x1f42f986f9ef31d6ef787565b211bce0eb877bcc | Range graph generated
[INFO] | 2024-11-10 07:38:38 AM | analyzer.0x1f42f986f9ef31d6ef787565b211bce0eb877bcc | Processed function constructor
[INFO] | 2024-11-10 07:38:38 AM | analyzer.0x1f42f986f9ef31d6ef787565b211bce0eb877bcc | Generating return summary for constructor
[INFO] | 2024-11-10 07:38:38 AM | analyzer.0x1f42f986f9ef31d6ef787565b211bce0eb877bcc | Return summary generated for constructor
[INFO] | 2024-11-10 07:38:38 AM | analyzer.0x1f42f986f9ef31d6ef787565b211bce0eb877bcc | Range graph generated
[INFO] | 2024-11-10 07:38:38 AM | analyzer.0x1f42f986f9ef31d6ef787565b211bce0eb877bcc | Processed function constructor
[INFO] | 2024-11-10 07:38:38 AM | analyzer.0x1f42f986f9ef31d6ef787565b211bce0eb877bcc | Generating return summary for setPrice
[INFO] | 2024-11-10 07:38:38 AM | analyzer.0x1f42f986f9ef31d6ef787565b211bce0eb877bcc | Return summary generated for setPrice
[INFO] | 2024-11-10 07:38:38 AM | analyzer.0x1f42f986f9ef31d6ef787565b211bce0eb877bcc | Range graph generated
[INFO] | 2024-11-10 07:38:38 AM | analyzer.0x1f42f986f9ef31d6ef787565b211bce0eb877bcc | Processed function setPrice
[INFO] | 2024-11-10 07:38:38 AM | analyzer.0x1f42f986f9ef31d6ef787565b211bce0eb877bcc | Generating return summary for slitherConstructorVariables
[INFO] | 2024-11-10 07:38:38 AM | analyzer.0x1f42f986f9ef31d6ef787565b211bce0eb877bcc | Return summary generated for slitherConstructorVariables
[INFO] | 2024-11-10 07:38:38 AM | analyzer.0x1f42f986f9ef31d6ef787565b211bce0eb877bcc | Range graph generated
[INFO] | 2024-11-10 07:38:38 AM | analyzer.0x1f42f986f9ef31d6ef787565b211bce0eb877bcc | Processed function slitherConstructorVariables
[INFO] | 2024-11-10 07:38:38 AM | analyzer.0x1f42f986f9ef31d6ef787565b211bce0eb877bcc | Generating return summary for safeApprove
[INFO] | 2024-11-10 07:38:38 AM | analyzer.0x1f42f986f9ef31d6ef787565b211bce0eb877bcc | Return summary generated for safeApprove
[INFO] | 2024-11-10 07:38:38 AM | analyzer.0x1f42f986f9ef31d6ef787565b211bce0eb877bcc | State variable assignement do not exist
[INFO] | 2024-11-10 07:38:38 AM | analyzer.0x1f42f986f9ef31d6ef787565b211bce0eb877bcc | Processed function safeApprove
[INFO] | 2024-11-10 07:38:38 AM | analyzer.0x1f42f986f9ef31d6ef787565b211bce0eb877bcc | Generating return summary for safeIncreaseAllowance
[INFO] | 2024-11-10 07:38:38 AM | analyzer.0x1f42f986f9ef31d6ef787565b211bce0eb877bcc | Return summary generated for safeIncreaseAllowance
[INFO] | 2024-11-10 07:38:38 AM | analyzer.0x1f42f986f9ef31d6ef787565b211bce0eb877bcc | State variable assignement do not exist
[INFO] | 2024-11-10 07:38:38 AM | analyzer.0x1f42f986f9ef31d6ef787565b211bce0eb877bcc | Processed function safeIncreaseAllowance
[INFO] | 2024-11-10 07:38:38 AM | analyzer.0x1f42f986f9ef31d6ef787565b211bce0eb877bcc | Generating return summary for safeDecreaseAllowance
[INFO] | 2024-11-10 07:38:38 AM | analyzer.0x1f42f986f9ef31d6ef787565b211bce0eb877bcc | Return summary generated for safeDecreaseAllowance
[INFO] | 2024-11-10 07:38:38 AM | analyzer.0x1f42f986f9ef31d6ef787565b211bce0eb877bcc | State variable assignement do not exist
[INFO] | 2024-11-10 07:38:38 AM | analyzer.0x1f42f986f9ef31d6ef787565b211bce0eb877bcc | Processed function safeDecreaseAllowance
[INFO] | 2024-11-10 07:38:38 AM | analyzer.0x1f42f986f9ef31d6ef787565b211bce0eb877bcc | Generating return summary for safeTransfer
[INFO] | 2024-11-10 07:38:38 AM | analyzer.0x1f42f986f9ef31d6ef787565b211bce0eb877bcc | Return summary generated for safeTransfer
[INFO] | 2024-11-10 07:38:38 AM | analyzer.0x1f42f986f9ef31d6ef787565b211bce0eb877bcc | State variable assignement do not exist
[INFO] | 2024-11-10 07:38:38 AM | analyzer.0x1f42f986f9ef31d6ef787565b211bce0eb877bcc | Processed function safeTransfer
[INFO] | 2024-11-10 07:38:38 AM | analyzer.0x1f42f986f9ef31d6ef787565b211bce0eb877bcc | Generating return summary for safeTransferFrom
[INFO] | 2024-11-10 07:38:38 AM | analyzer.0x1f42f986f9ef31d6ef787565b211bce0eb877bcc | Return summary generated for safeTransferFrom
[INFO] | 2024-11-10 07:38:38 AM | analyzer.0x1f42f986f9ef31d6ef787565b211bce0eb877bcc | State variable assignement do not exist
[INFO] | 2024-11-10 07:38:38 AM | analyzer.0x1f42f986f9ef31d6ef787565b211bce0eb877bcc | Processed function safeTransferFrom
[INFO] | 2024-11-10 07:38:38 AM | analyzer.0x1f42f986f9ef31d6ef787565b211bce0eb877bcc | Generating return summary for estimateTokenPercent
[INFO] | 2024-11-10 07:38:38 AM | analyzer.0x1f42f986f9ef31d6ef787565b211bce0eb877bcc | Return summary generated for estimateTokenPercent
[INFO] | 2024-11-10 07:38:38 AM | analyzer.0x1f42f986f9ef31d6ef787565b211bce0eb877bcc | State variable assignement do not exist
[INFO] | 2024-11-10 07:38:38 AM | analyzer.0x1f42f986f9ef31d6ef787565b211bce0eb877bcc | Processed function estimateTokenPercent
[INFO] | 2024-11-10 07:38:38 AM | analyzer.0x1f42f986f9ef31d6ef787565b211bce0eb877bcc | Generating return summary for calculateETHPrize
[INFO] | 2024-11-10 07:38:38 AM | analyzer.0x1f42f986f9ef31d6ef787565b211bce0eb877bcc | Return summary generated for calculateETHPrize
[INFO] | 2024-11-10 07:38:38 AM | analyzer.0x1f42f986f9ef31d6ef787565b211bce0eb877bcc | State variable assignement do not exist
[INFO] | 2024-11-10 07:38:38 AM | analyzer.0x1f42f986f9ef31d6ef787565b211bce0eb877bcc | Processed function calculateETHPrize
[INFO] | 2024-11-10 07:38:38 AM | analyzer.0x1f42f986f9ef31d6ef787565b211bce0eb877bcc | Generating return summary for calculateGWPrize
[INFO] | 2024-11-10 07:38:38 AM | analyzer.0x1f42f986f9ef31d6ef787565b211bce0eb877bcc | Return summary generated for calculateGWPrize
[INFO] | 2024-11-10 07:38:38 AM | analyzer.0x1f42f986f9ef31d6ef787565b211bce0eb877bcc | State variable assignement do not exist
[INFO] | 2024-11-10 07:38:38 AM | analyzer.0x1f42f986f9ef31d6ef787565b211bce0eb877bcc | Processed function calculateGWPrize
[INFO] | 2024-11-10 07:38:38 AM | analyzer.0x1f42f986f9ef31d6ef787565b211bce0eb877bcc | Generating return summary for calculateLastETHPrize
[INFO] | 2024-11-10 07:38:38 AM | analyzer.0x1f42f986f9ef31d6ef787565b211bce0eb877bcc | Return summary generated for calculateLastETHPrize
[INFO] | 2024-11-10 07:38:38 AM | analyzer.0x1f42f986f9ef31d6ef787565b211bce0eb877bcc | State variable assignement do not exist
[INFO] | 2024-11-10 07:38:38 AM | analyzer.0x1f42f986f9ef31d6ef787565b211bce0eb877bcc | Processed function calculateLastETHPrize
[INFO] | 2024-11-10 07:38:38 AM | analyzer.0x1f42f986f9ef31d6ef787565b211bce0eb877bcc | Generating return summary for calculateLastGWPrize
[INFO] | 2024-11-10 07:38:38 AM | analyzer.0x1f42f986f9ef31d6ef787565b211bce0eb877bcc | Return summary generated for calculateLastGWPrize
[INFO] | 2024-11-10 07:38:38 AM | analyzer.0x1f42f986f9ef31d6ef787565b211bce0eb877bcc | State variable assignement do not exist
[INFO] | 2024-11-10 07:38:38 AM | analyzer.0x1f42f986f9ef31d6ef787565b211bce0eb877bcc | Processed function calculateLastGWPrize
[INFO] | 2024-11-10 07:38:38 AM | analyzer.0x1f42f986f9ef31d6ef787565b211bce0eb877bcc | Generating return summary for getDividends
[INFO] | 2024-11-10 07:38:38 AM | analyzer.0x1f42f986f9ef31d6ef787565b211bce0eb877bcc | Return summary generated for getDividends
[INFO] | 2024-11-10 07:38:38 AM | analyzer.0x1f42f986f9ef31d6ef787565b211bce0eb877bcc | State variable assignement do not exist
[INFO] | 2024-11-10 07:38:38 AM | analyzer.0x1f42f986f9ef31d6ef787565b211bce0eb877bcc | Processed function getDividends
[INFO] | 2024-11-10 07:38:38 AM | analyzer.0x1f42f986f9ef31d6ef787565b211bce0eb877bcc | Generating return summary for decreaseAllowance
[INFO] | 2024-11-10 07:38:38 AM | analyzer.0x1f42f986f9ef31d6ef787565b211bce0eb877bcc | Return summary generated for decreaseAllowance
[INFO] | 2024-11-10 07:38:38 AM | analyzer.0x1f42f986f9ef31d6ef787565b211bce0eb877bcc | Range graph generated
[INFO] | 2024-11-10 07:38:38 AM | analyzer.0x1f42f986f9ef31d6ef787565b211bce0eb877bcc | Processed function decreaseAllowance
[INFO] | 2024-11-10 07:38:38 AM | analyzer.0x1f42f986f9ef31d6ef787565b211bce0eb877bcc | Generating return summary for _transfer
[INFO] | 2024-11-10 07:38:38 AM | analyzer.0x1f42f986f9ef31d6ef787565b211bce0eb877bcc | Return summary generated for _transfer
[INFO] | 2024-11-10 07:38:38 AM | analyzer.0x1f42f986f9ef31d6ef787565b211bce0eb877bcc | Range graph generated
[INFO] | 2024-11-10 07:38:38 AM | analyzer.0x1f42f986f9ef31d6ef787565b211bce0eb877bcc | Processed function _transfer
[INFO] | 2024-11-10 07:38:38 AM | analyzer.0x1f42f986f9ef31d6ef787565b211bce0eb877bcc | Generating return summary for _burn
[INFO] | 2024-11-10 07:38:38 AM | analyzer.0x1f42f986f9ef31d6ef787565b211bce0eb877bcc | Return summary generated for _burn
[INFO] | 2024-11-10 07:38:38 AM | analyzer.0x1f42f986f9ef31d6ef787565b211bce0eb877bcc | Range graph generated
[INFO] | 2024-11-10 07:38:38 AM | analyzer.0x1f42f986f9ef31d6ef787565b211bce0eb877bcc | Processed function _burn
[INFO] | 2024-11-10 07:38:38 AM | analyzer.0x1f42f986f9ef31d6ef787565b211bce0eb877bcc | Generating return summary for decreaseAllowance
[INFO] | 2024-11-10 07:38:38 AM | analyzer.0x1f42f986f9ef31d6ef787565b211bce0eb877bcc | Return summary generated for decreaseAllowance
[INFO] | 2024-11-10 07:38:38 AM | analyzer.0x1f42f986f9ef31d6ef787565b211bce0eb877bcc | Range graph generated
[INFO] | 2024-11-10 07:38:38 AM | analyzer.0x1f42f986f9ef31d6ef787565b211bce0eb877bcc | Processed function decreaseAllowance
[INFO] | 2024-11-10 07:38:38 AM | analyzer.0x1f42f986f9ef31d6ef787565b211bce0eb877bcc | Generating return summary for _transfer
[INFO] | 2024-11-10 07:38:38 AM | analyzer.0x1f42f986f9ef31d6ef787565b211bce0eb877bcc | Return summary generated for _transfer
[INFO] | 2024-11-10 07:38:38 AM | analyzer.0x1f42f986f9ef31d6ef787565b211bce0eb877bcc | Range graph generated
[INFO] | 2024-11-10 07:38:38 AM | analyzer.0x1f42f986f9ef31d6ef787565b211bce0eb877bcc | Processed function _transfer
[INFO] | 2024-11-10 07:38:38 AM | analyzer.0x1f42f986f9ef31d6ef787565b211bce0eb877bcc | Generating return summary for _burn
[INFO] | 2024-11-10 07:38:38 AM | analyzer.0x1f42f986f9ef31d6ef787565b211bce0eb877bcc | Return summary generated for _burn
[INFO] | 2024-11-10 07:38:38 AM | analyzer.0x1f42f986f9ef31d6ef787565b211bce0eb877bcc | Range graph generated
[INFO] | 2024-11-10 07:38:38 AM | analyzer.0x1f42f986f9ef31d6ef787565b211bce0eb877bcc | Processed function _burn
[INFO] | 2024-11-10 07:38:38 AM | analyzer.0x1f42f986f9ef31d6ef787565b211bce0eb877bcc | Generating return summary for startPayments
[INFO] | 2024-11-10 07:38:38 AM | analyzer.0x1f42f986f9ef31d6ef787565b211bce0eb877bcc | Return summary generated for startPayments
[INFO] | 2024-11-10 07:38:38 AM | analyzer.0x1f42f986f9ef31d6ef787565b211bce0eb877bcc | Range graph generated
[INFO] | 2024-11-10 07:38:38 AM | analyzer.0x1f42f986f9ef31d6ef787565b211bce0eb877bcc | Processed function startPayments
[INFO] | 2024-11-10 07:38:38 AM | analyzer.0x1f42f986f9ef31d6ef787565b211bce0eb877bcc | Generating return summary for increaseAllowance
[INFO] | 2024-11-10 07:38:38 AM | analyzer.0x1f42f986f9ef31d6ef787565b211bce0eb877bcc | Return summary generated for increaseAllowance
[INFO] | 2024-11-10 07:38:38 AM | analyzer.0x1f42f986f9ef31d6ef787565b211bce0eb877bcc | Range graph generated
[INFO] | 2024-11-10 07:38:38 AM | analyzer.0x1f42f986f9ef31d6ef787565b211bce0eb877bcc | Processed function increaseAllowance
[INFO] | 2024-11-10 07:38:38 AM | analyzer.0x1f42f986f9ef31d6ef787565b211bce0eb877bcc | Generating return summary for _mint
[INFO] | 2024-11-10 07:38:38 AM | analyzer.0x1f42f986f9ef31d6ef787565b211bce0eb877bcc | Return summary generated for _mint
[INFO] | 2024-11-10 07:38:38 AM | analyzer.0x1f42f986f9ef31d6ef787565b211bce0eb877bcc | Range graph generated
[INFO] | 2024-11-10 07:38:38 AM | analyzer.0x1f42f986f9ef31d6ef787565b211bce0eb877bcc | Processed function _mint
[INFO] | 2024-11-10 07:38:38 AM | analyzer.0x1f42f986f9ef31d6ef787565b211bce0eb877bcc | Generating return summary for increaseAllowance
[INFO] | 2024-11-10 07:38:38 AM | analyzer.0x1f42f986f9ef31d6ef787565b211bce0eb877bcc | Return summary generated for increaseAllowance
[INFO] | 2024-11-10 07:38:38 AM | analyzer.0x1f42f986f9ef31d6ef787565b211bce0eb877bcc | Range graph generated
[INFO] | 2024-11-10 07:38:38 AM | analyzer.0x1f42f986f9ef31d6ef787565b211bce0eb877bcc | Processed function increaseAllowance
[INFO] | 2024-11-10 07:38:38 AM | analyzer.0x1f42f986f9ef31d6ef787565b211bce0eb877bcc | Generating return summary for _mint
[INFO] | 2024-11-10 07:38:38 AM | analyzer.0x1f42f986f9ef31d6ef787565b211bce0eb877bcc | Return summary generated for _mint
[INFO] | 2024-11-10 07:38:38 AM | analyzer.0x1f42f986f9ef31d6ef787565b211bce0eb877bcc | Range graph generated
[INFO] | 2024-11-10 07:38:38 AM | analyzer.0x1f42f986f9ef31d6ef787565b211bce0eb877bcc | Processed function _mint
[INFO] | 2024-11-10 07:38:38 AM | analyzer.0x1f42f986f9ef31d6ef787565b211bce0eb877bcc | Generating return summary for transferOwnership
[INFO] | 2024-11-10 07:38:38 AM | analyzer.0x1f42f986f9ef31d6ef787565b211bce0eb877bcc | Return summary generated for transferOwnership
[INFO] | 2024-11-10 07:38:38 AM | analyzer.0x1f42f986f9ef31d6ef787565b211bce0eb877bcc | Range graph generated
[INFO] | 2024-11-10 07:38:38 AM | analyzer.0x1f42f986f9ef31d6ef787565b211bce0eb877bcc | Processed function transferOwnership
[INFO] | 2024-11-10 07:38:38 AM | analyzer.0x1f42f986f9ef31d6ef787565b211bce0eb877bcc | Generating return summary for constructor
[INFO] | 2024-11-10 07:38:38 AM | analyzer.0x1f42f986f9ef31d6ef787565b211bce0eb877bcc | Return summary generated for constructor
[INFO] | 2024-11-10 07:38:38 AM | analyzer.0x1f42f986f9ef31d6ef787565b211bce0eb877bcc | Range graph generated
[INFO] | 2024-11-10 07:38:38 AM | analyzer.0x1f42f986f9ef31d6ef787565b211bce0eb877bcc | Processed function constructor
[INFO] | 2024-11-10 07:38:38 AM | analyzer.0x1f42f986f9ef31d6ef787565b211bce0eb877bcc | Generating return summary for setRoundTime
[INFO] | 2024-11-10 07:38:38 AM | analyzer.0x1f42f986f9ef31d6ef787565b211bce0eb877bcc | Return summary generated for setRoundTime
[INFO] | 2024-11-10 07:38:38 AM | analyzer.0x1f42f986f9ef31d6ef787565b211bce0eb877bcc | Range graph generated
[INFO] | 2024-11-10 07:38:38 AM | analyzer.0x1f42f986f9ef31d6ef787565b211bce0eb877bcc | Processed function setRoundTime
[INFO] | 2024-11-10 07:38:38 AM | analyzer.0x1f42f986f9ef31d6ef787565b211bce0eb877bcc | Generating return summary for constructor
[INFO] | 2024-11-10 07:38:38 AM | analyzer.0x1f42f986f9ef31d6ef787565b211bce0eb877bcc | Return summary generated for constructor
[INFO] | 2024-11-10 07:38:38 AM | analyzer.0x1f42f986f9ef31d6ef787565b211bce0eb877bcc | Range graph generated
[INFO] | 2024-11-10 07:38:38 AM | analyzer.0x1f42f986f9ef31d6ef787565b211bce0eb877bcc | Processed function constructor
[INFO] | 2024-11-10 07:38:38 AM | analyzer.0x1f42f986f9ef31d6ef787565b211bce0eb877bcc | Generating return summary for constructor
[INFO] | 2024-11-10 07:38:38 AM | analyzer.0x1f42f986f9ef31d6ef787565b211bce0eb877bcc | Return summary generated for constructor
[INFO] | 2024-11-10 07:38:38 AM | analyzer.0x1f42f986f9ef31d6ef787565b211bce0eb877bcc | Range graph generated
[INFO] | 2024-11-10 07:38:38 AM | analyzer.0x1f42f986f9ef31d6ef787565b211bce0eb877bcc | Processed function constructor
[INFO] | 2024-11-10 07:38:38 AM | analyzer.0x1f42f986f9ef31d6ef787565b211bce0eb877bcc | Generating return summary for transferOwnership
[INFO] | 2024-11-10 07:38:38 AM | analyzer.0x1f42f986f9ef31d6ef787565b211bce0eb877bcc | Return summary generated for transferOwnership
[INFO] | 2024-11-10 07:38:38 AM | analyzer.0x1f42f986f9ef31d6ef787565b211bce0eb877bcc | Range graph generated
[INFO] | 2024-11-10 07:38:38 AM | analyzer.0x1f42f986f9ef31d6ef787565b211bce0eb877bcc | Processed function transferOwnership
[INFO] | 2024-11-10 07:38:38 AM | analyzer.0x1f42f986f9ef31d6ef787565b211bce0eb877bcc | Generating return summary for setRateToken
[INFO] | 2024-11-10 07:38:38 AM | analyzer.0x1f42f986f9ef31d6ef787565b211bce0eb877bcc | Return summary generated for setRateToken
[INFO] | 2024-11-10 07:38:38 AM | analyzer.0x1f42f986f9ef31d6ef787565b211bce0eb877bcc | Range graph generated
[INFO] | 2024-11-10 07:38:38 AM | analyzer.0x1f42f986f9ef31d6ef787565b211bce0eb877bcc | Processed function setRateToken
[INFO] | 2024-11-10 07:38:38 AM | analyzer.0x1f42f986f9ef31d6ef787565b211bce0eb877bcc | Generating return summary for setCrowdSale
[INFO] | 2024-11-10 07:38:38 AM | analyzer.0x1f42f986f9ef31d6ef787565b211bce0eb877bcc | Return summary generated for setCrowdSale
[INFO] | 2024-11-10 07:38:38 AM | analyzer.0x1f42f986f9ef31d6ef787565b211bce0eb877bcc | Range graph generated
[INFO] | 2024-11-10 07:38:38 AM | analyzer.0x1f42f986f9ef31d6ef787565b211bce0eb877bcc | Processed function setCrowdSale
[INFO] | 2024-11-10 07:38:38 AM | analyzer.0x1f42f986f9ef31d6ef787565b211bce0eb877bcc | Generating return summary for constructor
[INFO] | 2024-11-10 07:38:38 AM | analyzer.0x1f42f986f9ef31d6ef787565b211bce0eb877bcc | Return summary generated for constructor
[INFO] | 2024-11-10 07:38:38 AM | analyzer.0x1f42f986f9ef31d6ef787565b211bce0eb877bcc | Range graph generated
[INFO] | 2024-11-10 07:38:38 AM | analyzer.0x1f42f986f9ef31d6ef787565b211bce0eb877bcc | Processed function constructor
[INFO] | 2024-11-10 07:38:38 AM | analyzer.0x1f42f986f9ef31d6ef787565b211bce0eb877bcc | Generating return summary for transferOwnership
[INFO] | 2024-11-10 07:38:38 AM | analyzer.0x1f42f986f9ef31d6ef787565b211bce0eb877bcc | Return summary generated for transferOwnership
[INFO] | 2024-11-10 07:38:38 AM | analyzer.0x1f42f986f9ef31d6ef787565b211bce0eb877bcc | Range graph generated
[INFO] | 2024-11-10 07:38:38 AM | analyzer.0x1f42f986f9ef31d6ef787565b211bce0eb877bcc | Processed function transferOwnership
[INFO] | 2024-11-10 07:38:38 AM | analyzer.0x1f42f986f9ef31d6ef787565b211bce0eb877bcc | Generating return summary for calculateProbability
[INFO] | 2024-11-10 07:38:38 AM | analyzer.0x1f42f986f9ef31d6ef787565b211bce0eb877bcc | Return summary generated for calculateProbability
[INFO] | 2024-11-10 07:38:38 AM | analyzer.0x1f42f986f9ef31d6ef787565b211bce0eb877bcc | Range graph generated
[INFO] | 2024-11-10 07:38:38 AM | analyzer.0x1f42f986f9ef31d6ef787565b211bce0eb877bcc | Processed function calculateProbability
[INFO] | 2024-11-10 07:38:38 AM | analyzer.0x1f42f986f9ef31d6ef787565b211bce0eb877bcc | Generating return summary for withdrawDividends
[INFO] | 2024-11-10 07:38:38 AM | analyzer.0x1f42f986f9ef31d6ef787565b211bce0eb877bcc | Return summary generated for withdrawDividends
[INFO] | 2024-11-10 07:38:38 AM | analyzer.0x1f42f986f9ef31d6ef787565b211bce0eb877bcc | Range graph generated
[INFO] | 2024-11-10 07:38:38 AM | analyzer.0x1f42f986f9ef31d6ef787565b211bce0eb877bcc | Processed function withdrawDividends
[INFO] | 2024-11-10 07:38:38 AM | analyzer.0x1f42f986f9ef31d6ef787565b211bce0eb877bcc | Generating return summary for transfer
[INFO] | 2024-11-10 07:38:38 AM | analyzer.0x1f42f986f9ef31d6ef787565b211bce0eb877bcc | Return summary generated for transfer
[INFO] | 2024-11-10 07:38:38 AM | analyzer.0x1f42f986f9ef31d6ef787565b211bce0eb877bcc | Range graph generated
[INFO] | 2024-11-10 07:38:38 AM | analyzer.0x1f42f986f9ef31d6ef787565b211bce0eb877bcc | Processed function transfer
[INFO] | 2024-11-10 07:38:38 AM | analyzer.0x1f42f986f9ef31d6ef787565b211bce0eb877bcc | Generating return summary for transferFrom
[INFO] | 2024-11-10 07:38:38 AM | analyzer.0x1f42f986f9ef31d6ef787565b211bce0eb877bcc | Return summary generated for transferFrom
[INFO] | 2024-11-10 07:38:38 AM | analyzer.0x1f42f986f9ef31d6ef787565b211bce0eb877bcc | Range graph generated
[INFO] | 2024-11-10 07:38:38 AM | analyzer.0x1f42f986f9ef31d6ef787565b211bce0eb877bcc | Processed function transferFrom
[INFO] | 2024-11-10 07:38:38 AM | analyzer.0x1f42f986f9ef31d6ef787565b211bce0eb877bcc | Generating return summary for _burnFrom
[INFO] | 2024-11-10 07:38:38 AM | analyzer.0x1f42f986f9ef31d6ef787565b211bce0eb877bcc | Return summary generated for _burnFrom
[INFO] | 2024-11-10 07:38:38 AM | analyzer.0x1f42f986f9ef31d6ef787565b211bce0eb877bcc | Range graph generated
[INFO] | 2024-11-10 07:38:38 AM | analyzer.0x1f42f986f9ef31d6ef787565b211bce0eb877bcc | Processed function _burnFrom
[INFO] | 2024-11-10 07:38:38 AM | analyzer.0x1f42f986f9ef31d6ef787565b211bce0eb877bcc | Generating return summary for transferFrom
[INFO] | 2024-11-10 07:38:38 AM | analyzer.0x1f42f986f9ef31d6ef787565b211bce0eb877bcc | Return summary generated for transferFrom
[INFO] | 2024-11-10 07:38:38 AM | analyzer.0x1f42f986f9ef31d6ef787565b211bce0eb877bcc | Range graph generated
[INFO] | 2024-11-10 07:38:38 AM | analyzer.0x1f42f986f9ef31d6ef787565b211bce0eb877bcc | Processed function transferFrom
[INFO] | 2024-11-10 07:38:38 AM | analyzer.0x1f42f986f9ef31d6ef787565b211bce0eb877bcc | Generating return summary for transfer
[INFO] | 2024-11-10 07:38:38 AM | analyzer.0x1f42f986f9ef31d6ef787565b211bce0eb877bcc | Return summary generated for transfer
[INFO] | 2024-11-10 07:38:38 AM | analyzer.0x1f42f986f9ef31d6ef787565b211bce0eb877bcc | Range graph generated
[INFO] | 2024-11-10 07:38:38 AM | analyzer.0x1f42f986f9ef31d6ef787565b211bce0eb877bcc | Processed function transfer
[INFO] | 2024-11-10 07:38:38 AM | analyzer.0x1f42f986f9ef31d6ef787565b211bce0eb877bcc | Generating return summary for _burnFrom
[INFO] | 2024-11-10 07:38:38 AM | analyzer.0x1f42f986f9ef31d6ef787565b211bce0eb877bcc | Return summary generated for _burnFrom
[INFO] | 2024-11-10 07:38:38 AM | analyzer.0x1f42f986f9ef31d6ef787565b211bce0eb877bcc | Range graph generated
[INFO] | 2024-11-10 07:38:38 AM | analyzer.0x1f42f986f9ef31d6ef787565b211bce0eb877bcc | Processed function _burnFrom
[INFO] | 2024-11-10 07:38:38 AM | analyzer.0x1f42f986f9ef31d6ef787565b211bce0eb877bcc | Generating return summary for constructor
[INFO] | 2024-11-10 07:38:38 AM | analyzer.0x1f42f986f9ef31d6ef787565b211bce0eb877bcc | Return summary generated for constructor
[INFO] | 2024-11-10 07:38:38 AM | analyzer.0x1f42f986f9ef31d6ef787565b211bce0eb877bcc | Range graph generated
[INFO] | 2024-11-10 07:38:38 AM | analyzer.0x1f42f986f9ef31d6ef787565b211bce0eb877bcc | Processed function constructor
[INFO] | 2024-11-10 07:38:38 AM | analyzer.0x1f42f986f9ef31d6ef787565b211bce0eb877bcc | Generating return summary for setInfo
[INFO] | 2024-11-10 07:38:38 AM | analyzer.0x1f42f986f9ef31d6ef787565b211bce0eb877bcc | Return summary generated for setInfo
[INFO] | 2024-11-10 07:38:38 AM | analyzer.0x1f42f986f9ef31d6ef787565b211bce0eb877bcc | Range graph generated
[INFO] | 2024-11-10 07:38:38 AM | analyzer.0x1f42f986f9ef31d6ef787565b211bce0eb877bcc | Processed function setInfo
[INFO] | 2024-11-10 07:38:38 AM | analyzer.0x1f42f986f9ef31d6ef787565b211bce0eb877bcc | Generating return summary for fallback
[INFO] | 2024-11-10 07:38:38 AM | analyzer.0x1f42f986f9ef31d6ef787565b211bce0eb877bcc | Return summary generated for fallback
[INFO] | 2024-11-10 07:38:38 AM | analyzer.0x1f42f986f9ef31d6ef787565b211bce0eb877bcc | Range graph generated
[INFO] | 2024-11-10 07:38:38 AM | analyzer.0x1f42f986f9ef31d6ef787565b211bce0eb877bcc | Processed function fallback
[INFO] | 2024-11-10 07:38:38 AM | analyzer.0x1f42f986f9ef31d6ef787565b211bce0eb877bcc | Generating return summary for getWinners
[INFO] | 2024-11-10 07:38:38 AM | analyzer.0x1f42f986f9ef31d6ef787565b211bce0eb877bcc | Return summary generated for getWinners
[INFO] | 2024-11-10 07:38:38 AM | analyzer.0x1f42f986f9ef31d6ef787565b211bce0eb877bcc | Range graph generated
[INFO] | 2024-11-10 07:38:38 AM | analyzer.0x1f42f986f9ef31d6ef787565b211bce0eb877bcc | Processed function getWinners
[INFO] | 2024-11-10 07:38:38 AM | analyzer.0x1f42f986f9ef31d6ef787565b211bce0eb877bcc | Generating return summary for fallback
[INFO] | 2024-11-10 07:38:38 AM | analyzer.0x1f42f986f9ef31d6ef787565b211bce0eb877bcc | Return summary generated for fallback
[INFO] | 2024-11-10 07:38:38 AM | analyzer.0x1f42f986f9ef31d6ef787565b211bce0eb877bcc | Range graph generated
[INFO] | 2024-11-10 07:38:38 AM | analyzer.0x1f42f986f9ef31d6ef787565b211bce0eb877bcc | Processed function fallback
[INFO] | 2024-11-10 07:38:38 AM | analyzer.0x1f42f986f9ef31d6ef787565b211bce0eb877bcc | Generating return summary for fallback
[INFO] | 2024-11-10 07:38:38 AM | analyzer.0x1f42f986f9ef31d6ef787565b211bce0eb877bcc | Return summary generated for fallback
[INFO] | 2024-11-10 07:38:38 AM | analyzer.0x1f42f986f9ef31d6ef787565b211bce0eb877bcc | Range graph generated
[INFO] | 2024-11-10 07:38:38 AM | analyzer.0x1f42f986f9ef31d6ef787565b211bce0eb877bcc | Processed function fallback
[INFO] | 2024-11-10 07:38:38 AM | analyzer.0x1f42f986f9ef31d6ef787565b211bce0eb877bcc | Generating return summary for fallback
[INFO] | 2024-11-10 07:38:38 AM | analyzer.0x1f42f986f9ef31d6ef787565b211bce0eb877bcc | Return summary generated for fallback
[INFO] | 2024-11-10 07:38:38 AM | analyzer.0x1f42f986f9ef31d6ef787565b211bce0eb877bcc | Range graph generated
[INFO] | 2024-11-10 07:38:38 AM | analyzer.0x1f42f986f9ef31d6ef787565b211bce0eb877bcc | Processed function fallback
[INFO] | 2024-11-10 07:38:38 AM | analyzer.0x1f42f986f9ef31d6ef787565b211bce0eb877bcc | Generating return summary for fallback
[INFO] | 2024-11-10 07:38:38 AM | analyzer.0x1f42f986f9ef31d6ef787565b211bce0eb877bcc | Return summary generated for fallback
[INFO] | 2024-11-10 07:38:38 AM | analyzer.0x1f42f986f9ef31d6ef787565b211bce0eb877bcc | Range graph generated
[INFO] | 2024-11-10 07:38:38 AM | analyzer.0x1f42f986f9ef31d6ef787565b211bce0eb877bcc | Processed function fallback
[INFO] | 2024-11-10 07:38:38 AM | analyzer.0x1f42f986f9ef31d6ef787565b211bce0eb877bcc | Generating return summary for fallback
[INFO] | 2024-11-10 07:38:38 AM | analyzer.0x1f42f986f9ef31d6ef787565b211bce0eb877bcc | Return summary generated for fallback
[INFO] | 2024-11-10 07:38:38 AM | analyzer.0x1f42f986f9ef31d6ef787565b211bce0eb877bcc | Range graph generated
[INFO] | 2024-11-10 07:38:38 AM | analyzer.0x1f42f986f9ef31d6ef787565b211bce0eb877bcc | Processed function fallback
[INFO] | 2024-11-10 07:38:38 AM | analyzer.0x1f42f986f9ef31d6ef787565b211bce0eb877bcc | Value Range Analysis took 0.100283 seconds
[INFO] | 2024-11-10 07:38:38 AM | analyzer.0x1f42f986f9ef31d6ef787565b211bce0eb877bcc | Value Range Analysis finished
[INFO] | 2024-11-10 07:38:38 AM | analyzer.0x1f42f986f9ef31d6ef787565b211bce0eb877bcc | Storage dependency graph compostion started!
[INFO] | 2024-11-10 07:38:39 AM | analyzer.0x1f42f986f9ef31d6ef787565b211bce0eb877bcc | Storage dependency graph compostion finished!
[INFO] | 2024-11-10 07:38:39 AM | analyzer.0x1f42f986f9ef31d6ef787565b211bce0eb877bcc | Dependency detection started!
[INFO] | 2024-11-10 07:38:53 AM | analyzer.0x1f42f986f9ef31d6ef787565b211bce0eb877bcc | DAO dependency detected in file 0x1f42f986f9ef31d6ef787565b211bce0eb877bcc.sol in contract Bank in by composing functions setInfo and setGameWaveAddress
[INFO] | 2024-11-10 07:39:06 AM | analyzer.0x1f42f986f9ef31d6ef787565b211bce0eb877bcc | DAO dependency detected in file 0x1f42f986f9ef31d6ef787565b211bce0eb877bcc.sol in contract Bank in by composing functions setInfo and setGameWaveAddress
[INFO] | 2024-11-10 07:39:08 AM | analyzer.0x1f42f986f9ef31d6ef787565b211bce0eb877bcc | DAO dependency detected in file 0x1f42f986f9ef31d6ef787565b211bce0eb877bcc.sol in contract Bank in by composing functions setInfo and setGameWaveAddress
[INFO] | 2024-11-10 07:39:18 AM | analyzer.0x1f42f986f9ef31d6ef787565b211bce0eb877bcc | DAO dependency detected in file 0x1f42f986f9ef31d6ef787565b211bce0eb877bcc.sol in contract Bank in by composing functions setInfo and setBearsAddress
[INFO] | 2024-11-10 07:39:28 AM | analyzer.0x1f42f986f9ef31d6ef787565b211bce0eb877bcc | DAO dependency detected in file 0x1f42f986f9ef31d6ef787565b211bce0eb877bcc.sol in contract Bank in by composing functions setInfo and setBearsAddress
[INFO] | 2024-11-10 07:39:30 AM | analyzer.0x1f42f986f9ef31d6ef787565b211bce0eb877bcc | DAO dependency detected in file 0x1f42f986f9ef31d6ef787565b211bce0eb877bcc.sol in contract Bank in by composing functions setInfo and setBearsAddress
[INFO] | 2024-11-10 07:39:40 AM | analyzer.0x1f42f986f9ef31d6ef787565b211bce0eb877bcc | DAO dependency detected in file 0x1f42f986f9ef31d6ef787565b211bce0eb877bcc.sol in contract Bank in by composing functions setInfo and setBullsAddress
[INFO] | 2024-11-10 07:39:49 AM | analyzer.0x1f42f986f9ef31d6ef787565b211bce0eb877bcc | DAO dependency detected in file 0x1f42f986f9ef31d6ef787565b211bce0eb877bcc.sol in contract Bank in by composing functions setInfo and setBullsAddress
[INFO] | 2024-11-10 07:43:15 AM | analyzer.0x1f42f986f9ef31d6ef787565b211bce0eb877bcc | DAO dependency detected in file 0x1f42f986f9ef31d6ef787565b211bce0eb877bcc.sol in contract Bank in by composing functions setInfo and setInfo
[INFO] | 2024-11-10 07:46:46 AM | analyzer.0x1f42f986f9ef31d6ef787565b211bce0eb877bcc | DAO dependency detected in file 0x1f42f986f9ef31d6ef787565b211bce0eb877bcc.sol in contract Bank in by composing functions setInfo and setInfo
[INFO] | 2024-11-10 07:47:14 AM | analyzer.0x1f42f986f9ef31d6ef787565b211bce0eb877bcc | DAO dependency detected in file 0x1f42f986f9ef31d6ef787565b211bce0eb877bcc.sol in contract Bank in by composing functions setInfo and setInfo
[INFO] | 2024-11-10 07:47:28 AM | analyzer.0x1f42f986f9ef31d6ef787565b211bce0eb877bcc | DAO dependency detected in file 0x1f42f986f9ef31d6ef787565b211bce0eb877bcc.sol in contract Bank in by composing functions setInfo and setInfo
[INFO] | 2024-11-10 07:51:08 AM | analyzer.0x1f42f986f9ef31d6ef787565b211bce0eb877bcc | DAO dependency detected in file 0x1f42f986f9ef31d6ef787565b211bce0eb877bcc.sol in contract Bank in by composing functions setInfo and calculateProbability
[INFO] | 2024-11-10 07:55:34 AM | analyzer.0x1f42f986f9ef31d6ef787565b211bce0eb877bcc | DAO dependency detected in file 0x1f42f986f9ef31d6ef787565b211bce0eb877bcc.sol in contract Bank in by composing functions setInfo and calculateProbability
[INFO] | 2024-11-10 07:56:10 AM | analyzer.0x1f42f986f9ef31d6ef787565b211bce0eb877bcc | DAO dependency detected in file 0x1f42f986f9ef31d6ef787565b211bce0eb877bcc.sol in contract Bank in by composing functions setInfo and calculateProbability
[INFO] | 2024-11-10 07:56:28 AM | analyzer.0x1f42f986f9ef31d6ef787565b211bce0eb877bcc | DAO dependency detected in file 0x1f42f986f9ef31d6ef787565b211bce0eb877bcc.sol in contract Bank in by composing functions setInfo and calculateProbability
[INFO] | 2024-11-10 07:59:22 AM | analyzer.0x1f42f986f9ef31d6ef787565b211bce0eb877bcc | DAO dependency detected in file 0x1f42f986f9ef31d6ef787565b211bce0eb877bcc.sol in contract Bank in by composing functions setInfo and getWinners
[INFO] | 2024-11-10 08:02:03 AM | analyzer.0x1f42f986f9ef31d6ef787565b211bce0eb877bcc | DAO dependency detected in file 0x1f42f986f9ef31d6ef787565b211bce0eb877bcc.sol in contract Bank in by composing functions setInfo and getWinners
[INFO] | 2024-11-10 08:02:33 AM | analyzer.0x1f42f986f9ef31d6ef787565b211bce0eb877bcc | DAO dependency detected in file 0x1f42f986f9ef31d6ef787565b211bce0eb877bcc.sol in contract Bank in by composing functions setInfo and getWinners
[INFO] | 2024-11-10 08:02:44 AM | analyzer.0x1f42f986f9ef31d6ef787565b211bce0eb877bcc | DAO dependency detected in file 0x1f42f986f9ef31d6ef787565b211bce0eb877bcc.sol in contract Bank in by composing functions setInfo and getWinners
[INFO] | 2024-11-10 08:03:12 AM | analyzer.0x1f42f986f9ef31d6ef787565b211bce0eb877bcc | DAO dependency detected in file 0x1f42f986f9ef31d6ef787565b211bce0eb877bcc.sol in contract Bank in by composing functions calculateProbability and setGameWaveAddress
[INFO] | 2024-11-10 08:03:37 AM | analyzer.0x1f42f986f9ef31d6ef787565b211bce0eb877bcc | DAO dependency detected in file 0x1f42f986f9ef31d6ef787565b211bce0eb877bcc.sol in contract Bank in by composing functions calculateProbability and setGameWaveAddress
[INFO] | 2024-11-10 08:03:42 AM | analyzer.0x1f42f986f9ef31d6ef787565b211bce0eb877bcc | DAO dependency detected in file 0x1f42f986f9ef31d6ef787565b211bce0eb877bcc.sol in contract Bank in by composing functions calculateProbability and setGameWaveAddress
[INFO] | 2024-11-10 08:04:04 AM | analyzer.0x1f42f986f9ef31d6ef787565b211bce0eb877bcc | DAO dependency detected in file 0x1f42f986f9ef31d6ef787565b211bce0eb877bcc.sol in contract Bank in by composing functions calculateProbability and setBearsAddress
[INFO] | 2024-11-10 08:04:25 AM | analyzer.0x1f42f986f9ef31d6ef787565b211bce0eb877bcc | DAO dependency detected in file 0x1f42f986f9ef31d6ef787565b211bce0eb877bcc.sol in contract Bank in by composing functions calculateProbability and setBearsAddress
[INFO] | 2024-11-10 08:04:28 AM | analyzer.0x1f42f986f9ef31d6ef787565b211bce0eb877bcc | DAO dependency detected in file 0x1f42f986f9ef31d6ef787565b211bce0eb877bcc.sol in contract Bank in by composing functions calculateProbability and setBearsAddress
[INFO] | 2024-11-10 08:04:49 AM | analyzer.0x1f42f986f9ef31d6ef787565b211bce0eb877bcc | DAO dependency detected in file 0x1f42f986f9ef31d6ef787565b211bce0eb877bcc.sol in contract Bank in by composing functions calculateProbability and setBullsAddress
[INFO] | 2024-11-10 08:05:09 AM | analyzer.0x1f42f986f9ef31d6ef787565b211bce0eb877bcc | DAO dependency detected in file 0x1f42f986f9ef31d6ef787565b211bce0eb877bcc.sol in contract Bank in by composing functions calculateProbability and setBullsAddress
