[INFO] | 2024-11-10 07:37:29 AM | analyzer.0x4470887011bbf1e196b62020266aa5ae1081bd70 | Analysis started at: 2024-11-10 07:37:29 AM
[INFO] | 2024-11-10 07:37:31 AM | analyzer.0x4470887011bbf1e196b62020266aa5ae1081bd70 | Version constraints: ['^0.4.24']
[INFO] | 2024-11-10 07:37:31 AM | analyzer.0x4470887011bbf1e196b62020266aa5ae1081bd70 | solc version: v0.4.24
[INFO] | 2024-11-10 07:37:32 AM | analyzer.0x4470887011bbf1e196b62020266aa5ae1081bd70 | Callgraph generation started!
[INFO] | 2024-11-10 07:37:32 AM | analyzer.0x4470887011bbf1e196b62020266aa5ae1081bd70 | Callgraph generation finished!
[INFO] | 2024-11-10 07:37:32 AM | analyzer.0x4470887011bbf1e196b62020266aa5ae1081bd70 | Interprocedural CFG generation started!
[INFO] | 2024-11-10 07:37:32 AM | analyzer.0x4470887011bbf1e196b62020266aa5ae1081bd70 | Interprocedural CFG generation finished!
[INFO] | 2024-11-10 07:37:32 AM | analyzer.0x4470887011bbf1e196b62020266aa5ae1081bd70 | Storage dependency graph generation started!
[INFO] | 2024-11-10 07:37:32 AM | analyzer.0x4470887011bbf1e196b62020266aa5ae1081bd70 | Storage dependency graph generation finished!
[INFO] | 2024-11-10 07:37:32 AM | analyzer.0x4470887011bbf1e196b62020266aa5ae1081bd70 | Value Range Analysis started
[INFO] | 2024-11-10 07:37:32 AM | analyzer.0x4470887011bbf1e196b62020266aa5ae1081bd70 | Generating return summary for transfer
[INFO] | 2024-11-10 07:37:32 AM | analyzer.0x4470887011bbf1e196b62020266aa5ae1081bd70 | Return summary generated for transfer
[INFO] | 2024-11-10 07:37:32 AM | analyzer.0x4470887011bbf1e196b62020266aa5ae1081bd70 | State variable assignement do not exist
[INFO] | 2024-11-10 07:37:32 AM | analyzer.0x4470887011bbf1e196b62020266aa5ae1081bd70 | Processed function transfer
[INFO] | 2024-11-10 07:37:32 AM | analyzer.0x4470887011bbf1e196b62020266aa5ae1081bd70 | Generating return summary for balanceOf
[INFO] | 2024-11-10 07:37:32 AM | analyzer.0x4470887011bbf1e196b62020266aa5ae1081bd70 | Return summary generated for balanceOf
[INFO] | 2024-11-10 07:37:32 AM | analyzer.0x4470887011bbf1e196b62020266aa5ae1081bd70 | State variable assignement do not exist
[INFO] | 2024-11-10 07:37:32 AM | analyzer.0x4470887011bbf1e196b62020266aa5ae1081bd70 | Processed function balanceOf
[INFO] | 2024-11-10 07:37:32 AM | analyzer.0x4470887011bbf1e196b62020266aa5ae1081bd70 | Generating return summary for transferFrom
[INFO] | 2024-11-10 07:37:32 AM | analyzer.0x4470887011bbf1e196b62020266aa5ae1081bd70 | Return summary generated for transferFrom
[INFO] | 2024-11-10 07:37:32 AM | analyzer.0x4470887011bbf1e196b62020266aa5ae1081bd70 | State variable assignement do not exist
[INFO] | 2024-11-10 07:37:32 AM | analyzer.0x4470887011bbf1e196b62020266aa5ae1081bd70 | Processed function transferFrom
[INFO] | 2024-11-10 07:37:32 AM | analyzer.0x4470887011bbf1e196b62020266aa5ae1081bd70 | Generating return summary for getAddr
[INFO] | 2024-11-10 07:37:32 AM | analyzer.0x4470887011bbf1e196b62020266aa5ae1081bd70 | Return summary generated for getAddr
[INFO] | 2024-11-10 07:37:32 AM | analyzer.0x4470887011bbf1e196b62020266aa5ae1081bd70 | State variable assignement do not exist
[INFO] | 2024-11-10 07:37:32 AM | analyzer.0x4470887011bbf1e196b62020266aa5ae1081bd70 | Processed function getAddr
[INFO] | 2024-11-10 07:37:32 AM | analyzer.0x4470887011bbf1e196b62020266aa5ae1081bd70 | Generating return summary for getClaimEst
[INFO] | 2024-11-10 07:37:32 AM | analyzer.0x4470887011bbf1e196b62020266aa5ae1081bd70 | Return summary generated for getClaimEst
[INFO] | 2024-11-10 07:37:32 AM | analyzer.0x4470887011bbf1e196b62020266aa5ae1081bd70 | State variable assignement do not exist
[INFO] | 2024-11-10 07:37:32 AM | analyzer.0x4470887011bbf1e196b62020266aa5ae1081bd70 | Processed function getClaimEst
[INFO] | 2024-11-10 07:37:32 AM | analyzer.0x4470887011bbf1e196b62020266aa5ae1081bd70 | Generating return summary for slitherConstructorVariables
[INFO] | 2024-11-10 07:37:32 AM | analyzer.0x4470887011bbf1e196b62020266aa5ae1081bd70 | Return summary generated for slitherConstructorVariables
[INFO] | 2024-11-10 07:37:32 AM | analyzer.0x4470887011bbf1e196b62020266aa5ae1081bd70 | Range graph generated
[INFO] | 2024-11-10 07:37:32 AM | analyzer.0x4470887011bbf1e196b62020266aa5ae1081bd70 | Processed function slitherConstructorVariables
[INFO] | 2024-11-10 07:37:32 AM | analyzer.0x4470887011bbf1e196b62020266aa5ae1081bd70 | Generating return summary for onlyAdmin
[INFO] | 2024-11-10 07:37:32 AM | analyzer.0x4470887011bbf1e196b62020266aa5ae1081bd70 | Return summary generated for onlyAdmin
[INFO] | 2024-11-10 07:37:32 AM | analyzer.0x4470887011bbf1e196b62020266aa5ae1081bd70 | State variable assignement do not exist
[INFO] | 2024-11-10 07:37:32 AM | analyzer.0x4470887011bbf1e196b62020266aa5ae1081bd70 | Processed function onlyAdmin
[INFO] | 2024-11-10 07:37:32 AM | analyzer.0x4470887011bbf1e196b62020266aa5ae1081bd70 | Generating return summary for paused
[INFO] | 2024-11-10 07:37:32 AM | analyzer.0x4470887011bbf1e196b62020266aa5ae1081bd70 | Return summary generated for paused
[INFO] | 2024-11-10 07:37:32 AM | analyzer.0x4470887011bbf1e196b62020266aa5ae1081bd70 | State variable assignement do not exist
[INFO] | 2024-11-10 07:37:32 AM | analyzer.0x4470887011bbf1e196b62020266aa5ae1081bd70 | Processed function paused
[INFO] | 2024-11-10 07:37:32 AM | analyzer.0x4470887011bbf1e196b62020266aa5ae1081bd70 | Generating return summary for getClaimEst
[INFO] | 2024-11-10 07:37:32 AM | analyzer.0x4470887011bbf1e196b62020266aa5ae1081bd70 | Return summary generated for getClaimEst
[INFO] | 2024-11-10 07:37:32 AM | analyzer.0x4470887011bbf1e196b62020266aa5ae1081bd70 | State variable assignement do not exist
[INFO] | 2024-11-10 07:37:32 AM | analyzer.0x4470887011bbf1e196b62020266aa5ae1081bd70 | Processed function getClaimEst
[INFO] | 2024-11-10 07:37:32 AM | analyzer.0x4470887011bbf1e196b62020266aa5ae1081bd70 | Generating return summary for getRedeemEst
[INFO] | 2024-11-10 07:37:32 AM | analyzer.0x4470887011bbf1e196b62020266aa5ae1081bd70 | Return summary generated for getRedeemEst
[INFO] | 2024-11-10 07:37:32 AM | analyzer.0x4470887011bbf1e196b62020266aa5ae1081bd70 | State variable assignement do not exist
[INFO] | 2024-11-10 07:37:32 AM | analyzer.0x4470887011bbf1e196b62020266aa5ae1081bd70 | Processed function getRedeemEst
[INFO] | 2024-11-10 07:37:32 AM | analyzer.0x4470887011bbf1e196b62020266aa5ae1081bd70 | Generating return summary for slitherConstructorVariables
[INFO] | 2024-11-10 07:37:32 AM | analyzer.0x4470887011bbf1e196b62020266aa5ae1081bd70 | Return summary generated for slitherConstructorVariables
[INFO] | 2024-11-10 07:37:32 AM | analyzer.0x4470887011bbf1e196b62020266aa5ae1081bd70 | Range graph generated
[INFO] | 2024-11-10 07:37:32 AM | analyzer.0x4470887011bbf1e196b62020266aa5ae1081bd70 | Processed function slitherConstructorVariables
[INFO] | 2024-11-10 07:37:32 AM | analyzer.0x4470887011bbf1e196b62020266aa5ae1081bd70 | Generating return summary for onlyAdmin
[INFO] | 2024-11-10 07:37:32 AM | analyzer.0x4470887011bbf1e196b62020266aa5ae1081bd70 | Return summary generated for onlyAdmin
[INFO] | 2024-11-10 07:37:32 AM | analyzer.0x4470887011bbf1e196b62020266aa5ae1081bd70 | State variable assignement do not exist
[INFO] | 2024-11-10 07:37:32 AM | analyzer.0x4470887011bbf1e196b62020266aa5ae1081bd70 | Processed function onlyAdmin
[INFO] | 2024-11-10 07:37:32 AM | analyzer.0x4470887011bbf1e196b62020266aa5ae1081bd70 | Generating return summary for paused
[INFO] | 2024-11-10 07:37:32 AM | analyzer.0x4470887011bbf1e196b62020266aa5ae1081bd70 | Return summary generated for paused
[INFO] | 2024-11-10 07:37:32 AM | analyzer.0x4470887011bbf1e196b62020266aa5ae1081bd70 | State variable assignement do not exist
[INFO] | 2024-11-10 07:37:32 AM | analyzer.0x4470887011bbf1e196b62020266aa5ae1081bd70 | Processed function paused
[INFO] | 2024-11-10 07:37:32 AM | analyzer.0x4470887011bbf1e196b62020266aa5ae1081bd70 | Generating return summary for getClaimEst
[INFO] | 2024-11-10 07:37:32 AM | analyzer.0x4470887011bbf1e196b62020266aa5ae1081bd70 | Return summary generated for getClaimEst
[INFO] | 2024-11-10 07:37:32 AM | analyzer.0x4470887011bbf1e196b62020266aa5ae1081bd70 | State variable assignement do not exist
[INFO] | 2024-11-10 07:37:32 AM | analyzer.0x4470887011bbf1e196b62020266aa5ae1081bd70 | Processed function getClaimEst
[INFO] | 2024-11-10 07:37:32 AM | analyzer.0x4470887011bbf1e196b62020266aa5ae1081bd70 | Generating return summary for getRedeemEst
[INFO] | 2024-11-10 07:37:32 AM | analyzer.0x4470887011bbf1e196b62020266aa5ae1081bd70 | Return summary generated for getRedeemEst
[INFO] | 2024-11-10 07:37:32 AM | analyzer.0x4470887011bbf1e196b62020266aa5ae1081bd70 | State variable assignement do not exist
[INFO] | 2024-11-10 07:37:32 AM | analyzer.0x4470887011bbf1e196b62020266aa5ae1081bd70 | Processed function getRedeemEst
[INFO] | 2024-11-10 07:37:32 AM | analyzer.0x4470887011bbf1e196b62020266aa5ae1081bd70 | Generating return summary for constructor
[INFO] | 2024-11-10 07:37:32 AM | analyzer.0x4470887011bbf1e196b62020266aa5ae1081bd70 | Return summary generated for constructor
[INFO] | 2024-11-10 07:37:32 AM | analyzer.0x4470887011bbf1e196b62020266aa5ae1081bd70 | Range graph generated
[INFO] | 2024-11-10 07:37:32 AM | analyzer.0x4470887011bbf1e196b62020266aa5ae1081bd70 | Processed function constructor
[INFO] | 2024-11-10 07:37:32 AM | analyzer.0x4470887011bbf1e196b62020266aa5ae1081bd70 | Generating return summary for NonIssueDeposits
[INFO] | 2024-11-10 07:37:32 AM | analyzer.0x4470887011bbf1e196b62020266aa5ae1081bd70 | Return summary generated for NonIssueDeposits
[INFO] | 2024-11-10 07:37:32 AM | analyzer.0x4470887011bbf1e196b62020266aa5ae1081bd70 | State variable assignement do not exist
[INFO] | 2024-11-10 07:37:32 AM | analyzer.0x4470887011bbf1e196b62020266aa5ae1081bd70 | Processed function NonIssueDeposits
[INFO] | 2024-11-10 07:37:32 AM | analyzer.0x4470887011bbf1e196b62020266aa5ae1081bd70 | Generating return summary for slitherConstructorVariables
[INFO] | 2024-11-10 07:37:32 AM | analyzer.0x4470887011bbf1e196b62020266aa5ae1081bd70 | Return summary generated for slitherConstructorVariables
[INFO] | 2024-11-10 07:37:32 AM | analyzer.0x4470887011bbf1e196b62020266aa5ae1081bd70 | Range graph generated
[INFO] | 2024-11-10 07:37:32 AM | analyzer.0x4470887011bbf1e196b62020266aa5ae1081bd70 | Processed function slitherConstructorVariables
[INFO] | 2024-11-10 07:37:32 AM | analyzer.0x4470887011bbf1e196b62020266aa5ae1081bd70 | Generating return summary for onlyAdmin
[INFO] | 2024-11-10 07:37:32 AM | analyzer.0x4470887011bbf1e196b62020266aa5ae1081bd70 | Return summary generated for onlyAdmin
[INFO] | 2024-11-10 07:37:32 AM | analyzer.0x4470887011bbf1e196b62020266aa5ae1081bd70 | State variable assignement do not exist
[INFO] | 2024-11-10 07:37:32 AM | analyzer.0x4470887011bbf1e196b62020266aa5ae1081bd70 | Processed function onlyAdmin
[INFO] | 2024-11-10 07:37:32 AM | analyzer.0x4470887011bbf1e196b62020266aa5ae1081bd70 | Generating return summary for paused
[INFO] | 2024-11-10 07:37:32 AM | analyzer.0x4470887011bbf1e196b62020266aa5ae1081bd70 | Return summary generated for paused
[INFO] | 2024-11-10 07:37:32 AM | analyzer.0x4470887011bbf1e196b62020266aa5ae1081bd70 | State variable assignement do not exist
[INFO] | 2024-11-10 07:37:32 AM | analyzer.0x4470887011bbf1e196b62020266aa5ae1081bd70 | Processed function paused
[INFO] | 2024-11-10 07:37:32 AM | analyzer.0x4470887011bbf1e196b62020266aa5ae1081bd70 | Generating return summary for getAddress
[INFO] | 2024-11-10 07:37:32 AM | analyzer.0x4470887011bbf1e196b62020266aa5ae1081bd70 | Return summary generated for getAddress
[INFO] | 2024-11-10 07:37:32 AM | analyzer.0x4470887011bbf1e196b62020266aa5ae1081bd70 | State variable assignement do not exist
[INFO] | 2024-11-10 07:37:32 AM | analyzer.0x4470887011bbf1e196b62020266aa5ae1081bd70 | Processed function getAddress
[INFO] | 2024-11-10 07:37:32 AM | analyzer.0x4470887011bbf1e196b62020266aa5ae1081bd70 | Generating return summary for getAddress
[INFO] | 2024-11-10 07:37:32 AM | analyzer.0x4470887011bbf1e196b62020266aa5ae1081bd70 | Return summary generated for getAddress
[INFO] | 2024-11-10 07:37:32 AM | analyzer.0x4470887011bbf1e196b62020266aa5ae1081bd70 | State variable assignement do not exist
[INFO] | 2024-11-10 07:37:32 AM | analyzer.0x4470887011bbf1e196b62020266aa5ae1081bd70 | Processed function getAddress
[INFO] | 2024-11-10 07:37:32 AM | analyzer.0x4470887011bbf1e196b62020266aa5ae1081bd70 | Generating return summary for getAddress
[INFO] | 2024-11-10 07:37:32 AM | analyzer.0x4470887011bbf1e196b62020266aa5ae1081bd70 | Return summary generated for getAddress
[INFO] | 2024-11-10 07:37:32 AM | analyzer.0x4470887011bbf1e196b62020266aa5ae1081bd70 | State variable assignement do not exist
[INFO] | 2024-11-10 07:37:32 AM | analyzer.0x4470887011bbf1e196b62020266aa5ae1081bd70 | Processed function getAddress
[INFO] | 2024-11-10 07:37:32 AM | analyzer.0x4470887011bbf1e196b62020266aa5ae1081bd70 | Generating return summary for getAddress
[INFO] | 2024-11-10 07:37:32 AM | analyzer.0x4470887011bbf1e196b62020266aa5ae1081bd70 | Return summary generated for getAddress
[INFO] | 2024-11-10 07:37:32 AM | analyzer.0x4470887011bbf1e196b62020266aa5ae1081bd70 | State variable assignement do not exist
[INFO] | 2024-11-10 07:37:32 AM | analyzer.0x4470887011bbf1e196b62020266aa5ae1081bd70 | Processed function getAddress
[INFO] | 2024-11-10 07:37:32 AM | analyzer.0x4470887011bbf1e196b62020266aa5ae1081bd70 | Generating return summary for setPause
[INFO] | 2024-11-10 07:37:32 AM | analyzer.0x4470887011bbf1e196b62020266aa5ae1081bd70 | Return summary generated for setPause
[INFO] | 2024-11-10 07:37:32 AM | analyzer.0x4470887011bbf1e196b62020266aa5ae1081bd70 | Range graph generated
[INFO] | 2024-11-10 07:37:32 AM | analyzer.0x4470887011bbf1e196b62020266aa5ae1081bd70 | Processed function setPause
[INFO] | 2024-11-10 07:37:32 AM | analyzer.0x4470887011bbf1e196b62020266aa5ae1081bd70 | Generating return summary for setCharge
[INFO] | 2024-11-10 07:37:32 AM | analyzer.0x4470887011bbf1e196b62020266aa5ae1081bd70 | Return summary generated for setCharge
[INFO] | 2024-11-10 07:37:32 AM | analyzer.0x4470887011bbf1e196b62020266aa5ae1081bd70 | Range graph generated
[INFO] | 2024-11-10 07:37:32 AM | analyzer.0x4470887011bbf1e196b62020266aa5ae1081bd70 | Processed function setCharge
[INFO] | 2024-11-10 07:37:32 AM | analyzer.0x4470887011bbf1e196b62020266aa5ae1081bd70 | Generating return summary for SetClaimRate
[INFO] | 2024-11-10 07:37:32 AM | analyzer.0x4470887011bbf1e196b62020266aa5ae1081bd70 | Return summary generated for SetClaimRate
[INFO] | 2024-11-10 07:37:32 AM | analyzer.0x4470887011bbf1e196b62020266aa5ae1081bd70 | Range graph generated
[INFO] | 2024-11-10 07:37:32 AM | analyzer.0x4470887011bbf1e196b62020266aa5ae1081bd70 | Processed function SetClaimRate
[INFO] | 2024-11-10 07:37:32 AM | analyzer.0x4470887011bbf1e196b62020266aa5ae1081bd70 | Generating return summary for fallback
[INFO] | 2024-11-10 07:37:32 AM | analyzer.0x4470887011bbf1e196b62020266aa5ae1081bd70 | Return summary generated for fallback
[INFO] | 2024-11-10 07:37:32 AM | analyzer.0x4470887011bbf1e196b62020266aa5ae1081bd70 | Range graph generated
[INFO] | 2024-11-10 07:37:32 AM | analyzer.0x4470887011bbf1e196b62020266aa5ae1081bd70 | Processed function fallback
[INFO] | 2024-11-10 07:37:32 AM | analyzer.0x4470887011bbf1e196b62020266aa5ae1081bd70 | Generating return summary for setPause
[INFO] | 2024-11-10 07:37:32 AM | analyzer.0x4470887011bbf1e196b62020266aa5ae1081bd70 | Return summary generated for setPause
[INFO] | 2024-11-10 07:37:32 AM | analyzer.0x4470887011bbf1e196b62020266aa5ae1081bd70 | Range graph generated
[INFO] | 2024-11-10 07:37:32 AM | analyzer.0x4470887011bbf1e196b62020266aa5ae1081bd70 | Processed function setPause
[INFO] | 2024-11-10 07:37:32 AM | analyzer.0x4470887011bbf1e196b62020266aa5ae1081bd70 | Generating return summary for setCharge
[INFO] | 2024-11-10 07:37:32 AM | analyzer.0x4470887011bbf1e196b62020266aa5ae1081bd70 | Return summary generated for setCharge
[INFO] | 2024-11-10 07:37:32 AM | analyzer.0x4470887011bbf1e196b62020266aa5ae1081bd70 | Range graph generated
[INFO] | 2024-11-10 07:37:32 AM | analyzer.0x4470887011bbf1e196b62020266aa5ae1081bd70 | Processed function setCharge
[INFO] | 2024-11-10 07:37:32 AM | analyzer.0x4470887011bbf1e196b62020266aa5ae1081bd70 | Generating return summary for SetClaimRate
[INFO] | 2024-11-10 07:37:32 AM | analyzer.0x4470887011bbf1e196b62020266aa5ae1081bd70 | Return summary generated for SetClaimRate
[INFO] | 2024-11-10 07:37:32 AM | analyzer.0x4470887011bbf1e196b62020266aa5ae1081bd70 | Range graph generated
[INFO] | 2024-11-10 07:37:32 AM | analyzer.0x4470887011bbf1e196b62020266aa5ae1081bd70 | Processed function SetClaimRate
[INFO] | 2024-11-10 07:37:32 AM | analyzer.0x4470887011bbf1e196b62020266aa5ae1081bd70 | Generating return summary for SetRedeemRate
[INFO] | 2024-11-10 07:37:32 AM | analyzer.0x4470887011bbf1e196b62020266aa5ae1081bd70 | Return summary generated for SetRedeemRate
[INFO] | 2024-11-10 07:37:32 AM | analyzer.0x4470887011bbf1e196b62020266aa5ae1081bd70 | Range graph generated
[INFO] | 2024-11-10 07:37:32 AM | analyzer.0x4470887011bbf1e196b62020266aa5ae1081bd70 | Processed function SetRedeemRate
[INFO] | 2024-11-10 07:37:32 AM | analyzer.0x4470887011bbf1e196b62020266aa5ae1081bd70 | Generating return summary for fallback
[INFO] | 2024-11-10 07:37:32 AM | analyzer.0x4470887011bbf1e196b62020266aa5ae1081bd70 | Return summary generated for fallback
[INFO] | 2024-11-10 07:37:32 AM | analyzer.0x4470887011bbf1e196b62020266aa5ae1081bd70 | Range graph generated
[INFO] | 2024-11-10 07:37:32 AM | analyzer.0x4470887011bbf1e196b62020266aa5ae1081bd70 | Processed function fallback
[INFO] | 2024-11-10 07:37:32 AM | analyzer.0x4470887011bbf1e196b62020266aa5ae1081bd70 | Generating return summary for setPause
[INFO] | 2024-11-10 07:37:32 AM | analyzer.0x4470887011bbf1e196b62020266aa5ae1081bd70 | Return summary generated for setPause
[INFO] | 2024-11-10 07:37:32 AM | analyzer.0x4470887011bbf1e196b62020266aa5ae1081bd70 | Range graph generated
[INFO] | 2024-11-10 07:37:32 AM | analyzer.0x4470887011bbf1e196b62020266aa5ae1081bd70 | Processed function setPause
[INFO] | 2024-11-10 07:37:32 AM | analyzer.0x4470887011bbf1e196b62020266aa5ae1081bd70 | Generating return summary for setCharge
[INFO] | 2024-11-10 07:37:32 AM | analyzer.0x4470887011bbf1e196b62020266aa5ae1081bd70 | Return summary generated for setCharge
[INFO] | 2024-11-10 07:37:32 AM | analyzer.0x4470887011bbf1e196b62020266aa5ae1081bd70 | Range graph generated
[INFO] | 2024-11-10 07:37:32 AM | analyzer.0x4470887011bbf1e196b62020266aa5ae1081bd70 | Processed function setCharge
[INFO] | 2024-11-10 07:37:32 AM | analyzer.0x4470887011bbf1e196b62020266aa5ae1081bd70 | Generating return summary for SetClaimRate
[INFO] | 2024-11-10 07:37:32 AM | analyzer.0x4470887011bbf1e196b62020266aa5ae1081bd70 | Return summary generated for SetClaimRate
[INFO] | 2024-11-10 07:37:32 AM | analyzer.0x4470887011bbf1e196b62020266aa5ae1081bd70 | Range graph generated
[INFO] | 2024-11-10 07:37:32 AM | analyzer.0x4470887011bbf1e196b62020266aa5ae1081bd70 | Processed function SetClaimRate
[INFO] | 2024-11-10 07:37:32 AM | analyzer.0x4470887011bbf1e196b62020266aa5ae1081bd70 | Generating return summary for SetRedeemRate
[INFO] | 2024-11-10 07:37:32 AM | analyzer.0x4470887011bbf1e196b62020266aa5ae1081bd70 | Return summary generated for SetRedeemRate
[INFO] | 2024-11-10 07:37:32 AM | analyzer.0x4470887011bbf1e196b62020266aa5ae1081bd70 | Range graph generated
[INFO] | 2024-11-10 07:37:32 AM | analyzer.0x4470887011bbf1e196b62020266aa5ae1081bd70 | Processed function SetRedeemRate
[INFO] | 2024-11-10 07:37:32 AM | analyzer.0x4470887011bbf1e196b62020266aa5ae1081bd70 | Generating return summary for fallback
[INFO] | 2024-11-10 07:37:32 AM | analyzer.0x4470887011bbf1e196b62020266aa5ae1081bd70 | Return summary generated for fallback
[INFO] | 2024-11-10 07:37:32 AM | analyzer.0x4470887011bbf1e196b62020266aa5ae1081bd70 | Range graph generated
[INFO] | 2024-11-10 07:37:32 AM | analyzer.0x4470887011bbf1e196b62020266aa5ae1081bd70 | Processed function fallback
[INFO] | 2024-11-10 07:37:32 AM | analyzer.0x4470887011bbf1e196b62020266aa5ae1081bd70 | Generating return summary for ClaimMTU
[INFO] | 2024-11-10 07:37:32 AM | analyzer.0x4470887011bbf1e196b62020266aa5ae1081bd70 | Return summary generated for ClaimMTU
[INFO] | 2024-11-10 07:37:32 AM | analyzer.0x4470887011bbf1e196b62020266aa5ae1081bd70 | Range graph generated
[INFO] | 2024-11-10 07:37:32 AM | analyzer.0x4470887011bbf1e196b62020266aa5ae1081bd70 | Processed function ClaimMTU
[INFO] | 2024-11-10 07:37:32 AM | analyzer.0x4470887011bbf1e196b62020266aa5ae1081bd70 | Generating return summary for ClaimMTU
[INFO] | 2024-11-10 07:37:32 AM | analyzer.0x4470887011bbf1e196b62020266aa5ae1081bd70 | Return summary generated for ClaimMTU
[INFO] | 2024-11-10 07:37:32 AM | analyzer.0x4470887011bbf1e196b62020266aa5ae1081bd70 | Range graph generated
[INFO] | 2024-11-10 07:37:32 AM | analyzer.0x4470887011bbf1e196b62020266aa5ae1081bd70 | Processed function ClaimMTU
[INFO] | 2024-11-10 07:37:32 AM | analyzer.0x4470887011bbf1e196b62020266aa5ae1081bd70 | Generating return summary for DepositMTU
[INFO] | 2024-11-10 07:37:32 AM | analyzer.0x4470887011bbf1e196b62020266aa5ae1081bd70 | Return summary generated for DepositMTU
[INFO] | 2024-11-10 07:37:32 AM | analyzer.0x4470887011bbf1e196b62020266aa5ae1081bd70 | Range graph generated
[INFO] | 2024-11-10 07:37:32 AM | analyzer.0x4470887011bbf1e196b62020266aa5ae1081bd70 | Processed function DepositMTU
[INFO] | 2024-11-10 07:37:32 AM | analyzer.0x4470887011bbf1e196b62020266aa5ae1081bd70 | Generating return summary for RedeemMTU
[INFO] | 2024-11-10 07:37:32 AM | analyzer.0x4470887011bbf1e196b62020266aa5ae1081bd70 | Return summary generated for RedeemMTU
[INFO] | 2024-11-10 07:37:32 AM | analyzer.0x4470887011bbf1e196b62020266aa5ae1081bd70 | Range graph generated
[INFO] | 2024-11-10 07:37:32 AM | analyzer.0x4470887011bbf1e196b62020266aa5ae1081bd70 | Processed function RedeemMTU
[INFO] | 2024-11-10 07:37:32 AM | analyzer.0x4470887011bbf1e196b62020266aa5ae1081bd70 | Generating return summary for ClaimMTU
[INFO] | 2024-11-10 07:37:32 AM | analyzer.0x4470887011bbf1e196b62020266aa5ae1081bd70 | Return summary generated for ClaimMTU
[INFO] | 2024-11-10 07:37:32 AM | analyzer.0x4470887011bbf1e196b62020266aa5ae1081bd70 | Range graph generated
[INFO] | 2024-11-10 07:37:32 AM | analyzer.0x4470887011bbf1e196b62020266aa5ae1081bd70 | Processed function ClaimMTU
[INFO] | 2024-11-10 07:37:32 AM | analyzer.0x4470887011bbf1e196b62020266aa5ae1081bd70 | Generating return summary for DepositMTU
[INFO] | 2024-11-10 07:37:32 AM | analyzer.0x4470887011bbf1e196b62020266aa5ae1081bd70 | Return summary generated for DepositMTU
[INFO] | 2024-11-10 07:37:32 AM | analyzer.0x4470887011bbf1e196b62020266aa5ae1081bd70 | Range graph generated
[INFO] | 2024-11-10 07:37:32 AM | analyzer.0x4470887011bbf1e196b62020266aa5ae1081bd70 | Processed function DepositMTU
[INFO] | 2024-11-10 07:37:32 AM | analyzer.0x4470887011bbf1e196b62020266aa5ae1081bd70 | Generating return summary for RedeemMTU
[INFO] | 2024-11-10 07:37:32 AM | analyzer.0x4470887011bbf1e196b62020266aa5ae1081bd70 | Return summary generated for RedeemMTU
[INFO] | 2024-11-10 07:37:32 AM | analyzer.0x4470887011bbf1e196b62020266aa5ae1081bd70 | Range graph generated
[INFO] | 2024-11-10 07:37:32 AM | analyzer.0x4470887011bbf1e196b62020266aa5ae1081bd70 | Processed function RedeemMTU
[INFO] | 2024-11-10 07:37:32 AM | analyzer.0x4470887011bbf1e196b62020266aa5ae1081bd70 | Generating return summary for SendEtherToBoard
[INFO] | 2024-11-10 07:37:32 AM | analyzer.0x4470887011bbf1e196b62020266aa5ae1081bd70 | Return summary generated for SendEtherToBoard
[INFO] | 2024-11-10 07:37:32 AM | analyzer.0x4470887011bbf1e196b62020266aa5ae1081bd70 | State variable assignement do not exist
[INFO] | 2024-11-10 07:37:32 AM | analyzer.0x4470887011bbf1e196b62020266aa5ae1081bd70 | Processed function SendEtherToBoard
[INFO] | 2024-11-10 07:37:32 AM | analyzer.0x4470887011bbf1e196b62020266aa5ae1081bd70 | Generating return summary for SendEtherToAsset
[INFO] | 2024-11-10 07:37:32 AM | analyzer.0x4470887011bbf1e196b62020266aa5ae1081bd70 | Return summary generated for SendEtherToAsset
[INFO] | 2024-11-10 07:37:32 AM | analyzer.0x4470887011bbf1e196b62020266aa5ae1081bd70 | State variable assignement do not exist
[INFO] | 2024-11-10 07:37:32 AM | analyzer.0x4470887011bbf1e196b62020266aa5ae1081bd70 | Processed function SendEtherToAsset
[INFO] | 2024-11-10 07:37:32 AM | analyzer.0x4470887011bbf1e196b62020266aa5ae1081bd70 | Generating return summary for SendEtherToDex
[INFO] | 2024-11-10 07:37:32 AM | analyzer.0x4470887011bbf1e196b62020266aa5ae1081bd70 | Return summary generated for SendEtherToDex
[INFO] | 2024-11-10 07:37:32 AM | analyzer.0x4470887011bbf1e196b62020266aa5ae1081bd70 | State variable assignement do not exist
[INFO] | 2024-11-10 07:37:32 AM | analyzer.0x4470887011bbf1e196b62020266aa5ae1081bd70 | Processed function SendEtherToDex
[INFO] | 2024-11-10 07:37:32 AM | analyzer.0x4470887011bbf1e196b62020266aa5ae1081bd70 | Generating return summary for SendERC20ToAsset
[INFO] | 2024-11-10 07:37:32 AM | analyzer.0x4470887011bbf1e196b62020266aa5ae1081bd70 | Return summary generated for SendERC20ToAsset
[INFO] | 2024-11-10 07:37:32 AM | analyzer.0x4470887011bbf1e196b62020266aa5ae1081bd70 | State variable assignement do not exist
[INFO] | 2024-11-10 07:37:32 AM | analyzer.0x4470887011bbf1e196b62020266aa5ae1081bd70 | Processed function SendERC20ToAsset
[INFO] | 2024-11-10 07:37:32 AM | analyzer.0x4470887011bbf1e196b62020266aa5ae1081bd70 | Value Range Analysis took 0.027578 seconds
[INFO] | 2024-11-10 07:37:32 AM | analyzer.0x4470887011bbf1e196b62020266aa5ae1081bd70 | Value Range Analysis finished
[INFO] | 2024-11-10 07:37:32 AM | analyzer.0x4470887011bbf1e196b62020266aa5ae1081bd70 | Storage dependency graph compostion started!
[INFO] | 2024-11-10 07:37:32 AM | analyzer.0x4470887011bbf1e196b62020266aa5ae1081bd70 | Storage dependency graph compostion finished!
[INFO] | 2024-11-10 07:37:32 AM | analyzer.0x4470887011bbf1e196b62020266aa5ae1081bd70 | Dependency detection started!
[INFO] | 2024-11-10 07:37:32 AM | analyzer.0x4470887011bbf1e196b62020266aa5ae1081bd70 | Dependency detection finished!
[INFO] | 2024-11-10 07:37:32 AM | analyzer.0x4470887011bbf1e196b62020266aa5ae1081bd70 | Static Analysis took 2.796096 seconds
[INFO] | 2024-11-10 07:37:32 AM | analyzer.0x4470887011bbf1e196b62020266aa5ae1081bd70 | Dependency does not exist
[INFO] | 2024-11-10 07:37:32 AM | analyzer.0x4470887011bbf1e196b62020266aa5ae1081bd70 | Symbolic execution is not needed!
[INFO] | 2024-11-10 07:37:32 AM | analyzer.0x4470887011bbf1e196b62020266aa5ae1081bd70 | Analysis finished!
[INFO] | 2024-11-10 07:37:32 AM | analyzer.0x4470887011bbf1e196b62020266aa5ae1081bd70 | Analysis took 2.796504 seconds
[INFO] | 2024-11-10 07:37:32 AM | analyzer.0x4470887011bbf1e196b62020266aa5ae1081bd70 | Analysis finished at: 2024-11-10 07:37:32 AM
