[INFO] | 2024-11-10 07:37:55 AM | analyzer.0x10819fae72282b9a594e34c647a7bc446ef4ad2e | Analysis started at: 2024-11-10 07:37:55 AM
[INFO] | 2024-11-10 07:37:58 AM | analyzer.0x10819fae72282b9a594e34c647a7bc446ef4ad2e | Version constraints: ['0.4.26']
[INFO] | 2024-11-10 07:37:58 AM | analyzer.0x10819fae72282b9a594e34c647a7bc446ef4ad2e | solc version: v0.4.26
[INFO] | 2024-11-10 07:38:00 AM | analyzer.0x10819fae72282b9a594e34c647a7bc446ef4ad2e | Callgraph generation started!
[INFO] | 2024-11-10 07:38:00 AM | analyzer.0x10819fae72282b9a594e34c647a7bc446ef4ad2e | Callgraph generation finished!
[INFO] | 2024-11-10 07:38:00 AM | analyzer.0x10819fae72282b9a594e34c647a7bc446ef4ad2e | Interprocedural CFG generation started!
[INFO] | 2024-11-10 07:38:00 AM | analyzer.0x10819fae72282b9a594e34c647a7bc446ef4ad2e | Interprocedural CFG generation finished!
[INFO] | 2024-11-10 07:38:00 AM | analyzer.0x10819fae72282b9a594e34c647a7bc446ef4ad2e | Storage dependency graph generation started!
[INFO] | 2024-11-10 07:38:00 AM | analyzer.0x10819fae72282b9a594e34c647a7bc446ef4ad2e | Storage dependency graph generation finished!
[INFO] | 2024-11-10 07:38:00 AM | analyzer.0x10819fae72282b9a594e34c647a7bc446ef4ad2e | Value Range Analysis started
[INFO] | 2024-11-10 07:38:00 AM | analyzer.0x10819fae72282b9a594e34c647a7bc446ef4ad2e | Generating return summary for slitherConstructorConstantVariables
[INFO] | 2024-11-10 07:38:00 AM | analyzer.0x10819fae72282b9a594e34c647a7bc446ef4ad2e | Return summary generated for slitherConstructorConstantVariables
[INFO] | 2024-11-10 07:38:00 AM | analyzer.0x10819fae72282b9a594e34c647a7bc446ef4ad2e | Range graph generated
[INFO] | 2024-11-10 07:38:00 AM | analyzer.0x10819fae72282b9a594e34c647a7bc446ef4ad2e | Processed function slitherConstructorConstantVariables
[INFO] | 2024-11-10 07:38:00 AM | analyzer.0x10819fae72282b9a594e34c647a7bc446ef4ad2e | Generating return summary for min
[INFO] | 2024-11-10 07:38:00 AM | analyzer.0x10819fae72282b9a594e34c647a7bc446ef4ad2e | Return summary generated for min
[INFO] | 2024-11-10 07:38:00 AM | analyzer.0x10819fae72282b9a594e34c647a7bc446ef4ad2e | State variable assignement do not exist
[INFO] | 2024-11-10 07:38:00 AM | analyzer.0x10819fae72282b9a594e34c647a7bc446ef4ad2e | Processed function min
[INFO] | 2024-11-10 07:38:00 AM | analyzer.0x10819fae72282b9a594e34c647a7bc446ef4ad2e | Generating return summary for requireNotZero
[INFO] | 2024-11-10 07:38:00 AM | analyzer.0x10819fae72282b9a594e34c647a7bc446ef4ad2e | Return summary generated for requireNotZero
[INFO] | 2024-11-10 07:38:00 AM | analyzer.0x10819fae72282b9a594e34c647a7bc446ef4ad2e | State variable assignement do not exist
[INFO] | 2024-11-10 07:38:00 AM | analyzer.0x10819fae72282b9a594e34c647a7bc446ef4ad2e | Processed function requireNotZero
[INFO] | 2024-11-10 07:38:00 AM | analyzer.0x10819fae72282b9a594e34c647a7bc446ef4ad2e | Generating return summary for requireNotZero
[INFO] | 2024-11-10 07:38:00 AM | analyzer.0x10819fae72282b9a594e34c647a7bc446ef4ad2e | Return summary generated for requireNotZero
[INFO] | 2024-11-10 07:38:00 AM | analyzer.0x10819fae72282b9a594e34c647a7bc446ef4ad2e | State variable assignement do not exist
[INFO] | 2024-11-10 07:38:00 AM | analyzer.0x10819fae72282b9a594e34c647a7bc446ef4ad2e | Processed function requireNotZero
[INFO] | 2024-11-10 07:38:00 AM | analyzer.0x10819fae72282b9a594e34c647a7bc446ef4ad2e | Generating return summary for notZero
[INFO] | 2024-11-10 07:38:00 AM | analyzer.0x10819fae72282b9a594e34c647a7bc446ef4ad2e | Return summary generated for notZero
[INFO] | 2024-11-10 07:38:00 AM | analyzer.0x10819fae72282b9a594e34c647a7bc446ef4ad2e | State variable assignement do not exist
[INFO] | 2024-11-10 07:38:00 AM | analyzer.0x10819fae72282b9a594e34c647a7bc446ef4ad2e | Processed function notZero
[INFO] | 2024-11-10 07:38:00 AM | analyzer.0x10819fae72282b9a594e34c647a7bc446ef4ad2e | Generating return summary for isZero
[INFO] | 2024-11-10 07:38:00 AM | analyzer.0x10819fae72282b9a594e34c647a7bc446ef4ad2e | Return summary generated for isZero
[INFO] | 2024-11-10 07:38:00 AM | analyzer.0x10819fae72282b9a594e34c647a7bc446ef4ad2e | State variable assignement do not exist
[INFO] | 2024-11-10 07:38:00 AM | analyzer.0x10819fae72282b9a594e34c647a7bc446ef4ad2e | Processed function isZero
[INFO] | 2024-11-10 07:38:00 AM | analyzer.0x10819fae72282b9a594e34c647a7bc446ef4ad2e | Generating return summary for isZero
[INFO] | 2024-11-10 07:38:00 AM | analyzer.0x10819fae72282b9a594e34c647a7bc446ef4ad2e | Return summary generated for isZero
[INFO] | 2024-11-10 07:38:00 AM | analyzer.0x10819fae72282b9a594e34c647a7bc446ef4ad2e | State variable assignement do not exist
[INFO] | 2024-11-10 07:38:00 AM | analyzer.0x10819fae72282b9a594e34c647a7bc446ef4ad2e | Processed function isZero
[INFO] | 2024-11-10 07:38:00 AM | analyzer.0x10819fae72282b9a594e34c647a7bc446ef4ad2e | Generating return summary for notZero
[INFO] | 2024-11-10 07:38:00 AM | analyzer.0x10819fae72282b9a594e34c647a7bc446ef4ad2e | Return summary generated for notZero
[INFO] | 2024-11-10 07:38:00 AM | analyzer.0x10819fae72282b9a594e34c647a7bc446ef4ad2e | State variable assignement do not exist
[INFO] | 2024-11-10 07:38:00 AM | analyzer.0x10819fae72282b9a594e34c647a7bc446ef4ad2e | Processed function notZero
[INFO] | 2024-11-10 07:38:00 AM | analyzer.0x10819fae72282b9a594e34c647a7bc446ef4ad2e | Generating return summary for mul
[INFO] | 2024-11-10 07:38:00 AM | analyzer.0x10819fae72282b9a594e34c647a7bc446ef4ad2e | Return summary generated for mul
[INFO] | 2024-11-10 07:38:00 AM | analyzer.0x10819fae72282b9a594e34c647a7bc446ef4ad2e | State variable assignement do not exist
[INFO] | 2024-11-10 07:38:00 AM | analyzer.0x10819fae72282b9a594e34c647a7bc446ef4ad2e | Processed function mul
[INFO] | 2024-11-10 07:38:00 AM | analyzer.0x10819fae72282b9a594e34c647a7bc446ef4ad2e | Generating return summary for div
[INFO] | 2024-11-10 07:38:00 AM | analyzer.0x10819fae72282b9a594e34c647a7bc446ef4ad2e | Return summary generated for div
[INFO] | 2024-11-10 07:38:00 AM | analyzer.0x10819fae72282b9a594e34c647a7bc446ef4ad2e | State variable assignement do not exist
[INFO] | 2024-11-10 07:38:00 AM | analyzer.0x10819fae72282b9a594e34c647a7bc446ef4ad2e | Processed function div
[INFO] | 2024-11-10 07:38:00 AM | analyzer.0x10819fae72282b9a594e34c647a7bc446ef4ad2e | Generating return summary for toMemory
[INFO] | 2024-11-10 07:38:00 AM | analyzer.0x10819fae72282b9a594e34c647a7bc446ef4ad2e | Return summary generated for toMemory
[INFO] | 2024-11-10 07:38:00 AM | analyzer.0x10819fae72282b9a594e34c647a7bc446ef4ad2e | State variable assignement do not exist
[INFO] | 2024-11-10 07:38:00 AM | analyzer.0x10819fae72282b9a594e34c647a7bc446ef4ad2e | Processed function toMemory
[INFO] | 2024-11-10 07:38:00 AM | analyzer.0x10819fae72282b9a594e34c647a7bc446ef4ad2e | Generating return summary for mmul
[INFO] | 2024-11-10 07:38:00 AM | analyzer.0x10819fae72282b9a594e34c647a7bc446ef4ad2e | Return summary generated for mmul
[INFO] | 2024-11-10 07:38:00 AM | analyzer.0x10819fae72282b9a594e34c647a7bc446ef4ad2e | State variable assignement do not exist
[INFO] | 2024-11-10 07:38:00 AM | analyzer.0x10819fae72282b9a594e34c647a7bc446ef4ad2e | Processed function mmul
[INFO] | 2024-11-10 07:38:00 AM | analyzer.0x10819fae72282b9a594e34c647a7bc446ef4ad2e | Generating return summary for mdiv
[INFO] | 2024-11-10 07:38:00 AM | analyzer.0x10819fae72282b9a594e34c647a7bc446ef4ad2e | Return summary generated for mdiv
[INFO] | 2024-11-10 07:38:00 AM | analyzer.0x10819fae72282b9a594e34c647a7bc446ef4ad2e | State variable assignement do not exist
[INFO] | 2024-11-10 07:38:00 AM | analyzer.0x10819fae72282b9a594e34c647a7bc446ef4ad2e | Processed function mdiv
[INFO] | 2024-11-10 07:38:00 AM | analyzer.0x10819fae72282b9a594e34c647a7bc446ef4ad2e | Generating return summary for toAddress
[INFO] | 2024-11-10 07:38:00 AM | analyzer.0x10819fae72282b9a594e34c647a7bc446ef4ad2e | We should not consider this kind of return values!
[INFO] | 2024-11-10 07:38:00 AM | analyzer.0x10819fae72282b9a594e34c647a7bc446ef4ad2e | Return summary generated for toAddress
[INFO] | 2024-11-10 07:38:00 AM | analyzer.0x10819fae72282b9a594e34c647a7bc446ef4ad2e | State variable assignement do not exist
[INFO] | 2024-11-10 07:38:00 AM | analyzer.0x10819fae72282b9a594e34c647a7bc446ef4ad2e | Processed function toAddress
[INFO] | 2024-11-10 07:38:00 AM | analyzer.0x10819fae72282b9a594e34c647a7bc446ef4ad2e | Generating return summary for isNotContract
[WARNING] | 2024-11-10 07:38:00 AM | analyzer.0x10819fae72282b9a594e34c647a7bc446ef4ad2e | Can there be this kind of variables
[INFO] | 2024-11-10 07:38:00 AM | analyzer.0x10819fae72282b9a594e34c647a7bc446ef4ad2e | Return summary generated for isNotContract
[INFO] | 2024-11-10 07:38:00 AM | analyzer.0x10819fae72282b9a594e34c647a7bc446ef4ad2e | State variable assignement do not exist
[INFO] | 2024-11-10 07:38:00 AM | analyzer.0x10819fae72282b9a594e34c647a7bc446ef4ad2e | Processed function isNotContract
[INFO] | 2024-11-10 07:38:00 AM | analyzer.0x10819fae72282b9a594e34c647a7bc446ef4ad2e | Generating return summary for mul
[INFO] | 2024-11-10 07:38:00 AM | analyzer.0x10819fae72282b9a594e34c647a7bc446ef4ad2e | Return summary generated for mul
[INFO] | 2024-11-10 07:38:00 AM | analyzer.0x10819fae72282b9a594e34c647a7bc446ef4ad2e | State variable assignement do not exist
[INFO] | 2024-11-10 07:38:00 AM | analyzer.0x10819fae72282b9a594e34c647a7bc446ef4ad2e | Processed function mul
[INFO] | 2024-11-10 07:38:00 AM | analyzer.0x10819fae72282b9a594e34c647a7bc446ef4ad2e | Generating return summary for div
[INFO] | 2024-11-10 07:38:00 AM | analyzer.0x10819fae72282b9a594e34c647a7bc446ef4ad2e | Return summary generated for div
[INFO] | 2024-11-10 07:38:00 AM | analyzer.0x10819fae72282b9a594e34c647a7bc446ef4ad2e | State variable assignement do not exist
[INFO] | 2024-11-10 07:38:00 AM | analyzer.0x10819fae72282b9a594e34c647a7bc446ef4ad2e | Processed function div
[INFO] | 2024-11-10 07:38:00 AM | analyzer.0x10819fae72282b9a594e34c647a7bc446ef4ad2e | Generating return summary for sub
[INFO] | 2024-11-10 07:38:00 AM | analyzer.0x10819fae72282b9a594e34c647a7bc446ef4ad2e | Return summary generated for sub
[INFO] | 2024-11-10 07:38:00 AM | analyzer.0x10819fae72282b9a594e34c647a7bc446ef4ad2e | State variable assignement do not exist
[INFO] | 2024-11-10 07:38:00 AM | analyzer.0x10819fae72282b9a594e34c647a7bc446ef4ad2e | Processed function sub
[INFO] | 2024-11-10 07:38:00 AM | analyzer.0x10819fae72282b9a594e34c647a7bc446ef4ad2e | Generating return summary for add
[INFO] | 2024-11-10 07:38:00 AM | analyzer.0x10819fae72282b9a594e34c647a7bc446ef4ad2e | Return summary generated for add
[INFO] | 2024-11-10 07:38:00 AM | analyzer.0x10819fae72282b9a594e34c647a7bc446ef4ad2e | State variable assignement do not exist
[INFO] | 2024-11-10 07:38:00 AM | analyzer.0x10819fae72282b9a594e34c647a7bc446ef4ad2e | Processed function add
[INFO] | 2024-11-10 07:38:00 AM | analyzer.0x10819fae72282b9a594e34c647a7bc446ef4ad2e | Generating return summary for mod
[INFO] | 2024-11-10 07:38:00 AM | analyzer.0x10819fae72282b9a594e34c647a7bc446ef4ad2e | Return summary generated for mod
[INFO] | 2024-11-10 07:38:00 AM | analyzer.0x10819fae72282b9a594e34c647a7bc446ef4ad2e | State variable assignement do not exist
[INFO] | 2024-11-10 07:38:00 AM | analyzer.0x10819fae72282b9a594e34c647a7bc446ef4ad2e | Processed function mod
[INFO] | 2024-11-10 07:38:00 AM | analyzer.0x10819fae72282b9a594e34c647a7bc446ef4ad2e | Generating return summary for constructor
[INFO] | 2024-11-10 07:38:00 AM | analyzer.0x10819fae72282b9a594e34c647a7bc446ef4ad2e | Return summary generated for constructor
[INFO] | 2024-11-10 07:38:00 AM | analyzer.0x10819fae72282b9a594e34c647a7bc446ef4ad2e | Range graph generated
[INFO] | 2024-11-10 07:38:00 AM | analyzer.0x10819fae72282b9a594e34c647a7bc446ef4ad2e | Processed function constructor
[INFO] | 2024-11-10 07:38:00 AM | analyzer.0x10819fae72282b9a594e34c647a7bc446ef4ad2e | Generating return summary for disown
[INFO] | 2024-11-10 07:38:00 AM | analyzer.0x10819fae72282b9a594e34c647a7bc446ef4ad2e | Return summary generated for disown
[INFO] | 2024-11-10 07:38:00 AM | analyzer.0x10819fae72282b9a594e34c647a7bc446ef4ad2e | State variable assignement do not exist
[INFO] | 2024-11-10 07:38:00 AM | analyzer.0x10819fae72282b9a594e34c647a7bc446ef4ad2e | Processed function disown
[INFO] | 2024-11-10 07:38:00 AM | analyzer.0x10819fae72282b9a594e34c647a7bc446ef4ad2e | Generating return summary for onlyOwner
[INFO] | 2024-11-10 07:38:00 AM | analyzer.0x10819fae72282b9a594e34c647a7bc446ef4ad2e | Return summary generated for onlyOwner
[INFO] | 2024-11-10 07:38:00 AM | analyzer.0x10819fae72282b9a594e34c647a7bc446ef4ad2e | State variable assignement do not exist
[INFO] | 2024-11-10 07:38:00 AM | analyzer.0x10819fae72282b9a594e34c647a7bc446ef4ad2e | Processed function onlyOwner
[INFO] | 2024-11-10 07:38:00 AM | analyzer.0x10819fae72282b9a594e34c647a7bc446ef4ad2e | Generating return summary for investorShortInfo
[INFO] | 2024-11-10 07:38:00 AM | analyzer.0x10819fae72282b9a594e34c647a7bc446ef4ad2e | Return summary generated for investorShortInfo
[INFO] | 2024-11-10 07:38:00 AM | analyzer.0x10819fae72282b9a594e34c647a7bc446ef4ad2e | State variable assignement do not exist
[INFO] | 2024-11-10 07:38:00 AM | analyzer.0x10819fae72282b9a594e34c647a7bc446ef4ad2e | Processed function investorShortInfo
[INFO] | 2024-11-10 07:38:00 AM | analyzer.0x10819fae72282b9a594e34c647a7bc446ef4ad2e | Generating return summary for investorInfo
[INFO] | 2024-11-10 07:38:00 AM | analyzer.0x10819fae72282b9a594e34c647a7bc446ef4ad2e | Return summary generated for investorInfo
[INFO] | 2024-11-10 07:38:00 AM | analyzer.0x10819fae72282b9a594e34c647a7bc446ef4ad2e | State variable assignement do not exist
[INFO] | 2024-11-10 07:38:00 AM | analyzer.0x10819fae72282b9a594e34c647a7bc446ef4ad2e | Processed function investorInfo
[INFO] | 2024-11-10 07:38:00 AM | analyzer.0x10819fae72282b9a594e34c647a7bc446ef4ad2e | Generating return summary for isActive
[INFO] | 2024-11-10 07:38:00 AM | analyzer.0x10819fae72282b9a594e34c647a7bc446ef4ad2e | Return summary generated for isActive
[INFO] | 2024-11-10 07:38:00 AM | analyzer.0x10819fae72282b9a594e34c647a7bc446ef4ad2e | State variable assignement do not exist
[INFO] | 2024-11-10 07:38:00 AM | analyzer.0x10819fae72282b9a594e34c647a7bc446ef4ad2e | Processed function isActive
[INFO] | 2024-11-10 07:38:00 AM | analyzer.0x10819fae72282b9a594e34c647a7bc446ef4ad2e | Generating return summary for provideAccessFor
[INFO] | 2024-11-10 07:38:00 AM | analyzer.0x10819fae72282b9a594e34c647a7bc446ef4ad2e | Return summary generated for provideAccessFor
[INFO] | 2024-11-10 07:38:00 AM | analyzer.0x10819fae72282b9a594e34c647a7bc446ef4ad2e | State variable assignement do not exist
[INFO] | 2024-11-10 07:38:00 AM | analyzer.0x10819fae72282b9a594e34c647a7bc446ef4ad2e | Processed function provideAccessFor
[INFO] | 2024-11-10 07:38:00 AM | analyzer.0x10819fae72282b9a594e34c647a7bc446ef4ad2e | Generating return summary for constructor
[INFO] | 2024-11-10 07:38:00 AM | analyzer.0x10819fae72282b9a594e34c647a7bc446ef4ad2e | Return summary generated for constructor
[INFO] | 2024-11-10 07:38:00 AM | analyzer.0x10819fae72282b9a594e34c647a7bc446ef4ad2e | Range graph generated
[INFO] | 2024-11-10 07:38:00 AM | analyzer.0x10819fae72282b9a594e34c647a7bc446ef4ad2e | Processed function constructor
[INFO] | 2024-11-10 07:38:00 AM | analyzer.0x10819fae72282b9a594e34c647a7bc446ef4ad2e | Generating return summary for disown
[INFO] | 2024-11-10 07:38:00 AM | analyzer.0x10819fae72282b9a594e34c647a7bc446ef4ad2e | Return summary generated for disown
[INFO] | 2024-11-10 07:38:00 AM | analyzer.0x10819fae72282b9a594e34c647a7bc446ef4ad2e | State variable assignement do not exist
[INFO] | 2024-11-10 07:38:00 AM | analyzer.0x10819fae72282b9a594e34c647a7bc446ef4ad2e | Processed function disown
[INFO] | 2024-11-10 07:38:00 AM | analyzer.0x10819fae72282b9a594e34c647a7bc446ef4ad2e | Generating return summary for isInvestor
[INFO] | 2024-11-10 07:38:00 AM | analyzer.0x10819fae72282b9a594e34c647a7bc446ef4ad2e | Return summary generated for isInvestor
[INFO] | 2024-11-10 07:38:00 AM | analyzer.0x10819fae72282b9a594e34c647a7bc446ef4ad2e | State variable assignement do not exist
[INFO] | 2024-11-10 07:38:00 AM | analyzer.0x10819fae72282b9a594e34c647a7bc446ef4ad2e | Processed function isInvestor
[INFO] | 2024-11-10 07:38:00 AM | analyzer.0x10819fae72282b9a594e34c647a7bc446ef4ad2e | Generating return summary for investorInfo
[WARNING] | 2024-11-10 07:38:00 AM | analyzer.0x10819fae72282b9a594e34c647a7bc446ef4ad2e | No lvalue eligible assignment, is this some bug!
[INFO] | 2024-11-10 07:38:00 AM | analyzer.0x10819fae72282b9a594e34c647a7bc446ef4ad2e | Return summary generated for investorInfo
[INFO] | 2024-11-10 07:38:00 AM | analyzer.0x10819fae72282b9a594e34c647a7bc446ef4ad2e | State variable assignement do not exist
[INFO] | 2024-11-10 07:38:00 AM | analyzer.0x10819fae72282b9a594e34c647a7bc446ef4ad2e | Processed function investorInfo
[INFO] | 2024-11-10 07:38:00 AM | analyzer.0x10819fae72282b9a594e34c647a7bc446ef4ad2e | Generating return summary for onlyOwner
[INFO] | 2024-11-10 07:38:00 AM | analyzer.0x10819fae72282b9a594e34c647a7bc446ef4ad2e | Return summary generated for onlyOwner
[INFO] | 2024-11-10 07:38:00 AM | analyzer.0x10819fae72282b9a594e34c647a7bc446ef4ad2e | State variable assignement do not exist
[INFO] | 2024-11-10 07:38:00 AM | analyzer.0x10819fae72282b9a594e34c647a7bc446ef4ad2e | Processed function onlyOwner
[INFO] | 2024-11-10 07:38:00 AM | analyzer.0x10819fae72282b9a594e34c647a7bc446ef4ad2e | Generating return summary for startAt
[INFO] | 2024-11-10 07:38:00 AM | analyzer.0x10819fae72282b9a594e34c647a7bc446ef4ad2e | Return summary generated for startAt
[INFO] | 2024-11-10 07:38:00 AM | analyzer.0x10819fae72282b9a594e34c647a7bc446ef4ad2e | State variable assignement do not exist
[INFO] | 2024-11-10 07:38:00 AM | analyzer.0x10819fae72282b9a594e34c647a7bc446ef4ad2e | Processed function startAt
[INFO] | 2024-11-10 07:38:00 AM | analyzer.0x10819fae72282b9a594e34c647a7bc446ef4ad2e | Generating return summary for currDay
[WARNING] | 2024-11-10 07:38:00 AM | analyzer.0x10819fae72282b9a594e34c647a7bc446ef4ad2e | No lvalue eligible assignment, is this some bug!
[WARNING] | 2024-11-10 07:38:00 AM | analyzer.0x10819fae72282b9a594e34c647a7bc446ef4ad2e | No lvalue eligible assignment, is this some bug!
[INFO] | 2024-11-10 07:38:00 AM | analyzer.0x10819fae72282b9a594e34c647a7bc446ef4ad2e | Return summary generated for currDay
[INFO] | 2024-11-10 07:38:00 AM | analyzer.0x10819fae72282b9a594e34c647a7bc446ef4ad2e | State variable assignement do not exist
[INFO] | 2024-11-10 07:38:00 AM | analyzer.0x10819fae72282b9a594e34c647a7bc446ef4ad2e | Processed function currDay
[INFO] | 2024-11-10 07:38:00 AM | analyzer.0x10819fae72282b9a594e34c647a7bc446ef4ad2e | Generating return summary for constructor
[INFO] | 2024-11-10 07:38:00 AM | analyzer.0x10819fae72282b9a594e34c647a7bc446ef4ad2e | Return summary generated for constructor
[INFO] | 2024-11-10 07:38:00 AM | analyzer.0x10819fae72282b9a594e34c647a7bc446ef4ad2e | Range graph generated
[INFO] | 2024-11-10 07:38:00 AM | analyzer.0x10819fae72282b9a594e34c647a7bc446ef4ad2e | Processed function constructor
[INFO] | 2024-11-10 07:38:00 AM | analyzer.0x10819fae72282b9a594e34c647a7bc446ef4ad2e | Generating return summary for disown
[INFO] | 2024-11-10 07:38:00 AM | analyzer.0x10819fae72282b9a594e34c647a7bc446ef4ad2e | Return summary generated for disown
[INFO] | 2024-11-10 07:38:00 AM | analyzer.0x10819fae72282b9a594e34c647a7bc446ef4ad2e | State variable assignement do not exist
[INFO] | 2024-11-10 07:38:00 AM | analyzer.0x10819fae72282b9a594e34c647a7bc446ef4ad2e | Processed function disown
[INFO] | 2024-11-10 07:38:00 AM | analyzer.0x10819fae72282b9a594e34c647a7bc446ef4ad2e | Generating return summary for balanceETH
[INFO] | 2024-11-10 07:38:00 AM | analyzer.0x10819fae72282b9a594e34c647a7bc446ef4ad2e | Return summary generated for balanceETH
[INFO] | 2024-11-10 07:38:00 AM | analyzer.0x10819fae72282b9a594e34c647a7bc446ef4ad2e | State variable assignement do not exist
[INFO] | 2024-11-10 07:38:00 AM | analyzer.0x10819fae72282b9a594e34c647a7bc446ef4ad2e | Processed function balanceETH
[INFO] | 2024-11-10 07:38:00 AM | analyzer.0x10819fae72282b9a594e34c647a7bc446ef4ad2e | Generating return summary for advertisingPercent
[WARNING] | 2024-11-10 07:38:00 AM | analyzer.0x10819fae72282b9a594e34c647a7bc446ef4ad2e | No lvalue eligible assignment, is this some bug!
[INFO] | 2024-11-10 07:38:00 AM | analyzer.0x10819fae72282b9a594e34c647a7bc446ef4ad2e | Return summary generated for advertisingPercent
[INFO] | 2024-11-10 07:38:00 AM | analyzer.0x10819fae72282b9a594e34c647a7bc446ef4ad2e | State variable assignement do not exist
[INFO] | 2024-11-10 07:38:00 AM | analyzer.0x10819fae72282b9a594e34c647a7bc446ef4ad2e | Processed function advertisingPercent
[INFO] | 2024-11-10 07:38:00 AM | analyzer.0x10819fae72282b9a594e34c647a7bc446ef4ad2e | Generating return summary for adminsPercent
[WARNING] | 2024-11-10 07:38:00 AM | analyzer.0x10819fae72282b9a594e34c647a7bc446ef4ad2e | No lvalue eligible assignment, is this some bug!
[INFO] | 2024-11-10 07:38:00 AM | analyzer.0x10819fae72282b9a594e34c647a7bc446ef4ad2e | Return summary generated for adminsPercent
[INFO] | 2024-11-10 07:38:00 AM | analyzer.0x10819fae72282b9a594e34c647a7bc446ef4ad2e | State variable assignement do not exist
[INFO] | 2024-11-10 07:38:00 AM | analyzer.0x10819fae72282b9a594e34c647a7bc446ef4ad2e | Processed function adminsPercent
[INFO] | 2024-11-10 07:38:00 AM | analyzer.0x10819fae72282b9a594e34c647a7bc446ef4ad2e | Generating return summary for slitherConstructorVariables
[INFO] | 2024-11-10 07:38:00 AM | analyzer.0x10819fae72282b9a594e34c647a7bc446ef4ad2e | Return summary generated for slitherConstructorVariables
[INFO] | 2024-11-10 07:38:00 AM | analyzer.0x10819fae72282b9a594e34c647a7bc446ef4ad2e | Range graph generated
[INFO] | 2024-11-10 07:38:00 AM | analyzer.0x10819fae72282b9a594e34c647a7bc446ef4ad2e | Processed function slitherConstructorVariables
[INFO] | 2024-11-10 07:38:00 AM | analyzer.0x10819fae72282b9a594e34c647a7bc446ef4ad2e | Generating return summary for onlyOwner
[INFO] | 2024-11-10 07:38:00 AM | analyzer.0x10819fae72282b9a594e34c647a7bc446ef4ad2e | Return summary generated for onlyOwner
[INFO] | 2024-11-10 07:38:00 AM | analyzer.0x10819fae72282b9a594e34c647a7bc446ef4ad2e | State variable assignement do not exist
[INFO] | 2024-11-10 07:38:00 AM | analyzer.0x10819fae72282b9a594e34c647a7bc446ef4ad2e | Processed function onlyOwner
[INFO] | 2024-11-10 07:38:00 AM | analyzer.0x10819fae72282b9a594e34c647a7bc446ef4ad2e | Generating return summary for balanceChanged
[INFO] | 2024-11-10 07:38:00 AM | analyzer.0x10819fae72282b9a594e34c647a7bc446ef4ad2e | Return summary generated for balanceChanged
[INFO] | 2024-11-10 07:38:00 AM | analyzer.0x10819fae72282b9a594e34c647a7bc446ef4ad2e | State variable assignement do not exist
[INFO] | 2024-11-10 07:38:00 AM | analyzer.0x10819fae72282b9a594e34c647a7bc446ef4ad2e | Processed function balanceChanged
[INFO] | 2024-11-10 07:38:00 AM | analyzer.0x10819fae72282b9a594e34c647a7bc446ef4ad2e | Generating return summary for notFromContract
[INFO] | 2024-11-10 07:38:00 AM | analyzer.0x10819fae72282b9a594e34c647a7bc446ef4ad2e | Return summary generated for notFromContract
[INFO] | 2024-11-10 07:38:00 AM | analyzer.0x10819fae72282b9a594e34c647a7bc446ef4ad2e | State variable assignement do not exist
[INFO] | 2024-11-10 07:38:00 AM | analyzer.0x10819fae72282b9a594e34c647a7bc446ef4ad2e | Processed function notFromContract
[INFO] | 2024-11-10 07:38:00 AM | analyzer.0x10819fae72282b9a594e34c647a7bc446ef4ad2e | Generating return summary for setAdvertisingAddress
[INFO] | 2024-11-10 07:38:00 AM | analyzer.0x10819fae72282b9a594e34c647a7bc446ef4ad2e | Return summary generated for setAdvertisingAddress
[INFO] | 2024-11-10 07:38:00 AM | analyzer.0x10819fae72282b9a594e34c647a7bc446ef4ad2e | Range graph generated
[INFO] | 2024-11-10 07:38:00 AM | analyzer.0x10819fae72282b9a594e34c647a7bc446ef4ad2e | Processed function setAdvertisingAddress
[INFO] | 2024-11-10 07:38:00 AM | analyzer.0x10819fae72282b9a594e34c647a7bc446ef4ad2e | Generating return summary for setAdminsAddress
[INFO] | 2024-11-10 07:38:00 AM | analyzer.0x10819fae72282b9a594e34c647a7bc446ef4ad2e | Return summary generated for setAdminsAddress
[INFO] | 2024-11-10 07:38:00 AM | analyzer.0x10819fae72282b9a594e34c647a7bc446ef4ad2e | Range graph generated
[INFO] | 2024-11-10 07:38:00 AM | analyzer.0x10819fae72282b9a594e34c647a7bc446ef4ad2e | Processed function setAdminsAddress
[INFO] | 2024-11-10 07:38:00 AM | analyzer.0x10819fae72282b9a594e34c647a7bc446ef4ad2e | Generating return summary for sub
[INFO] | 2024-11-10 07:38:00 AM | analyzer.0x10819fae72282b9a594e34c647a7bc446ef4ad2e | Return summary generated for sub
[INFO] | 2024-11-10 07:38:00 AM | analyzer.0x10819fae72282b9a594e34c647a7bc446ef4ad2e | State variable assignement do not exist
[INFO] | 2024-11-10 07:38:00 AM | analyzer.0x10819fae72282b9a594e34c647a7bc446ef4ad2e | Processed function sub
[INFO] | 2024-11-10 07:38:00 AM | analyzer.0x10819fae72282b9a594e34c647a7bc446ef4ad2e | Generating return summary for add
[INFO] | 2024-11-10 07:38:00 AM | analyzer.0x10819fae72282b9a594e34c647a7bc446ef4ad2e | Return summary generated for add
[INFO] | 2024-11-10 07:38:00 AM | analyzer.0x10819fae72282b9a594e34c647a7bc446ef4ad2e | State variable assignement do not exist
[INFO] | 2024-11-10 07:38:00 AM | analyzer.0x10819fae72282b9a594e34c647a7bc446ef4ad2e | Processed function add
[INFO] | 2024-11-10 07:38:00 AM | analyzer.0x10819fae72282b9a594e34c647a7bc446ef4ad2e | Generating return summary for dailyPercent
[INFO] | 2024-11-10 07:38:00 AM | analyzer.0x10819fae72282b9a594e34c647a7bc446ef4ad2e | Return summary generated for dailyPercent
[INFO] | 2024-11-10 07:38:00 AM | analyzer.0x10819fae72282b9a594e34c647a7bc446ef4ad2e | State variable assignement do not exist
[INFO] | 2024-11-10 07:38:00 AM | analyzer.0x10819fae72282b9a594e34c647a7bc446ef4ad2e | Processed function dailyPercent
[INFO] | 2024-11-10 07:38:00 AM | analyzer.0x10819fae72282b9a594e34c647a7bc446ef4ad2e | Generating return summary for msub
[INFO] | 2024-11-10 07:38:00 AM | analyzer.0x10819fae72282b9a594e34c647a7bc446ef4ad2e | Return summary generated for msub
[INFO] | 2024-11-10 07:38:00 AM | analyzer.0x10819fae72282b9a594e34c647a7bc446ef4ad2e | State variable assignement do not exist
[INFO] | 2024-11-10 07:38:00 AM | analyzer.0x10819fae72282b9a594e34c647a7bc446ef4ad2e | Processed function msub
[INFO] | 2024-11-10 07:38:00 AM | analyzer.0x10819fae72282b9a594e34c647a7bc446ef4ad2e | Generating return summary for madd
[INFO] | 2024-11-10 07:38:00 AM | analyzer.0x10819fae72282b9a594e34c647a7bc446ef4ad2e | Return summary generated for madd
[INFO] | 2024-11-10 07:38:00 AM | analyzer.0x10819fae72282b9a594e34c647a7bc446ef4ad2e | State variable assignement do not exist
[INFO] | 2024-11-10 07:38:00 AM | analyzer.0x10819fae72282b9a594e34c647a7bc446ef4ad2e | Processed function madd
[INFO] | 2024-11-10 07:38:00 AM | analyzer.0x10819fae72282b9a594e34c647a7bc446ef4ad2e | Generating return summary for ToDo
[INFO] | 2024-11-10 07:38:00 AM | analyzer.0x10819fae72282b9a594e34c647a7bc446ef4ad2e | Return summary generated for ToDo
[INFO] | 2024-11-10 07:38:00 AM | analyzer.0x10819fae72282b9a594e34c647a7bc446ef4ad2e | State variable assignement do not exist
[INFO] | 2024-11-10 07:38:00 AM | analyzer.0x10819fae72282b9a594e34c647a7bc446ef4ad2e | Processed function ToDo
[INFO] | 2024-11-10 07:38:00 AM | analyzer.0x10819fae72282b9a594e34c647a7bc446ef4ad2e | Generating return summary for privateEntranceProvideAccessFor
[INFO] | 2024-11-10 07:38:00 AM | analyzer.0x10819fae72282b9a594e34c647a7bc446ef4ad2e | Return summary generated for privateEntranceProvideAccessFor
[INFO] | 2024-11-10 07:38:00 AM | analyzer.0x10819fae72282b9a594e34c647a7bc446ef4ad2e | State variable assignement do not exist
[INFO] | 2024-11-10 07:38:00 AM | analyzer.0x10819fae72282b9a594e34c647a7bc446ef4ad2e | Processed function privateEntranceProvideAccessFor
[INFO] | 2024-11-10 07:38:00 AM | analyzer.0x10819fae72282b9a594e34c647a7bc446ef4ad2e | Generating return summary for disqalify
[INFO] | 2024-11-10 07:38:00 AM | analyzer.0x10819fae72282b9a594e34c647a7bc446ef4ad2e | Return summary generated for disqalify
[INFO] | 2024-11-10 07:38:00 AM | analyzer.0x10819fae72282b9a594e34c647a7bc446ef4ad2e | Range graph generated
[INFO] | 2024-11-10 07:38:00 AM | analyzer.0x10819fae72282b9a594e34c647a7bc446ef4ad2e | Processed function disqalify
[INFO] | 2024-11-10 07:38:00 AM | analyzer.0x10819fae72282b9a594e34c647a7bc446ef4ad2e | Generating return summary for disqalify2
[INFO] | 2024-11-10 07:38:00 AM | analyzer.0x10819fae72282b9a594e34c647a7bc446ef4ad2e | Return summary generated for disqalify2
[INFO] | 2024-11-10 07:38:00 AM | analyzer.0x10819fae72282b9a594e34c647a7bc446ef4ad2e | Range graph generated
[INFO] | 2024-11-10 07:38:00 AM | analyzer.0x10819fae72282b9a594e34c647a7bc446ef4ad2e | Processed function disqalify2
[INFO] | 2024-11-10 07:38:00 AM | analyzer.0x10819fae72282b9a594e34c647a7bc446ef4ad2e | Generating return summary for investorInfo
[WARNING] | 2024-11-10 07:38:00 AM | analyzer.0x10819fae72282b9a594e34c647a7bc446ef4ad2e | No lvalue eligible assignment, is this some bug!
[INFO] | 2024-11-10 07:38:00 AM | analyzer.0x10819fae72282b9a594e34c647a7bc446ef4ad2e | Return summary generated for investorInfo
[INFO] | 2024-11-10 07:38:00 AM | analyzer.0x10819fae72282b9a594e34c647a7bc446ef4ad2e | State variable assignement do not exist
[INFO] | 2024-11-10 07:38:00 AM | analyzer.0x10819fae72282b9a594e34c647a7bc446ef4ad2e | Processed function investorInfo
[INFO] | 2024-11-10 07:38:00 AM | analyzer.0x10819fae72282b9a594e34c647a7bc446ef4ad2e | Generating return summary for getMemInvestor
[INFO] | 2024-11-10 07:38:00 AM | analyzer.0x10819fae72282b9a594e34c647a7bc446ef4ad2e | Return summary generated for getMemInvestor
[INFO] | 2024-11-10 07:38:00 AM | analyzer.0x10819fae72282b9a594e34c647a7bc446ef4ad2e | State variable assignement do not exist
[INFO] | 2024-11-10 07:38:00 AM | analyzer.0x10819fae72282b9a594e34c647a7bc446ef4ad2e | Processed function getMemInvestor
[INFO] | 2024-11-10 07:38:00 AM | analyzer.0x10819fae72282b9a594e34c647a7bc446ef4ad2e | Generating return summary for ToDo
[INFO] | 2024-11-10 07:38:00 AM | analyzer.0x10819fae72282b9a594e34c647a7bc446ef4ad2e | Return summary generated for ToDo
[INFO] | 2024-11-10 07:38:00 AM | analyzer.0x10819fae72282b9a594e34c647a7bc446ef4ad2e | State variable assignement do not exist
[INFO] | 2024-11-10 07:38:00 AM | analyzer.0x10819fae72282b9a594e34c647a7bc446ef4ad2e | Processed function ToDo
[INFO] | 2024-11-10 07:38:00 AM | analyzer.0x10819fae72282b9a594e34c647a7bc446ef4ad2e | Generating return summary for newInvestor
[INFO] | 2024-11-10 07:38:00 AM | analyzer.0x10819fae72282b9a594e34c647a7bc446ef4ad2e | Return summary generated for newInvestor
[INFO] | 2024-11-10 07:38:00 AM | analyzer.0x10819fae72282b9a594e34c647a7bc446ef4ad2e | Range graph generated
[INFO] | 2024-11-10 07:38:00 AM | analyzer.0x10819fae72282b9a594e34c647a7bc446ef4ad2e | Processed function newInvestor
[INFO] | 2024-11-10 07:38:00 AM | analyzer.0x10819fae72282b9a594e34c647a7bc446ef4ad2e | Generating return summary for addInvestment
[INFO] | 2024-11-10 07:38:00 AM | analyzer.0x10819fae72282b9a594e34c647a7bc446ef4ad2e | Return summary generated for addInvestment
[INFO] | 2024-11-10 07:38:00 AM | analyzer.0x10819fae72282b9a594e34c647a7bc446ef4ad2e | Range graph generated
[INFO] | 2024-11-10 07:38:00 AM | analyzer.0x10819fae72282b9a594e34c647a7bc446ef4ad2e | Processed function addInvestment
[INFO] | 2024-11-10 07:38:00 AM | analyzer.0x10819fae72282b9a594e34c647a7bc446ef4ad2e | Generating return summary for setPaymentTime
[INFO] | 2024-11-10 07:38:00 AM | analyzer.0x10819fae72282b9a594e34c647a7bc446ef4ad2e | Return summary generated for setPaymentTime
[INFO] | 2024-11-10 07:38:00 AM | analyzer.0x10819fae72282b9a594e34c647a7bc446ef4ad2e | Range graph generated
[INFO] | 2024-11-10 07:38:00 AM | analyzer.0x10819fae72282b9a594e34c647a7bc446ef4ad2e | Processed function setPaymentTime
[INFO] | 2024-11-10 07:38:00 AM | analyzer.0x10819fae72282b9a594e34c647a7bc446ef4ad2e | Generating return summary for investorsNumber
[INFO] | 2024-11-10 07:38:00 AM | analyzer.0x10819fae72282b9a594e34c647a7bc446ef4ad2e | Return summary generated for investorsNumber
[INFO] | 2024-11-10 07:38:00 AM | analyzer.0x10819fae72282b9a594e34c647a7bc446ef4ad2e | State variable assignement do not exist
[INFO] | 2024-11-10 07:38:00 AM | analyzer.0x10819fae72282b9a594e34c647a7bc446ef4ad2e | Processed function investorsNumber
[INFO] | 2024-11-10 07:38:00 AM | analyzer.0x10819fae72282b9a594e34c647a7bc446ef4ad2e | Generating return summary for nextWave
[INFO] | 2024-11-10 07:38:00 AM | analyzer.0x10819fae72282b9a594e34c647a7bc446ef4ad2e | Return summary generated for nextWave
[INFO] | 2024-11-10 07:38:00 AM | analyzer.0x10819fae72282b9a594e34c647a7bc446ef4ad2e | Range graph generated
[INFO] | 2024-11-10 07:38:00 AM | analyzer.0x10819fae72282b9a594e34c647a7bc446ef4ad2e | Processed function nextWave
[INFO] | 2024-11-10 07:38:00 AM | analyzer.0x10819fae72282b9a594e34c647a7bc446ef4ad2e | Generating return summary for isActive
[INFO] | 2024-11-10 07:38:00 AM | analyzer.0x10819fae72282b9a594e34c647a7bc446ef4ad2e | Return summary generated for isActive
[INFO] | 2024-11-10 07:38:00 AM | analyzer.0x10819fae72282b9a594e34c647a7bc446ef4ad2e | State variable assignement do not exist
[INFO] | 2024-11-10 07:38:00 AM | analyzer.0x10819fae72282b9a594e34c647a7bc446ef4ad2e | Processed function isActive
[INFO] | 2024-11-10 07:38:00 AM | analyzer.0x10819fae72282b9a594e34c647a7bc446ef4ad2e | Generating return summary for saveInvestment
[INFO] | 2024-11-10 07:38:00 AM | analyzer.0x10819fae72282b9a594e34c647a7bc446ef4ad2e | Return summary generated for saveInvestment
[INFO] | 2024-11-10 07:38:00 AM | analyzer.0x10819fae72282b9a594e34c647a7bc446ef4ad2e | State variable assignement do not exist
[INFO] | 2024-11-10 07:38:00 AM | analyzer.0x10819fae72282b9a594e34c647a7bc446ef4ad2e | Processed function saveInvestment
[INFO] | 2024-11-10 07:38:00 AM | analyzer.0x10819fae72282b9a594e34c647a7bc446ef4ad2e | Generating return summary for doDisown
[INFO] | 2024-11-10 07:38:00 AM | analyzer.0x10819fae72282b9a594e34c647a7bc446ef4ad2e | Return summary generated for doDisown
[INFO] | 2024-11-10 07:38:00 AM | analyzer.0x10819fae72282b9a594e34c647a7bc446ef4ad2e | State variable assignement do not exist
[INFO] | 2024-11-10 07:38:00 AM | analyzer.0x10819fae72282b9a594e34c647a7bc446ef4ad2e | Processed function doDisown
[INFO] | 2024-11-10 07:38:00 AM | analyzer.0x10819fae72282b9a594e34c647a7bc446ef4ad2e | Generating return summary for ToDo
[INFO] | 2024-11-10 07:38:00 AM | analyzer.0x10819fae72282b9a594e34c647a7bc446ef4ad2e | Return summary generated for ToDo
[INFO] | 2024-11-10 07:38:00 AM | analyzer.0x10819fae72282b9a594e34c647a7bc446ef4ad2e | State variable assignement do not exist
[INFO] | 2024-11-10 07:38:00 AM | analyzer.0x10819fae72282b9a594e34c647a7bc446ef4ad2e | Processed function ToDo
[INFO] | 2024-11-10 07:38:00 AM | analyzer.0x10819fae72282b9a594e34c647a7bc446ef4ad2e | Generating return summary for init
[INFO] | 2024-11-10 07:38:00 AM | analyzer.0x10819fae72282b9a594e34c647a7bc446ef4ad2e | Return summary generated for init
[INFO] | 2024-11-10 07:38:00 AM | analyzer.0x10819fae72282b9a594e34c647a7bc446ef4ad2e | Range graph generated
[INFO] | 2024-11-10 07:38:00 AM | analyzer.0x10819fae72282b9a594e34c647a7bc446ef4ad2e | Processed function init
[INFO] | 2024-11-10 07:38:00 AM | analyzer.0x10819fae72282b9a594e34c647a7bc446ef4ad2e | Generating return summary for itisnecessary2
[INFO] | 2024-11-10 07:38:00 AM | analyzer.0x10819fae72282b9a594e34c647a7bc446ef4ad2e | Return summary generated for itisnecessary2
[INFO] | 2024-11-10 07:38:00 AM | analyzer.0x10819fae72282b9a594e34c647a7bc446ef4ad2e | State variable assignement do not exist
[INFO] | 2024-11-10 07:38:01 AM | analyzer.0x10819fae72282b9a594e34c647a7bc446ef4ad2e | Processed function itisnecessary2
[INFO] | 2024-11-10 07:38:01 AM | analyzer.0x10819fae72282b9a594e34c647a7bc446ef4ad2e | Generating return summary for addInvestment2
[INFO] | 2024-11-10 07:38:01 AM | analyzer.0x10819fae72282b9a594e34c647a7bc446ef4ad2e | Return summary generated for addInvestment2
[INFO] | 2024-11-10 07:38:01 AM | analyzer.0x10819fae72282b9a594e34c647a7bc446ef4ad2e | State variable assignement do not exist
[INFO] | 2024-11-10 07:38:01 AM | analyzer.0x10819fae72282b9a594e34c647a7bc446ef4ad2e | Processed function addInvestment2
[INFO] | 2024-11-10 07:38:01 AM | analyzer.0x10819fae72282b9a594e34c647a7bc446ef4ad2e | Generating return summary for dailyPercentAtNow
[WARNING] | 2024-11-10 07:38:01 AM | analyzer.0x10819fae72282b9a594e34c647a7bc446ef4ad2e | No lvalue eligible assignment, is this some bug!
[INFO] | 2024-11-10 07:38:01 AM | analyzer.0x10819fae72282b9a594e34c647a7bc446ef4ad2e | Return summary generated for dailyPercentAtNow
[INFO] | 2024-11-10 07:38:01 AM | analyzer.0x10819fae72282b9a594e34c647a7bc446ef4ad2e | State variable assignement do not exist
[INFO] | 2024-11-10 07:38:01 AM | analyzer.0x10819fae72282b9a594e34c647a7bc446ef4ad2e | Processed function dailyPercentAtNow
[INFO] | 2024-11-10 07:38:01 AM | analyzer.0x10819fae72282b9a594e34c647a7bc446ef4ad2e | Generating return summary for disqualifyAddress
[INFO] | 2024-11-10 07:38:01 AM | analyzer.0x10819fae72282b9a594e34c647a7bc446ef4ad2e | Return summary generated for disqualifyAddress
[INFO] | 2024-11-10 07:38:01 AM | analyzer.0x10819fae72282b9a594e34c647a7bc446ef4ad2e | Range graph generated
[INFO] | 2024-11-10 07:38:01 AM | analyzer.0x10819fae72282b9a594e34c647a7bc446ef4ad2e | Processed function disqualifyAddress
[INFO] | 2024-11-10 07:38:01 AM | analyzer.0x10819fae72282b9a594e34c647a7bc446ef4ad2e | Generating return summary for disqualifyAddress2
[INFO] | 2024-11-10 07:38:01 AM | analyzer.0x10819fae72282b9a594e34c647a7bc446ef4ad2e | Return summary generated for disqualifyAddress2
[INFO] | 2024-11-10 07:38:01 AM | analyzer.0x10819fae72282b9a594e34c647a7bc446ef4ad2e | Range graph generated
[INFO] | 2024-11-10 07:38:01 AM | analyzer.0x10819fae72282b9a594e34c647a7bc446ef4ad2e | Processed function disqualifyAddress2
[INFO] | 2024-11-10 07:38:01 AM | analyzer.0x10819fae72282b9a594e34c647a7bc446ef4ad2e | Generating return summary for calcDividends
[WARNING] | 2024-11-10 07:38:01 AM | analyzer.0x10819fae72282b9a594e34c647a7bc446ef4ad2e | No lvalue eligible assignment, is this some bug!
[WARNING] | 2024-11-10 07:38:01 AM | analyzer.0x10819fae72282b9a594e34c647a7bc446ef4ad2e | No lvalue eligible assignment, is this some bug!
[INFO] | 2024-11-10 07:38:01 AM | analyzer.0x10819fae72282b9a594e34c647a7bc446ef4ad2e | Return summary generated for calcDividends
[INFO] | 2024-11-10 07:38:01 AM | analyzer.0x10819fae72282b9a594e34c647a7bc446ef4ad2e | State variable assignement do not exist
[INFO] | 2024-11-10 07:38:01 AM | analyzer.0x10819fae72282b9a594e34c647a7bc446ef4ad2e | Processed function calcDividends
[INFO] | 2024-11-10 07:38:01 AM | analyzer.0x10819fae72282b9a594e34c647a7bc446ef4ad2e | Generating return summary for constructor
[INFO] | 2024-11-10 07:38:01 AM | analyzer.0x10819fae72282b9a594e34c647a7bc446ef4ad2e | Return summary generated for constructor
[INFO] | 2024-11-10 07:38:01 AM | analyzer.0x10819fae72282b9a594e34c647a7bc446ef4ad2e | Range graph generated
[INFO] | 2024-11-10 07:38:01 AM | analyzer.0x10819fae72282b9a594e34c647a7bc446ef4ad2e | Processed function constructor
[INFO] | 2024-11-10 07:38:01 AM | analyzer.0x10819fae72282b9a594e34c647a7bc446ef4ad2e | Generating return summary for investorDividendsAtNow
[WARNING] | 2024-11-10 07:38:01 AM | analyzer.0x10819fae72282b9a594e34c647a7bc446ef4ad2e | No lvalue eligible assignment, is this some bug!
[INFO] | 2024-11-10 07:38:01 AM | analyzer.0x10819fae72282b9a594e34c647a7bc446ef4ad2e | Return summary generated for investorDividendsAtNow
[INFO] | 2024-11-10 07:38:01 AM | analyzer.0x10819fae72282b9a594e34c647a7bc446ef4ad2e | State variable assignement do not exist
[INFO] | 2024-11-10 07:38:01 AM | analyzer.0x10819fae72282b9a594e34c647a7bc446ef4ad2e | Processed function investorDividendsAtNow
[INFO] | 2024-11-10 07:38:01 AM | analyzer.0x10819fae72282b9a594e34c647a7bc446ef4ad2e | Generating return summary for getMyDividends
[INFO] | 2024-11-10 07:38:01 AM | analyzer.0x10819fae72282b9a594e34c647a7bc446ef4ad2e | Return summary generated for getMyDividends
[INFO] | 2024-11-10 07:38:01 AM | analyzer.0x10819fae72282b9a594e34c647a7bc446ef4ad2e | Range graph generated
[INFO] | 2024-11-10 07:38:01 AM | analyzer.0x10819fae72282b9a594e34c647a7bc446ef4ad2e | Processed function getMyDividends
[INFO] | 2024-11-10 07:38:01 AM | analyzer.0x10819fae72282b9a594e34c647a7bc446ef4ad2e | Generating return summary for doInvest
[INFO] | 2024-11-10 07:38:01 AM | analyzer.0x10819fae72282b9a594e34c647a7bc446ef4ad2e | Return summary generated for doInvest
[INFO] | 2024-11-10 07:38:01 AM | analyzer.0x10819fae72282b9a594e34c647a7bc446ef4ad2e | Range graph generated
[INFO] | 2024-11-10 07:38:01 AM | analyzer.0x10819fae72282b9a594e34c647a7bc446ef4ad2e | Processed function doInvest
[INFO] | 2024-11-10 07:38:01 AM | analyzer.0x10819fae72282b9a594e34c647a7bc446ef4ad2e | Generating return summary for fallback
[INFO] | 2024-11-10 07:38:01 AM | analyzer.0x10819fae72282b9a594e34c647a7bc446ef4ad2e | Return summary generated for fallback
[INFO] | 2024-11-10 07:38:01 AM | analyzer.0x10819fae72282b9a594e34c647a7bc446ef4ad2e | Range graph generated
[INFO] | 2024-11-10 07:38:01 AM | analyzer.0x10819fae72282b9a594e34c647a7bc446ef4ad2e | Processed function fallback
[INFO] | 2024-11-10 07:38:01 AM | analyzer.0x10819fae72282b9a594e34c647a7bc446ef4ad2e | Value Range Analysis took 0.054747 seconds
[INFO] | 2024-11-10 07:38:01 AM | analyzer.0x10819fae72282b9a594e34c647a7bc446ef4ad2e | Value Range Analysis finished
[INFO] | 2024-11-10 07:38:01 AM | analyzer.0x10819fae72282b9a594e34c647a7bc446ef4ad2e | Storage dependency graph compostion started!
[INFO] | 2024-11-10 07:38:01 AM | analyzer.0x10819fae72282b9a594e34c647a7bc446ef4ad2e | Storage dependency graph compostion finished!
[INFO] | 2024-11-10 07:38:01 AM | analyzer.0x10819fae72282b9a594e34c647a7bc446ef4ad2e | Dependency detection started!
[INFO] | 2024-11-10 07:38:01 AM | analyzer.0x10819fae72282b9a594e34c647a7bc446ef4ad2e | Dependency detection finished!
[INFO] | 2024-11-10 07:38:01 AM | analyzer.0x10819fae72282b9a594e34c647a7bc446ef4ad2e | Static Analysis took 5.932858 seconds
[INFO] | 2024-11-10 07:38:01 AM | analyzer.0x10819fae72282b9a594e34c647a7bc446ef4ad2e | Dependency does not exist
[INFO] | 2024-11-10 07:38:01 AM | analyzer.0x10819fae72282b9a594e34c647a7bc446ef4ad2e | Symbolic execution is not needed!
[INFO] | 2024-11-10 07:38:01 AM | analyzer.0x10819fae72282b9a594e34c647a7bc446ef4ad2e | Analysis finished!
[INFO] | 2024-11-10 07:38:01 AM | analyzer.0x10819fae72282b9a594e34c647a7bc446ef4ad2e | Analysis took 5.933167 seconds
[INFO] | 2024-11-10 07:38:01 AM | analyzer.0x10819fae72282b9a594e34c647a7bc446ef4ad2e | Analysis finished at: 2024-11-10 07:38:01 AM
