[INFO] | 2024-11-10 07:39:33 AM | analyzer.0x57acbe7bf11b8a4584403cc900e230a18a7ab138 | Analysis started at: 2024-11-10 07:39:33 AM
[INFO] | 2024-11-10 07:39:34 AM | analyzer.0x57acbe7bf11b8a4584403cc900e230a18a7ab138 | Version constraints: ['^0.5.0']
[INFO] | 2024-11-10 07:39:34 AM | analyzer.0x57acbe7bf11b8a4584403cc900e230a18a7ab138 | solc version: v0.5.0
[INFO] | 2024-11-10 07:39:35 AM | analyzer.0x57acbe7bf11b8a4584403cc900e230a18a7ab138 | Callgraph generation started!
[INFO] | 2024-11-10 07:39:35 AM | analyzer.0x57acbe7bf11b8a4584403cc900e230a18a7ab138 | Callgraph generation finished!
[INFO] | 2024-11-10 07:39:35 AM | analyzer.0x57acbe7bf11b8a4584403cc900e230a18a7ab138 | Interprocedural CFG generation started!
[INFO] | 2024-11-10 07:39:35 AM | analyzer.0x57acbe7bf11b8a4584403cc900e230a18a7ab138 | Interprocedural CFG generation finished!
[INFO] | 2024-11-10 07:39:35 AM | analyzer.0x57acbe7bf11b8a4584403cc900e230a18a7ab138 | Storage dependency graph generation started!
[INFO] | 2024-11-10 07:39:35 AM | analyzer.0x57acbe7bf11b8a4584403cc900e230a18a7ab138 | Storage dependency graph generation finished!
[INFO] | 2024-11-10 07:39:35 AM | analyzer.0x57acbe7bf11b8a4584403cc900e230a18a7ab138 | Value Range Analysis started
[INFO] | 2024-11-10 07:39:35 AM | analyzer.0x57acbe7bf11b8a4584403cc900e230a18a7ab138 | Generating return summary for totalSupply
[INFO] | 2024-11-10 07:39:35 AM | analyzer.0x57acbe7bf11b8a4584403cc900e230a18a7ab138 | Return summary generated for totalSupply
[INFO] | 2024-11-10 07:39:35 AM | analyzer.0x57acbe7bf11b8a4584403cc900e230a18a7ab138 | State variable assignement do not exist
[INFO] | 2024-11-10 07:39:35 AM | analyzer.0x57acbe7bf11b8a4584403cc900e230a18a7ab138 | Processed function totalSupply
[INFO] | 2024-11-10 07:39:35 AM | analyzer.0x57acbe7bf11b8a4584403cc900e230a18a7ab138 | Generating return summary for balanceOf
[INFO] | 2024-11-10 07:39:35 AM | analyzer.0x57acbe7bf11b8a4584403cc900e230a18a7ab138 | Return summary generated for balanceOf
[INFO] | 2024-11-10 07:39:35 AM | analyzer.0x57acbe7bf11b8a4584403cc900e230a18a7ab138 | State variable assignement do not exist
[INFO] | 2024-11-10 07:39:35 AM | analyzer.0x57acbe7bf11b8a4584403cc900e230a18a7ab138 | Processed function balanceOf
[INFO] | 2024-11-10 07:39:35 AM | analyzer.0x57acbe7bf11b8a4584403cc900e230a18a7ab138 | Generating return summary for transfer
[INFO] | 2024-11-10 07:39:35 AM | analyzer.0x57acbe7bf11b8a4584403cc900e230a18a7ab138 | Return summary generated for transfer
[INFO] | 2024-11-10 07:39:35 AM | analyzer.0x57acbe7bf11b8a4584403cc900e230a18a7ab138 | State variable assignement do not exist
[INFO] | 2024-11-10 07:39:35 AM | analyzer.0x57acbe7bf11b8a4584403cc900e230a18a7ab138 | Processed function transfer
[INFO] | 2024-11-10 07:39:35 AM | analyzer.0x57acbe7bf11b8a4584403cc900e230a18a7ab138 | Generating return summary for allowance
[INFO] | 2024-11-10 07:39:35 AM | analyzer.0x57acbe7bf11b8a4584403cc900e230a18a7ab138 | Return summary generated for allowance
[INFO] | 2024-11-10 07:39:35 AM | analyzer.0x57acbe7bf11b8a4584403cc900e230a18a7ab138 | State variable assignement do not exist
[INFO] | 2024-11-10 07:39:35 AM | analyzer.0x57acbe7bf11b8a4584403cc900e230a18a7ab138 | Processed function allowance
[INFO] | 2024-11-10 07:39:35 AM | analyzer.0x57acbe7bf11b8a4584403cc900e230a18a7ab138 | Generating return summary for approve
[INFO] | 2024-11-10 07:39:35 AM | analyzer.0x57acbe7bf11b8a4584403cc900e230a18a7ab138 | Return summary generated for approve
[INFO] | 2024-11-10 07:39:35 AM | analyzer.0x57acbe7bf11b8a4584403cc900e230a18a7ab138 | State variable assignement do not exist
[INFO] | 2024-11-10 07:39:35 AM | analyzer.0x57acbe7bf11b8a4584403cc900e230a18a7ab138 | Processed function approve
[INFO] | 2024-11-10 07:39:35 AM | analyzer.0x57acbe7bf11b8a4584403cc900e230a18a7ab138 | Generating return summary for transferFrom
[INFO] | 2024-11-10 07:39:35 AM | analyzer.0x57acbe7bf11b8a4584403cc900e230a18a7ab138 | Return summary generated for transferFrom
[INFO] | 2024-11-10 07:39:35 AM | analyzer.0x57acbe7bf11b8a4584403cc900e230a18a7ab138 | State variable assignement do not exist
[INFO] | 2024-11-10 07:39:35 AM | analyzer.0x57acbe7bf11b8a4584403cc900e230a18a7ab138 | Processed function transferFrom
[INFO] | 2024-11-10 07:39:35 AM | analyzer.0x57acbe7bf11b8a4584403cc900e230a18a7ab138 | Generating return summary for constructor
[INFO] | 2024-11-10 07:39:35 AM | analyzer.0x57acbe7bf11b8a4584403cc900e230a18a7ab138 | Return summary generated for constructor
[INFO] | 2024-11-10 07:39:35 AM | analyzer.0x57acbe7bf11b8a4584403cc900e230a18a7ab138 | Range graph generated
[INFO] | 2024-11-10 07:39:35 AM | analyzer.0x57acbe7bf11b8a4584403cc900e230a18a7ab138 | Processed function constructor
[INFO] | 2024-11-10 07:39:35 AM | analyzer.0x57acbe7bf11b8a4584403cc900e230a18a7ab138 | Generating return summary for totalLockedTokens
[INFO] | 2024-11-10 07:39:35 AM | analyzer.0x57acbe7bf11b8a4584403cc900e230a18a7ab138 | Return summary generated for totalLockedTokens
[INFO] | 2024-11-10 07:39:35 AM | analyzer.0x57acbe7bf11b8a4584403cc900e230a18a7ab138 | State variable assignement do not exist
[INFO] | 2024-11-10 07:39:35 AM | analyzer.0x57acbe7bf11b8a4584403cc900e230a18a7ab138 | Processed function totalLockedTokens
[INFO] | 2024-11-10 07:39:35 AM | analyzer.0x57acbe7bf11b8a4584403cc900e230a18a7ab138 | Generating return summary for getNextRound
[INFO] | 2024-11-10 07:39:35 AM | analyzer.0x57acbe7bf11b8a4584403cc900e230a18a7ab138 | Return summary generated for getNextRound
[INFO] | 2024-11-10 07:39:35 AM | analyzer.0x57acbe7bf11b8a4584403cc900e230a18a7ab138 | State variable assignement do not exist
[INFO] | 2024-11-10 07:39:35 AM | analyzer.0x57acbe7bf11b8a4584403cc900e230a18a7ab138 | Processed function getNextRound
[INFO] | 2024-11-10 07:39:35 AM | analyzer.0x57acbe7bf11b8a4584403cc900e230a18a7ab138 | Generating return summary for _getNextRoundTime
[INFO] | 2024-11-10 07:39:35 AM | analyzer.0x57acbe7bf11b8a4584403cc900e230a18a7ab138 | Return summary generated for _getNextRoundTime
[INFO] | 2024-11-10 07:39:35 AM | analyzer.0x57acbe7bf11b8a4584403cc900e230a18a7ab138 | State variable assignement do not exist
[INFO] | 2024-11-10 07:39:35 AM | analyzer.0x57acbe7bf11b8a4584403cc900e230a18a7ab138 | Processed function _getNextRoundTime
[INFO] | 2024-11-10 07:39:35 AM | analyzer.0x57acbe7bf11b8a4584403cc900e230a18a7ab138 | Generating return summary for slitherConstructorVariables
[INFO] | 2024-11-10 07:39:35 AM | analyzer.0x57acbe7bf11b8a4584403cc900e230a18a7ab138 | Return summary generated for slitherConstructorVariables
[INFO] | 2024-11-10 07:39:35 AM | analyzer.0x57acbe7bf11b8a4584403cc900e230a18a7ab138 | Range graph generated
[INFO] | 2024-11-10 07:39:35 AM | analyzer.0x57acbe7bf11b8a4584403cc900e230a18a7ab138 | Processed function slitherConstructorVariables
[INFO] | 2024-11-10 07:39:35 AM | analyzer.0x57acbe7bf11b8a4584403cc900e230a18a7ab138 | Generating return summary for getContractBalance
[INFO] | 2024-11-10 07:39:35 AM | analyzer.0x57acbe7bf11b8a4584403cc900e230a18a7ab138 | Return summary generated for getContractBalance
[INFO] | 2024-11-10 07:39:35 AM | analyzer.0x57acbe7bf11b8a4584403cc900e230a18a7ab138 | State variable assignement do not exist
[INFO] | 2024-11-10 07:39:35 AM | analyzer.0x57acbe7bf11b8a4584403cc900e230a18a7ab138 | Processed function getContractBalance
[INFO] | 2024-11-10 07:39:35 AM | analyzer.0x57acbe7bf11b8a4584403cc900e230a18a7ab138 | Generating return summary for _getNextRoundUnlock
[INFO] | 2024-11-10 07:39:35 AM | analyzer.0x57acbe7bf11b8a4584403cc900e230a18a7ab138 | Return summary generated for _getNextRoundUnlock
[INFO] | 2024-11-10 07:39:35 AM | analyzer.0x57acbe7bf11b8a4584403cc900e230a18a7ab138 | State variable assignement do not exist
[INFO] | 2024-11-10 07:39:35 AM | analyzer.0x57acbe7bf11b8a4584403cc900e230a18a7ab138 | Processed function _getNextRoundUnlock
[INFO] | 2024-11-10 07:39:35 AM | analyzer.0x57acbe7bf11b8a4584403cc900e230a18a7ab138 | Generating return summary for initLockedBalance
[INFO] | 2024-11-10 07:39:35 AM | analyzer.0x57acbe7bf11b8a4584403cc900e230a18a7ab138 | Return summary generated for initLockedBalance
[INFO] | 2024-11-10 07:39:35 AM | analyzer.0x57acbe7bf11b8a4584403cc900e230a18a7ab138 | Range graph generated
[INFO] | 2024-11-10 07:39:35 AM | analyzer.0x57acbe7bf11b8a4584403cc900e230a18a7ab138 | Processed function initLockedBalance
[INFO] | 2024-11-10 07:39:35 AM | analyzer.0x57acbe7bf11b8a4584403cc900e230a18a7ab138 | Generating return summary for getNextRoundTime
[INFO] | 2024-11-10 07:39:35 AM | analyzer.0x57acbe7bf11b8a4584403cc900e230a18a7ab138 | Return summary generated for getNextRoundTime
[INFO] | 2024-11-10 07:39:35 AM | analyzer.0x57acbe7bf11b8a4584403cc900e230a18a7ab138 | State variable assignement do not exist
[INFO] | 2024-11-10 07:39:35 AM | analyzer.0x57acbe7bf11b8a4584403cc900e230a18a7ab138 | Processed function getNextRoundTime
[INFO] | 2024-11-10 07:39:35 AM | analyzer.0x57acbe7bf11b8a4584403cc900e230a18a7ab138 | Generating return summary for getNextRoundUnlock
[INFO] | 2024-11-10 07:39:35 AM | analyzer.0x57acbe7bf11b8a4584403cc900e230a18a7ab138 | Return summary generated for getNextRoundUnlock
[INFO] | 2024-11-10 07:39:35 AM | analyzer.0x57acbe7bf11b8a4584403cc900e230a18a7ab138 | State variable assignement do not exist
[INFO] | 2024-11-10 07:39:35 AM | analyzer.0x57acbe7bf11b8a4584403cc900e230a18a7ab138 | Processed function getNextRoundUnlock
[INFO] | 2024-11-10 07:39:35 AM | analyzer.0x57acbe7bf11b8a4584403cc900e230a18a7ab138 | Generating return summary for getLockInfo
[WARNING] | 2024-11-10 07:39:35 AM | analyzer.0x57acbe7bf11b8a4584403cc900e230a18a7ab138 | No lvalue eligible assignment, is this some bug!
[INFO] | 2024-11-10 07:39:35 AM | analyzer.0x57acbe7bf11b8a4584403cc900e230a18a7ab138 | Return summary generated for getLockInfo
[INFO] | 2024-11-10 07:39:35 AM | analyzer.0x57acbe7bf11b8a4584403cc900e230a18a7ab138 | State variable assignement do not exist
[INFO] | 2024-11-10 07:39:35 AM | analyzer.0x57acbe7bf11b8a4584403cc900e230a18a7ab138 | Processed function getLockInfo
[INFO] | 2024-11-10 07:39:35 AM | analyzer.0x57acbe7bf11b8a4584403cc900e230a18a7ab138 | Generating return summary for unlock
[INFO] | 2024-11-10 07:39:35 AM | analyzer.0x57acbe7bf11b8a4584403cc900e230a18a7ab138 | Return summary generated for unlock
[INFO] | 2024-11-10 07:39:35 AM | analyzer.0x57acbe7bf11b8a4584403cc900e230a18a7ab138 | Range graph generated
[INFO] | 2024-11-10 07:39:35 AM | analyzer.0x57acbe7bf11b8a4584403cc900e230a18a7ab138 | Processed function unlock
[INFO] | 2024-11-10 07:39:35 AM | analyzer.0x57acbe7bf11b8a4584403cc900e230a18a7ab138 | Value Range Analysis took 0.005319 seconds
[INFO] | 2024-11-10 07:39:35 AM | analyzer.0x57acbe7bf11b8a4584403cc900e230a18a7ab138 | Value Range Analysis finished
[INFO] | 2024-11-10 07:39:35 AM | analyzer.0x57acbe7bf11b8a4584403cc900e230a18a7ab138 | Storage dependency graph compostion started!
[INFO] | 2024-11-10 07:39:35 AM | analyzer.0x57acbe7bf11b8a4584403cc900e230a18a7ab138 | Storage dependency graph compostion finished!
[INFO] | 2024-11-10 07:39:35 AM | analyzer.0x57acbe7bf11b8a4584403cc900e230a18a7ab138 | Dependency detection started!
[INFO] | 2024-11-10 07:39:35 AM | analyzer.0x57acbe7bf11b8a4584403cc900e230a18a7ab138 | Dependency detection finished!
[INFO] | 2024-11-10 07:39:35 AM | analyzer.0x57acbe7bf11b8a4584403cc900e230a18a7ab138 | Static Analysis took 1.435485 seconds
[INFO] | 2024-11-10 07:39:35 AM | analyzer.0x57acbe7bf11b8a4584403cc900e230a18a7ab138 | Dependency does not exist
[INFO] | 2024-11-10 07:39:35 AM | analyzer.0x57acbe7bf11b8a4584403cc900e230a18a7ab138 | Symbolic execution is not needed!
[INFO] | 2024-11-10 07:39:35 AM | analyzer.0x57acbe7bf11b8a4584403cc900e230a18a7ab138 | Analysis finished!
[INFO] | 2024-11-10 07:39:35 AM | analyzer.0x57acbe7bf11b8a4584403cc900e230a18a7ab138 | Analysis took 1.435682 seconds
[INFO] | 2024-11-10 07:39:35 AM | analyzer.0x57acbe7bf11b8a4584403cc900e230a18a7ab138 | Analysis finished at: 2024-11-10 07:39:35 AM
