[INFO] | 2024-11-10 07:38:46 AM | analyzer.0x00fe8ef58dc8282cac6e1d275acf0821c5084e88 | Analysis started at: 2024-11-10 07:38:46 AM
[INFO] | 2024-11-10 07:38:48 AM | analyzer.0x00fe8ef58dc8282cac6e1d275acf0821c5084e88 | Version constraints: ['^0.4.13']
[INFO] | 2024-11-10 07:38:48 AM | analyzer.0x00fe8ef58dc8282cac6e1d275acf0821c5084e88 | solc version: v0.4.13
[INFO] | 2024-11-10 07:38:50 AM | analyzer.0x00fe8ef58dc8282cac6e1d275acf0821c5084e88 | Callgraph generation started!
[INFO] | 2024-11-10 07:38:50 AM | analyzer.0x00fe8ef58dc8282cac6e1d275acf0821c5084e88 | Callgraph generation finished!
[INFO] | 2024-11-10 07:38:50 AM | analyzer.0x00fe8ef58dc8282cac6e1d275acf0821c5084e88 | Interprocedural CFG generation started!
[INFO] | 2024-11-10 07:38:51 AM | analyzer.0x00fe8ef58dc8282cac6e1d275acf0821c5084e88 | Interprocedural CFG generation finished!
[INFO] | 2024-11-10 07:38:51 AM | analyzer.0x00fe8ef58dc8282cac6e1d275acf0821c5084e88 | Storage dependency graph generation started!
[WARNING] | 2024-11-10 07:38:51 AM | analyzer.0x00fe8ef58dc8282cac6e1d275acf0821c5084e88 | Issues with getting the high level call destination address
[INFO] | 2024-11-10 07:38:51 AM | analyzer.0x00fe8ef58dc8282cac6e1d275acf0821c5084e88 | Storage dependency graph generation finished!
[INFO] | 2024-11-10 07:38:51 AM | analyzer.0x00fe8ef58dc8282cac6e1d275acf0821c5084e88 | Value Range Analysis started
[INFO] | 2024-11-10 07:38:51 AM | analyzer.0x00fe8ef58dc8282cac6e1d275acf0821c5084e88 | Generating return summary for slitherConstructorConstantVariables
[INFO] | 2024-11-10 07:38:51 AM | analyzer.0x00fe8ef58dc8282cac6e1d275acf0821c5084e88 | Return summary generated for slitherConstructorConstantVariables
[INFO] | 2024-11-10 07:38:51 AM | analyzer.0x00fe8ef58dc8282cac6e1d275acf0821c5084e88 | Range graph generated
[INFO] | 2024-11-10 07:38:51 AM | analyzer.0x00fe8ef58dc8282cac6e1d275acf0821c5084e88 | Processed function slitherConstructorConstantVariables
[INFO] | 2024-11-10 07:38:51 AM | analyzer.0x00fe8ef58dc8282cac6e1d275acf0821c5084e88 | Generating return summary for slitherConstructorConstantVariables
[INFO] | 2024-11-10 07:38:51 AM | analyzer.0x00fe8ef58dc8282cac6e1d275acf0821c5084e88 | Return summary generated for slitherConstructorConstantVariables
[INFO] | 2024-11-10 07:38:51 AM | analyzer.0x00fe8ef58dc8282cac6e1d275acf0821c5084e88 | Range graph generated
[INFO] | 2024-11-10 07:38:51 AM | analyzer.0x00fe8ef58dc8282cac6e1d275acf0821c5084e88 | Processed function slitherConstructorConstantVariables
[INFO] | 2024-11-10 07:38:51 AM | analyzer.0x00fe8ef58dc8282cac6e1d275acf0821c5084e88 | Generating return summary for slitherConstructorConstantVariables
[INFO] | 2024-11-10 07:38:51 AM | analyzer.0x00fe8ef58dc8282cac6e1d275acf0821c5084e88 | Return summary generated for slitherConstructorConstantVariables
[INFO] | 2024-11-10 07:38:51 AM | analyzer.0x00fe8ef58dc8282cac6e1d275acf0821c5084e88 | Range graph generated
[INFO] | 2024-11-10 07:38:51 AM | analyzer.0x00fe8ef58dc8282cac6e1d275acf0821c5084e88 | Processed function slitherConstructorConstantVariables
[INFO] | 2024-11-10 07:38:51 AM | analyzer.0x00fe8ef58dc8282cac6e1d275acf0821c5084e88 | Generating return summary for multiowned
[INFO] | 2024-11-10 07:38:51 AM | analyzer.0x00fe8ef58dc8282cac6e1d275acf0821c5084e88 | Return summary generated for multiowned
[INFO] | 2024-11-10 07:38:51 AM | analyzer.0x00fe8ef58dc8282cac6e1d275acf0821c5084e88 | Range graph generated
[INFO] | 2024-11-10 07:38:51 AM | analyzer.0x00fe8ef58dc8282cac6e1d275acf0821c5084e88 | Processed function multiowned
[INFO] | 2024-11-10 07:38:51 AM | analyzer.0x00fe8ef58dc8282cac6e1d275acf0821c5084e88 | Generating return summary for revoke
[INFO] | 2024-11-10 07:38:51 AM | analyzer.0x00fe8ef58dc8282cac6e1d275acf0821c5084e88 | Return summary generated for revoke
[INFO] | 2024-11-10 07:38:51 AM | analyzer.0x00fe8ef58dc8282cac6e1d275acf0821c5084e88 | State variable assignement do not exist
[INFO] | 2024-11-10 07:38:51 AM | analyzer.0x00fe8ef58dc8282cac6e1d275acf0821c5084e88 | Processed function revoke
[INFO] | 2024-11-10 07:38:51 AM | analyzer.0x00fe8ef58dc8282cac6e1d275acf0821c5084e88 | Generating return summary for getOwner
[INFO] | 2024-11-10 07:38:51 AM | analyzer.0x00fe8ef58dc8282cac6e1d275acf0821c5084e88 | Return summary generated for getOwner
[INFO] | 2024-11-10 07:38:51 AM | analyzer.0x00fe8ef58dc8282cac6e1d275acf0821c5084e88 | State variable assignement do not exist
[INFO] | 2024-11-10 07:38:51 AM | analyzer.0x00fe8ef58dc8282cac6e1d275acf0821c5084e88 | Processed function getOwner
[INFO] | 2024-11-10 07:38:51 AM | analyzer.0x00fe8ef58dc8282cac6e1d275acf0821c5084e88 | Generating return summary for isOwner
[INFO] | 2024-11-10 07:38:51 AM | analyzer.0x00fe8ef58dc8282cac6e1d275acf0821c5084e88 | Return summary generated for isOwner
[INFO] | 2024-11-10 07:38:51 AM | analyzer.0x00fe8ef58dc8282cac6e1d275acf0821c5084e88 | State variable assignement do not exist
[INFO] | 2024-11-10 07:38:51 AM | analyzer.0x00fe8ef58dc8282cac6e1d275acf0821c5084e88 | Processed function isOwner
[INFO] | 2024-11-10 07:38:51 AM | analyzer.0x00fe8ef58dc8282cac6e1d275acf0821c5084e88 | Generating return summary for hasConfirmed
[INFO] | 2024-11-10 07:38:51 AM | analyzer.0x00fe8ef58dc8282cac6e1d275acf0821c5084e88 | Return summary generated for hasConfirmed
[INFO] | 2024-11-10 07:38:51 AM | analyzer.0x00fe8ef58dc8282cac6e1d275acf0821c5084e88 | State variable assignement do not exist
[INFO] | 2024-11-10 07:38:51 AM | analyzer.0x00fe8ef58dc8282cac6e1d275acf0821c5084e88 | Processed function hasConfirmed
[INFO] | 2024-11-10 07:38:51 AM | analyzer.0x00fe8ef58dc8282cac6e1d275acf0821c5084e88 | Generating return summary for confirmAndCheck
[INFO] | 2024-11-10 07:38:51 AM | analyzer.0x00fe8ef58dc8282cac6e1d275acf0821c5084e88 | Return summary generated for confirmAndCheck
[INFO] | 2024-11-10 07:38:51 AM | analyzer.0x00fe8ef58dc8282cac6e1d275acf0821c5084e88 | Range graph generated
[INFO] | 2024-11-10 07:38:51 AM | analyzer.0x00fe8ef58dc8282cac6e1d275acf0821c5084e88 | Processed function confirmAndCheck
[INFO] | 2024-11-10 07:38:51 AM | analyzer.0x00fe8ef58dc8282cac6e1d275acf0821c5084e88 | Generating return summary for reorganizeOwners
[INFO] | 2024-11-10 07:38:51 AM | analyzer.0x00fe8ef58dc8282cac6e1d275acf0821c5084e88 | Return summary generated for reorganizeOwners
[INFO] | 2024-11-10 07:38:51 AM | analyzer.0x00fe8ef58dc8282cac6e1d275acf0821c5084e88 | Range graph generated
[INFO] | 2024-11-10 07:38:51 AM | analyzer.0x00fe8ef58dc8282cac6e1d275acf0821c5084e88 | Processed function reorganizeOwners
[INFO] | 2024-11-10 07:38:51 AM | analyzer.0x00fe8ef58dc8282cac6e1d275acf0821c5084e88 | Generating return summary for clearPending
[INFO] | 2024-11-10 07:38:51 AM | analyzer.0x00fe8ef58dc8282cac6e1d275acf0821c5084e88 | Return summary generated for clearPending
[INFO] | 2024-11-10 07:38:51 AM | analyzer.0x00fe8ef58dc8282cac6e1d275acf0821c5084e88 | State variable assignement do not exist
[INFO] | 2024-11-10 07:38:51 AM | analyzer.0x00fe8ef58dc8282cac6e1d275acf0821c5084e88 | Processed function clearPending
[INFO] | 2024-11-10 07:38:51 AM | analyzer.0x00fe8ef58dc8282cac6e1d275acf0821c5084e88 | Generating return summary for onlymanyowners
[INFO] | 2024-11-10 07:38:51 AM | analyzer.0x00fe8ef58dc8282cac6e1d275acf0821c5084e88 | Return summary generated for onlymanyowners
[INFO] | 2024-11-10 07:38:51 AM | analyzer.0x00fe8ef58dc8282cac6e1d275acf0821c5084e88 | Range graph generated
[INFO] | 2024-11-10 07:38:51 AM | analyzer.0x00fe8ef58dc8282cac6e1d275acf0821c5084e88 | Processed function onlymanyowners
[INFO] | 2024-11-10 07:38:51 AM | analyzer.0x00fe8ef58dc8282cac6e1d275acf0821c5084e88 | Generating return summary for multiowned
[INFO] | 2024-11-10 07:38:51 AM | analyzer.0x00fe8ef58dc8282cac6e1d275acf0821c5084e88 | Return summary generated for multiowned
[INFO] | 2024-11-10 07:38:51 AM | analyzer.0x00fe8ef58dc8282cac6e1d275acf0821c5084e88 | Range graph generated
[INFO] | 2024-11-10 07:38:51 AM | analyzer.0x00fe8ef58dc8282cac6e1d275acf0821c5084e88 | Processed function multiowned
[INFO] | 2024-11-10 07:38:51 AM | analyzer.0x00fe8ef58dc8282cac6e1d275acf0821c5084e88 | Generating return summary for revoke
[INFO] | 2024-11-10 07:38:51 AM | analyzer.0x00fe8ef58dc8282cac6e1d275acf0821c5084e88 | Return summary generated for revoke
[INFO] | 2024-11-10 07:38:51 AM | analyzer.0x00fe8ef58dc8282cac6e1d275acf0821c5084e88 | State variable assignement do not exist
[INFO] | 2024-11-10 07:38:51 AM | analyzer.0x00fe8ef58dc8282cac6e1d275acf0821c5084e88 | Processed function revoke
[INFO] | 2024-11-10 07:38:51 AM | analyzer.0x00fe8ef58dc8282cac6e1d275acf0821c5084e88 | Generating return summary for getOwner
[INFO] | 2024-11-10 07:38:51 AM | analyzer.0x00fe8ef58dc8282cac6e1d275acf0821c5084e88 | Return summary generated for getOwner
[INFO] | 2024-11-10 07:38:51 AM | analyzer.0x00fe8ef58dc8282cac6e1d275acf0821c5084e88 | State variable assignement do not exist
[INFO] | 2024-11-10 07:38:51 AM | analyzer.0x00fe8ef58dc8282cac6e1d275acf0821c5084e88 | Processed function getOwner
[INFO] | 2024-11-10 07:38:51 AM | analyzer.0x00fe8ef58dc8282cac6e1d275acf0821c5084e88 | Generating return summary for isOwner
[INFO] | 2024-11-10 07:38:51 AM | analyzer.0x00fe8ef58dc8282cac6e1d275acf0821c5084e88 | Return summary generated for isOwner
[INFO] | 2024-11-10 07:38:51 AM | analyzer.0x00fe8ef58dc8282cac6e1d275acf0821c5084e88 | State variable assignement do not exist
[INFO] | 2024-11-10 07:38:51 AM | analyzer.0x00fe8ef58dc8282cac6e1d275acf0821c5084e88 | Processed function isOwner
[INFO] | 2024-11-10 07:38:51 AM | analyzer.0x00fe8ef58dc8282cac6e1d275acf0821c5084e88 | Generating return summary for hasConfirmed
[INFO] | 2024-11-10 07:38:51 AM | analyzer.0x00fe8ef58dc8282cac6e1d275acf0821c5084e88 | Return summary generated for hasConfirmed
[INFO] | 2024-11-10 07:38:51 AM | analyzer.0x00fe8ef58dc8282cac6e1d275acf0821c5084e88 | State variable assignement do not exist
[INFO] | 2024-11-10 07:38:51 AM | analyzer.0x00fe8ef58dc8282cac6e1d275acf0821c5084e88 | Processed function hasConfirmed
[INFO] | 2024-11-10 07:38:51 AM | analyzer.0x00fe8ef58dc8282cac6e1d275acf0821c5084e88 | Generating return summary for confirmAndCheck
[INFO] | 2024-11-10 07:38:51 AM | analyzer.0x00fe8ef58dc8282cac6e1d275acf0821c5084e88 | Return summary generated for confirmAndCheck
[INFO] | 2024-11-10 07:38:51 AM | analyzer.0x00fe8ef58dc8282cac6e1d275acf0821c5084e88 | Range graph generated
[INFO] | 2024-11-10 07:38:51 AM | analyzer.0x00fe8ef58dc8282cac6e1d275acf0821c5084e88 | Processed function confirmAndCheck
[INFO] | 2024-11-10 07:38:51 AM | analyzer.0x00fe8ef58dc8282cac6e1d275acf0821c5084e88 | Generating return summary for reorganizeOwners
[INFO] | 2024-11-10 07:38:51 AM | analyzer.0x00fe8ef58dc8282cac6e1d275acf0821c5084e88 | Return summary generated for reorganizeOwners
[INFO] | 2024-11-10 07:38:51 AM | analyzer.0x00fe8ef58dc8282cac6e1d275acf0821c5084e88 | Range graph generated
[INFO] | 2024-11-10 07:38:51 AM | analyzer.0x00fe8ef58dc8282cac6e1d275acf0821c5084e88 | Processed function reorganizeOwners
[INFO] | 2024-11-10 07:38:51 AM | analyzer.0x00fe8ef58dc8282cac6e1d275acf0821c5084e88 | Generating return summary for clearPending
[INFO] | 2024-11-10 07:38:51 AM | analyzer.0x00fe8ef58dc8282cac6e1d275acf0821c5084e88 | Return summary generated for clearPending
[INFO] | 2024-11-10 07:38:51 AM | analyzer.0x00fe8ef58dc8282cac6e1d275acf0821c5084e88 | State variable assignement do not exist
[INFO] | 2024-11-10 07:38:51 AM | analyzer.0x00fe8ef58dc8282cac6e1d275acf0821c5084e88 | Processed function clearPending
[INFO] | 2024-11-10 07:38:51 AM | analyzer.0x00fe8ef58dc8282cac6e1d275acf0821c5084e88 | Generating return summary for today
[INFO] | 2024-11-10 07:38:51 AM | analyzer.0x00fe8ef58dc8282cac6e1d275acf0821c5084e88 | Return summary generated for today
[INFO] | 2024-11-10 07:38:51 AM | analyzer.0x00fe8ef58dc8282cac6e1d275acf0821c5084e88 | State variable assignement do not exist
[INFO] | 2024-11-10 07:38:51 AM | analyzer.0x00fe8ef58dc8282cac6e1d275acf0821c5084e88 | Processed function today
[INFO] | 2024-11-10 07:38:51 AM | analyzer.0x00fe8ef58dc8282cac6e1d275acf0821c5084e88 | Generating return summary for onlymanyowners
[INFO] | 2024-11-10 07:38:51 AM | analyzer.0x00fe8ef58dc8282cac6e1d275acf0821c5084e88 | Return summary generated for onlymanyowners
[INFO] | 2024-11-10 07:38:51 AM | analyzer.0x00fe8ef58dc8282cac6e1d275acf0821c5084e88 | Range graph generated
[INFO] | 2024-11-10 07:38:51 AM | analyzer.0x00fe8ef58dc8282cac6e1d275acf0821c5084e88 | Processed function onlymanyowners
[INFO] | 2024-11-10 07:38:51 AM | analyzer.0x00fe8ef58dc8282cac6e1d275acf0821c5084e88 | Generating return summary for onlyowner
[INFO] | 2024-11-10 07:38:51 AM | analyzer.0x00fe8ef58dc8282cac6e1d275acf0821c5084e88 | Return summary generated for onlyowner
[INFO] | 2024-11-10 07:38:51 AM | analyzer.0x00fe8ef58dc8282cac6e1d275acf0821c5084e88 | State variable assignement do not exist
[INFO] | 2024-11-10 07:38:51 AM | analyzer.0x00fe8ef58dc8282cac6e1d275acf0821c5084e88 | Processed function onlyowner
[INFO] | 2024-11-10 07:38:51 AM | analyzer.0x00fe8ef58dc8282cac6e1d275acf0821c5084e88 | Generating return summary for changeOwner
[INFO] | 2024-11-10 07:38:51 AM | analyzer.0x00fe8ef58dc8282cac6e1d275acf0821c5084e88 | Return summary generated for changeOwner
[INFO] | 2024-11-10 07:38:51 AM | analyzer.0x00fe8ef58dc8282cac6e1d275acf0821c5084e88 | State variable assignement do not exist
[INFO] | 2024-11-10 07:38:51 AM | analyzer.0x00fe8ef58dc8282cac6e1d275acf0821c5084e88 | Processed function changeOwner
[INFO] | 2024-11-10 07:38:51 AM | analyzer.0x00fe8ef58dc8282cac6e1d275acf0821c5084e88 | Generating return summary for execute
[INFO] | 2024-11-10 07:38:51 AM | analyzer.0x00fe8ef58dc8282cac6e1d275acf0821c5084e88 | Return summary generated for execute
[INFO] | 2024-11-10 07:38:51 AM | analyzer.0x00fe8ef58dc8282cac6e1d275acf0821c5084e88 | State variable assignement do not exist
[INFO] | 2024-11-10 07:38:51 AM | analyzer.0x00fe8ef58dc8282cac6e1d275acf0821c5084e88 | Processed function execute
[INFO] | 2024-11-10 07:38:51 AM | analyzer.0x00fe8ef58dc8282cac6e1d275acf0821c5084e88 | Generating return summary for confirm
[INFO] | 2024-11-10 07:38:51 AM | analyzer.0x00fe8ef58dc8282cac6e1d275acf0821c5084e88 | Return summary generated for confirm
[INFO] | 2024-11-10 07:38:51 AM | analyzer.0x00fe8ef58dc8282cac6e1d275acf0821c5084e88 | State variable assignement do not exist
[INFO] | 2024-11-10 07:38:51 AM | analyzer.0x00fe8ef58dc8282cac6e1d275acf0821c5084e88 | Processed function confirm
[INFO] | 2024-11-10 07:38:51 AM | analyzer.0x00fe8ef58dc8282cac6e1d275acf0821c5084e88 | Generating return summary for doCreate
[INFO] | 2024-11-10 07:38:51 AM | analyzer.0x00fe8ef58dc8282cac6e1d275acf0821c5084e88 | Return summary generated for doCreate
[INFO] | 2024-11-10 07:38:51 AM | analyzer.0x00fe8ef58dc8282cac6e1d275acf0821c5084e88 | State variable assignement do not exist
[INFO] | 2024-11-10 07:38:51 AM | analyzer.0x00fe8ef58dc8282cac6e1d275acf0821c5084e88 | Processed function doCreate
[INFO] | 2024-11-10 07:38:51 AM | analyzer.0x00fe8ef58dc8282cac6e1d275acf0821c5084e88 | Generating return summary for doCreate
[INFO] | 2024-11-10 07:38:51 AM | analyzer.0x00fe8ef58dc8282cac6e1d275acf0821c5084e88 | Return summary generated for doCreate
[INFO] | 2024-11-10 07:38:51 AM | analyzer.0x00fe8ef58dc8282cac6e1d275acf0821c5084e88 | State variable assignement do not exist
[INFO] | 2024-11-10 07:38:51 AM | analyzer.0x00fe8ef58dc8282cac6e1d275acf0821c5084e88 | Processed function doCreate
[INFO] | 2024-11-10 07:38:51 AM | analyzer.0x00fe8ef58dc8282cac6e1d275acf0821c5084e88 | Generating return summary for multiowned
[INFO] | 2024-11-10 07:38:51 AM | analyzer.0x00fe8ef58dc8282cac6e1d275acf0821c5084e88 | Return summary generated for multiowned
[INFO] | 2024-11-10 07:38:51 AM | analyzer.0x00fe8ef58dc8282cac6e1d275acf0821c5084e88 | Range graph generated
[INFO] | 2024-11-10 07:38:51 AM | analyzer.0x00fe8ef58dc8282cac6e1d275acf0821c5084e88 | Processed function multiowned
[INFO] | 2024-11-10 07:38:51 AM | analyzer.0x00fe8ef58dc8282cac6e1d275acf0821c5084e88 | Generating return summary for revoke
[INFO] | 2024-11-10 07:38:51 AM | analyzer.0x00fe8ef58dc8282cac6e1d275acf0821c5084e88 | Return summary generated for revoke
[INFO] | 2024-11-10 07:38:51 AM | analyzer.0x00fe8ef58dc8282cac6e1d275acf0821c5084e88 | State variable assignement do not exist
[INFO] | 2024-11-10 07:38:51 AM | analyzer.0x00fe8ef58dc8282cac6e1d275acf0821c5084e88 | Processed function revoke
[INFO] | 2024-11-10 07:38:51 AM | analyzer.0x00fe8ef58dc8282cac6e1d275acf0821c5084e88 | Generating return summary for getOwner
[INFO] | 2024-11-10 07:38:51 AM | analyzer.0x00fe8ef58dc8282cac6e1d275acf0821c5084e88 | Return summary generated for getOwner
[INFO] | 2024-11-10 07:38:51 AM | analyzer.0x00fe8ef58dc8282cac6e1d275acf0821c5084e88 | State variable assignement do not exist
[INFO] | 2024-11-10 07:38:51 AM | analyzer.0x00fe8ef58dc8282cac6e1d275acf0821c5084e88 | Processed function getOwner
[INFO] | 2024-11-10 07:38:51 AM | analyzer.0x00fe8ef58dc8282cac6e1d275acf0821c5084e88 | Generating return summary for isOwner
[INFO] | 2024-11-10 07:38:51 AM | analyzer.0x00fe8ef58dc8282cac6e1d275acf0821c5084e88 | Return summary generated for isOwner
[INFO] | 2024-11-10 07:38:51 AM | analyzer.0x00fe8ef58dc8282cac6e1d275acf0821c5084e88 | State variable assignement do not exist
[INFO] | 2024-11-10 07:38:51 AM | analyzer.0x00fe8ef58dc8282cac6e1d275acf0821c5084e88 | Processed function isOwner
[INFO] | 2024-11-10 07:38:51 AM | analyzer.0x00fe8ef58dc8282cac6e1d275acf0821c5084e88 | Generating return summary for hasConfirmed
[INFO] | 2024-11-10 07:38:51 AM | analyzer.0x00fe8ef58dc8282cac6e1d275acf0821c5084e88 | Return summary generated for hasConfirmed
[INFO] | 2024-11-10 07:38:51 AM | analyzer.0x00fe8ef58dc8282cac6e1d275acf0821c5084e88 | State variable assignement do not exist
[INFO] | 2024-11-10 07:38:51 AM | analyzer.0x00fe8ef58dc8282cac6e1d275acf0821c5084e88 | Processed function hasConfirmed
[INFO] | 2024-11-10 07:38:51 AM | analyzer.0x00fe8ef58dc8282cac6e1d275acf0821c5084e88 | Generating return summary for confirmAndCheck
[INFO] | 2024-11-10 07:38:51 AM | analyzer.0x00fe8ef58dc8282cac6e1d275acf0821c5084e88 | Return summary generated for confirmAndCheck
[INFO] | 2024-11-10 07:38:51 AM | analyzer.0x00fe8ef58dc8282cac6e1d275acf0821c5084e88 | Range graph generated
[INFO] | 2024-11-10 07:38:51 AM | analyzer.0x00fe8ef58dc8282cac6e1d275acf0821c5084e88 | Processed function confirmAndCheck
[INFO] | 2024-11-10 07:38:51 AM | analyzer.0x00fe8ef58dc8282cac6e1d275acf0821c5084e88 | Generating return summary for reorganizeOwners
[INFO] | 2024-11-10 07:38:51 AM | analyzer.0x00fe8ef58dc8282cac6e1d275acf0821c5084e88 | Return summary generated for reorganizeOwners
[INFO] | 2024-11-10 07:38:51 AM | analyzer.0x00fe8ef58dc8282cac6e1d275acf0821c5084e88 | Range graph generated
[INFO] | 2024-11-10 07:38:51 AM | analyzer.0x00fe8ef58dc8282cac6e1d275acf0821c5084e88 | Processed function reorganizeOwners
[INFO] | 2024-11-10 07:38:51 AM | analyzer.0x00fe8ef58dc8282cac6e1d275acf0821c5084e88 | Generating return summary for clearPending
[INFO] | 2024-11-10 07:38:51 AM | analyzer.0x00fe8ef58dc8282cac6e1d275acf0821c5084e88 | Return summary generated for clearPending
[INFO] | 2024-11-10 07:38:51 AM | analyzer.0x00fe8ef58dc8282cac6e1d275acf0821c5084e88 | State variable assignement do not exist
[INFO] | 2024-11-10 07:38:51 AM | analyzer.0x00fe8ef58dc8282cac6e1d275acf0821c5084e88 | Processed function clearPending
[INFO] | 2024-11-10 07:38:51 AM | analyzer.0x00fe8ef58dc8282cac6e1d275acf0821c5084e88 | Generating return summary for today
[INFO] | 2024-11-10 07:38:51 AM | analyzer.0x00fe8ef58dc8282cac6e1d275acf0821c5084e88 | Return summary generated for today
[INFO] | 2024-11-10 07:38:51 AM | analyzer.0x00fe8ef58dc8282cac6e1d275acf0821c5084e88 | State variable assignement do not exist
[INFO] | 2024-11-10 07:38:51 AM | analyzer.0x00fe8ef58dc8282cac6e1d275acf0821c5084e88 | Processed function today
[INFO] | 2024-11-10 07:38:51 AM | analyzer.0x00fe8ef58dc8282cac6e1d275acf0821c5084e88 | Generating return summary for changeOwner
[INFO] | 2024-11-10 07:38:51 AM | analyzer.0x00fe8ef58dc8282cac6e1d275acf0821c5084e88 | Return summary generated for changeOwner
[INFO] | 2024-11-10 07:38:51 AM | analyzer.0x00fe8ef58dc8282cac6e1d275acf0821c5084e88 | State variable assignement do not exist
[INFO] | 2024-11-10 07:38:51 AM | analyzer.0x00fe8ef58dc8282cac6e1d275acf0821c5084e88 | Processed function changeOwner
[INFO] | 2024-11-10 07:38:51 AM | analyzer.0x00fe8ef58dc8282cac6e1d275acf0821c5084e88 | Generating return summary for execute
[INFO] | 2024-11-10 07:38:51 AM | analyzer.0x00fe8ef58dc8282cac6e1d275acf0821c5084e88 | Return summary generated for execute
[INFO] | 2024-11-10 07:38:51 AM | analyzer.0x00fe8ef58dc8282cac6e1d275acf0821c5084e88 | State variable assignement do not exist
[INFO] | 2024-11-10 07:38:51 AM | analyzer.0x00fe8ef58dc8282cac6e1d275acf0821c5084e88 | Processed function execute
[INFO] | 2024-11-10 07:38:51 AM | analyzer.0x00fe8ef58dc8282cac6e1d275acf0821c5084e88 | Generating return summary for confirm
[INFO] | 2024-11-10 07:38:51 AM | analyzer.0x00fe8ef58dc8282cac6e1d275acf0821c5084e88 | Return summary generated for confirm
[INFO] | 2024-11-10 07:38:51 AM | analyzer.0x00fe8ef58dc8282cac6e1d275acf0821c5084e88 | State variable assignement do not exist
[INFO] | 2024-11-10 07:38:51 AM | analyzer.0x00fe8ef58dc8282cac6e1d275acf0821c5084e88 | Processed function confirm
[INFO] | 2024-11-10 07:38:51 AM | analyzer.0x00fe8ef58dc8282cac6e1d275acf0821c5084e88 | Generating return summary for fallback
[INFO] | 2024-11-10 07:38:51 AM | analyzer.0x00fe8ef58dc8282cac6e1d275acf0821c5084e88 | Return summary generated for fallback
[INFO] | 2024-11-10 07:38:51 AM | analyzer.0x00fe8ef58dc8282cac6e1d275acf0821c5084e88 | State variable assignement do not exist
[INFO] | 2024-11-10 07:38:51 AM | analyzer.0x00fe8ef58dc8282cac6e1d275acf0821c5084e88 | Processed function fallback
[INFO] | 2024-11-10 07:38:51 AM | analyzer.0x00fe8ef58dc8282cac6e1d275acf0821c5084e88 | Generating return summary for onlymanyowners
[INFO] | 2024-11-10 07:38:51 AM | analyzer.0x00fe8ef58dc8282cac6e1d275acf0821c5084e88 | Return summary generated for onlymanyowners
[INFO] | 2024-11-10 07:38:51 AM | analyzer.0x00fe8ef58dc8282cac6e1d275acf0821c5084e88 | Range graph generated
[INFO] | 2024-11-10 07:38:51 AM | analyzer.0x00fe8ef58dc8282cac6e1d275acf0821c5084e88 | Processed function onlymanyowners
[INFO] | 2024-11-10 07:38:51 AM | analyzer.0x00fe8ef58dc8282cac6e1d275acf0821c5084e88 | Generating return summary for onlyowner
[INFO] | 2024-11-10 07:38:51 AM | analyzer.0x00fe8ef58dc8282cac6e1d275acf0821c5084e88 | Return summary generated for onlyowner
[INFO] | 2024-11-10 07:38:51 AM | analyzer.0x00fe8ef58dc8282cac6e1d275acf0821c5084e88 | State variable assignement do not exist
[INFO] | 2024-11-10 07:38:51 AM | analyzer.0x00fe8ef58dc8282cac6e1d275acf0821c5084e88 | Processed function onlyowner
[INFO] | 2024-11-10 07:38:51 AM | analyzer.0x00fe8ef58dc8282cac6e1d275acf0821c5084e88 | Generating return summary for changeOwner
[INFO] | 2024-11-10 07:38:51 AM | analyzer.0x00fe8ef58dc8282cac6e1d275acf0821c5084e88 | Return summary generated for changeOwner
[INFO] | 2024-11-10 07:38:51 AM | analyzer.0x00fe8ef58dc8282cac6e1d275acf0821c5084e88 | Range graph generated
[INFO] | 2024-11-10 07:38:51 AM | analyzer.0x00fe8ef58dc8282cac6e1d275acf0821c5084e88 | Processed function changeOwner
[INFO] | 2024-11-10 07:38:51 AM | analyzer.0x00fe8ef58dc8282cac6e1d275acf0821c5084e88 | Generating return summary for addOwner
[INFO] | 2024-11-10 07:38:51 AM | analyzer.0x00fe8ef58dc8282cac6e1d275acf0821c5084e88 | Return summary generated for addOwner
[INFO] | 2024-11-10 07:38:51 AM | analyzer.0x00fe8ef58dc8282cac6e1d275acf0821c5084e88 | Range graph generated
[INFO] | 2024-11-10 07:38:51 AM | analyzer.0x00fe8ef58dc8282cac6e1d275acf0821c5084e88 | Processed function addOwner
[INFO] | 2024-11-10 07:38:51 AM | analyzer.0x00fe8ef58dc8282cac6e1d275acf0821c5084e88 | Generating return summary for removeOwner
[INFO] | 2024-11-10 07:38:51 AM | analyzer.0x00fe8ef58dc8282cac6e1d275acf0821c5084e88 | Return summary generated for removeOwner
[INFO] | 2024-11-10 07:38:51 AM | analyzer.0x00fe8ef58dc8282cac6e1d275acf0821c5084e88 | Range graph generated
[INFO] | 2024-11-10 07:38:51 AM | analyzer.0x00fe8ef58dc8282cac6e1d275acf0821c5084e88 | Processed function removeOwner
[INFO] | 2024-11-10 07:38:51 AM | analyzer.0x00fe8ef58dc8282cac6e1d275acf0821c5084e88 | Generating return summary for changeRequirement
[INFO] | 2024-11-10 07:38:51 AM | analyzer.0x00fe8ef58dc8282cac6e1d275acf0821c5084e88 | Return summary generated for changeRequirement
[INFO] | 2024-11-10 07:38:51 AM | analyzer.0x00fe8ef58dc8282cac6e1d275acf0821c5084e88 | Range graph generated
[INFO] | 2024-11-10 07:38:51 AM | analyzer.0x00fe8ef58dc8282cac6e1d275acf0821c5084e88 | Processed function changeRequirement
[INFO] | 2024-11-10 07:38:51 AM | analyzer.0x00fe8ef58dc8282cac6e1d275acf0821c5084e88 | Generating return summary for changeOwner
[INFO] | 2024-11-10 07:38:51 AM | analyzer.0x00fe8ef58dc8282cac6e1d275acf0821c5084e88 | Return summary generated for changeOwner
[INFO] | 2024-11-10 07:38:51 AM | analyzer.0x00fe8ef58dc8282cac6e1d275acf0821c5084e88 | Range graph generated
[INFO] | 2024-11-10 07:38:51 AM | analyzer.0x00fe8ef58dc8282cac6e1d275acf0821c5084e88 | Processed function changeOwner
[INFO] | 2024-11-10 07:38:51 AM | analyzer.0x00fe8ef58dc8282cac6e1d275acf0821c5084e88 | Generating return summary for addOwner
[INFO] | 2024-11-10 07:38:51 AM | analyzer.0x00fe8ef58dc8282cac6e1d275acf0821c5084e88 | Return summary generated for addOwner
[INFO] | 2024-11-10 07:38:51 AM | analyzer.0x00fe8ef58dc8282cac6e1d275acf0821c5084e88 | Range graph generated
[INFO] | 2024-11-10 07:38:51 AM | analyzer.0x00fe8ef58dc8282cac6e1d275acf0821c5084e88 | Processed function addOwner
[INFO] | 2024-11-10 07:38:51 AM | analyzer.0x00fe8ef58dc8282cac6e1d275acf0821c5084e88 | Generating return summary for removeOwner
[INFO] | 2024-11-10 07:38:51 AM | analyzer.0x00fe8ef58dc8282cac6e1d275acf0821c5084e88 | Return summary generated for removeOwner
[INFO] | 2024-11-10 07:38:51 AM | analyzer.0x00fe8ef58dc8282cac6e1d275acf0821c5084e88 | Range graph generated
[INFO] | 2024-11-10 07:38:51 AM | analyzer.0x00fe8ef58dc8282cac6e1d275acf0821c5084e88 | Processed function removeOwner
[INFO] | 2024-11-10 07:38:51 AM | analyzer.0x00fe8ef58dc8282cac6e1d275acf0821c5084e88 | Generating return summary for changeRequirement
[INFO] | 2024-11-10 07:38:51 AM | analyzer.0x00fe8ef58dc8282cac6e1d275acf0821c5084e88 | Return summary generated for changeRequirement
[INFO] | 2024-11-10 07:38:51 AM | analyzer.0x00fe8ef58dc8282cac6e1d275acf0821c5084e88 | Range graph generated
[INFO] | 2024-11-10 07:38:51 AM | analyzer.0x00fe8ef58dc8282cac6e1d275acf0821c5084e88 | Processed function changeRequirement
[INFO] | 2024-11-10 07:38:51 AM | analyzer.0x00fe8ef58dc8282cac6e1d275acf0821c5084e88 | Generating return summary for daylimit
[INFO] | 2024-11-10 07:38:51 AM | analyzer.0x00fe8ef58dc8282cac6e1d275acf0821c5084e88 | Return summary generated for daylimit
[INFO] | 2024-11-10 07:38:51 AM | analyzer.0x00fe8ef58dc8282cac6e1d275acf0821c5084e88 | Range graph generated
[INFO] | 2024-11-10 07:38:51 AM | analyzer.0x00fe8ef58dc8282cac6e1d275acf0821c5084e88 | Processed function daylimit
[INFO] | 2024-11-10 07:38:51 AM | analyzer.0x00fe8ef58dc8282cac6e1d275acf0821c5084e88 | Generating return summary for underLimit
[INFO] | 2024-11-10 07:38:51 AM | analyzer.0x00fe8ef58dc8282cac6e1d275acf0821c5084e88 | Return summary generated for underLimit
[INFO] | 2024-11-10 07:38:51 AM | analyzer.0x00fe8ef58dc8282cac6e1d275acf0821c5084e88 | Range graph generated
[INFO] | 2024-11-10 07:38:51 AM | analyzer.0x00fe8ef58dc8282cac6e1d275acf0821c5084e88 | Processed function underLimit
[INFO] | 2024-11-10 07:38:51 AM | analyzer.0x00fe8ef58dc8282cac6e1d275acf0821c5084e88 | Generating return summary for setDailyLimit
[INFO] | 2024-11-10 07:38:51 AM | analyzer.0x00fe8ef58dc8282cac6e1d275acf0821c5084e88 | Return summary generated for setDailyLimit
[INFO] | 2024-11-10 07:38:51 AM | analyzer.0x00fe8ef58dc8282cac6e1d275acf0821c5084e88 | Range graph generated
[INFO] | 2024-11-10 07:38:51 AM | analyzer.0x00fe8ef58dc8282cac6e1d275acf0821c5084e88 | Processed function setDailyLimit
[INFO] | 2024-11-10 07:38:51 AM | analyzer.0x00fe8ef58dc8282cac6e1d275acf0821c5084e88 | Generating return summary for resetSpentToday
[INFO] | 2024-11-10 07:38:51 AM | analyzer.0x00fe8ef58dc8282cac6e1d275acf0821c5084e88 | Return summary generated for resetSpentToday
[INFO] | 2024-11-10 07:38:51 AM | analyzer.0x00fe8ef58dc8282cac6e1d275acf0821c5084e88 | Range graph generated
[INFO] | 2024-11-10 07:38:51 AM | analyzer.0x00fe8ef58dc8282cac6e1d275acf0821c5084e88 | Processed function resetSpentToday
[INFO] | 2024-11-10 07:38:51 AM | analyzer.0x00fe8ef58dc8282cac6e1d275acf0821c5084e88 | Generating return summary for create
[INFO] | 2024-11-10 07:38:51 AM | analyzer.0x00fe8ef58dc8282cac6e1d275acf0821c5084e88 | Generating return summary for doCreate
[INFO] | 2024-11-10 07:38:51 AM | analyzer.0x00fe8ef58dc8282cac6e1d275acf0821c5084e88 | Return summary generated for doCreate
[INFO] | 2024-11-10 07:38:51 AM | analyzer.0x00fe8ef58dc8282cac6e1d275acf0821c5084e88 | Return summary generated for create
[INFO] | 2024-11-10 07:38:51 AM | analyzer.0x00fe8ef58dc8282cac6e1d275acf0821c5084e88 | State variable assignement do not exist
[INFO] | 2024-11-10 07:38:51 AM | analyzer.0x00fe8ef58dc8282cac6e1d275acf0821c5084e88 | Processed function create
[INFO] | 2024-11-10 07:38:51 AM | analyzer.0x00fe8ef58dc8282cac6e1d275acf0821c5084e88 | Generating return summary for clearPending
[INFO] | 2024-11-10 07:38:51 AM | analyzer.0x00fe8ef58dc8282cac6e1d275acf0821c5084e88 | Return summary generated for clearPending
[INFO] | 2024-11-10 07:38:51 AM | analyzer.0x00fe8ef58dc8282cac6e1d275acf0821c5084e88 | State variable assignement do not exist
[INFO] | 2024-11-10 07:38:51 AM | analyzer.0x00fe8ef58dc8282cac6e1d275acf0821c5084e88 | Processed function clearPending
[INFO] | 2024-11-10 07:38:51 AM | analyzer.0x00fe8ef58dc8282cac6e1d275acf0821c5084e88 | Generating return summary for daylimit
[INFO] | 2024-11-10 07:38:51 AM | analyzer.0x00fe8ef58dc8282cac6e1d275acf0821c5084e88 | Return summary generated for daylimit
[INFO] | 2024-11-10 07:38:51 AM | analyzer.0x00fe8ef58dc8282cac6e1d275acf0821c5084e88 | Range graph generated
[INFO] | 2024-11-10 07:38:51 AM | analyzer.0x00fe8ef58dc8282cac6e1d275acf0821c5084e88 | Processed function daylimit
[INFO] | 2024-11-10 07:38:51 AM | analyzer.0x00fe8ef58dc8282cac6e1d275acf0821c5084e88 | Generating return summary for underLimit
[INFO] | 2024-11-10 07:38:51 AM | analyzer.0x00fe8ef58dc8282cac6e1d275acf0821c5084e88 | Return summary generated for underLimit
[INFO] | 2024-11-10 07:38:51 AM | analyzer.0x00fe8ef58dc8282cac6e1d275acf0821c5084e88 | Range graph generated
[INFO] | 2024-11-10 07:38:51 AM | analyzer.0x00fe8ef58dc8282cac6e1d275acf0821c5084e88 | Processed function underLimit
[INFO] | 2024-11-10 07:38:51 AM | analyzer.0x00fe8ef58dc8282cac6e1d275acf0821c5084e88 | Generating return summary for setDailyLimit
[INFO] | 2024-11-10 07:38:51 AM | analyzer.0x00fe8ef58dc8282cac6e1d275acf0821c5084e88 | Return summary generated for setDailyLimit
[INFO] | 2024-11-10 07:38:51 AM | analyzer.0x00fe8ef58dc8282cac6e1d275acf0821c5084e88 | Range graph generated
[INFO] | 2024-11-10 07:38:51 AM | analyzer.0x00fe8ef58dc8282cac6e1d275acf0821c5084e88 | Processed function setDailyLimit
[INFO] | 2024-11-10 07:38:51 AM | analyzer.0x00fe8ef58dc8282cac6e1d275acf0821c5084e88 | Generating return summary for resetSpentToday
[INFO] | 2024-11-10 07:38:51 AM | analyzer.0x00fe8ef58dc8282cac6e1d275acf0821c5084e88 | Return summary generated for resetSpentToday
[INFO] | 2024-11-10 07:38:51 AM | analyzer.0x00fe8ef58dc8282cac6e1d275acf0821c5084e88 | Range graph generated
[INFO] | 2024-11-10 07:38:51 AM | analyzer.0x00fe8ef58dc8282cac6e1d275acf0821c5084e88 | Processed function resetSpentToday
[INFO] | 2024-11-10 07:38:51 AM | analyzer.0x00fe8ef58dc8282cac6e1d275acf0821c5084e88 | Generating return summary for kill
[INFO] | 2024-11-10 07:38:51 AM | analyzer.0x00fe8ef58dc8282cac6e1d275acf0821c5084e88 | Return summary generated for kill
[INFO] | 2024-11-10 07:38:51 AM | analyzer.0x00fe8ef58dc8282cac6e1d275acf0821c5084e88 | State variable assignement do not exist
[INFO] | 2024-11-10 07:38:51 AM | analyzer.0x00fe8ef58dc8282cac6e1d275acf0821c5084e88 | Processed function kill
[INFO] | 2024-11-10 07:38:51 AM | analyzer.0x00fe8ef58dc8282cac6e1d275acf0821c5084e88 | Generating return summary for Wallet
[INFO] | 2024-11-10 07:38:51 AM | analyzer.0x00fe8ef58dc8282cac6e1d275acf0821c5084e88 | Return summary generated for Wallet
[INFO] | 2024-11-10 07:38:51 AM | analyzer.0x00fe8ef58dc8282cac6e1d275acf0821c5084e88 | Range graph generated
[INFO] | 2024-11-10 07:38:51 AM | analyzer.0x00fe8ef58dc8282cac6e1d275acf0821c5084e88 | Processed function Wallet
[INFO] | 2024-11-10 07:38:51 AM | analyzer.0x00fe8ef58dc8282cac6e1d275acf0821c5084e88 | Generating return summary for confirm
[INFO] | 2024-11-10 07:38:51 AM | analyzer.0x00fe8ef58dc8282cac6e1d275acf0821c5084e88 | Return summary generated for confirm
[INFO] | 2024-11-10 07:38:51 AM | analyzer.0x00fe8ef58dc8282cac6e1d275acf0821c5084e88 | State variable assignement do not exist
[INFO] | 2024-11-10 07:38:51 AM | analyzer.0x00fe8ef58dc8282cac6e1d275acf0821c5084e88 | Processed function confirm
[INFO] | 2024-11-10 07:38:51 AM | analyzer.0x00fe8ef58dc8282cac6e1d275acf0821c5084e88 | Generating return summary for changeOwner
[INFO] | 2024-11-10 07:38:51 AM | analyzer.0x00fe8ef58dc8282cac6e1d275acf0821c5084e88 | Return summary generated for changeOwner
[INFO] | 2024-11-10 07:38:51 AM | analyzer.0x00fe8ef58dc8282cac6e1d275acf0821c5084e88 | Range graph generated
[INFO] | 2024-11-10 07:38:51 AM | analyzer.0x00fe8ef58dc8282cac6e1d275acf0821c5084e88 | Processed function changeOwner
[INFO] | 2024-11-10 07:38:51 AM | analyzer.0x00fe8ef58dc8282cac6e1d275acf0821c5084e88 | Generating return summary for addOwner
[INFO] | 2024-11-10 07:38:51 AM | analyzer.0x00fe8ef58dc8282cac6e1d275acf0821c5084e88 | Return summary generated for addOwner
[INFO] | 2024-11-10 07:38:51 AM | analyzer.0x00fe8ef58dc8282cac6e1d275acf0821c5084e88 | Range graph generated
[INFO] | 2024-11-10 07:38:51 AM | analyzer.0x00fe8ef58dc8282cac6e1d275acf0821c5084e88 | Processed function addOwner
[INFO] | 2024-11-10 07:38:51 AM | analyzer.0x00fe8ef58dc8282cac6e1d275acf0821c5084e88 | Generating return summary for removeOwner
[INFO] | 2024-11-10 07:38:51 AM | analyzer.0x00fe8ef58dc8282cac6e1d275acf0821c5084e88 | Return summary generated for removeOwner
[INFO] | 2024-11-10 07:38:51 AM | analyzer.0x00fe8ef58dc8282cac6e1d275acf0821c5084e88 | Range graph generated
[INFO] | 2024-11-10 07:38:51 AM | analyzer.0x00fe8ef58dc8282cac6e1d275acf0821c5084e88 | Processed function removeOwner
[INFO] | 2024-11-10 07:38:51 AM | analyzer.0x00fe8ef58dc8282cac6e1d275acf0821c5084e88 | Generating return summary for changeRequirement
[INFO] | 2024-11-10 07:38:51 AM | analyzer.0x00fe8ef58dc8282cac6e1d275acf0821c5084e88 | Return summary generated for changeRequirement
[INFO] | 2024-11-10 07:38:51 AM | analyzer.0x00fe8ef58dc8282cac6e1d275acf0821c5084e88 | Range graph generated
[INFO] | 2024-11-10 07:38:51 AM | analyzer.0x00fe8ef58dc8282cac6e1d275acf0821c5084e88 | Processed function changeRequirement
[INFO] | 2024-11-10 07:38:51 AM | analyzer.0x00fe8ef58dc8282cac6e1d275acf0821c5084e88 | Generating return summary for execute
[INFO] | 2024-11-10 07:38:51 AM | analyzer.0x00fe8ef58dc8282cac6e1d275acf0821c5084e88 | Return summary generated for execute
[INFO] | 2024-11-10 07:38:51 AM | analyzer.0x00fe8ef58dc8282cac6e1d275acf0821c5084e88 | Range graph generated
[INFO] | 2024-11-10 07:38:51 AM | analyzer.0x00fe8ef58dc8282cac6e1d275acf0821c5084e88 | Processed function execute
[INFO] | 2024-11-10 07:38:51 AM | analyzer.0x00fe8ef58dc8282cac6e1d275acf0821c5084e88 | Value Range Analysis took 0.081572 seconds
[INFO] | 2024-11-10 07:38:51 AM | analyzer.0x00fe8ef58dc8282cac6e1d275acf0821c5084e88 | Value Range Analysis finished
[INFO] | 2024-11-10 07:38:51 AM | analyzer.0x00fe8ef58dc8282cac6e1d275acf0821c5084e88 | Storage dependency graph compostion started!
[INFO] | 2024-11-10 07:38:51 AM | analyzer.0x00fe8ef58dc8282cac6e1d275acf0821c5084e88 | Storage dependency graph compostion finished!
[INFO] | 2024-11-10 07:38:51 AM | analyzer.0x00fe8ef58dc8282cac6e1d275acf0821c5084e88 | Dependency detection started!
[INFO] | 2024-11-10 07:38:51 AM | analyzer.0x00fe8ef58dc8282cac6e1d275acf0821c5084e88 | Dependency detection finished!
[INFO] | 2024-11-10 07:38:51 AM | analyzer.0x00fe8ef58dc8282cac6e1d275acf0821c5084e88 | Static Analysis took 5.478238 seconds
[INFO] | 2024-11-10 07:38:51 AM | analyzer.0x00fe8ef58dc8282cac6e1d275acf0821c5084e88 | Dependency does not exist
[INFO] | 2024-11-10 07:38:51 AM | analyzer.0x00fe8ef58dc8282cac6e1d275acf0821c5084e88 | Symbolic execution is not needed!
[INFO] | 2024-11-10 07:38:51 AM | analyzer.0x00fe8ef58dc8282cac6e1d275acf0821c5084e88 | Analysis finished!
[INFO] | 2024-11-10 07:38:51 AM | analyzer.0x00fe8ef58dc8282cac6e1d275acf0821c5084e88 | Analysis took 5.478864 seconds
[INFO] | 2024-11-10 07:38:51 AM | analyzer.0x00fe8ef58dc8282cac6e1d275acf0821c5084e88 | Analysis finished at: 2024-11-10 07:38:51 AM
