[INFO] | 2024-11-10 07:37:48 AM | analyzer.0x2c92744a0428e405e95dc3eb812e1b87872b22eb | Analysis started at: 2024-11-10 07:37:48 AM
[INFO] | 2024-11-10 07:37:52 AM | analyzer.0x2c92744a0428e405e95dc3eb812e1b87872b22eb | Version constraints: ['^0.6.2', '^0.6.0']
[INFO] | 2024-11-10 07:37:52 AM | analyzer.0x2c92744a0428e405e95dc3eb812e1b87872b22eb | solc version: v0.6.2
[INFO] | 2024-11-10 07:37:55 AM | analyzer.0x2c92744a0428e405e95dc3eb812e1b87872b22eb | Callgraph generation started!
[INFO] | 2024-11-10 07:37:55 AM | analyzer.0x2c92744a0428e405e95dc3eb812e1b87872b22eb | Callgraph generation finished!
[INFO] | 2024-11-10 07:37:55 AM | analyzer.0x2c92744a0428e405e95dc3eb812e1b87872b22eb | Interprocedural CFG generation started!
[INFO] | 2024-11-10 07:37:56 AM | analyzer.0x2c92744a0428e405e95dc3eb812e1b87872b22eb | Interprocedural CFG generation finished!
[INFO] | 2024-11-10 07:37:56 AM | analyzer.0x2c92744a0428e405e95dc3eb812e1b87872b22eb | Storage dependency graph generation started!
[INFO] | 2024-11-10 07:37:56 AM | analyzer.0x2c92744a0428e405e95dc3eb812e1b87872b22eb | Storage dependency graph generation finished!
[INFO] | 2024-11-10 07:37:56 AM | analyzer.0x2c92744a0428e405e95dc3eb812e1b87872b22eb | Value Range Analysis started
[INFO] | 2024-11-10 07:37:56 AM | analyzer.0x2c92744a0428e405e95dc3eb812e1b87872b22eb | Generating return summary for slitherConstructorConstantVariables
[INFO] | 2024-11-10 07:37:56 AM | analyzer.0x2c92744a0428e405e95dc3eb812e1b87872b22eb | Return summary generated for slitherConstructorConstantVariables
[INFO] | 2024-11-10 07:37:56 AM | analyzer.0x2c92744a0428e405e95dc3eb812e1b87872b22eb | Range graph generated
[INFO] | 2024-11-10 07:37:56 AM | analyzer.0x2c92744a0428e405e95dc3eb812e1b87872b22eb | Processed function slitherConstructorConstantVariables
[INFO] | 2024-11-10 07:37:56 AM | analyzer.0x2c92744a0428e405e95dc3eb812e1b87872b22eb | Generating return summary for slitherConstructorConstantVariables
[INFO] | 2024-11-10 07:37:56 AM | analyzer.0x2c92744a0428e405e95dc3eb812e1b87872b22eb | Return summary generated for slitherConstructorConstantVariables
[INFO] | 2024-11-10 07:37:56 AM | analyzer.0x2c92744a0428e405e95dc3eb812e1b87872b22eb | Range graph generated
[INFO] | 2024-11-10 07:37:56 AM | analyzer.0x2c92744a0428e405e95dc3eb812e1b87872b22eb | Processed function slitherConstructorConstantVariables
[INFO] | 2024-11-10 07:37:56 AM | analyzer.0x2c92744a0428e405e95dc3eb812e1b87872b22eb | Generating return summary for add
[INFO] | 2024-11-10 07:37:56 AM | analyzer.0x2c92744a0428e405e95dc3eb812e1b87872b22eb | Return summary generated for add
[INFO] | 2024-11-10 07:37:56 AM | analyzer.0x2c92744a0428e405e95dc3eb812e1b87872b22eb | State variable assignement do not exist
[INFO] | 2024-11-10 07:37:56 AM | analyzer.0x2c92744a0428e405e95dc3eb812e1b87872b22eb | Processed function add
[INFO] | 2024-11-10 07:37:56 AM | analyzer.0x2c92744a0428e405e95dc3eb812e1b87872b22eb | Generating return summary for sub
[INFO] | 2024-11-10 07:37:56 AM | analyzer.0x2c92744a0428e405e95dc3eb812e1b87872b22eb | Return summary generated for sub
[INFO] | 2024-11-10 07:37:56 AM | analyzer.0x2c92744a0428e405e95dc3eb812e1b87872b22eb | State variable assignement do not exist
[INFO] | 2024-11-10 07:37:56 AM | analyzer.0x2c92744a0428e405e95dc3eb812e1b87872b22eb | Processed function sub
[INFO] | 2024-11-10 07:37:56 AM | analyzer.0x2c92744a0428e405e95dc3eb812e1b87872b22eb | Generating return summary for mul
[INFO] | 2024-11-10 07:37:56 AM | analyzer.0x2c92744a0428e405e95dc3eb812e1b87872b22eb | Return summary generated for mul
[INFO] | 2024-11-10 07:37:56 AM | analyzer.0x2c92744a0428e405e95dc3eb812e1b87872b22eb | State variable assignement do not exist
[INFO] | 2024-11-10 07:37:56 AM | analyzer.0x2c92744a0428e405e95dc3eb812e1b87872b22eb | Processed function mul
[INFO] | 2024-11-10 07:37:56 AM | analyzer.0x2c92744a0428e405e95dc3eb812e1b87872b22eb | Generating return summary for div
[INFO] | 2024-11-10 07:37:56 AM | analyzer.0x2c92744a0428e405e95dc3eb812e1b87872b22eb | Return summary generated for div
[INFO] | 2024-11-10 07:37:56 AM | analyzer.0x2c92744a0428e405e95dc3eb812e1b87872b22eb | State variable assignement do not exist
[INFO] | 2024-11-10 07:37:56 AM | analyzer.0x2c92744a0428e405e95dc3eb812e1b87872b22eb | Processed function div
[INFO] | 2024-11-10 07:37:56 AM | analyzer.0x2c92744a0428e405e95dc3eb812e1b87872b22eb | Generating return summary for mod
[INFO] | 2024-11-10 07:37:56 AM | analyzer.0x2c92744a0428e405e95dc3eb812e1b87872b22eb | Return summary generated for mod
[INFO] | 2024-11-10 07:37:56 AM | analyzer.0x2c92744a0428e405e95dc3eb812e1b87872b22eb | State variable assignement do not exist
[INFO] | 2024-11-10 07:37:56 AM | analyzer.0x2c92744a0428e405e95dc3eb812e1b87872b22eb | Processed function mod
[INFO] | 2024-11-10 07:37:56 AM | analyzer.0x2c92744a0428e405e95dc3eb812e1b87872b22eb | Generating return summary for sortTokens
[INFO] | 2024-11-10 07:37:56 AM | analyzer.0x2c92744a0428e405e95dc3eb812e1b87872b22eb | Return summary generated for sortTokens
[INFO] | 2024-11-10 07:37:56 AM | analyzer.0x2c92744a0428e405e95dc3eb812e1b87872b22eb | State variable assignement do not exist
[INFO] | 2024-11-10 07:37:56 AM | analyzer.0x2c92744a0428e405e95dc3eb812e1b87872b22eb | Processed function sortTokens
[INFO] | 2024-11-10 07:37:56 AM | analyzer.0x2c92744a0428e405e95dc3eb812e1b87872b22eb | Generating return summary for getReserves
[INFO] | 2024-11-10 07:37:56 AM | analyzer.0x2c92744a0428e405e95dc3eb812e1b87872b22eb | Return summary generated for getReserves
[INFO] | 2024-11-10 07:37:56 AM | analyzer.0x2c92744a0428e405e95dc3eb812e1b87872b22eb | State variable assignement do not exist
[INFO] | 2024-11-10 07:37:56 AM | analyzer.0x2c92744a0428e405e95dc3eb812e1b87872b22eb | Processed function getReserves
[INFO] | 2024-11-10 07:37:56 AM | analyzer.0x2c92744a0428e405e95dc3eb812e1b87872b22eb | Generating return summary for _msgSender
[INFO] | 2024-11-10 07:37:56 AM | analyzer.0x2c92744a0428e405e95dc3eb812e1b87872b22eb | Return summary generated for _msgSender
[INFO] | 2024-11-10 07:37:56 AM | analyzer.0x2c92744a0428e405e95dc3eb812e1b87872b22eb | State variable assignement do not exist
[INFO] | 2024-11-10 07:37:56 AM | analyzer.0x2c92744a0428e405e95dc3eb812e1b87872b22eb | Processed function _msgSender
[INFO] | 2024-11-10 07:37:56 AM | analyzer.0x2c92744a0428e405e95dc3eb812e1b87872b22eb | Generating return summary for _msgData
[INFO] | 2024-11-10 07:37:56 AM | analyzer.0x2c92744a0428e405e95dc3eb812e1b87872b22eb | Return summary generated for _msgData
[INFO] | 2024-11-10 07:37:56 AM | analyzer.0x2c92744a0428e405e95dc3eb812e1b87872b22eb | State variable assignement do not exist
[INFO] | 2024-11-10 07:37:56 AM | analyzer.0x2c92744a0428e405e95dc3eb812e1b87872b22eb | Processed function _msgData
[INFO] | 2024-11-10 07:37:56 AM | analyzer.0x2c92744a0428e405e95dc3eb812e1b87872b22eb | Generating return summary for _msgSender
[INFO] | 2024-11-10 07:37:56 AM | analyzer.0x2c92744a0428e405e95dc3eb812e1b87872b22eb | Return summary generated for _msgSender
[INFO] | 2024-11-10 07:37:56 AM | analyzer.0x2c92744a0428e405e95dc3eb812e1b87872b22eb | State variable assignement do not exist
[INFO] | 2024-11-10 07:37:56 AM | analyzer.0x2c92744a0428e405e95dc3eb812e1b87872b22eb | Processed function _msgSender
[INFO] | 2024-11-10 07:37:56 AM | analyzer.0x2c92744a0428e405e95dc3eb812e1b87872b22eb | Generating return summary for _msgData
[INFO] | 2024-11-10 07:37:56 AM | analyzer.0x2c92744a0428e405e95dc3eb812e1b87872b22eb | Return summary generated for _msgData
[INFO] | 2024-11-10 07:37:56 AM | analyzer.0x2c92744a0428e405e95dc3eb812e1b87872b22eb | State variable assignement do not exist
[INFO] | 2024-11-10 07:37:56 AM | analyzer.0x2c92744a0428e405e95dc3eb812e1b87872b22eb | Processed function _msgData
[INFO] | 2024-11-10 07:37:56 AM | analyzer.0x2c92744a0428e405e95dc3eb812e1b87872b22eb | Generating return summary for constructor
[INFO] | 2024-11-10 07:37:56 AM | analyzer.0x2c92744a0428e405e95dc3eb812e1b87872b22eb | Return summary generated for constructor
[INFO] | 2024-11-10 07:37:56 AM | analyzer.0x2c92744a0428e405e95dc3eb812e1b87872b22eb | Range graph generated
[INFO] | 2024-11-10 07:37:56 AM | analyzer.0x2c92744a0428e405e95dc3eb812e1b87872b22eb | Processed function constructor
[INFO] | 2024-11-10 07:37:56 AM | analyzer.0x2c92744a0428e405e95dc3eb812e1b87872b22eb | Generating return summary for paused
[INFO] | 2024-11-10 07:37:56 AM | analyzer.0x2c92744a0428e405e95dc3eb812e1b87872b22eb | Return summary generated for paused
[INFO] | 2024-11-10 07:37:56 AM | analyzer.0x2c92744a0428e405e95dc3eb812e1b87872b22eb | State variable assignement do not exist
[INFO] | 2024-11-10 07:37:56 AM | analyzer.0x2c92744a0428e405e95dc3eb812e1b87872b22eb | Processed function paused
[INFO] | 2024-11-10 07:37:56 AM | analyzer.0x2c92744a0428e405e95dc3eb812e1b87872b22eb | Generating return summary for whenNotPaused
[INFO] | 2024-11-10 07:37:56 AM | analyzer.0x2c92744a0428e405e95dc3eb812e1b87872b22eb | Return summary generated for whenNotPaused
[INFO] | 2024-11-10 07:37:56 AM | analyzer.0x2c92744a0428e405e95dc3eb812e1b87872b22eb | State variable assignement do not exist
[INFO] | 2024-11-10 07:37:56 AM | analyzer.0x2c92744a0428e405e95dc3eb812e1b87872b22eb | Processed function whenNotPaused
[INFO] | 2024-11-10 07:37:56 AM | analyzer.0x2c92744a0428e405e95dc3eb812e1b87872b22eb | Generating return summary for whenPaused
[INFO] | 2024-11-10 07:37:56 AM | analyzer.0x2c92744a0428e405e95dc3eb812e1b87872b22eb | Return summary generated for whenPaused
[INFO] | 2024-11-10 07:37:56 AM | analyzer.0x2c92744a0428e405e95dc3eb812e1b87872b22eb | State variable assignement do not exist
[INFO] | 2024-11-10 07:37:56 AM | analyzer.0x2c92744a0428e405e95dc3eb812e1b87872b22eb | Processed function whenPaused
[INFO] | 2024-11-10 07:37:56 AM | analyzer.0x2c92744a0428e405e95dc3eb812e1b87872b22eb | Generating return summary for _msgSender
[INFO] | 2024-11-10 07:37:56 AM | analyzer.0x2c92744a0428e405e95dc3eb812e1b87872b22eb | Return summary generated for _msgSender
[INFO] | 2024-11-10 07:37:56 AM | analyzer.0x2c92744a0428e405e95dc3eb812e1b87872b22eb | State variable assignement do not exist
[INFO] | 2024-11-10 07:37:56 AM | analyzer.0x2c92744a0428e405e95dc3eb812e1b87872b22eb | Processed function _msgSender
[INFO] | 2024-11-10 07:37:56 AM | analyzer.0x2c92744a0428e405e95dc3eb812e1b87872b22eb | Generating return summary for _msgData
[INFO] | 2024-11-10 07:37:56 AM | analyzer.0x2c92744a0428e405e95dc3eb812e1b87872b22eb | Return summary generated for _msgData
[INFO] | 2024-11-10 07:37:56 AM | analyzer.0x2c92744a0428e405e95dc3eb812e1b87872b22eb | State variable assignement do not exist
[INFO] | 2024-11-10 07:37:56 AM | analyzer.0x2c92744a0428e405e95dc3eb812e1b87872b22eb | Processed function _msgData
[INFO] | 2024-11-10 07:37:56 AM | analyzer.0x2c92744a0428e405e95dc3eb812e1b87872b22eb | Generating return summary for owner
[INFO] | 2024-11-10 07:37:56 AM | analyzer.0x2c92744a0428e405e95dc3eb812e1b87872b22eb | Return summary generated for owner
[INFO] | 2024-11-10 07:37:56 AM | analyzer.0x2c92744a0428e405e95dc3eb812e1b87872b22eb | State variable assignement do not exist
[INFO] | 2024-11-10 07:37:56 AM | analyzer.0x2c92744a0428e405e95dc3eb812e1b87872b22eb | Processed function owner
[INFO] | 2024-11-10 07:37:56 AM | analyzer.0x2c92744a0428e405e95dc3eb812e1b87872b22eb | Generating return summary for onlyOwner
[INFO] | 2024-11-10 07:37:56 AM | analyzer.0x2c92744a0428e405e95dc3eb812e1b87872b22eb | Return summary generated for onlyOwner
[INFO] | 2024-11-10 07:37:56 AM | analyzer.0x2c92744a0428e405e95dc3eb812e1b87872b22eb | State variable assignement do not exist
[INFO] | 2024-11-10 07:37:56 AM | analyzer.0x2c92744a0428e405e95dc3eb812e1b87872b22eb | Processed function onlyOwner
[INFO] | 2024-11-10 07:37:56 AM | analyzer.0x2c92744a0428e405e95dc3eb812e1b87872b22eb | Generating return summary for constructor
[INFO] | 2024-11-10 07:37:56 AM | analyzer.0x2c92744a0428e405e95dc3eb812e1b87872b22eb | Return summary generated for constructor
[INFO] | 2024-11-10 07:37:56 AM | analyzer.0x2c92744a0428e405e95dc3eb812e1b87872b22eb | Range graph generated
[INFO] | 2024-11-10 07:37:56 AM | analyzer.0x2c92744a0428e405e95dc3eb812e1b87872b22eb | Processed function constructor
[INFO] | 2024-11-10 07:37:56 AM | analyzer.0x2c92744a0428e405e95dc3eb812e1b87872b22eb | Generating return summary for balanceOf
[INFO] | 2024-11-10 07:37:56 AM | analyzer.0x2c92744a0428e405e95dc3eb812e1b87872b22eb | Return summary generated for balanceOf
[INFO] | 2024-11-10 07:37:56 AM | analyzer.0x2c92744a0428e405e95dc3eb812e1b87872b22eb | State variable assignement do not exist
[INFO] | 2024-11-10 07:37:56 AM | analyzer.0x2c92744a0428e405e95dc3eb812e1b87872b22eb | Processed function balanceOf
[INFO] | 2024-11-10 07:37:56 AM | analyzer.0x2c92744a0428e405e95dc3eb812e1b87872b22eb | Generating return summary for approve
[INFO] | 2024-11-10 07:37:56 AM | analyzer.0x2c92744a0428e405e95dc3eb812e1b87872b22eb | Return summary generated for approve
[INFO] | 2024-11-10 07:37:56 AM | analyzer.0x2c92744a0428e405e95dc3eb812e1b87872b22eb | State variable assignement do not exist
[INFO] | 2024-11-10 07:37:56 AM | analyzer.0x2c92744a0428e405e95dc3eb812e1b87872b22eb | Processed function approve
[INFO] | 2024-11-10 07:37:56 AM | analyzer.0x2c92744a0428e405e95dc3eb812e1b87872b22eb | Generating return summary for transfer
[INFO] | 2024-11-10 07:37:56 AM | analyzer.0x2c92744a0428e405e95dc3eb812e1b87872b22eb | Return summary generated for transfer
[INFO] | 2024-11-10 07:37:56 AM | analyzer.0x2c92744a0428e405e95dc3eb812e1b87872b22eb | State variable assignement do not exist
[INFO] | 2024-11-10 07:37:56 AM | analyzer.0x2c92744a0428e405e95dc3eb812e1b87872b22eb | Processed function transfer
[INFO] | 2024-11-10 07:37:56 AM | analyzer.0x2c92744a0428e405e95dc3eb812e1b87872b22eb | Generating return summary for transferFrom
[INFO] | 2024-11-10 07:37:56 AM | analyzer.0x2c92744a0428e405e95dc3eb812e1b87872b22eb | Return summary generated for transferFrom
[INFO] | 2024-11-10 07:37:56 AM | analyzer.0x2c92744a0428e405e95dc3eb812e1b87872b22eb | State variable assignement do not exist
[INFO] | 2024-11-10 07:37:56 AM | analyzer.0x2c92744a0428e405e95dc3eb812e1b87872b22eb | Processed function transferFrom
[INFO] | 2024-11-10 07:37:56 AM | analyzer.0x2c92744a0428e405e95dc3eb812e1b87872b22eb | Generating return summary for getFighter
[INFO] | 2024-11-10 07:37:56 AM | analyzer.0x2c92744a0428e405e95dc3eb812e1b87872b22eb | Return summary generated for getFighter
[INFO] | 2024-11-10 07:37:56 AM | analyzer.0x2c92744a0428e405e95dc3eb812e1b87872b22eb | State variable assignement do not exist
[INFO] | 2024-11-10 07:37:56 AM | analyzer.0x2c92744a0428e405e95dc3eb812e1b87872b22eb | Processed function getFighter
[INFO] | 2024-11-10 07:37:56 AM | analyzer.0x2c92744a0428e405e95dc3eb812e1b87872b22eb | Generating return summary for mint
[INFO] | 2024-11-10 07:37:56 AM | analyzer.0x2c92744a0428e405e95dc3eb812e1b87872b22eb | Return summary generated for mint
[INFO] | 2024-11-10 07:37:56 AM | analyzer.0x2c92744a0428e405e95dc3eb812e1b87872b22eb | State variable assignement do not exist
[INFO] | 2024-11-10 07:37:56 AM | analyzer.0x2c92744a0428e405e95dc3eb812e1b87872b22eb | Processed function mint
[INFO] | 2024-11-10 07:37:56 AM | analyzer.0x2c92744a0428e405e95dc3eb812e1b87872b22eb | Generating return summary for swapExactETHForTokens
[INFO] | 2024-11-10 07:37:56 AM | analyzer.0x2c92744a0428e405e95dc3eb812e1b87872b22eb | Return summary generated for swapExactETHForTokens
[INFO] | 2024-11-10 07:37:56 AM | analyzer.0x2c92744a0428e405e95dc3eb812e1b87872b22eb | State variable assignement do not exist
[INFO] | 2024-11-10 07:37:56 AM | analyzer.0x2c92744a0428e405e95dc3eb812e1b87872b22eb | Processed function swapExactETHForTokens
[INFO] | 2024-11-10 07:37:56 AM | analyzer.0x2c92744a0428e405e95dc3eb812e1b87872b22eb | Generating return summary for addLiquidityETH
[INFO] | 2024-11-10 07:37:56 AM | analyzer.0x2c92744a0428e405e95dc3eb812e1b87872b22eb | Return summary generated for addLiquidityETH
[INFO] | 2024-11-10 07:37:56 AM | analyzer.0x2c92744a0428e405e95dc3eb812e1b87872b22eb | State variable assignement do not exist
[INFO] | 2024-11-10 07:37:56 AM | analyzer.0x2c92744a0428e405e95dc3eb812e1b87872b22eb | Processed function addLiquidityETH
[INFO] | 2024-11-10 07:37:56 AM | analyzer.0x2c92744a0428e405e95dc3eb812e1b87872b22eb | Generating return summary for WETH
[INFO] | 2024-11-10 07:37:56 AM | analyzer.0x2c92744a0428e405e95dc3eb812e1b87872b22eb | Return summary generated for WETH
[INFO] | 2024-11-10 07:37:56 AM | analyzer.0x2c92744a0428e405e95dc3eb812e1b87872b22eb | State variable assignement do not exist
[INFO] | 2024-11-10 07:37:56 AM | analyzer.0x2c92744a0428e405e95dc3eb812e1b87872b22eb | Processed function WETH
[INFO] | 2024-11-10 07:37:56 AM | analyzer.0x2c92744a0428e405e95dc3eb812e1b87872b22eb | Generating return summary for getAmountsOut
[INFO] | 2024-11-10 07:37:56 AM | analyzer.0x2c92744a0428e405e95dc3eb812e1b87872b22eb | Return summary generated for getAmountsOut
[INFO] | 2024-11-10 07:37:56 AM | analyzer.0x2c92744a0428e405e95dc3eb812e1b87872b22eb | State variable assignement do not exist
[INFO] | 2024-11-10 07:37:56 AM | analyzer.0x2c92744a0428e405e95dc3eb812e1b87872b22eb | Processed function getAmountsOut
[INFO] | 2024-11-10 07:37:56 AM | analyzer.0x2c92744a0428e405e95dc3eb812e1b87872b22eb | Generating return summary for getPair
[INFO] | 2024-11-10 07:37:56 AM | analyzer.0x2c92744a0428e405e95dc3eb812e1b87872b22eb | Return summary generated for getPair
[INFO] | 2024-11-10 07:37:56 AM | analyzer.0x2c92744a0428e405e95dc3eb812e1b87872b22eb | State variable assignement do not exist
[INFO] | 2024-11-10 07:37:56 AM | analyzer.0x2c92744a0428e405e95dc3eb812e1b87872b22eb | Processed function getPair
[INFO] | 2024-11-10 07:37:56 AM | analyzer.0x2c92744a0428e405e95dc3eb812e1b87872b22eb | Generating return summary for totalSupply
[INFO] | 2024-11-10 07:37:56 AM | analyzer.0x2c92744a0428e405e95dc3eb812e1b87872b22eb | Return summary generated for totalSupply
[INFO] | 2024-11-10 07:37:56 AM | analyzer.0x2c92744a0428e405e95dc3eb812e1b87872b22eb | State variable assignement do not exist
[INFO] | 2024-11-10 07:37:56 AM | analyzer.0x2c92744a0428e405e95dc3eb812e1b87872b22eb | Processed function totalSupply
[INFO] | 2024-11-10 07:37:56 AM | analyzer.0x2c92744a0428e405e95dc3eb812e1b87872b22eb | Generating return summary for quote
[INFO] | 2024-11-10 07:37:56 AM | analyzer.0x2c92744a0428e405e95dc3eb812e1b87872b22eb | Return summary generated for quote
[INFO] | 2024-11-10 07:37:56 AM | analyzer.0x2c92744a0428e405e95dc3eb812e1b87872b22eb | State variable assignement do not exist
[INFO] | 2024-11-10 07:37:56 AM | analyzer.0x2c92744a0428e405e95dc3eb812e1b87872b22eb | Processed function quote
[INFO] | 2024-11-10 07:37:56 AM | analyzer.0x2c92744a0428e405e95dc3eb812e1b87872b22eb | Generating return summary for _msgSender
[INFO] | 2024-11-10 07:37:56 AM | analyzer.0x2c92744a0428e405e95dc3eb812e1b87872b22eb | Return summary generated for _msgSender
[INFO] | 2024-11-10 07:37:56 AM | analyzer.0x2c92744a0428e405e95dc3eb812e1b87872b22eb | State variable assignement do not exist
[INFO] | 2024-11-10 07:37:56 AM | analyzer.0x2c92744a0428e405e95dc3eb812e1b87872b22eb | Processed function _msgSender
[INFO] | 2024-11-10 07:37:56 AM | analyzer.0x2c92744a0428e405e95dc3eb812e1b87872b22eb | Generating return summary for _msgData
[INFO] | 2024-11-10 07:37:56 AM | analyzer.0x2c92744a0428e405e95dc3eb812e1b87872b22eb | Return summary generated for _msgData
[INFO] | 2024-11-10 07:37:56 AM | analyzer.0x2c92744a0428e405e95dc3eb812e1b87872b22eb | State variable assignement do not exist
[INFO] | 2024-11-10 07:37:56 AM | analyzer.0x2c92744a0428e405e95dc3eb812e1b87872b22eb | Processed function _msgData
[INFO] | 2024-11-10 07:37:56 AM | analyzer.0x2c92744a0428e405e95dc3eb812e1b87872b22eb | Generating return summary for owner
[INFO] | 2024-11-10 07:37:56 AM | analyzer.0x2c92744a0428e405e95dc3eb812e1b87872b22eb | Return summary generated for owner
[INFO] | 2024-11-10 07:37:56 AM | analyzer.0x2c92744a0428e405e95dc3eb812e1b87872b22eb | State variable assignement do not exist
[INFO] | 2024-11-10 07:37:56 AM | analyzer.0x2c92744a0428e405e95dc3eb812e1b87872b22eb | Processed function owner
[INFO] | 2024-11-10 07:37:56 AM | analyzer.0x2c92744a0428e405e95dc3eb812e1b87872b22eb | Generating return summary for constructor
[INFO] | 2024-11-10 07:37:56 AM | analyzer.0x2c92744a0428e405e95dc3eb812e1b87872b22eb | Return summary generated for constructor
[INFO] | 2024-11-10 07:37:56 AM | analyzer.0x2c92744a0428e405e95dc3eb812e1b87872b22eb | Range graph generated
[INFO] | 2024-11-10 07:37:56 AM | analyzer.0x2c92744a0428e405e95dc3eb812e1b87872b22eb | Processed function constructor
[INFO] | 2024-11-10 07:37:56 AM | analyzer.0x2c92744a0428e405e95dc3eb812e1b87872b22eb | Generating return summary for paused
[INFO] | 2024-11-10 07:37:56 AM | analyzer.0x2c92744a0428e405e95dc3eb812e1b87872b22eb | Return summary generated for paused
[INFO] | 2024-11-10 07:37:56 AM | analyzer.0x2c92744a0428e405e95dc3eb812e1b87872b22eb | State variable assignement do not exist
[INFO] | 2024-11-10 07:37:56 AM | analyzer.0x2c92744a0428e405e95dc3eb812e1b87872b22eb | Processed function paused
[INFO] | 2024-11-10 07:37:56 AM | analyzer.0x2c92744a0428e405e95dc3eb812e1b87872b22eb | Generating return summary for constructor
[INFO] | 2024-11-10 07:37:56 AM | analyzer.0x2c92744a0428e405e95dc3eb812e1b87872b22eb | Return summary generated for constructor
[INFO] | 2024-11-10 07:37:56 AM | analyzer.0x2c92744a0428e405e95dc3eb812e1b87872b22eb | Range graph generated
[INFO] | 2024-11-10 07:37:56 AM | analyzer.0x2c92744a0428e405e95dc3eb812e1b87872b22eb | Processed function constructor
[INFO] | 2024-11-10 07:37:56 AM | analyzer.0x2c92744a0428e405e95dc3eb812e1b87872b22eb | Generating return summary for constructor
[INFO] | 2024-11-10 07:37:56 AM | analyzer.0x2c92744a0428e405e95dc3eb812e1b87872b22eb | Return summary generated for constructor
[INFO] | 2024-11-10 07:37:56 AM | analyzer.0x2c92744a0428e405e95dc3eb812e1b87872b22eb | Range graph generated
[INFO] | 2024-11-10 07:37:56 AM | analyzer.0x2c92744a0428e405e95dc3eb812e1b87872b22eb | Processed function constructor
[INFO] | 2024-11-10 07:37:56 AM | analyzer.0x2c92744a0428e405e95dc3eb812e1b87872b22eb | Generating return summary for totalSupply
[INFO] | 2024-11-10 07:37:56 AM | analyzer.0x2c92744a0428e405e95dc3eb812e1b87872b22eb | Return summary generated for totalSupply
[INFO] | 2024-11-10 07:37:56 AM | analyzer.0x2c92744a0428e405e95dc3eb812e1b87872b22eb | State variable assignement do not exist
[INFO] | 2024-11-10 07:37:56 AM | analyzer.0x2c92744a0428e405e95dc3eb812e1b87872b22eb | Processed function totalSupply
[INFO] | 2024-11-10 07:37:56 AM | analyzer.0x2c92744a0428e405e95dc3eb812e1b87872b22eb | Generating return summary for balanceOf
[INFO] | 2024-11-10 07:37:56 AM | analyzer.0x2c92744a0428e405e95dc3eb812e1b87872b22eb | Return summary generated for balanceOf
[INFO] | 2024-11-10 07:37:56 AM | analyzer.0x2c92744a0428e405e95dc3eb812e1b87872b22eb | State variable assignement do not exist
[INFO] | 2024-11-10 07:37:56 AM | analyzer.0x2c92744a0428e405e95dc3eb812e1b87872b22eb | Processed function balanceOf
[INFO] | 2024-11-10 07:37:56 AM | analyzer.0x2c92744a0428e405e95dc3eb812e1b87872b22eb | Generating return summary for min
[INFO] | 2024-11-10 07:37:56 AM | analyzer.0x2c92744a0428e405e95dc3eb812e1b87872b22eb | Return summary generated for min
[INFO] | 2024-11-10 07:37:56 AM | analyzer.0x2c92744a0428e405e95dc3eb812e1b87872b22eb | State variable assignement do not exist
[INFO] | 2024-11-10 07:37:56 AM | analyzer.0x2c92744a0428e405e95dc3eb812e1b87872b22eb | Processed function min
[INFO] | 2024-11-10 07:37:56 AM | analyzer.0x2c92744a0428e405e95dc3eb812e1b87872b22eb | Generating return summary for slitherConstructorVariables
[INFO] | 2024-11-10 07:37:56 AM | analyzer.0x2c92744a0428e405e95dc3eb812e1b87872b22eb | Return summary generated for slitherConstructorVariables
[INFO] | 2024-11-10 07:37:56 AM | analyzer.0x2c92744a0428e405e95dc3eb812e1b87872b22eb | Range graph generated
[INFO] | 2024-11-10 07:37:56 AM | analyzer.0x2c92744a0428e405e95dc3eb812e1b87872b22eb | Processed function slitherConstructorVariables
[INFO] | 2024-11-10 07:37:56 AM | analyzer.0x2c92744a0428e405e95dc3eb812e1b87872b22eb | Generating return summary for onlyOwner
[INFO] | 2024-11-10 07:37:56 AM | analyzer.0x2c92744a0428e405e95dc3eb812e1b87872b22eb | Return summary generated for onlyOwner
[INFO] | 2024-11-10 07:37:56 AM | analyzer.0x2c92744a0428e405e95dc3eb812e1b87872b22eb | State variable assignement do not exist
[INFO] | 2024-11-10 07:37:56 AM | analyzer.0x2c92744a0428e405e95dc3eb812e1b87872b22eb | Processed function onlyOwner
[INFO] | 2024-11-10 07:37:56 AM | analyzer.0x2c92744a0428e405e95dc3eb812e1b87872b22eb | Generating return summary for whenNotPaused
[INFO] | 2024-11-10 07:37:56 AM | analyzer.0x2c92744a0428e405e95dc3eb812e1b87872b22eb | Return summary generated for whenNotPaused
[INFO] | 2024-11-10 07:37:56 AM | analyzer.0x2c92744a0428e405e95dc3eb812e1b87872b22eb | State variable assignement do not exist
[INFO] | 2024-11-10 07:37:56 AM | analyzer.0x2c92744a0428e405e95dc3eb812e1b87872b22eb | Processed function whenNotPaused
[INFO] | 2024-11-10 07:37:56 AM | analyzer.0x2c92744a0428e405e95dc3eb812e1b87872b22eb | Generating return summary for whenPaused
[INFO] | 2024-11-10 07:37:56 AM | analyzer.0x2c92744a0428e405e95dc3eb812e1b87872b22eb | Return summary generated for whenPaused
[INFO] | 2024-11-10 07:37:56 AM | analyzer.0x2c92744a0428e405e95dc3eb812e1b87872b22eb | State variable assignement do not exist
[INFO] | 2024-11-10 07:37:56 AM | analyzer.0x2c92744a0428e405e95dc3eb812e1b87872b22eb | Processed function whenPaused
[INFO] | 2024-11-10 07:37:56 AM | analyzer.0x2c92744a0428e405e95dc3eb812e1b87872b22eb | Generating return summary for updateReward
[INFO] | 2024-11-10 07:37:56 AM | analyzer.0x2c92744a0428e405e95dc3eb812e1b87872b22eb | Return summary generated for updateReward
[INFO] | 2024-11-10 07:37:56 AM | analyzer.0x2c92744a0428e405e95dc3eb812e1b87872b22eb | Range graph generated
[INFO] | 2024-11-10 07:37:56 AM | analyzer.0x2c92744a0428e405e95dc3eb812e1b87872b22eb | Processed function updateReward
[INFO] | 2024-11-10 07:37:56 AM | analyzer.0x2c92744a0428e405e95dc3eb812e1b87872b22eb | Generating return summary for nonReentrant
[INFO] | 2024-11-10 07:37:56 AM | analyzer.0x2c92744a0428e405e95dc3eb812e1b87872b22eb | Return summary generated for nonReentrant
[INFO] | 2024-11-10 07:37:56 AM | analyzer.0x2c92744a0428e405e95dc3eb812e1b87872b22eb | Range graph generated
[INFO] | 2024-11-10 07:37:56 AM | analyzer.0x2c92744a0428e405e95dc3eb812e1b87872b22eb | Processed function nonReentrant
[INFO] | 2024-11-10 07:37:56 AM | analyzer.0x2c92744a0428e405e95dc3eb812e1b87872b22eb | Generating return summary for getAmountOut
[WARNING] | 2024-11-10 07:37:56 AM | analyzer.0x2c92744a0428e405e95dc3eb812e1b87872b22eb | No lvalue eligible assignment, is this some bug!
[INFO] | 2024-11-10 07:37:56 AM | analyzer.0x2c92744a0428e405e95dc3eb812e1b87872b22eb | Return summary generated for getAmountOut
[INFO] | 2024-11-10 07:37:56 AM | analyzer.0x2c92744a0428e405e95dc3eb812e1b87872b22eb | State variable assignement do not exist
[INFO] | 2024-11-10 07:37:56 AM | analyzer.0x2c92744a0428e405e95dc3eb812e1b87872b22eb | Processed function getAmountOut
[INFO] | 2024-11-10 07:37:56 AM | analyzer.0x2c92744a0428e405e95dc3eb812e1b87872b22eb | Generating return summary for stake
[INFO] | 2024-11-10 07:37:56 AM | analyzer.0x2c92744a0428e405e95dc3eb812e1b87872b22eb | Return summary generated for stake
[WARNING] | 2024-11-10 07:37:56 AM | analyzer.0x2c92744a0428e405e95dc3eb812e1b87872b22eb | Can there be this kind of variables
[WARNING] | 2024-11-10 07:37:56 AM | analyzer.0x2c92744a0428e405e95dc3eb812e1b87872b22eb | Can there be this kind of variables
[WARNING] | 2024-11-10 07:37:56 AM | analyzer.0x2c92744a0428e405e95dc3eb812e1b87872b22eb | Can there be this kind of variables
[WARNING] | 2024-11-10 07:37:56 AM | analyzer.0x2c92744a0428e405e95dc3eb812e1b87872b22eb | Can there be this kind of variables
[WARNING] | 2024-11-10 07:37:56 AM | analyzer.0x2c92744a0428e405e95dc3eb812e1b87872b22eb | Can there be this kind of variables
[WARNING] | 2024-11-10 07:37:56 AM | analyzer.0x2c92744a0428e405e95dc3eb812e1b87872b22eb | Can there be this kind of variables
[WARNING] | 2024-11-10 07:37:56 AM | analyzer.0x2c92744a0428e405e95dc3eb812e1b87872b22eb | Can there be this kind of variables
[WARNING] | 2024-11-10 07:37:56 AM | analyzer.0x2c92744a0428e405e95dc3eb812e1b87872b22eb | Can there be this kind of variables
[WARNING] | 2024-11-10 07:37:56 AM | analyzer.0x2c92744a0428e405e95dc3eb812e1b87872b22eb | Can there be this kind of variables
[WARNING] | 2024-11-10 07:37:56 AM | analyzer.0x2c92744a0428e405e95dc3eb812e1b87872b22eb | Can there be this kind of variables
[WARNING] | 2024-11-10 07:37:56 AM | analyzer.0x2c92744a0428e405e95dc3eb812e1b87872b22eb | Can there be this kind of variables
[WARNING] | 2024-11-10 07:37:56 AM | analyzer.0x2c92744a0428e405e95dc3eb812e1b87872b22eb | Can there be this kind of variables
[WARNING] | 2024-11-10 07:37:56 AM | analyzer.0x2c92744a0428e405e95dc3eb812e1b87872b22eb | Can there be this kind of variables
[WARNING] | 2024-11-10 07:37:56 AM | analyzer.0x2c92744a0428e405e95dc3eb812e1b87872b22eb | Can there be this kind of variables
[WARNING] | 2024-11-10 07:37:56 AM | analyzer.0x2c92744a0428e405e95dc3eb812e1b87872b22eb | Can there be this kind of variables
[WARNING] | 2024-11-10 07:37:56 AM | analyzer.0x2c92744a0428e405e95dc3eb812e1b87872b22eb | Can there be this kind of variables
[WARNING] | 2024-11-10 07:37:56 AM | analyzer.0x2c92744a0428e405e95dc3eb812e1b87872b22eb | Can there be this kind of variables
[WARNING] | 2024-11-10 07:37:56 AM | analyzer.0x2c92744a0428e405e95dc3eb812e1b87872b22eb | Can there be this kind of variables
[WARNING] | 2024-11-10 07:37:56 AM | analyzer.0x2c92744a0428e405e95dc3eb812e1b87872b22eb | Can there be this kind of variables
[WARNING] | 2024-11-10 07:37:56 AM | analyzer.0x2c92744a0428e405e95dc3eb812e1b87872b22eb | Can there be this kind of variables
[WARNING] | 2024-11-10 07:37:56 AM | analyzer.0x2c92744a0428e405e95dc3eb812e1b87872b22eb | Can there be this kind of variables
[WARNING] | 2024-11-10 07:37:56 AM | analyzer.0x2c92744a0428e405e95dc3eb812e1b87872b22eb | Can there be this kind of variables
[WARNING] | 2024-11-10 07:37:56 AM | analyzer.0x2c92744a0428e405e95dc3eb812e1b87872b22eb | Can there be this kind of variables
[WARNING] | 2024-11-10 07:37:56 AM | analyzer.0x2c92744a0428e405e95dc3eb812e1b87872b22eb | Can there be this kind of variables
[WARNING] | 2024-11-10 07:37:56 AM | analyzer.0x2c92744a0428e405e95dc3eb812e1b87872b22eb | Can there be this kind of variables
[WARNING] | 2024-11-10 07:37:56 AM | analyzer.0x2c92744a0428e405e95dc3eb812e1b87872b22eb | Can there be this kind of variables
[WARNING] | 2024-11-10 07:37:56 AM | analyzer.0x2c92744a0428e405e95dc3eb812e1b87872b22eb | Can there be this kind of variables
[WARNING] | 2024-11-10 07:37:56 AM | analyzer.0x2c92744a0428e405e95dc3eb812e1b87872b22eb | Can there be this kind of variables
[WARNING] | 2024-11-10 07:37:56 AM | analyzer.0x2c92744a0428e405e95dc3eb812e1b87872b22eb | Can there be this kind of variables
[WARNING] | 2024-11-10 07:37:56 AM | analyzer.0x2c92744a0428e405e95dc3eb812e1b87872b22eb | Can there be this kind of variables
[WARNING] | 2024-11-10 07:37:56 AM | analyzer.0x2c92744a0428e405e95dc3eb812e1b87872b22eb | Can there be this kind of variables
[WARNING] | 2024-11-10 07:37:56 AM | analyzer.0x2c92744a0428e405e95dc3eb812e1b87872b22eb | Can there be this kind of variables
[WARNING] | 2024-11-10 07:37:56 AM | analyzer.0x2c92744a0428e405e95dc3eb812e1b87872b22eb | Can there be this kind of variables
[WARNING] | 2024-11-10 07:37:56 AM | analyzer.0x2c92744a0428e405e95dc3eb812e1b87872b22eb | Can there be this kind of variables
[WARNING] | 2024-11-10 07:37:56 AM | analyzer.0x2c92744a0428e405e95dc3eb812e1b87872b22eb | Can there be this kind of variables
[WARNING] | 2024-11-10 07:37:56 AM | analyzer.0x2c92744a0428e405e95dc3eb812e1b87872b22eb | Can there be this kind of variables
[WARNING] | 2024-11-10 07:37:56 AM | analyzer.0x2c92744a0428e405e95dc3eb812e1b87872b22eb | Can there be this kind of variables
[WARNING] | 2024-11-10 07:37:56 AM | analyzer.0x2c92744a0428e405e95dc3eb812e1b87872b22eb | Can there be this kind of variables
[WARNING] | 2024-11-10 07:37:56 AM | analyzer.0x2c92744a0428e405e95dc3eb812e1b87872b22eb | Can there be this kind of variables
[WARNING] | 2024-11-10 07:37:56 AM | analyzer.0x2c92744a0428e405e95dc3eb812e1b87872b22eb | Can there be this kind of variables
[WARNING] | 2024-11-10 07:37:56 AM | analyzer.0x2c92744a0428e405e95dc3eb812e1b87872b22eb | Can there be this kind of variables
[WARNING] | 2024-11-10 07:37:56 AM | analyzer.0x2c92744a0428e405e95dc3eb812e1b87872b22eb | Can there be this kind of variables
[WARNING] | 2024-11-10 07:37:56 AM | analyzer.0x2c92744a0428e405e95dc3eb812e1b87872b22eb | Can there be this kind of variables
[WARNING] | 2024-11-10 07:37:56 AM | analyzer.0x2c92744a0428e405e95dc3eb812e1b87872b22eb | Can there be this kind of variables
[WARNING] | 2024-11-10 07:37:56 AM | analyzer.0x2c92744a0428e405e95dc3eb812e1b87872b22eb | Can there be this kind of variables
[WARNING] | 2024-11-10 07:37:56 AM | analyzer.0x2c92744a0428e405e95dc3eb812e1b87872b22eb | Can there be this kind of variables
[WARNING] | 2024-11-10 07:37:56 AM | analyzer.0x2c92744a0428e405e95dc3eb812e1b87872b22eb | Can there be this kind of variables
[WARNING] | 2024-11-10 07:37:56 AM | analyzer.0x2c92744a0428e405e95dc3eb812e1b87872b22eb | Can there be this kind of variables
[WARNING] | 2024-11-10 07:37:56 AM | analyzer.0x2c92744a0428e405e95dc3eb812e1b87872b22eb | Can there be this kind of variables
[WARNING] | 2024-11-10 07:37:56 AM | analyzer.0x2c92744a0428e405e95dc3eb812e1b87872b22eb | Can there be this kind of variables
[WARNING] | 2024-11-10 07:37:56 AM | analyzer.0x2c92744a0428e405e95dc3eb812e1b87872b22eb | Can there be this kind of variables
[WARNING] | 2024-11-10 07:37:56 AM | analyzer.0x2c92744a0428e405e95dc3eb812e1b87872b22eb | Can there be this kind of variables
[WARNING] | 2024-11-10 07:37:56 AM | analyzer.0x2c92744a0428e405e95dc3eb812e1b87872b22eb | Can there be this kind of variables
[WARNING] | 2024-11-10 07:37:56 AM | analyzer.0x2c92744a0428e405e95dc3eb812e1b87872b22eb | Can there be this kind of variables
[WARNING] | 2024-11-10 07:37:56 AM | analyzer.0x2c92744a0428e405e95dc3eb812e1b87872b22eb | Can there be this kind of variables
[WARNING] | 2024-11-10 07:37:56 AM | analyzer.0x2c92744a0428e405e95dc3eb812e1b87872b22eb | Can there be this kind of variables
[WARNING] | 2024-11-10 07:37:56 AM | analyzer.0x2c92744a0428e405e95dc3eb812e1b87872b22eb | Can there be this kind of variables
[WARNING] | 2024-11-10 07:37:56 AM | analyzer.0x2c92744a0428e405e95dc3eb812e1b87872b22eb | Can there be this kind of variables
[WARNING] | 2024-11-10 07:37:56 AM | analyzer.0x2c92744a0428e405e95dc3eb812e1b87872b22eb | Can there be this kind of variables
[WARNING] | 2024-11-10 07:37:56 AM | analyzer.0x2c92744a0428e405e95dc3eb812e1b87872b22eb | Can there be this kind of variables
[WARNING] | 2024-11-10 07:37:56 AM | analyzer.0x2c92744a0428e405e95dc3eb812e1b87872b22eb | Can there be this kind of variables
[WARNING] | 2024-11-10 07:37:56 AM | analyzer.0x2c92744a0428e405e95dc3eb812e1b87872b22eb | Can there be this kind of variables
[WARNING] | 2024-11-10 07:37:56 AM | analyzer.0x2c92744a0428e405e95dc3eb812e1b87872b22eb | Can there be this kind of variables
[WARNING] | 2024-11-10 07:37:56 AM | analyzer.0x2c92744a0428e405e95dc3eb812e1b87872b22eb | Can there be this kind of variables
[WARNING] | 2024-11-10 07:37:56 AM | analyzer.0x2c92744a0428e405e95dc3eb812e1b87872b22eb | Can there be this kind of variables
[WARNING] | 2024-11-10 07:37:56 AM | analyzer.0x2c92744a0428e405e95dc3eb812e1b87872b22eb | Can there be this kind of variables
[WARNING] | 2024-11-10 07:37:56 AM | analyzer.0x2c92744a0428e405e95dc3eb812e1b87872b22eb | Can there be this kind of variables
[WARNING] | 2024-11-10 07:37:56 AM | analyzer.0x2c92744a0428e405e95dc3eb812e1b87872b22eb | Can there be this kind of variables
[WARNING] | 2024-11-10 07:37:56 AM | analyzer.0x2c92744a0428e405e95dc3eb812e1b87872b22eb | Can there be this kind of variables
[WARNING] | 2024-11-10 07:37:56 AM | analyzer.0x2c92744a0428e405e95dc3eb812e1b87872b22eb | Can there be this kind of variables
[WARNING] | 2024-11-10 07:37:56 AM | analyzer.0x2c92744a0428e405e95dc3eb812e1b87872b22eb | Can there be this kind of variables
[WARNING] | 2024-11-10 07:37:56 AM | analyzer.0x2c92744a0428e405e95dc3eb812e1b87872b22eb | Can there be this kind of variables
[WARNING] | 2024-11-10 07:37:56 AM | analyzer.0x2c92744a0428e405e95dc3eb812e1b87872b22eb | Can there be this kind of variables
[WARNING] | 2024-11-10 07:37:56 AM | analyzer.0x2c92744a0428e405e95dc3eb812e1b87872b22eb | Can there be this kind of variables
[WARNING] | 2024-11-10 07:37:56 AM | analyzer.0x2c92744a0428e405e95dc3eb812e1b87872b22eb | Can there be this kind of variables
[WARNING] | 2024-11-10 07:37:56 AM | analyzer.0x2c92744a0428e405e95dc3eb812e1b87872b22eb | Can there be this kind of variables
[WARNING] | 2024-11-10 07:37:56 AM | analyzer.0x2c92744a0428e405e95dc3eb812e1b87872b22eb | Can there be this kind of variables
[WARNING] | 2024-11-10 07:37:56 AM | analyzer.0x2c92744a0428e405e95dc3eb812e1b87872b22eb | Can there be this kind of variables
[WARNING] | 2024-11-10 07:37:56 AM | analyzer.0x2c92744a0428e405e95dc3eb812e1b87872b22eb | Can there be this kind of variables
[WARNING] | 2024-11-10 07:37:56 AM | analyzer.0x2c92744a0428e405e95dc3eb812e1b87872b22eb | Can there be this kind of variables
[WARNING] | 2024-11-10 07:37:56 AM | analyzer.0x2c92744a0428e405e95dc3eb812e1b87872b22eb | Can there be this kind of variables
[WARNING] | 2024-11-10 07:37:56 AM | analyzer.0x2c92744a0428e405e95dc3eb812e1b87872b22eb | Can there be this kind of variables
[WARNING] | 2024-11-10 07:37:56 AM | analyzer.0x2c92744a0428e405e95dc3eb812e1b87872b22eb | Can there be this kind of variables
[WARNING] | 2024-11-10 07:37:56 AM | analyzer.0x2c92744a0428e405e95dc3eb812e1b87872b22eb | Can there be this kind of variables
[WARNING] | 2024-11-10 07:37:56 AM | analyzer.0x2c92744a0428e405e95dc3eb812e1b87872b22eb | Can there be this kind of variables
[WARNING] | 2024-11-10 07:37:56 AM | analyzer.0x2c92744a0428e405e95dc3eb812e1b87872b22eb | Can there be this kind of variables
[WARNING] | 2024-11-10 07:37:56 AM | analyzer.0x2c92744a0428e405e95dc3eb812e1b87872b22eb | Can there be this kind of variables
[INFO] | 2024-11-10 07:37:56 AM | analyzer.0x2c92744a0428e405e95dc3eb812e1b87872b22eb | Range graph generated
[INFO] | 2024-11-10 07:37:56 AM | analyzer.0x2c92744a0428e405e95dc3eb812e1b87872b22eb | Processed function stake
[INFO] | 2024-11-10 07:37:56 AM | analyzer.0x2c92744a0428e405e95dc3eb812e1b87872b22eb | Generating return summary for sub
[INFO] | 2024-11-10 07:37:56 AM | analyzer.0x2c92744a0428e405e95dc3eb812e1b87872b22eb | Return summary generated for sub
[INFO] | 2024-11-10 07:37:56 AM | analyzer.0x2c92744a0428e405e95dc3eb812e1b87872b22eb | State variable assignement do not exist
[INFO] | 2024-11-10 07:37:56 AM | analyzer.0x2c92744a0428e405e95dc3eb812e1b87872b22eb | Processed function sub
[INFO] | 2024-11-10 07:37:56 AM | analyzer.0x2c92744a0428e405e95dc3eb812e1b87872b22eb | Generating return summary for quote
[WARNING] | 2024-11-10 07:37:56 AM | analyzer.0x2c92744a0428e405e95dc3eb812e1b87872b22eb | No lvalue eligible assignment, is this some bug!
[INFO] | 2024-11-10 07:37:56 AM | analyzer.0x2c92744a0428e405e95dc3eb812e1b87872b22eb | Return summary generated for quote
[INFO] | 2024-11-10 07:37:56 AM | analyzer.0x2c92744a0428e405e95dc3eb812e1b87872b22eb | State variable assignement do not exist
[INFO] | 2024-11-10 07:37:56 AM | analyzer.0x2c92744a0428e405e95dc3eb812e1b87872b22eb | Processed function quote
[INFO] | 2024-11-10 07:37:56 AM | analyzer.0x2c92744a0428e405e95dc3eb812e1b87872b22eb | Generating return summary for getRewardForDuration
[INFO] | 2024-11-10 07:37:56 AM | analyzer.0x2c92744a0428e405e95dc3eb812e1b87872b22eb | Return summary generated for getRewardForDuration
[INFO] | 2024-11-10 07:37:56 AM | analyzer.0x2c92744a0428e405e95dc3eb812e1b87872b22eb | State variable assignement do not exist
[INFO] | 2024-11-10 07:37:56 AM | analyzer.0x2c92744a0428e405e95dc3eb812e1b87872b22eb | Processed function getRewardForDuration
[INFO] | 2024-11-10 07:37:56 AM | analyzer.0x2c92744a0428e405e95dc3eb812e1b87872b22eb | Generating return summary for div
[INFO] | 2024-11-10 07:37:56 AM | analyzer.0x2c92744a0428e405e95dc3eb812e1b87872b22eb | Return summary generated for div
[INFO] | 2024-11-10 07:37:56 AM | analyzer.0x2c92744a0428e405e95dc3eb812e1b87872b22eb | State variable assignement do not exist
[INFO] | 2024-11-10 07:37:56 AM | analyzer.0x2c92744a0428e405e95dc3eb812e1b87872b22eb | Processed function div
[INFO] | 2024-11-10 07:37:56 AM | analyzer.0x2c92744a0428e405e95dc3eb812e1b87872b22eb | Generating return summary for mod
[INFO] | 2024-11-10 07:37:56 AM | analyzer.0x2c92744a0428e405e95dc3eb812e1b87872b22eb | Return summary generated for mod
[INFO] | 2024-11-10 07:37:56 AM | analyzer.0x2c92744a0428e405e95dc3eb812e1b87872b22eb | State variable assignement do not exist
[INFO] | 2024-11-10 07:37:56 AM | analyzer.0x2c92744a0428e405e95dc3eb812e1b87872b22eb | Processed function mod
[INFO] | 2024-11-10 07:37:56 AM | analyzer.0x2c92744a0428e405e95dc3eb812e1b87872b22eb | Generating return summary for pairFor
[WARNING] | 2024-11-10 07:37:56 AM | analyzer.0x2c92744a0428e405e95dc3eb812e1b87872b22eb | No lvalue eligible assignment, is this some bug!
[INFO] | 2024-11-10 07:37:56 AM | analyzer.0x2c92744a0428e405e95dc3eb812e1b87872b22eb | Return summary generated for pairFor
[INFO] | 2024-11-10 07:37:56 AM | analyzer.0x2c92744a0428e405e95dc3eb812e1b87872b22eb | State variable assignement do not exist
[INFO] | 2024-11-10 07:37:56 AM | analyzer.0x2c92744a0428e405e95dc3eb812e1b87872b22eb | Processed function pairFor
[INFO] | 2024-11-10 07:37:56 AM | analyzer.0x2c92744a0428e405e95dc3eb812e1b87872b22eb | Generating return summary for _pause
[INFO] | 2024-11-10 07:37:56 AM | analyzer.0x2c92744a0428e405e95dc3eb812e1b87872b22eb | Return summary generated for _pause
[INFO] | 2024-11-10 07:37:56 AM | analyzer.0x2c92744a0428e405e95dc3eb812e1b87872b22eb | Range graph generated
[INFO] | 2024-11-10 07:37:56 AM | analyzer.0x2c92744a0428e405e95dc3eb812e1b87872b22eb | Processed function _pause
[INFO] | 2024-11-10 07:37:56 AM | analyzer.0x2c92744a0428e405e95dc3eb812e1b87872b22eb | Generating return summary for _unpause
[INFO] | 2024-11-10 07:37:56 AM | analyzer.0x2c92744a0428e405e95dc3eb812e1b87872b22eb | Return summary generated for _unpause
[INFO] | 2024-11-10 07:37:56 AM | analyzer.0x2c92744a0428e405e95dc3eb812e1b87872b22eb | Range graph generated
[INFO] | 2024-11-10 07:37:56 AM | analyzer.0x2c92744a0428e405e95dc3eb812e1b87872b22eb | Processed function _unpause
[INFO] | 2024-11-10 07:37:56 AM | analyzer.0x2c92744a0428e405e95dc3eb812e1b87872b22eb | Generating return summary for constructor
[INFO] | 2024-11-10 07:37:56 AM | analyzer.0x2c92744a0428e405e95dc3eb812e1b87872b22eb | Return summary generated for constructor
[INFO] | 2024-11-10 07:37:56 AM | analyzer.0x2c92744a0428e405e95dc3eb812e1b87872b22eb | Range graph generated
[INFO] | 2024-11-10 07:37:56 AM | analyzer.0x2c92744a0428e405e95dc3eb812e1b87872b22eb | Processed function constructor
[INFO] | 2024-11-10 07:37:56 AM | analyzer.0x2c92744a0428e405e95dc3eb812e1b87872b22eb | Generating return summary for renounceOwnership
[INFO] | 2024-11-10 07:37:56 AM | analyzer.0x2c92744a0428e405e95dc3eb812e1b87872b22eb | Return summary generated for renounceOwnership
[INFO] | 2024-11-10 07:37:56 AM | analyzer.0x2c92744a0428e405e95dc3eb812e1b87872b22eb | Range graph generated
[INFO] | 2024-11-10 07:37:56 AM | analyzer.0x2c92744a0428e405e95dc3eb812e1b87872b22eb | Processed function renounceOwnership
[INFO] | 2024-11-10 07:37:56 AM | analyzer.0x2c92744a0428e405e95dc3eb812e1b87872b22eb | Generating return summary for transferOwnership
[INFO] | 2024-11-10 07:37:56 AM | analyzer.0x2c92744a0428e405e95dc3eb812e1b87872b22eb | Return summary generated for transferOwnership
[INFO] | 2024-11-10 07:37:56 AM | analyzer.0x2c92744a0428e405e95dc3eb812e1b87872b22eb | Range graph generated
[INFO] | 2024-11-10 07:37:56 AM | analyzer.0x2c92744a0428e405e95dc3eb812e1b87872b22eb | Processed function transferOwnership
[INFO] | 2024-11-10 07:37:56 AM | analyzer.0x2c92744a0428e405e95dc3eb812e1b87872b22eb | Generating return summary for recoverERC20
[INFO] | 2024-11-10 07:37:56 AM | analyzer.0x2c92744a0428e405e95dc3eb812e1b87872b22eb | Return summary generated for recoverERC20
[INFO] | 2024-11-10 07:37:56 AM | analyzer.0x2c92744a0428e405e95dc3eb812e1b87872b22eb | State variable assignement do not exist
[INFO] | 2024-11-10 07:37:56 AM | analyzer.0x2c92744a0428e405e95dc3eb812e1b87872b22eb | Processed function recoverERC20
[INFO] | 2024-11-10 07:37:56 AM | analyzer.0x2c92744a0428e405e95dc3eb812e1b87872b22eb | Generating return summary for fallback
[INFO] | 2024-11-10 07:37:56 AM | analyzer.0x2c92744a0428e405e95dc3eb812e1b87872b22eb | Return summary generated for fallback
[INFO] | 2024-11-10 07:37:56 AM | analyzer.0x2c92744a0428e405e95dc3eb812e1b87872b22eb | State variable assignement do not exist
[INFO] | 2024-11-10 07:37:56 AM | analyzer.0x2c92744a0428e405e95dc3eb812e1b87872b22eb | Processed function fallback
[INFO] | 2024-11-10 07:37:56 AM | analyzer.0x2c92744a0428e405e95dc3eb812e1b87872b22eb | Generating return summary for getPathForTokenToEth
[INFO] | 2024-11-10 07:37:56 AM | analyzer.0x2c92744a0428e405e95dc3eb812e1b87872b22eb | Return summary generated for getPathForTokenToEth
[INFO] | 2024-11-10 07:37:56 AM | analyzer.0x2c92744a0428e405e95dc3eb812e1b87872b22eb | State variable assignement do not exist
[INFO] | 2024-11-10 07:37:56 AM | analyzer.0x2c92744a0428e405e95dc3eb812e1b87872b22eb | Processed function getPathForTokenToEth
[INFO] | 2024-11-10 07:37:56 AM | analyzer.0x2c92744a0428e405e95dc3eb812e1b87872b22eb | Generating return summary for constructor
[INFO] | 2024-11-10 07:37:56 AM | analyzer.0x2c92744a0428e405e95dc3eb812e1b87872b22eb | Return summary generated for constructor
[INFO] | 2024-11-10 07:37:56 AM | analyzer.0x2c92744a0428e405e95dc3eb812e1b87872b22eb | Range graph generated
[INFO] | 2024-11-10 07:37:56 AM | analyzer.0x2c92744a0428e405e95dc3eb812e1b87872b22eb | Processed function constructor
[INFO] | 2024-11-10 07:37:56 AM | analyzer.0x2c92744a0428e405e95dc3eb812e1b87872b22eb | Generating return summary for _pause
[INFO] | 2024-11-10 07:37:56 AM | analyzer.0x2c92744a0428e405e95dc3eb812e1b87872b22eb | Return summary generated for _pause
[INFO] | 2024-11-10 07:37:56 AM | analyzer.0x2c92744a0428e405e95dc3eb812e1b87872b22eb | Range graph generated
[INFO] | 2024-11-10 07:37:56 AM | analyzer.0x2c92744a0428e405e95dc3eb812e1b87872b22eb | Processed function _pause
[INFO] | 2024-11-10 07:37:56 AM | analyzer.0x2c92744a0428e405e95dc3eb812e1b87872b22eb | Generating return summary for _unpause
[INFO] | 2024-11-10 07:37:56 AM | analyzer.0x2c92744a0428e405e95dc3eb812e1b87872b22eb | Return summary generated for _unpause
[INFO] | 2024-11-10 07:37:56 AM | analyzer.0x2c92744a0428e405e95dc3eb812e1b87872b22eb | Range graph generated
[INFO] | 2024-11-10 07:37:56 AM | analyzer.0x2c92744a0428e405e95dc3eb812e1b87872b22eb | Processed function _unpause
[INFO] | 2024-11-10 07:37:56 AM | analyzer.0x2c92744a0428e405e95dc3eb812e1b87872b22eb | Generating return summary for lastTimeRewardApplicable
[INFO] | 2024-11-10 07:37:56 AM | analyzer.0x2c92744a0428e405e95dc3eb812e1b87872b22eb | Return summary generated for lastTimeRewardApplicable
[INFO] | 2024-11-10 07:37:56 AM | analyzer.0x2c92744a0428e405e95dc3eb812e1b87872b22eb | State variable assignement do not exist
[INFO] | 2024-11-10 07:37:56 AM | analyzer.0x2c92744a0428e405e95dc3eb812e1b87872b22eb | Processed function lastTimeRewardApplicable
[INFO] | 2024-11-10 07:37:56 AM | analyzer.0x2c92744a0428e405e95dc3eb812e1b87872b22eb | Generating return summary for renounceOwnership
[INFO] | 2024-11-10 07:37:56 AM | analyzer.0x2c92744a0428e405e95dc3eb812e1b87872b22eb | Return summary generated for renounceOwnership
[INFO] | 2024-11-10 07:37:56 AM | analyzer.0x2c92744a0428e405e95dc3eb812e1b87872b22eb | Range graph generated
[INFO] | 2024-11-10 07:37:56 AM | analyzer.0x2c92744a0428e405e95dc3eb812e1b87872b22eb | Processed function renounceOwnership
[INFO] | 2024-11-10 07:37:56 AM | analyzer.0x2c92744a0428e405e95dc3eb812e1b87872b22eb | Generating return summary for transferOwnership
[INFO] | 2024-11-10 07:37:56 AM | analyzer.0x2c92744a0428e405e95dc3eb812e1b87872b22eb | Return summary generated for transferOwnership
[INFO] | 2024-11-10 07:37:56 AM | analyzer.0x2c92744a0428e405e95dc3eb812e1b87872b22eb | Range graph generated
[INFO] | 2024-11-10 07:37:56 AM | analyzer.0x2c92744a0428e405e95dc3eb812e1b87872b22eb | Processed function transferOwnership
[INFO] | 2024-11-10 07:37:56 AM | analyzer.0x2c92744a0428e405e95dc3eb812e1b87872b22eb | Generating return summary for batchTransfer
[INFO] | 2024-11-10 07:37:56 AM | analyzer.0x2c92744a0428e405e95dc3eb812e1b87872b22eb | Return summary generated for batchTransfer
[INFO] | 2024-11-10 07:37:56 AM | analyzer.0x2c92744a0428e405e95dc3eb812e1b87872b22eb | Range graph generated
[INFO] | 2024-11-10 07:37:56 AM | analyzer.0x2c92744a0428e405e95dc3eb812e1b87872b22eb | Processed function batchTransfer
[INFO] | 2024-11-10 07:37:56 AM | analyzer.0x2c92744a0428e405e95dc3eb812e1b87872b22eb | Generating return summary for changeAddresses
[INFO] | 2024-11-10 07:37:56 AM | analyzer.0x2c92744a0428e405e95dc3eb812e1b87872b22eb | Return summary generated for changeAddresses
[INFO] | 2024-11-10 07:37:56 AM | analyzer.0x2c92744a0428e405e95dc3eb812e1b87872b22eb | Range graph generated
[INFO] | 2024-11-10 07:37:56 AM | analyzer.0x2c92744a0428e405e95dc3eb812e1b87872b22eb | Processed function changeAddresses
[INFO] | 2024-11-10 07:37:56 AM | analyzer.0x2c92744a0428e405e95dc3eb812e1b87872b22eb | Generating return summary for changeMultiplierHero
[INFO] | 2024-11-10 07:37:56 AM | analyzer.0x2c92744a0428e405e95dc3eb812e1b87872b22eb | Return summary generated for changeMultiplierHero
[INFO] | 2024-11-10 07:37:56 AM | analyzer.0x2c92744a0428e405e95dc3eb812e1b87872b22eb | Range graph generated
[INFO] | 2024-11-10 07:37:56 AM | analyzer.0x2c92744a0428e405e95dc3eb812e1b87872b22eb | Processed function changeMultiplierHero
[INFO] | 2024-11-10 07:37:56 AM | analyzer.0x2c92744a0428e405e95dc3eb812e1b87872b22eb | Generating return summary for changeMultiplierSupport
[INFO] | 2024-11-10 07:37:56 AM | analyzer.0x2c92744a0428e405e95dc3eb812e1b87872b22eb | Return summary generated for changeMultiplierSupport
[INFO] | 2024-11-10 07:37:56 AM | analyzer.0x2c92744a0428e405e95dc3eb812e1b87872b22eb | Range graph generated
[INFO] | 2024-11-10 07:37:56 AM | analyzer.0x2c92744a0428e405e95dc3eb812e1b87872b22eb | Processed function changeMultiplierSupport
[INFO] | 2024-11-10 07:37:56 AM | analyzer.0x2c92744a0428e405e95dc3eb812e1b87872b22eb | Generating return summary for changeDeadline
[INFO] | 2024-11-10 07:37:56 AM | analyzer.0x2c92744a0428e405e95dc3eb812e1b87872b22eb | Return summary generated for changeDeadline
[INFO] | 2024-11-10 07:37:56 AM | analyzer.0x2c92744a0428e405e95dc3eb812e1b87872b22eb | Range graph generated
[INFO] | 2024-11-10 07:37:56 AM | analyzer.0x2c92744a0428e405e95dc3eb812e1b87872b22eb | Processed function changeDeadline
[INFO] | 2024-11-10 07:37:56 AM | analyzer.0x2c92744a0428e405e95dc3eb812e1b87872b22eb | Generating return summary for changeInterest
[INFO] | 2024-11-10 07:37:56 AM | analyzer.0x2c92744a0428e405e95dc3eb812e1b87872b22eb | Return summary generated for changeInterest
[INFO] | 2024-11-10 07:37:56 AM | analyzer.0x2c92744a0428e405e95dc3eb812e1b87872b22eb | Range graph generated
[INFO] | 2024-11-10 07:37:56 AM | analyzer.0x2c92744a0428e405e95dc3eb812e1b87872b22eb | Processed function changeInterest
[INFO] | 2024-11-10 07:37:56 AM | analyzer.0x2c92744a0428e405e95dc3eb812e1b87872b22eb | Generating return summary for changeDivider
[INFO] | 2024-11-10 07:37:56 AM | analyzer.0x2c92744a0428e405e95dc3eb812e1b87872b22eb | Return summary generated for changeDivider
[INFO] | 2024-11-10 07:37:56 AM | analyzer.0x2c92744a0428e405e95dc3eb812e1b87872b22eb | Range graph generated
[INFO] | 2024-11-10 07:37:56 AM | analyzer.0x2c92744a0428e405e95dc3eb812e1b87872b22eb | Processed function changeDivider
[INFO] | 2024-11-10 07:37:56 AM | analyzer.0x2c92744a0428e405e95dc3eb812e1b87872b22eb | Generating return summary for changeLpAmount
[INFO] | 2024-11-10 07:37:56 AM | analyzer.0x2c92744a0428e405e95dc3eb812e1b87872b22eb | Return summary generated for changeLpAmount
[INFO] | 2024-11-10 07:37:56 AM | analyzer.0x2c92744a0428e405e95dc3eb812e1b87872b22eb | Range graph generated
[INFO] | 2024-11-10 07:37:56 AM | analyzer.0x2c92744a0428e405e95dc3eb812e1b87872b22eb | Processed function changeLpAmount
[INFO] | 2024-11-10 07:37:56 AM | analyzer.0x2c92744a0428e405e95dc3eb812e1b87872b22eb | Generating return summary for changeFeeRate
[INFO] | 2024-11-10 07:37:56 AM | analyzer.0x2c92744a0428e405e95dc3eb812e1b87872b22eb | Return summary generated for changeFeeRate
[INFO] | 2024-11-10 07:37:56 AM | analyzer.0x2c92744a0428e405e95dc3eb812e1b87872b22eb | Range graph generated
[INFO] | 2024-11-10 07:37:56 AM | analyzer.0x2c92744a0428e405e95dc3eb812e1b87872b22eb | Processed function changeFeeRate
[INFO] | 2024-11-10 07:37:56 AM | analyzer.0x2c92744a0428e405e95dc3eb812e1b87872b22eb | Generating return summary for withdrawDust
[INFO] | 2024-11-10 07:37:56 AM | analyzer.0x2c92744a0428e405e95dc3eb812e1b87872b22eb | Return summary generated for withdrawDust
[INFO] | 2024-11-10 07:37:56 AM | analyzer.0x2c92744a0428e405e95dc3eb812e1b87872b22eb | State variable assignement do not exist
[INFO] | 2024-11-10 07:37:56 AM | analyzer.0x2c92744a0428e405e95dc3eb812e1b87872b22eb | Processed function withdrawDust
[INFO] | 2024-11-10 07:37:56 AM | analyzer.0x2c92744a0428e405e95dc3eb812e1b87872b22eb | Generating return summary for setRewardsDuration
[INFO] | 2024-11-10 07:37:56 AM | analyzer.0x2c92744a0428e405e95dc3eb812e1b87872b22eb | Return summary generated for setRewardsDuration
[INFO] | 2024-11-10 07:37:56 AM | analyzer.0x2c92744a0428e405e95dc3eb812e1b87872b22eb | Range graph generated
[INFO] | 2024-11-10 07:37:56 AM | analyzer.0x2c92744a0428e405e95dc3eb812e1b87872b22eb | Processed function setRewardsDuration
[INFO] | 2024-11-10 07:37:56 AM | analyzer.0x2c92744a0428e405e95dc3eb812e1b87872b22eb | Generating return summary for redeem
[INFO] | 2024-11-10 07:37:56 AM | analyzer.0x2c92744a0428e405e95dc3eb812e1b87872b22eb | Return summary generated for redeem
[WARNING] | 2024-11-10 07:37:56 AM | analyzer.0x2c92744a0428e405e95dc3eb812e1b87872b22eb | Can there be this kind of variables
[WARNING] | 2024-11-10 07:37:56 AM | analyzer.0x2c92744a0428e405e95dc3eb812e1b87872b22eb | Can there be this kind of variables
[WARNING] | 2024-11-10 07:37:56 AM | analyzer.0x2c92744a0428e405e95dc3eb812e1b87872b22eb | Can there be this kind of variables
[WARNING] | 2024-11-10 07:37:56 AM | analyzer.0x2c92744a0428e405e95dc3eb812e1b87872b22eb | Can there be this kind of variables
[WARNING] | 2024-11-10 07:37:56 AM | analyzer.0x2c92744a0428e405e95dc3eb812e1b87872b22eb | Can there be this kind of variables
[WARNING] | 2024-11-10 07:37:56 AM | analyzer.0x2c92744a0428e405e95dc3eb812e1b87872b22eb | Can there be this kind of variables
[WARNING] | 2024-11-10 07:37:56 AM | analyzer.0x2c92744a0428e405e95dc3eb812e1b87872b22eb | Can there be this kind of variables
[WARNING] | 2024-11-10 07:37:56 AM | analyzer.0x2c92744a0428e405e95dc3eb812e1b87872b22eb | Can there be this kind of variables
[WARNING] | 2024-11-10 07:37:56 AM | analyzer.0x2c92744a0428e405e95dc3eb812e1b87872b22eb | Can there be this kind of variables
[WARNING] | 2024-11-10 07:37:56 AM | analyzer.0x2c92744a0428e405e95dc3eb812e1b87872b22eb | Can there be this kind of variables
[WARNING] | 2024-11-10 07:37:56 AM | analyzer.0x2c92744a0428e405e95dc3eb812e1b87872b22eb | Can there be this kind of variables
[WARNING] | 2024-11-10 07:37:56 AM | analyzer.0x2c92744a0428e405e95dc3eb812e1b87872b22eb | Can there be this kind of variables
[WARNING] | 2024-11-10 07:37:56 AM | analyzer.0x2c92744a0428e405e95dc3eb812e1b87872b22eb | Can there be this kind of variables
[WARNING] | 2024-11-10 07:37:56 AM | analyzer.0x2c92744a0428e405e95dc3eb812e1b87872b22eb | Can there be this kind of variables
[WARNING] | 2024-11-10 07:37:56 AM | analyzer.0x2c92744a0428e405e95dc3eb812e1b87872b22eb | Can there be this kind of variables
[WARNING] | 2024-11-10 07:37:56 AM | analyzer.0x2c92744a0428e405e95dc3eb812e1b87872b22eb | Can there be this kind of variables
[WARNING] | 2024-11-10 07:37:56 AM | analyzer.0x2c92744a0428e405e95dc3eb812e1b87872b22eb | Can there be this kind of variables
[WARNING] | 2024-11-10 07:37:56 AM | analyzer.0x2c92744a0428e405e95dc3eb812e1b87872b22eb | Can there be this kind of variables
[WARNING] | 2024-11-10 07:37:56 AM | analyzer.0x2c92744a0428e405e95dc3eb812e1b87872b22eb | Can there be this kind of variables
[WARNING] | 2024-11-10 07:37:56 AM | analyzer.0x2c92744a0428e405e95dc3eb812e1b87872b22eb | Can there be this kind of variables
[WARNING] | 2024-11-10 07:37:56 AM | analyzer.0x2c92744a0428e405e95dc3eb812e1b87872b22eb | Can there be this kind of variables
[WARNING] | 2024-11-10 07:37:56 AM | analyzer.0x2c92744a0428e405e95dc3eb812e1b87872b22eb | Can there be this kind of variables
[WARNING] | 2024-11-10 07:37:56 AM | analyzer.0x2c92744a0428e405e95dc3eb812e1b87872b22eb | Can there be this kind of variables
[WARNING] | 2024-11-10 07:37:56 AM | analyzer.0x2c92744a0428e405e95dc3eb812e1b87872b22eb | Can there be this kind of variables
[WARNING] | 2024-11-10 07:37:56 AM | analyzer.0x2c92744a0428e405e95dc3eb812e1b87872b22eb | Can there be this kind of variables
[WARNING] | 2024-11-10 07:37:56 AM | analyzer.0x2c92744a0428e405e95dc3eb812e1b87872b22eb | Can there be this kind of variables
[WARNING] | 2024-11-10 07:37:56 AM | analyzer.0x2c92744a0428e405e95dc3eb812e1b87872b22eb | Can there be this kind of variables
[WARNING] | 2024-11-10 07:37:56 AM | analyzer.0x2c92744a0428e405e95dc3eb812e1b87872b22eb | Can there be this kind of variables
[WARNING] | 2024-11-10 07:37:56 AM | analyzer.0x2c92744a0428e405e95dc3eb812e1b87872b22eb | Can there be this kind of variables
[WARNING] | 2024-11-10 07:37:56 AM | analyzer.0x2c92744a0428e405e95dc3eb812e1b87872b22eb | Can there be this kind of variables
[WARNING] | 2024-11-10 07:37:56 AM | analyzer.0x2c92744a0428e405e95dc3eb812e1b87872b22eb | Can there be this kind of variables
[WARNING] | 2024-11-10 07:37:56 AM | analyzer.0x2c92744a0428e405e95dc3eb812e1b87872b22eb | Can there be this kind of variables
[WARNING] | 2024-11-10 07:37:56 AM | analyzer.0x2c92744a0428e405e95dc3eb812e1b87872b22eb | Can there be this kind of variables
[WARNING] | 2024-11-10 07:37:56 AM | analyzer.0x2c92744a0428e405e95dc3eb812e1b87872b22eb | Can there be this kind of variables
[WARNING] | 2024-11-10 07:37:56 AM | analyzer.0x2c92744a0428e405e95dc3eb812e1b87872b22eb | Can there be this kind of variables
[WARNING] | 2024-11-10 07:37:56 AM | analyzer.0x2c92744a0428e405e95dc3eb812e1b87872b22eb | Can there be this kind of variables
[WARNING] | 2024-11-10 07:37:56 AM | analyzer.0x2c92744a0428e405e95dc3eb812e1b87872b22eb | Can there be this kind of variables
[WARNING] | 2024-11-10 07:37:56 AM | analyzer.0x2c92744a0428e405e95dc3eb812e1b87872b22eb | Can there be this kind of variables
[WARNING] | 2024-11-10 07:37:56 AM | analyzer.0x2c92744a0428e405e95dc3eb812e1b87872b22eb | Can there be this kind of variables
[WARNING] | 2024-11-10 07:37:56 AM | analyzer.0x2c92744a0428e405e95dc3eb812e1b87872b22eb | Can there be this kind of variables
[WARNING] | 2024-11-10 07:37:56 AM | analyzer.0x2c92744a0428e405e95dc3eb812e1b87872b22eb | Can there be this kind of variables
[WARNING] | 2024-11-10 07:37:56 AM | analyzer.0x2c92744a0428e405e95dc3eb812e1b87872b22eb | Can there be this kind of variables
[WARNING] | 2024-11-10 07:37:56 AM | analyzer.0x2c92744a0428e405e95dc3eb812e1b87872b22eb | Can there be this kind of variables
[WARNING] | 2024-11-10 07:37:56 AM | analyzer.0x2c92744a0428e405e95dc3eb812e1b87872b22eb | Can there be this kind of variables
[WARNING] | 2024-11-10 07:37:56 AM | analyzer.0x2c92744a0428e405e95dc3eb812e1b87872b22eb | Can there be this kind of variables
[WARNING] | 2024-11-10 07:37:56 AM | analyzer.0x2c92744a0428e405e95dc3eb812e1b87872b22eb | Can there be this kind of variables
[WARNING] | 2024-11-10 07:37:56 AM | analyzer.0x2c92744a0428e405e95dc3eb812e1b87872b22eb | Can there be this kind of variables
[WARNING] | 2024-11-10 07:37:56 AM | analyzer.0x2c92744a0428e405e95dc3eb812e1b87872b22eb | Can there be this kind of variables
[WARNING] | 2024-11-10 07:37:56 AM | analyzer.0x2c92744a0428e405e95dc3eb812e1b87872b22eb | Can there be this kind of variables
[WARNING] | 2024-11-10 07:37:56 AM | analyzer.0x2c92744a0428e405e95dc3eb812e1b87872b22eb | Can there be this kind of variables
[WARNING] | 2024-11-10 07:37:56 AM | analyzer.0x2c92744a0428e405e95dc3eb812e1b87872b22eb | Can there be this kind of variables
[WARNING] | 2024-11-10 07:37:56 AM | analyzer.0x2c92744a0428e405e95dc3eb812e1b87872b22eb | Can there be this kind of variables
[WARNING] | 2024-11-10 07:37:56 AM | analyzer.0x2c92744a0428e405e95dc3eb812e1b87872b22eb | Can there be this kind of variables
[WARNING] | 2024-11-10 07:37:56 AM | analyzer.0x2c92744a0428e405e95dc3eb812e1b87872b22eb | Can there be this kind of variables
[WARNING] | 2024-11-10 07:37:56 AM | analyzer.0x2c92744a0428e405e95dc3eb812e1b87872b22eb | Can there be this kind of variables
[WARNING] | 2024-11-10 07:37:56 AM | analyzer.0x2c92744a0428e405e95dc3eb812e1b87872b22eb | Can there be this kind of variables
[WARNING] | 2024-11-10 07:37:56 AM | analyzer.0x2c92744a0428e405e95dc3eb812e1b87872b22eb | Can there be this kind of variables
[WARNING] | 2024-11-10 07:37:56 AM | analyzer.0x2c92744a0428e405e95dc3eb812e1b87872b22eb | Can there be this kind of variables
[WARNING] | 2024-11-10 07:37:56 AM | analyzer.0x2c92744a0428e405e95dc3eb812e1b87872b22eb | Can there be this kind of variables
[WARNING] | 2024-11-10 07:37:56 AM | analyzer.0x2c92744a0428e405e95dc3eb812e1b87872b22eb | Can there be this kind of variables
[WARNING] | 2024-11-10 07:37:56 AM | analyzer.0x2c92744a0428e405e95dc3eb812e1b87872b22eb | Can there be this kind of variables
[WARNING] | 2024-11-10 07:37:56 AM | analyzer.0x2c92744a0428e405e95dc3eb812e1b87872b22eb | Can there be this kind of variables
[WARNING] | 2024-11-10 07:37:56 AM | analyzer.0x2c92744a0428e405e95dc3eb812e1b87872b22eb | Can there be this kind of variables
[WARNING] | 2024-11-10 07:37:56 AM | analyzer.0x2c92744a0428e405e95dc3eb812e1b87872b22eb | Can there be this kind of variables
[WARNING] | 2024-11-10 07:37:56 AM | analyzer.0x2c92744a0428e405e95dc3eb812e1b87872b22eb | Can there be this kind of variables
[WARNING] | 2024-11-10 07:37:56 AM | analyzer.0x2c92744a0428e405e95dc3eb812e1b87872b22eb | Can there be this kind of variables
[WARNING] | 2024-11-10 07:37:56 AM | analyzer.0x2c92744a0428e405e95dc3eb812e1b87872b22eb | Can there be this kind of variables
[WARNING] | 2024-11-10 07:37:56 AM | analyzer.0x2c92744a0428e405e95dc3eb812e1b87872b22eb | Can there be this kind of variables
[WARNING] | 2024-11-10 07:37:56 AM | analyzer.0x2c92744a0428e405e95dc3eb812e1b87872b22eb | Can there be this kind of variables
[WARNING] | 2024-11-10 07:37:56 AM | analyzer.0x2c92744a0428e405e95dc3eb812e1b87872b22eb | Can there be this kind of variables
[WARNING] | 2024-11-10 07:37:56 AM | analyzer.0x2c92744a0428e405e95dc3eb812e1b87872b22eb | Can there be this kind of variables
[WARNING] | 2024-11-10 07:37:56 AM | analyzer.0x2c92744a0428e405e95dc3eb812e1b87872b22eb | Can there be this kind of variables
[WARNING] | 2024-11-10 07:37:56 AM | analyzer.0x2c92744a0428e405e95dc3eb812e1b87872b22eb | Can there be this kind of variables
[WARNING] | 2024-11-10 07:37:56 AM | analyzer.0x2c92744a0428e405e95dc3eb812e1b87872b22eb | Can there be this kind of variables
[WARNING] | 2024-11-10 07:37:56 AM | analyzer.0x2c92744a0428e405e95dc3eb812e1b87872b22eb | Can there be this kind of variables
[WARNING] | 2024-11-10 07:37:56 AM | analyzer.0x2c92744a0428e405e95dc3eb812e1b87872b22eb | Can there be this kind of variables
[WARNING] | 2024-11-10 07:37:56 AM | analyzer.0x2c92744a0428e405e95dc3eb812e1b87872b22eb | Can there be this kind of variables
[WARNING] | 2024-11-10 07:37:56 AM | analyzer.0x2c92744a0428e405e95dc3eb812e1b87872b22eb | Can there be this kind of variables
[INFO] | 2024-11-10 07:37:56 AM | analyzer.0x2c92744a0428e405e95dc3eb812e1b87872b22eb | Range graph generated
[INFO] | 2024-11-10 07:37:56 AM | analyzer.0x2c92744a0428e405e95dc3eb812e1b87872b22eb | Processed function redeem
[INFO] | 2024-11-10 07:37:56 AM | analyzer.0x2c92744a0428e405e95dc3eb812e1b87872b22eb | Generating return summary for withdraw
[INFO] | 2024-11-10 07:37:56 AM | analyzer.0x2c92744a0428e405e95dc3eb812e1b87872b22eb | Return summary generated for withdraw
[WARNING] | 2024-11-10 07:37:56 AM | analyzer.0x2c92744a0428e405e95dc3eb812e1b87872b22eb | Can there be this kind of variables
[WARNING] | 2024-11-10 07:37:56 AM | analyzer.0x2c92744a0428e405e95dc3eb812e1b87872b22eb | Can there be this kind of variables
[WARNING] | 2024-11-10 07:37:56 AM | analyzer.0x2c92744a0428e405e95dc3eb812e1b87872b22eb | Can there be this kind of variables
[WARNING] | 2024-11-10 07:37:56 AM | analyzer.0x2c92744a0428e405e95dc3eb812e1b87872b22eb | Can there be this kind of variables
[WARNING] | 2024-11-10 07:37:56 AM | analyzer.0x2c92744a0428e405e95dc3eb812e1b87872b22eb | Can there be this kind of variables
[WARNING] | 2024-11-10 07:37:56 AM | analyzer.0x2c92744a0428e405e95dc3eb812e1b87872b22eb | Can there be this kind of variables
[WARNING] | 2024-11-10 07:37:56 AM | analyzer.0x2c92744a0428e405e95dc3eb812e1b87872b22eb | Can there be this kind of variables
[WARNING] | 2024-11-10 07:37:56 AM | analyzer.0x2c92744a0428e405e95dc3eb812e1b87872b22eb | Can there be this kind of variables
[WARNING] | 2024-11-10 07:37:56 AM | analyzer.0x2c92744a0428e405e95dc3eb812e1b87872b22eb | Can there be this kind of variables
[WARNING] | 2024-11-10 07:37:56 AM | analyzer.0x2c92744a0428e405e95dc3eb812e1b87872b22eb | Can there be this kind of variables
[WARNING] | 2024-11-10 07:37:56 AM | analyzer.0x2c92744a0428e405e95dc3eb812e1b87872b22eb | Can there be this kind of variables
[WARNING] | 2024-11-10 07:37:56 AM | analyzer.0x2c92744a0428e405e95dc3eb812e1b87872b22eb | Can there be this kind of variables
[WARNING] | 2024-11-10 07:37:56 AM | analyzer.0x2c92744a0428e405e95dc3eb812e1b87872b22eb | Can there be this kind of variables
[WARNING] | 2024-11-10 07:37:56 AM | analyzer.0x2c92744a0428e405e95dc3eb812e1b87872b22eb | Can there be this kind of variables
[WARNING] | 2024-11-10 07:37:56 AM | analyzer.0x2c92744a0428e405e95dc3eb812e1b87872b22eb | Can there be this kind of variables
[WARNING] | 2024-11-10 07:37:56 AM | analyzer.0x2c92744a0428e405e95dc3eb812e1b87872b22eb | Can there be this kind of variables
[WARNING] | 2024-11-10 07:37:56 AM | analyzer.0x2c92744a0428e405e95dc3eb812e1b87872b22eb | Can there be this kind of variables
[WARNING] | 2024-11-10 07:37:56 AM | analyzer.0x2c92744a0428e405e95dc3eb812e1b87872b22eb | Can there be this kind of variables
[WARNING] | 2024-11-10 07:37:56 AM | analyzer.0x2c92744a0428e405e95dc3eb812e1b87872b22eb | Can there be this kind of variables
[WARNING] | 2024-11-10 07:37:56 AM | analyzer.0x2c92744a0428e405e95dc3eb812e1b87872b22eb | Can there be this kind of variables
[WARNING] | 2024-11-10 07:37:56 AM | analyzer.0x2c92744a0428e405e95dc3eb812e1b87872b22eb | Can there be this kind of variables
[WARNING] | 2024-11-10 07:37:56 AM | analyzer.0x2c92744a0428e405e95dc3eb812e1b87872b22eb | Can there be this kind of variables
[WARNING] | 2024-11-10 07:37:56 AM | analyzer.0x2c92744a0428e405e95dc3eb812e1b87872b22eb | Can there be this kind of variables
[WARNING] | 2024-11-10 07:37:56 AM | analyzer.0x2c92744a0428e405e95dc3eb812e1b87872b22eb | Can there be this kind of variables
[WARNING] | 2024-11-10 07:37:56 AM | analyzer.0x2c92744a0428e405e95dc3eb812e1b87872b22eb | Can there be this kind of variables
[WARNING] | 2024-11-10 07:37:56 AM | analyzer.0x2c92744a0428e405e95dc3eb812e1b87872b22eb | Can there be this kind of variables
[WARNING] | 2024-11-10 07:37:56 AM | analyzer.0x2c92744a0428e405e95dc3eb812e1b87872b22eb | Can there be this kind of variables
[WARNING] | 2024-11-10 07:37:56 AM | analyzer.0x2c92744a0428e405e95dc3eb812e1b87872b22eb | Can there be this kind of variables
[WARNING] | 2024-11-10 07:37:56 AM | analyzer.0x2c92744a0428e405e95dc3eb812e1b87872b22eb | Can there be this kind of variables
[WARNING] | 2024-11-10 07:37:56 AM | analyzer.0x2c92744a0428e405e95dc3eb812e1b87872b22eb | Can there be this kind of variables
[WARNING] | 2024-11-10 07:37:56 AM | analyzer.0x2c92744a0428e405e95dc3eb812e1b87872b22eb | Can there be this kind of variables
[WARNING] | 2024-11-10 07:37:56 AM | analyzer.0x2c92744a0428e405e95dc3eb812e1b87872b22eb | Can there be this kind of variables
[WARNING] | 2024-11-10 07:37:56 AM | analyzer.0x2c92744a0428e405e95dc3eb812e1b87872b22eb | Can there be this kind of variables
[WARNING] | 2024-11-10 07:37:56 AM | analyzer.0x2c92744a0428e405e95dc3eb812e1b87872b22eb | Can there be this kind of variables
[WARNING] | 2024-11-10 07:37:56 AM | analyzer.0x2c92744a0428e405e95dc3eb812e1b87872b22eb | Can there be this kind of variables
[WARNING] | 2024-11-10 07:37:56 AM | analyzer.0x2c92744a0428e405e95dc3eb812e1b87872b22eb | Can there be this kind of variables
[WARNING] | 2024-11-10 07:37:56 AM | analyzer.0x2c92744a0428e405e95dc3eb812e1b87872b22eb | Can there be this kind of variables
[WARNING] | 2024-11-10 07:37:56 AM | analyzer.0x2c92744a0428e405e95dc3eb812e1b87872b22eb | Can there be this kind of variables
[WARNING] | 2024-11-10 07:37:56 AM | analyzer.0x2c92744a0428e405e95dc3eb812e1b87872b22eb | Can there be this kind of variables
[WARNING] | 2024-11-10 07:37:56 AM | analyzer.0x2c92744a0428e405e95dc3eb812e1b87872b22eb | Can there be this kind of variables
[WARNING] | 2024-11-10 07:37:56 AM | analyzer.0x2c92744a0428e405e95dc3eb812e1b87872b22eb | Can there be this kind of variables
[WARNING] | 2024-11-10 07:37:56 AM | analyzer.0x2c92744a0428e405e95dc3eb812e1b87872b22eb | Can there be this kind of variables
[WARNING] | 2024-11-10 07:37:56 AM | analyzer.0x2c92744a0428e405e95dc3eb812e1b87872b22eb | Can there be this kind of variables
[WARNING] | 2024-11-10 07:37:56 AM | analyzer.0x2c92744a0428e405e95dc3eb812e1b87872b22eb | Can there be this kind of variables
[WARNING] | 2024-11-10 07:37:56 AM | analyzer.0x2c92744a0428e405e95dc3eb812e1b87872b22eb | Can there be this kind of variables
[WARNING] | 2024-11-10 07:37:56 AM | analyzer.0x2c92744a0428e405e95dc3eb812e1b87872b22eb | Can there be this kind of variables
[WARNING] | 2024-11-10 07:37:56 AM | analyzer.0x2c92744a0428e405e95dc3eb812e1b87872b22eb | Can there be this kind of variables
[WARNING] | 2024-11-10 07:37:56 AM | analyzer.0x2c92744a0428e405e95dc3eb812e1b87872b22eb | Can there be this kind of variables
[WARNING] | 2024-11-10 07:37:56 AM | analyzer.0x2c92744a0428e405e95dc3eb812e1b87872b22eb | Can there be this kind of variables
[WARNING] | 2024-11-10 07:37:56 AM | analyzer.0x2c92744a0428e405e95dc3eb812e1b87872b22eb | Can there be this kind of variables
[WARNING] | 2024-11-10 07:37:56 AM | analyzer.0x2c92744a0428e405e95dc3eb812e1b87872b22eb | Can there be this kind of variables
[WARNING] | 2024-11-10 07:37:56 AM | analyzer.0x2c92744a0428e405e95dc3eb812e1b87872b22eb | Can there be this kind of variables
[WARNING] | 2024-11-10 07:37:56 AM | analyzer.0x2c92744a0428e405e95dc3eb812e1b87872b22eb | Can there be this kind of variables
[WARNING] | 2024-11-10 07:37:56 AM | analyzer.0x2c92744a0428e405e95dc3eb812e1b87872b22eb | Can there be this kind of variables
[WARNING] | 2024-11-10 07:37:56 AM | analyzer.0x2c92744a0428e405e95dc3eb812e1b87872b22eb | Can there be this kind of variables
[WARNING] | 2024-11-10 07:37:56 AM | analyzer.0x2c92744a0428e405e95dc3eb812e1b87872b22eb | Can there be this kind of variables
[WARNING] | 2024-11-10 07:37:56 AM | analyzer.0x2c92744a0428e405e95dc3eb812e1b87872b22eb | Can there be this kind of variables
[WARNING] | 2024-11-10 07:37:56 AM | analyzer.0x2c92744a0428e405e95dc3eb812e1b87872b22eb | Can there be this kind of variables
[WARNING] | 2024-11-10 07:37:56 AM | analyzer.0x2c92744a0428e405e95dc3eb812e1b87872b22eb | Can there be this kind of variables
[WARNING] | 2024-11-10 07:37:56 AM | analyzer.0x2c92744a0428e405e95dc3eb812e1b87872b22eb | Can there be this kind of variables
[WARNING] | 2024-11-10 07:37:56 AM | analyzer.0x2c92744a0428e405e95dc3eb812e1b87872b22eb | Can there be this kind of variables
[WARNING] | 2024-11-10 07:37:56 AM | analyzer.0x2c92744a0428e405e95dc3eb812e1b87872b22eb | Can there be this kind of variables
[WARNING] | 2024-11-10 07:37:56 AM | analyzer.0x2c92744a0428e405e95dc3eb812e1b87872b22eb | Can there be this kind of variables
[WARNING] | 2024-11-10 07:37:56 AM | analyzer.0x2c92744a0428e405e95dc3eb812e1b87872b22eb | Can there be this kind of variables
[WARNING] | 2024-11-10 07:37:56 AM | analyzer.0x2c92744a0428e405e95dc3eb812e1b87872b22eb | Can there be this kind of variables
[WARNING] | 2024-11-10 07:37:56 AM | analyzer.0x2c92744a0428e405e95dc3eb812e1b87872b22eb | Can there be this kind of variables
[WARNING] | 2024-11-10 07:37:56 AM | analyzer.0x2c92744a0428e405e95dc3eb812e1b87872b22eb | Can there be this kind of variables
[WARNING] | 2024-11-10 07:37:56 AM | analyzer.0x2c92744a0428e405e95dc3eb812e1b87872b22eb | Can there be this kind of variables
[WARNING] | 2024-11-10 07:37:56 AM | analyzer.0x2c92744a0428e405e95dc3eb812e1b87872b22eb | Can there be this kind of variables
[WARNING] | 2024-11-10 07:37:56 AM | analyzer.0x2c92744a0428e405e95dc3eb812e1b87872b22eb | Can there be this kind of variables
[WARNING] | 2024-11-10 07:37:56 AM | analyzer.0x2c92744a0428e405e95dc3eb812e1b87872b22eb | Can there be this kind of variables
[WARNING] | 2024-11-10 07:37:56 AM | analyzer.0x2c92744a0428e405e95dc3eb812e1b87872b22eb | Can there be this kind of variables
[WARNING] | 2024-11-10 07:37:56 AM | analyzer.0x2c92744a0428e405e95dc3eb812e1b87872b22eb | Can there be this kind of variables
[WARNING] | 2024-11-10 07:37:56 AM | analyzer.0x2c92744a0428e405e95dc3eb812e1b87872b22eb | Can there be this kind of variables
[WARNING] | 2024-11-10 07:37:56 AM | analyzer.0x2c92744a0428e405e95dc3eb812e1b87872b22eb | Can there be this kind of variables
[WARNING] | 2024-11-10 07:37:56 AM | analyzer.0x2c92744a0428e405e95dc3eb812e1b87872b22eb | Can there be this kind of variables
[WARNING] | 2024-11-10 07:37:56 AM | analyzer.0x2c92744a0428e405e95dc3eb812e1b87872b22eb | Can there be this kind of variables
[WARNING] | 2024-11-10 07:37:56 AM | analyzer.0x2c92744a0428e405e95dc3eb812e1b87872b22eb | Can there be this kind of variables
[WARNING] | 2024-11-10 07:37:56 AM | analyzer.0x2c92744a0428e405e95dc3eb812e1b87872b22eb | Can there be this kind of variables
[WARNING] | 2024-11-10 07:37:56 AM | analyzer.0x2c92744a0428e405e95dc3eb812e1b87872b22eb | Can there be this kind of variables
[WARNING] | 2024-11-10 07:37:56 AM | analyzer.0x2c92744a0428e405e95dc3eb812e1b87872b22eb | Can there be this kind of variables
[WARNING] | 2024-11-10 07:37:56 AM | analyzer.0x2c92744a0428e405e95dc3eb812e1b87872b22eb | Can there be this kind of variables
[WARNING] | 2024-11-10 07:37:56 AM | analyzer.0x2c92744a0428e405e95dc3eb812e1b87872b22eb | Can there be this kind of variables
[WARNING] | 2024-11-10 07:37:56 AM | analyzer.0x2c92744a0428e405e95dc3eb812e1b87872b22eb | Can there be this kind of variables
[WARNING] | 2024-11-10 07:37:56 AM | analyzer.0x2c92744a0428e405e95dc3eb812e1b87872b22eb | Can there be this kind of variables
[WARNING] | 2024-11-10 07:37:56 AM | analyzer.0x2c92744a0428e405e95dc3eb812e1b87872b22eb | Can there be this kind of variables
[WARNING] | 2024-11-10 07:37:56 AM | analyzer.0x2c92744a0428e405e95dc3eb812e1b87872b22eb | Can there be this kind of variables
[INFO] | 2024-11-10 07:37:56 AM | analyzer.0x2c92744a0428e405e95dc3eb812e1b87872b22eb | Range graph generated
[INFO] | 2024-11-10 07:37:56 AM | analyzer.0x2c92744a0428e405e95dc3eb812e1b87872b22eb | Processed function withdraw
[INFO] | 2024-11-10 07:37:56 AM | analyzer.0x2c92744a0428e405e95dc3eb812e1b87872b22eb | Generating return summary for notifyRewardAmount
[INFO] | 2024-11-10 07:37:56 AM | analyzer.0x2c92744a0428e405e95dc3eb812e1b87872b22eb | Return summary generated for notifyRewardAmount
[WARNING] | 2024-11-10 07:37:56 AM | analyzer.0x2c92744a0428e405e95dc3eb812e1b87872b22eb | Can there be this kind of variables
[WARNING] | 2024-11-10 07:37:56 AM | analyzer.0x2c92744a0428e405e95dc3eb812e1b87872b22eb | Can there be this kind of variables
[WARNING] | 2024-11-10 07:37:56 AM | analyzer.0x2c92744a0428e405e95dc3eb812e1b87872b22eb | Can there be this kind of variables
[WARNING] | 2024-11-10 07:37:56 AM | analyzer.0x2c92744a0428e405e95dc3eb812e1b87872b22eb | Can there be this kind of variables
[WARNING] | 2024-11-10 07:37:56 AM | analyzer.0x2c92744a0428e405e95dc3eb812e1b87872b22eb | Can there be this kind of variables
[WARNING] | 2024-11-10 07:37:56 AM | analyzer.0x2c92744a0428e405e95dc3eb812e1b87872b22eb | Can there be this kind of variables
[WARNING] | 2024-11-10 07:37:56 AM | analyzer.0x2c92744a0428e405e95dc3eb812e1b87872b22eb | Can there be this kind of variables
[WARNING] | 2024-11-10 07:37:56 AM | analyzer.0x2c92744a0428e405e95dc3eb812e1b87872b22eb | Can there be this kind of variables
[WARNING] | 2024-11-10 07:37:56 AM | analyzer.0x2c92744a0428e405e95dc3eb812e1b87872b22eb | Can there be this kind of variables
[WARNING] | 2024-11-10 07:37:56 AM | analyzer.0x2c92744a0428e405e95dc3eb812e1b87872b22eb | Can there be this kind of variables
[WARNING] | 2024-11-10 07:37:56 AM | analyzer.0x2c92744a0428e405e95dc3eb812e1b87872b22eb | Can there be this kind of variables
[WARNING] | 2024-11-10 07:37:56 AM | analyzer.0x2c92744a0428e405e95dc3eb812e1b87872b22eb | Can there be this kind of variables
[WARNING] | 2024-11-10 07:37:56 AM | analyzer.0x2c92744a0428e405e95dc3eb812e1b87872b22eb | Can there be this kind of variables
[WARNING] | 2024-11-10 07:37:56 AM | analyzer.0x2c92744a0428e405e95dc3eb812e1b87872b22eb | Can there be this kind of variables
[WARNING] | 2024-11-10 07:37:56 AM | analyzer.0x2c92744a0428e405e95dc3eb812e1b87872b22eb | Can there be this kind of variables
[WARNING] | 2024-11-10 07:37:56 AM | analyzer.0x2c92744a0428e405e95dc3eb812e1b87872b22eb | Can there be this kind of variables
[WARNING] | 2024-11-10 07:37:56 AM | analyzer.0x2c92744a0428e405e95dc3eb812e1b87872b22eb | Can there be this kind of variables
[WARNING] | 2024-11-10 07:37:56 AM | analyzer.0x2c92744a0428e405e95dc3eb812e1b87872b22eb | Can there be this kind of variables
[WARNING] | 2024-11-10 07:37:56 AM | analyzer.0x2c92744a0428e405e95dc3eb812e1b87872b22eb | Can there be this kind of variables
[WARNING] | 2024-11-10 07:37:56 AM | analyzer.0x2c92744a0428e405e95dc3eb812e1b87872b22eb | Can there be this kind of variables
[WARNING] | 2024-11-10 07:37:56 AM | analyzer.0x2c92744a0428e405e95dc3eb812e1b87872b22eb | Can there be this kind of variables
[WARNING] | 2024-11-10 07:37:56 AM | analyzer.0x2c92744a0428e405e95dc3eb812e1b87872b22eb | Can there be this kind of variables
[WARNING] | 2024-11-10 07:37:56 AM | analyzer.0x2c92744a0428e405e95dc3eb812e1b87872b22eb | Can there be this kind of variables
[WARNING] | 2024-11-10 07:37:56 AM | analyzer.0x2c92744a0428e405e95dc3eb812e1b87872b22eb | Can there be this kind of variables
[WARNING] | 2024-11-10 07:37:56 AM | analyzer.0x2c92744a0428e405e95dc3eb812e1b87872b22eb | Can there be this kind of variables
[WARNING] | 2024-11-10 07:37:56 AM | analyzer.0x2c92744a0428e405e95dc3eb812e1b87872b22eb | Can there be this kind of variables
[WARNING] | 2024-11-10 07:37:56 AM | analyzer.0x2c92744a0428e405e95dc3eb812e1b87872b22eb | Can there be this kind of variables
[WARNING] | 2024-11-10 07:37:56 AM | analyzer.0x2c92744a0428e405e95dc3eb812e1b87872b22eb | Can there be this kind of variables
[WARNING] | 2024-11-10 07:37:56 AM | analyzer.0x2c92744a0428e405e95dc3eb812e1b87872b22eb | Can there be this kind of variables
[WARNING] | 2024-11-10 07:37:56 AM | analyzer.0x2c92744a0428e405e95dc3eb812e1b87872b22eb | Can there be this kind of variables
[WARNING] | 2024-11-10 07:37:56 AM | analyzer.0x2c92744a0428e405e95dc3eb812e1b87872b22eb | Can there be this kind of variables
[WARNING] | 2024-11-10 07:37:56 AM | analyzer.0x2c92744a0428e405e95dc3eb812e1b87872b22eb | Can there be this kind of variables
[WARNING] | 2024-11-10 07:37:56 AM | analyzer.0x2c92744a0428e405e95dc3eb812e1b87872b22eb | Can there be this kind of variables
[WARNING] | 2024-11-10 07:37:56 AM | analyzer.0x2c92744a0428e405e95dc3eb812e1b87872b22eb | Can there be this kind of variables
[WARNING] | 2024-11-10 07:37:56 AM | analyzer.0x2c92744a0428e405e95dc3eb812e1b87872b22eb | Can there be this kind of variables
[WARNING] | 2024-11-10 07:37:56 AM | analyzer.0x2c92744a0428e405e95dc3eb812e1b87872b22eb | Can there be this kind of variables
[WARNING] | 2024-11-10 07:37:56 AM | analyzer.0x2c92744a0428e405e95dc3eb812e1b87872b22eb | Can there be this kind of variables
[WARNING] | 2024-11-10 07:37:56 AM | analyzer.0x2c92744a0428e405e95dc3eb812e1b87872b22eb | Can there be this kind of variables
[WARNING] | 2024-11-10 07:37:56 AM | analyzer.0x2c92744a0428e405e95dc3eb812e1b87872b22eb | Can there be this kind of variables
[WARNING] | 2024-11-10 07:37:56 AM | analyzer.0x2c92744a0428e405e95dc3eb812e1b87872b22eb | Can there be this kind of variables
[WARNING] | 2024-11-10 07:37:56 AM | analyzer.0x2c92744a0428e405e95dc3eb812e1b87872b22eb | Can there be this kind of variables
[WARNING] | 2024-11-10 07:37:56 AM | analyzer.0x2c92744a0428e405e95dc3eb812e1b87872b22eb | Can there be this kind of variables
[WARNING] | 2024-11-10 07:37:56 AM | analyzer.0x2c92744a0428e405e95dc3eb812e1b87872b22eb | Can there be this kind of variables
[WARNING] | 2024-11-10 07:37:56 AM | analyzer.0x2c92744a0428e405e95dc3eb812e1b87872b22eb | Can there be this kind of variables
[WARNING] | 2024-11-10 07:37:56 AM | analyzer.0x2c92744a0428e405e95dc3eb812e1b87872b22eb | Can there be this kind of variables
[WARNING] | 2024-11-10 07:37:56 AM | analyzer.0x2c92744a0428e405e95dc3eb812e1b87872b22eb | Can there be this kind of variables
[WARNING] | 2024-11-10 07:37:56 AM | analyzer.0x2c92744a0428e405e95dc3eb812e1b87872b22eb | Can there be this kind of variables
[WARNING] | 2024-11-10 07:37:56 AM | analyzer.0x2c92744a0428e405e95dc3eb812e1b87872b22eb | Can there be this kind of variables
[WARNING] | 2024-11-10 07:37:56 AM | analyzer.0x2c92744a0428e405e95dc3eb812e1b87872b22eb | Can there be this kind of variables
[WARNING] | 2024-11-10 07:37:56 AM | analyzer.0x2c92744a0428e405e95dc3eb812e1b87872b22eb | Can there be this kind of variables
[WARNING] | 2024-11-10 07:37:56 AM | analyzer.0x2c92744a0428e405e95dc3eb812e1b87872b22eb | Can there be this kind of variables
[WARNING] | 2024-11-10 07:37:56 AM | analyzer.0x2c92744a0428e405e95dc3eb812e1b87872b22eb | Can there be this kind of variables
[WARNING] | 2024-11-10 07:37:56 AM | analyzer.0x2c92744a0428e405e95dc3eb812e1b87872b22eb | Can there be this kind of variables
[WARNING] | 2024-11-10 07:37:56 AM | analyzer.0x2c92744a0428e405e95dc3eb812e1b87872b22eb | Can there be this kind of variables
[WARNING] | 2024-11-10 07:37:56 AM | analyzer.0x2c92744a0428e405e95dc3eb812e1b87872b22eb | Can there be this kind of variables
[WARNING] | 2024-11-10 07:37:56 AM | analyzer.0x2c92744a0428e405e95dc3eb812e1b87872b22eb | Can there be this kind of variables
[WARNING] | 2024-11-10 07:37:56 AM | analyzer.0x2c92744a0428e405e95dc3eb812e1b87872b22eb | Can there be this kind of variables
[WARNING] | 2024-11-10 07:37:56 AM | analyzer.0x2c92744a0428e405e95dc3eb812e1b87872b22eb | Can there be this kind of variables
[WARNING] | 2024-11-10 07:37:56 AM | analyzer.0x2c92744a0428e405e95dc3eb812e1b87872b22eb | Can there be this kind of variables
[WARNING] | 2024-11-10 07:37:56 AM | analyzer.0x2c92744a0428e405e95dc3eb812e1b87872b22eb | Can there be this kind of variables
[WARNING] | 2024-11-10 07:37:56 AM | analyzer.0x2c92744a0428e405e95dc3eb812e1b87872b22eb | Can there be this kind of variables
[WARNING] | 2024-11-10 07:37:56 AM | analyzer.0x2c92744a0428e405e95dc3eb812e1b87872b22eb | Can there be this kind of variables
[WARNING] | 2024-11-10 07:37:56 AM | analyzer.0x2c92744a0428e405e95dc3eb812e1b87872b22eb | Can there be this kind of variables
[WARNING] | 2024-11-10 07:37:56 AM | analyzer.0x2c92744a0428e405e95dc3eb812e1b87872b22eb | Can there be this kind of variables
[WARNING] | 2024-11-10 07:37:56 AM | analyzer.0x2c92744a0428e405e95dc3eb812e1b87872b22eb | Can there be this kind of variables
[WARNING] | 2024-11-10 07:37:56 AM | analyzer.0x2c92744a0428e405e95dc3eb812e1b87872b22eb | Can there be this kind of variables
[WARNING] | 2024-11-10 07:37:56 AM | analyzer.0x2c92744a0428e405e95dc3eb812e1b87872b22eb | Can there be this kind of variables
[WARNING] | 2024-11-10 07:37:56 AM | analyzer.0x2c92744a0428e405e95dc3eb812e1b87872b22eb | Can there be this kind of variables
[WARNING] | 2024-11-10 07:37:56 AM | analyzer.0x2c92744a0428e405e95dc3eb812e1b87872b22eb | Can there be this kind of variables
[WARNING] | 2024-11-10 07:37:56 AM | analyzer.0x2c92744a0428e405e95dc3eb812e1b87872b22eb | Can there be this kind of variables
[WARNING] | 2024-11-10 07:37:56 AM | analyzer.0x2c92744a0428e405e95dc3eb812e1b87872b22eb | Can there be this kind of variables
[WARNING] | 2024-11-10 07:37:56 AM | analyzer.0x2c92744a0428e405e95dc3eb812e1b87872b22eb | Can there be this kind of variables
[WARNING] | 2024-11-10 07:37:56 AM | analyzer.0x2c92744a0428e405e95dc3eb812e1b87872b22eb | Can there be this kind of variables
[WARNING] | 2024-11-10 07:37:56 AM | analyzer.0x2c92744a0428e405e95dc3eb812e1b87872b22eb | Can there be this kind of variables
[WARNING] | 2024-11-10 07:37:56 AM | analyzer.0x2c92744a0428e405e95dc3eb812e1b87872b22eb | Can there be this kind of variables
[WARNING] | 2024-11-10 07:37:56 AM | analyzer.0x2c92744a0428e405e95dc3eb812e1b87872b22eb | Can there be this kind of variables
[WARNING] | 2024-11-10 07:37:56 AM | analyzer.0x2c92744a0428e405e95dc3eb812e1b87872b22eb | Can there be this kind of variables
[WARNING] | 2024-11-10 07:37:56 AM | analyzer.0x2c92744a0428e405e95dc3eb812e1b87872b22eb | Can there be this kind of variables
[WARNING] | 2024-11-10 07:37:56 AM | analyzer.0x2c92744a0428e405e95dc3eb812e1b87872b22eb | Can there be this kind of variables
[WARNING] | 2024-11-10 07:37:56 AM | analyzer.0x2c92744a0428e405e95dc3eb812e1b87872b22eb | Can there be this kind of variables
[WARNING] | 2024-11-10 07:37:56 AM | analyzer.0x2c92744a0428e405e95dc3eb812e1b87872b22eb | Can there be this kind of variables
[WARNING] | 2024-11-10 07:37:56 AM | analyzer.0x2c92744a0428e405e95dc3eb812e1b87872b22eb | Can there be this kind of variables
[WARNING] | 2024-11-10 07:37:56 AM | analyzer.0x2c92744a0428e405e95dc3eb812e1b87872b22eb | Can there be this kind of variables
[WARNING] | 2024-11-10 07:37:56 AM | analyzer.0x2c92744a0428e405e95dc3eb812e1b87872b22eb | Can there be this kind of variables
[WARNING] | 2024-11-10 07:37:56 AM | analyzer.0x2c92744a0428e405e95dc3eb812e1b87872b22eb | Can there be this kind of variables
[WARNING] | 2024-11-10 07:37:56 AM | analyzer.0x2c92744a0428e405e95dc3eb812e1b87872b22eb | Can there be this kind of variables
[WARNING] | 2024-11-10 07:37:56 AM | analyzer.0x2c92744a0428e405e95dc3eb812e1b87872b22eb | Can there be this kind of variables
[WARNING] | 2024-11-10 07:37:56 AM | analyzer.0x2c92744a0428e405e95dc3eb812e1b87872b22eb | Can there be this kind of variables
[WARNING] | 2024-11-10 07:37:56 AM | analyzer.0x2c92744a0428e405e95dc3eb812e1b87872b22eb | Can there be this kind of variables
[WARNING] | 2024-11-10 07:37:56 AM | analyzer.0x2c92744a0428e405e95dc3eb812e1b87872b22eb | Can there be this kind of variables
[WARNING] | 2024-11-10 07:37:56 AM | analyzer.0x2c92744a0428e405e95dc3eb812e1b87872b22eb | Can there be this kind of variables
[WARNING] | 2024-11-10 07:37:56 AM | analyzer.0x2c92744a0428e405e95dc3eb812e1b87872b22eb | Can there be this kind of variables
[WARNING] | 2024-11-10 07:37:56 AM | analyzer.0x2c92744a0428e405e95dc3eb812e1b87872b22eb | Can there be this kind of variables
[WARNING] | 2024-11-10 07:37:56 AM | analyzer.0x2c92744a0428e405e95dc3eb812e1b87872b22eb | Can there be this kind of variables
[WARNING] | 2024-11-10 07:37:56 AM | analyzer.0x2c92744a0428e405e95dc3eb812e1b87872b22eb | Can there be this kind of variables
[WARNING] | 2024-11-10 07:37:56 AM | analyzer.0x2c92744a0428e405e95dc3eb812e1b87872b22eb | Can there be this kind of variables
[INFO] | 2024-11-10 07:37:56 AM | analyzer.0x2c92744a0428e405e95dc3eb812e1b87872b22eb | Range graph generated
[INFO] | 2024-11-10 07:37:56 AM | analyzer.0x2c92744a0428e405e95dc3eb812e1b87872b22eb | Processed function notifyRewardAmount
[INFO] | 2024-11-10 07:37:56 AM | analyzer.0x2c92744a0428e405e95dc3eb812e1b87872b22eb | Generating return summary for getReserves
[INFO] | 2024-11-10 07:37:56 AM | analyzer.0x2c92744a0428e405e95dc3eb812e1b87872b22eb | Return summary generated for getReserves
[INFO] | 2024-11-10 07:37:56 AM | analyzer.0x2c92744a0428e405e95dc3eb812e1b87872b22eb | State variable assignement do not exist
[INFO] | 2024-11-10 07:37:56 AM | analyzer.0x2c92744a0428e405e95dc3eb812e1b87872b22eb | Processed function getReserves
[INFO] | 2024-11-10 07:37:56 AM | analyzer.0x2c92744a0428e405e95dc3eb812e1b87872b22eb | Generating return summary for getAmountsOut
[INFO] | 2024-11-10 07:37:56 AM | analyzer.0x2c92744a0428e405e95dc3eb812e1b87872b22eb | Return summary generated for getAmountsOut
[INFO] | 2024-11-10 07:37:56 AM | analyzer.0x2c92744a0428e405e95dc3eb812e1b87872b22eb | State variable assignement do not exist
[INFO] | 2024-11-10 07:37:56 AM | analyzer.0x2c92744a0428e405e95dc3eb812e1b87872b22eb | Processed function getAmountsOut
[INFO] | 2024-11-10 07:37:56 AM | analyzer.0x2c92744a0428e405e95dc3eb812e1b87872b22eb | Generating return summary for swapExactETHForTokens
[INFO] | 2024-11-10 07:37:56 AM | analyzer.0x2c92744a0428e405e95dc3eb812e1b87872b22eb | Return summary generated for swapExactETHForTokens
[INFO] | 2024-11-10 07:37:56 AM | analyzer.0x2c92744a0428e405e95dc3eb812e1b87872b22eb | State variable assignement do not exist
[INFO] | 2024-11-10 07:37:56 AM | analyzer.0x2c92744a0428e405e95dc3eb812e1b87872b22eb | Processed function swapExactETHForTokens
[INFO] | 2024-11-10 07:37:56 AM | analyzer.0x2c92744a0428e405e95dc3eb812e1b87872b22eb | Generating return summary for pause
[INFO] | 2024-11-10 07:37:56 AM | analyzer.0x2c92744a0428e405e95dc3eb812e1b87872b22eb | Return summary generated for pause
[INFO] | 2024-11-10 07:37:56 AM | analyzer.0x2c92744a0428e405e95dc3eb812e1b87872b22eb | Range graph generated
[INFO] | 2024-11-10 07:37:56 AM | analyzer.0x2c92744a0428e405e95dc3eb812e1b87872b22eb | Processed function pause
[INFO] | 2024-11-10 07:37:56 AM | analyzer.0x2c92744a0428e405e95dc3eb812e1b87872b22eb | Generating return summary for unpause
[INFO] | 2024-11-10 07:37:56 AM | analyzer.0x2c92744a0428e405e95dc3eb812e1b87872b22eb | Return summary generated for unpause
[INFO] | 2024-11-10 07:37:56 AM | analyzer.0x2c92744a0428e405e95dc3eb812e1b87872b22eb | Range graph generated
[INFO] | 2024-11-10 07:37:56 AM | analyzer.0x2c92744a0428e405e95dc3eb812e1b87872b22eb | Processed function unpause
[INFO] | 2024-11-10 07:37:56 AM | analyzer.0x2c92744a0428e405e95dc3eb812e1b87872b22eb | Generating return summary for rewardPerToken
[INFO] | 2024-11-10 07:37:56 AM | analyzer.0x2c92744a0428e405e95dc3eb812e1b87872b22eb | Return summary generated for rewardPerToken
[INFO] | 2024-11-10 07:37:56 AM | analyzer.0x2c92744a0428e405e95dc3eb812e1b87872b22eb | State variable assignement do not exist
[INFO] | 2024-11-10 07:37:56 AM | analyzer.0x2c92744a0428e405e95dc3eb812e1b87872b22eb | Processed function rewardPerToken
[INFO] | 2024-11-10 07:37:56 AM | analyzer.0x2c92744a0428e405e95dc3eb812e1b87872b22eb | Generating return summary for exit
[INFO] | 2024-11-10 07:37:56 AM | analyzer.0x2c92744a0428e405e95dc3eb812e1b87872b22eb | Return summary generated for exit
[INFO] | 2024-11-10 07:37:56 AM | analyzer.0x2c92744a0428e405e95dc3eb812e1b87872b22eb | Range graph generated
[INFO] | 2024-11-10 07:37:56 AM | analyzer.0x2c92744a0428e405e95dc3eb812e1b87872b22eb | Processed function exit
[INFO] | 2024-11-10 07:37:56 AM | analyzer.0x2c92744a0428e405e95dc3eb812e1b87872b22eb | Generating return summary for getAmountsOut
[INFO] | 2024-11-10 07:37:56 AM | analyzer.0x2c92744a0428e405e95dc3eb812e1b87872b22eb | Return summary generated for getAmountsOut
[INFO] | 2024-11-10 07:37:56 AM | analyzer.0x2c92744a0428e405e95dc3eb812e1b87872b22eb | State variable assignement do not exist
[INFO] | 2024-11-10 07:37:56 AM | analyzer.0x2c92744a0428e405e95dc3eb812e1b87872b22eb | Processed function getAmountsOut
[INFO] | 2024-11-10 07:37:56 AM | analyzer.0x2c92744a0428e405e95dc3eb812e1b87872b22eb | Generating return summary for quote
[INFO] | 2024-11-10 07:37:56 AM | analyzer.0x2c92744a0428e405e95dc3eb812e1b87872b22eb | Return summary generated for quote
[INFO] | 2024-11-10 07:37:56 AM | analyzer.0x2c92744a0428e405e95dc3eb812e1b87872b22eb | State variable assignement do not exist
[INFO] | 2024-11-10 07:37:56 AM | analyzer.0x2c92744a0428e405e95dc3eb812e1b87872b22eb | Processed function quote
[INFO] | 2024-11-10 07:37:56 AM | analyzer.0x2c92744a0428e405e95dc3eb812e1b87872b22eb | Generating return summary for getPriceHero
[INFO] | 2024-11-10 07:37:56 AM | analyzer.0x2c92744a0428e405e95dc3eb812e1b87872b22eb | Return summary generated for getPriceHero
[INFO] | 2024-11-10 07:37:56 AM | analyzer.0x2c92744a0428e405e95dc3eb812e1b87872b22eb | State variable assignement do not exist
[INFO] | 2024-11-10 07:37:56 AM | analyzer.0x2c92744a0428e405e95dc3eb812e1b87872b22eb | Processed function getPriceHero
[INFO] | 2024-11-10 07:37:56 AM | analyzer.0x2c92744a0428e405e95dc3eb812e1b87872b22eb | Generating return summary for getPriceSupport
[INFO] | 2024-11-10 07:37:56 AM | analyzer.0x2c92744a0428e405e95dc3eb812e1b87872b22eb | Return summary generated for getPriceSupport
[INFO] | 2024-11-10 07:37:56 AM | analyzer.0x2c92744a0428e405e95dc3eb812e1b87872b22eb | State variable assignement do not exist
[INFO] | 2024-11-10 07:37:56 AM | analyzer.0x2c92744a0428e405e95dc3eb812e1b87872b22eb | Processed function getPriceSupport
[INFO] | 2024-11-10 07:37:56 AM | analyzer.0x2c92744a0428e405e95dc3eb812e1b87872b22eb | Generating return summary for earned
[INFO] | 2024-11-10 07:37:56 AM | analyzer.0x2c92744a0428e405e95dc3eb812e1b87872b22eb | Return summary generated for earned
[INFO] | 2024-11-10 07:37:56 AM | analyzer.0x2c92744a0428e405e95dc3eb812e1b87872b22eb | State variable assignement do not exist
[INFO] | 2024-11-10 07:37:56 AM | analyzer.0x2c92744a0428e405e95dc3eb812e1b87872b22eb | Processed function earned
[INFO] | 2024-11-10 07:37:56 AM | analyzer.0x2c92744a0428e405e95dc3eb812e1b87872b22eb | Generating return summary for addLiquidityETH
[INFO] | 2024-11-10 07:37:56 AM | analyzer.0x2c92744a0428e405e95dc3eb812e1b87872b22eb | Return summary generated for addLiquidityETH
[INFO] | 2024-11-10 07:37:56 AM | analyzer.0x2c92744a0428e405e95dc3eb812e1b87872b22eb | State variable assignement do not exist
[INFO] | 2024-11-10 07:37:56 AM | analyzer.0x2c92744a0428e405e95dc3eb812e1b87872b22eb | Processed function addLiquidityETH
[INFO] | 2024-11-10 07:37:56 AM | analyzer.0x2c92744a0428e405e95dc3eb812e1b87872b22eb | Generating return summary for buy
[INFO] | 2024-11-10 07:37:56 AM | analyzer.0x2c92744a0428e405e95dc3eb812e1b87872b22eb | Return summary generated for buy
[INFO] | 2024-11-10 07:37:56 AM | analyzer.0x2c92744a0428e405e95dc3eb812e1b87872b22eb | Range graph generated
[INFO] | 2024-11-10 07:37:56 AM | analyzer.0x2c92744a0428e405e95dc3eb812e1b87872b22eb | Processed function buy
[INFO] | 2024-11-10 07:37:56 AM | analyzer.0x2c92744a0428e405e95dc3eb812e1b87872b22eb | Value Range Analysis took 0.241717 seconds
[INFO] | 2024-11-10 07:37:56 AM | analyzer.0x2c92744a0428e405e95dc3eb812e1b87872b22eb | Value Range Analysis finished
[INFO] | 2024-11-10 07:37:56 AM | analyzer.0x2c92744a0428e405e95dc3eb812e1b87872b22eb | Storage dependency graph compostion started!
[INFO] | 2024-11-10 07:37:56 AM | analyzer.0x2c92744a0428e405e95dc3eb812e1b87872b22eb | Storage dependency graph compostion finished!
[INFO] | 2024-11-10 07:37:56 AM | analyzer.0x2c92744a0428e405e95dc3eb812e1b87872b22eb | Dependency detection started!
[INFO] | 2024-11-10 07:37:56 AM | analyzer.0x2c92744a0428e405e95dc3eb812e1b87872b22eb | Dependency detection finished!
[INFO] | 2024-11-10 07:37:56 AM | analyzer.0x2c92744a0428e405e95dc3eb812e1b87872b22eb | Static Analysis took 8.468035 seconds
[INFO] | 2024-11-10 07:37:56 AM | analyzer.0x2c92744a0428e405e95dc3eb812e1b87872b22eb | Dependency does not exist
[INFO] | 2024-11-10 07:37:56 AM | analyzer.0x2c92744a0428e405e95dc3eb812e1b87872b22eb | Symbolic execution is not needed!
[INFO] | 2024-11-10 07:37:56 AM | analyzer.0x2c92744a0428e405e95dc3eb812e1b87872b22eb | Analysis finished!
[INFO] | 2024-11-10 07:37:56 AM | analyzer.0x2c92744a0428e405e95dc3eb812e1b87872b22eb | Analysis took 8.468342 seconds
[INFO] | 2024-11-10 07:37:56 AM | analyzer.0x2c92744a0428e405e95dc3eb812e1b87872b22eb | Analysis finished at: 2024-11-10 07:37:56 AM
