[INFO] | 2024-11-10 07:40:10 AM | analyzer.0x2daae64cc8516187c9d2ab209f3faa2f83b246e1 | Analysis started at: 2024-11-10 07:40:10 AM
[INFO] | 2024-11-10 07:40:16 AM | analyzer.0x2daae64cc8516187c9d2ab209f3faa2f83b246e1 | Version constraints: ['0.5.17']
[INFO] | 2024-11-10 07:40:16 AM | analyzer.0x2daae64cc8516187c9d2ab209f3faa2f83b246e1 | solc version: v0.5.17
[INFO] | 2024-11-10 07:40:19 AM | analyzer.0x2daae64cc8516187c9d2ab209f3faa2f83b246e1 | Callgraph generation started!
[INFO] | 2024-11-10 07:40:19 AM | analyzer.0x2daae64cc8516187c9d2ab209f3faa2f83b246e1 | Callgraph generation finished!
[INFO] | 2024-11-10 07:40:19 AM | analyzer.0x2daae64cc8516187c9d2ab209f3faa2f83b246e1 | Interprocedural CFG generation started!
[INFO] | 2024-11-10 07:40:19 AM | analyzer.0x2daae64cc8516187c9d2ab209f3faa2f83b246e1 | Interprocedural CFG generation finished!
[INFO] | 2024-11-10 07:40:19 AM | analyzer.0x2daae64cc8516187c9d2ab209f3faa2f83b246e1 | Storage dependency graph generation started!
[INFO] | 2024-11-10 07:40:19 AM | analyzer.0x2daae64cc8516187c9d2ab209f3faa2f83b246e1 | Storage dependency graph generation finished!
[INFO] | 2024-11-10 07:40:19 AM | analyzer.0x2daae64cc8516187c9d2ab209f3faa2f83b246e1 | Value Range Analysis started
[INFO] | 2024-11-10 07:40:19 AM | analyzer.0x2daae64cc8516187c9d2ab209f3faa2f83b246e1 | Generating return summary for slitherConstructorConstantVariables
[INFO] | 2024-11-10 07:40:19 AM | analyzer.0x2daae64cc8516187c9d2ab209f3faa2f83b246e1 | Return summary generated for slitherConstructorConstantVariables
[INFO] | 2024-11-10 07:40:19 AM | analyzer.0x2daae64cc8516187c9d2ab209f3faa2f83b246e1 | Range graph generated
[INFO] | 2024-11-10 07:40:19 AM | analyzer.0x2daae64cc8516187c9d2ab209f3faa2f83b246e1 | Processed function slitherConstructorConstantVariables
[INFO] | 2024-11-10 07:40:19 AM | analyzer.0x2daae64cc8516187c9d2ab209f3faa2f83b246e1 | Generating return summary for slitherConstructorConstantVariables
[INFO] | 2024-11-10 07:40:19 AM | analyzer.0x2daae64cc8516187c9d2ab209f3faa2f83b246e1 | Return summary generated for slitherConstructorConstantVariables
[INFO] | 2024-11-10 07:40:19 AM | analyzer.0x2daae64cc8516187c9d2ab209f3faa2f83b246e1 | Range graph generated
[INFO] | 2024-11-10 07:40:19 AM | analyzer.0x2daae64cc8516187c9d2ab209f3faa2f83b246e1 | Processed function slitherConstructorConstantVariables
[INFO] | 2024-11-10 07:40:19 AM | analyzer.0x2daae64cc8516187c9d2ab209f3faa2f83b246e1 | Generating return summary for add
[INFO] | 2024-11-10 07:40:19 AM | analyzer.0x2daae64cc8516187c9d2ab209f3faa2f83b246e1 | Return summary generated for add
[INFO] | 2024-11-10 07:40:19 AM | analyzer.0x2daae64cc8516187c9d2ab209f3faa2f83b246e1 | State variable assignement do not exist
[INFO] | 2024-11-10 07:40:19 AM | analyzer.0x2daae64cc8516187c9d2ab209f3faa2f83b246e1 | Processed function add
[INFO] | 2024-11-10 07:40:19 AM | analyzer.0x2daae64cc8516187c9d2ab209f3faa2f83b246e1 | Generating return summary for sub
[INFO] | 2024-11-10 07:40:19 AM | analyzer.0x2daae64cc8516187c9d2ab209f3faa2f83b246e1 | Return summary generated for sub
[INFO] | 2024-11-10 07:40:19 AM | analyzer.0x2daae64cc8516187c9d2ab209f3faa2f83b246e1 | State variable assignement do not exist
[INFO] | 2024-11-10 07:40:19 AM | analyzer.0x2daae64cc8516187c9d2ab209f3faa2f83b246e1 | Processed function sub
[INFO] | 2024-11-10 07:40:19 AM | analyzer.0x2daae64cc8516187c9d2ab209f3faa2f83b246e1 | Generating return summary for mul
[INFO] | 2024-11-10 07:40:19 AM | analyzer.0x2daae64cc8516187c9d2ab209f3faa2f83b246e1 | Return summary generated for mul
[INFO] | 2024-11-10 07:40:19 AM | analyzer.0x2daae64cc8516187c9d2ab209f3faa2f83b246e1 | State variable assignement do not exist
[INFO] | 2024-11-10 07:40:19 AM | analyzer.0x2daae64cc8516187c9d2ab209f3faa2f83b246e1 | Processed function mul
[INFO] | 2024-11-10 07:40:19 AM | analyzer.0x2daae64cc8516187c9d2ab209f3faa2f83b246e1 | Generating return summary for div
[INFO] | 2024-11-10 07:40:19 AM | analyzer.0x2daae64cc8516187c9d2ab209f3faa2f83b246e1 | Return summary generated for div
[INFO] | 2024-11-10 07:40:19 AM | analyzer.0x2daae64cc8516187c9d2ab209f3faa2f83b246e1 | State variable assignement do not exist
[INFO] | 2024-11-10 07:40:19 AM | analyzer.0x2daae64cc8516187c9d2ab209f3faa2f83b246e1 | Processed function div
[INFO] | 2024-11-10 07:40:19 AM | analyzer.0x2daae64cc8516187c9d2ab209f3faa2f83b246e1 | Generating return summary for balanceOf
[INFO] | 2024-11-10 07:40:19 AM | analyzer.0x2daae64cc8516187c9d2ab209f3faa2f83b246e1 | Return summary generated for balanceOf
[INFO] | 2024-11-10 07:40:19 AM | analyzer.0x2daae64cc8516187c9d2ab209f3faa2f83b246e1 | State variable assignement do not exist
[INFO] | 2024-11-10 07:40:19 AM | analyzer.0x2daae64cc8516187c9d2ab209f3faa2f83b246e1 | Processed function balanceOf
[INFO] | 2024-11-10 07:40:19 AM | analyzer.0x2daae64cc8516187c9d2ab209f3faa2f83b246e1 | Generating return summary for transfer
[INFO] | 2024-11-10 07:40:19 AM | analyzer.0x2daae64cc8516187c9d2ab209f3faa2f83b246e1 | Return summary generated for transfer
[INFO] | 2024-11-10 07:40:19 AM | analyzer.0x2daae64cc8516187c9d2ab209f3faa2f83b246e1 | State variable assignement do not exist
[INFO] | 2024-11-10 07:40:19 AM | analyzer.0x2daae64cc8516187c9d2ab209f3faa2f83b246e1 | Processed function transfer
[INFO] | 2024-11-10 07:40:19 AM | analyzer.0x2daae64cc8516187c9d2ab209f3faa2f83b246e1 | Generating return summary for transferFrom
[INFO] | 2024-11-10 07:40:19 AM | analyzer.0x2daae64cc8516187c9d2ab209f3faa2f83b246e1 | Return summary generated for transferFrom
[INFO] | 2024-11-10 07:40:19 AM | analyzer.0x2daae64cc8516187c9d2ab209f3faa2f83b246e1 | State variable assignement do not exist
[INFO] | 2024-11-10 07:40:19 AM | analyzer.0x2daae64cc8516187c9d2ab209f3faa2f83b246e1 | Processed function transferFrom
[INFO] | 2024-11-10 07:40:19 AM | analyzer.0x2daae64cc8516187c9d2ab209f3faa2f83b246e1 | Generating return summary for constructor
[INFO] | 2024-11-10 07:40:19 AM | analyzer.0x2daae64cc8516187c9d2ab209f3faa2f83b246e1 | Return summary generated for constructor
[INFO] | 2024-11-10 07:40:19 AM | analyzer.0x2daae64cc8516187c9d2ab209f3faa2f83b246e1 | Range graph generated
[INFO] | 2024-11-10 07:40:19 AM | analyzer.0x2daae64cc8516187c9d2ab209f3faa2f83b246e1 | Processed function constructor
[INFO] | 2024-11-10 07:40:19 AM | analyzer.0x2daae64cc8516187c9d2ab209f3faa2f83b246e1 | Generating return summary for deposit
[INFO] | 2024-11-10 07:40:19 AM | analyzer.0x2daae64cc8516187c9d2ab209f3faa2f83b246e1 | Return summary generated for deposit
[INFO] | 2024-11-10 07:40:19 AM | analyzer.0x2daae64cc8516187c9d2ab209f3faa2f83b246e1 | State variable assignement do not exist
[INFO] | 2024-11-10 07:40:19 AM | analyzer.0x2daae64cc8516187c9d2ab209f3faa2f83b246e1 | Processed function deposit
[INFO] | 2024-11-10 07:40:19 AM | analyzer.0x2daae64cc8516187c9d2ab209f3faa2f83b246e1 | Generating return summary for transfer
[INFO] | 2024-11-10 07:40:19 AM | analyzer.0x2daae64cc8516187c9d2ab209f3faa2f83b246e1 | Return summary generated for transfer
[INFO] | 2024-11-10 07:40:19 AM | analyzer.0x2daae64cc8516187c9d2ab209f3faa2f83b246e1 | State variable assignement do not exist
[INFO] | 2024-11-10 07:40:19 AM | analyzer.0x2daae64cc8516187c9d2ab209f3faa2f83b246e1 | Processed function transfer
[INFO] | 2024-11-10 07:40:19 AM | analyzer.0x2daae64cc8516187c9d2ab209f3faa2f83b246e1 | Generating return summary for constructor
[INFO] | 2024-11-10 07:40:19 AM | analyzer.0x2daae64cc8516187c9d2ab209f3faa2f83b246e1 | Return summary generated for constructor
[INFO] | 2024-11-10 07:40:19 AM | analyzer.0x2daae64cc8516187c9d2ab209f3faa2f83b246e1 | Range graph generated
[INFO] | 2024-11-10 07:40:19 AM | analyzer.0x2daae64cc8516187c9d2ab209f3faa2f83b246e1 | Processed function constructor
[INFO] | 2024-11-10 07:40:19 AM | analyzer.0x2daae64cc8516187c9d2ab209f3faa2f83b246e1 | Generating return summary for updateGovernanceParams
[INFO] | 2024-11-10 07:40:19 AM | analyzer.0x2daae64cc8516187c9d2ab209f3faa2f83b246e1 | Return summary generated for updateGovernanceParams
[INFO] | 2024-11-10 07:40:19 AM | analyzer.0x2daae64cc8516187c9d2ab209f3faa2f83b246e1 | Range graph generated
[INFO] | 2024-11-10 07:40:19 AM | analyzer.0x2daae64cc8516187c9d2ab209f3faa2f83b246e1 | Processed function updateGovernanceParams
[INFO] | 2024-11-10 07:40:19 AM | analyzer.0x2daae64cc8516187c9d2ab209f3faa2f83b246e1 | Generating return summary for _submitProposal
[INFO] | 2024-11-10 07:40:19 AM | analyzer.0x2daae64cc8516187c9d2ab209f3faa2f83b246e1 | Return summary generated for _submitProposal
[INFO] | 2024-11-10 07:40:19 AM | analyzer.0x2daae64cc8516187c9d2ab209f3faa2f83b246e1 | Range graph generated
[INFO] | 2024-11-10 07:40:19 AM | analyzer.0x2daae64cc8516187c9d2ab209f3faa2f83b246e1 | Processed function _submitProposal
[INFO] | 2024-11-10 07:40:19 AM | analyzer.0x2daae64cc8516187c9d2ab209f3faa2f83b246e1 | Generating return summary for updateDelegateKey
[INFO] | 2024-11-10 07:40:19 AM | analyzer.0x2daae64cc8516187c9d2ab209f3faa2f83b246e1 | Return summary generated for updateDelegateKey
[INFO] | 2024-11-10 07:40:19 AM | analyzer.0x2daae64cc8516187c9d2ab209f3faa2f83b246e1 | Range graph generated
[INFO] | 2024-11-10 07:40:19 AM | analyzer.0x2daae64cc8516187c9d2ab209f3faa2f83b246e1 | Processed function updateDelegateKey
[INFO] | 2024-11-10 07:40:19 AM | analyzer.0x2daae64cc8516187c9d2ab209f3faa2f83b246e1 | Generating return summary for canRagequit
[INFO] | 2024-11-10 07:40:19 AM | analyzer.0x2daae64cc8516187c9d2ab209f3faa2f83b246e1 | Return summary generated for canRagequit
[INFO] | 2024-11-10 07:40:19 AM | analyzer.0x2daae64cc8516187c9d2ab209f3faa2f83b246e1 | State variable assignement do not exist
[INFO] | 2024-11-10 07:40:19 AM | analyzer.0x2daae64cc8516187c9d2ab209f3faa2f83b246e1 | Processed function canRagequit
[INFO] | 2024-11-10 07:40:19 AM | analyzer.0x2daae64cc8516187c9d2ab209f3faa2f83b246e1 | Generating return summary for max
[INFO] | 2024-11-10 07:40:19 AM | analyzer.0x2daae64cc8516187c9d2ab209f3faa2f83b246e1 | Return summary generated for max
[INFO] | 2024-11-10 07:40:19 AM | analyzer.0x2daae64cc8516187c9d2ab209f3faa2f83b246e1 | State variable assignement do not exist
[INFO] | 2024-11-10 07:40:19 AM | analyzer.0x2daae64cc8516187c9d2ab209f3faa2f83b246e1 | Processed function max
[INFO] | 2024-11-10 07:40:19 AM | analyzer.0x2daae64cc8516187c9d2ab209f3faa2f83b246e1 | Generating return summary for getMemberProposalVote
[INFO] | 2024-11-10 07:40:19 AM | analyzer.0x2daae64cc8516187c9d2ab209f3faa2f83b246e1 | Return summary generated for getMemberProposalVote
[INFO] | 2024-11-10 07:40:19 AM | analyzer.0x2daae64cc8516187c9d2ab209f3faa2f83b246e1 | State variable assignement do not exist
[INFO] | 2024-11-10 07:40:19 AM | analyzer.0x2daae64cc8516187c9d2ab209f3faa2f83b246e1 | Processed function getMemberProposalVote
[INFO] | 2024-11-10 07:40:19 AM | analyzer.0x2daae64cc8516187c9d2ab209f3faa2f83b246e1 | Generating return summary for getProposalFlags
[INFO] | 2024-11-10 07:40:19 AM | analyzer.0x2daae64cc8516187c9d2ab209f3faa2f83b246e1 | Return summary generated for getProposalFlags
[INFO] | 2024-11-10 07:40:19 AM | analyzer.0x2daae64cc8516187c9d2ab209f3faa2f83b246e1 | State variable assignement do not exist
[INFO] | 2024-11-10 07:40:19 AM | analyzer.0x2daae64cc8516187c9d2ab209f3faa2f83b246e1 | Processed function getProposalFlags
[INFO] | 2024-11-10 07:40:19 AM | analyzer.0x2daae64cc8516187c9d2ab209f3faa2f83b246e1 | Generating return summary for getProposalQueueLength
[INFO] | 2024-11-10 07:40:19 AM | analyzer.0x2daae64cc8516187c9d2ab209f3faa2f83b246e1 | Return summary generated for getProposalQueueLength
[INFO] | 2024-11-10 07:40:19 AM | analyzer.0x2daae64cc8516187c9d2ab209f3faa2f83b246e1 | State variable assignement do not exist
[INFO] | 2024-11-10 07:40:19 AM | analyzer.0x2daae64cc8516187c9d2ab209f3faa2f83b246e1 | Processed function getProposalQueueLength
[INFO] | 2024-11-10 07:40:19 AM | analyzer.0x2daae64cc8516187c9d2ab209f3faa2f83b246e1 | Generating return summary for getTokenCount
[INFO] | 2024-11-10 07:40:19 AM | analyzer.0x2daae64cc8516187c9d2ab209f3faa2f83b246e1 | Return summary generated for getTokenCount
[INFO] | 2024-11-10 07:40:19 AM | analyzer.0x2daae64cc8516187c9d2ab209f3faa2f83b246e1 | State variable assignement do not exist
[INFO] | 2024-11-10 07:40:19 AM | analyzer.0x2daae64cc8516187c9d2ab209f3faa2f83b246e1 | Processed function getTokenCount
[INFO] | 2024-11-10 07:40:19 AM | analyzer.0x2daae64cc8516187c9d2ab209f3faa2f83b246e1 | Generating return summary for getUserTokenBalance
[INFO] | 2024-11-10 07:40:19 AM | analyzer.0x2daae64cc8516187c9d2ab209f3faa2f83b246e1 | Return summary generated for getUserTokenBalance
[INFO] | 2024-11-10 07:40:19 AM | analyzer.0x2daae64cc8516187c9d2ab209f3faa2f83b246e1 | State variable assignement do not exist
[INFO] | 2024-11-10 07:40:19 AM | analyzer.0x2daae64cc8516187c9d2ab209f3faa2f83b246e1 | Processed function getUserTokenBalance
[INFO] | 2024-11-10 07:40:19 AM | analyzer.0x2daae64cc8516187c9d2ab209f3faa2f83b246e1 | Generating return summary for fallback
[INFO] | 2024-11-10 07:40:19 AM | analyzer.0x2daae64cc8516187c9d2ab209f3faa2f83b246e1 | Return summary generated for fallback
[INFO] | 2024-11-10 07:40:19 AM | analyzer.0x2daae64cc8516187c9d2ab209f3faa2f83b246e1 | State variable assignement do not exist
[INFO] | 2024-11-10 07:40:19 AM | analyzer.0x2daae64cc8516187c9d2ab209f3faa2f83b246e1 | Processed function fallback
[INFO] | 2024-11-10 07:40:19 AM | analyzer.0x2daae64cc8516187c9d2ab209f3faa2f83b246e1 | Generating return summary for fairShare
[INFO] | 2024-11-10 07:40:19 AM | analyzer.0x2daae64cc8516187c9d2ab209f3faa2f83b246e1 | Return summary generated for fairShare
[INFO] | 2024-11-10 07:40:19 AM | analyzer.0x2daae64cc8516187c9d2ab209f3faa2f83b246e1 | State variable assignement do not exist
[INFO] | 2024-11-10 07:40:19 AM | analyzer.0x2daae64cc8516187c9d2ab209f3faa2f83b246e1 | Processed function fairShare
[INFO] | 2024-11-10 07:40:19 AM | analyzer.0x2daae64cc8516187c9d2ab209f3faa2f83b246e1 | Generating return summary for registerMember
[INFO] | 2024-11-10 07:40:19 AM | analyzer.0x2daae64cc8516187c9d2ab209f3faa2f83b246e1 | Return summary generated for registerMember
[INFO] | 2024-11-10 07:40:19 AM | analyzer.0x2daae64cc8516187c9d2ab209f3faa2f83b246e1 | Range graph generated
[INFO] | 2024-11-10 07:40:19 AM | analyzer.0x2daae64cc8516187c9d2ab209f3faa2f83b246e1 | Processed function registerMember
[INFO] | 2024-11-10 07:40:19 AM | analyzer.0x2daae64cc8516187c9d2ab209f3faa2f83b246e1 | Generating return summary for unsafeAddToBalance
[INFO] | 2024-11-10 07:40:19 AM | analyzer.0x2daae64cc8516187c9d2ab209f3faa2f83b246e1 | Return summary generated for unsafeAddToBalance
[INFO] | 2024-11-10 07:40:19 AM | analyzer.0x2daae64cc8516187c9d2ab209f3faa2f83b246e1 | Range graph generated
[INFO] | 2024-11-10 07:40:19 AM | analyzer.0x2daae64cc8516187c9d2ab209f3faa2f83b246e1 | Processed function unsafeAddToBalance
[INFO] | 2024-11-10 07:40:19 AM | analyzer.0x2daae64cc8516187c9d2ab209f3faa2f83b246e1 | Generating return summary for unsafeSubtractFromBalance
[INFO] | 2024-11-10 07:40:19 AM | analyzer.0x2daae64cc8516187c9d2ab209f3faa2f83b246e1 | Return summary generated for unsafeSubtractFromBalance
[INFO] | 2024-11-10 07:40:19 AM | analyzer.0x2daae64cc8516187c9d2ab209f3faa2f83b246e1 | Range graph generated
[INFO] | 2024-11-10 07:40:19 AM | analyzer.0x2daae64cc8516187c9d2ab209f3faa2f83b246e1 | Processed function unsafeSubtractFromBalance
[INFO] | 2024-11-10 07:40:19 AM | analyzer.0x2daae64cc8516187c9d2ab209f3faa2f83b246e1 | Generating return summary for balanceOf
[INFO] | 2024-11-10 07:40:19 AM | analyzer.0x2daae64cc8516187c9d2ab209f3faa2f83b246e1 | Return summary generated for balanceOf
[INFO] | 2024-11-10 07:40:19 AM | analyzer.0x2daae64cc8516187c9d2ab209f3faa2f83b246e1 | State variable assignement do not exist
[INFO] | 2024-11-10 07:40:19 AM | analyzer.0x2daae64cc8516187c9d2ab209f3faa2f83b246e1 | Processed function balanceOf
[INFO] | 2024-11-10 07:40:19 AM | analyzer.0x2daae64cc8516187c9d2ab209f3faa2f83b246e1 | Generating return summary for name
[INFO] | 2024-11-10 07:40:19 AM | analyzer.0x2daae64cc8516187c9d2ab209f3faa2f83b246e1 | Return summary generated for name
[INFO] | 2024-11-10 07:40:19 AM | analyzer.0x2daae64cc8516187c9d2ab209f3faa2f83b246e1 | State variable assignement do not exist
[INFO] | 2024-11-10 07:40:19 AM | analyzer.0x2daae64cc8516187c9d2ab209f3faa2f83b246e1 | Processed function name
[INFO] | 2024-11-10 07:40:19 AM | analyzer.0x2daae64cc8516187c9d2ab209f3faa2f83b246e1 | Generating return summary for symbol
[INFO] | 2024-11-10 07:40:19 AM | analyzer.0x2daae64cc8516187c9d2ab209f3faa2f83b246e1 | Return summary generated for symbol
[INFO] | 2024-11-10 07:40:19 AM | analyzer.0x2daae64cc8516187c9d2ab209f3faa2f83b246e1 | State variable assignement do not exist
[INFO] | 2024-11-10 07:40:19 AM | analyzer.0x2daae64cc8516187c9d2ab209f3faa2f83b246e1 | Processed function symbol
[INFO] | 2024-11-10 07:40:19 AM | analyzer.0x2daae64cc8516187c9d2ab209f3faa2f83b246e1 | Generating return summary for decimals
[INFO] | 2024-11-10 07:40:19 AM | analyzer.0x2daae64cc8516187c9d2ab209f3faa2f83b246e1 | Return summary generated for decimals
[INFO] | 2024-11-10 07:40:19 AM | analyzer.0x2daae64cc8516187c9d2ab209f3faa2f83b246e1 | State variable assignement do not exist
[INFO] | 2024-11-10 07:40:19 AM | analyzer.0x2daae64cc8516187c9d2ab209f3faa2f83b246e1 | Processed function decimals
[INFO] | 2024-11-10 07:40:19 AM | analyzer.0x2daae64cc8516187c9d2ab209f3faa2f83b246e1 | Generating return summary for totalSupply
[INFO] | 2024-11-10 07:40:19 AM | analyzer.0x2daae64cc8516187c9d2ab209f3faa2f83b246e1 | Return summary generated for totalSupply
[INFO] | 2024-11-10 07:40:19 AM | analyzer.0x2daae64cc8516187c9d2ab209f3faa2f83b246e1 | State variable assignement do not exist
[INFO] | 2024-11-10 07:40:19 AM | analyzer.0x2daae64cc8516187c9d2ab209f3faa2f83b246e1 | Processed function totalSupply
[INFO] | 2024-11-10 07:40:19 AM | analyzer.0x2daae64cc8516187c9d2ab209f3faa2f83b246e1 | Generating return summary for burnGuildToken
[INFO] | 2024-11-10 07:40:19 AM | analyzer.0x2daae64cc8516187c9d2ab209f3faa2f83b246e1 | Return summary generated for burnGuildToken
[INFO] | 2024-11-10 07:40:19 AM | analyzer.0x2daae64cc8516187c9d2ab209f3faa2f83b246e1 | Range graph generated
[INFO] | 2024-11-10 07:40:19 AM | analyzer.0x2daae64cc8516187c9d2ab209f3faa2f83b246e1 | Processed function burnGuildToken
[INFO] | 2024-11-10 07:40:19 AM | analyzer.0x2daae64cc8516187c9d2ab209f3faa2f83b246e1 | Generating return summary for convertSharesToLoot
[INFO] | 2024-11-10 07:40:19 AM | analyzer.0x2daae64cc8516187c9d2ab209f3faa2f83b246e1 | Return summary generated for convertSharesToLoot
[INFO] | 2024-11-10 07:40:19 AM | analyzer.0x2daae64cc8516187c9d2ab209f3faa2f83b246e1 | Range graph generated
[INFO] | 2024-11-10 07:40:19 AM | analyzer.0x2daae64cc8516187c9d2ab209f3faa2f83b246e1 | Processed function convertSharesToLoot
[INFO] | 2024-11-10 07:40:19 AM | analyzer.0x2daae64cc8516187c9d2ab209f3faa2f83b246e1 | Generating return summary for mintGuildToken
[INFO] | 2024-11-10 07:40:19 AM | analyzer.0x2daae64cc8516187c9d2ab209f3faa2f83b246e1 | Return summary generated for mintGuildToken
[INFO] | 2024-11-10 07:40:19 AM | analyzer.0x2daae64cc8516187c9d2ab209f3faa2f83b246e1 | Range graph generated
[INFO] | 2024-11-10 07:40:19 AM | analyzer.0x2daae64cc8516187c9d2ab209f3faa2f83b246e1 | Processed function mintGuildToken
[INFO] | 2024-11-10 07:40:19 AM | analyzer.0x2daae64cc8516187c9d2ab209f3faa2f83b246e1 | Generating return summary for slitherConstructorVariables
[INFO] | 2024-11-10 07:40:19 AM | analyzer.0x2daae64cc8516187c9d2ab209f3faa2f83b246e1 | Return summary generated for slitherConstructorVariables
[INFO] | 2024-11-10 07:40:19 AM | analyzer.0x2daae64cc8516187c9d2ab209f3faa2f83b246e1 | Range graph generated
[INFO] | 2024-11-10 07:40:19 AM | analyzer.0x2daae64cc8516187c9d2ab209f3faa2f83b246e1 | Processed function slitherConstructorVariables
[INFO] | 2024-11-10 07:40:19 AM | analyzer.0x2daae64cc8516187c9d2ab209f3faa2f83b246e1 | Generating return summary for nonReentrant
[INFO] | 2024-11-10 07:40:19 AM | analyzer.0x2daae64cc8516187c9d2ab209f3faa2f83b246e1 | Return summary generated for nonReentrant
[INFO] | 2024-11-10 07:40:19 AM | analyzer.0x2daae64cc8516187c9d2ab209f3faa2f83b246e1 | Range graph generated
[INFO] | 2024-11-10 07:40:19 AM | analyzer.0x2daae64cc8516187c9d2ab209f3faa2f83b246e1 | Processed function nonReentrant
[INFO] | 2024-11-10 07:40:19 AM | analyzer.0x2daae64cc8516187c9d2ab209f3faa2f83b246e1 | Generating return summary for onlyDelegate
[INFO] | 2024-11-10 07:40:19 AM | analyzer.0x2daae64cc8516187c9d2ab209f3faa2f83b246e1 | Return summary generated for onlyDelegate
[INFO] | 2024-11-10 07:40:19 AM | analyzer.0x2daae64cc8516187c9d2ab209f3faa2f83b246e1 | State variable assignement do not exist
[INFO] | 2024-11-10 07:40:19 AM | analyzer.0x2daae64cc8516187c9d2ab209f3faa2f83b246e1 | Processed function onlyDelegate
[INFO] | 2024-11-10 07:40:19 AM | analyzer.0x2daae64cc8516187c9d2ab209f3faa2f83b246e1 | Generating return summary for submitProposal
[INFO] | 2024-11-10 07:40:19 AM | analyzer.0x2daae64cc8516187c9d2ab209f3faa2f83b246e1 | Return summary generated for submitProposal
[INFO] | 2024-11-10 07:40:19 AM | analyzer.0x2daae64cc8516187c9d2ab209f3faa2f83b246e1 | Range graph generated
[INFO] | 2024-11-10 07:40:19 AM | analyzer.0x2daae64cc8516187c9d2ab209f3faa2f83b246e1 | Processed function submitProposal
[INFO] | 2024-11-10 07:40:19 AM | analyzer.0x2daae64cc8516187c9d2ab209f3faa2f83b246e1 | Generating return summary for _ragequit
[INFO] | 2024-11-10 07:40:19 AM | analyzer.0x2daae64cc8516187c9d2ab209f3faa2f83b246e1 | Return summary generated for _ragequit
[INFO] | 2024-11-10 07:40:19 AM | analyzer.0x2daae64cc8516187c9d2ab209f3faa2f83b246e1 | Range graph generated
[INFO] | 2024-11-10 07:40:19 AM | analyzer.0x2daae64cc8516187c9d2ab209f3faa2f83b246e1 | Processed function _ragequit
[INFO] | 2024-11-10 07:40:19 AM | analyzer.0x2daae64cc8516187c9d2ab209f3faa2f83b246e1 | Generating return summary for unwrapShares
[INFO] | 2024-11-10 07:40:19 AM | analyzer.0x2daae64cc8516187c9d2ab209f3faa2f83b246e1 | Return summary generated for unwrapShares
[INFO] | 2024-11-10 07:40:19 AM | analyzer.0x2daae64cc8516187c9d2ab209f3faa2f83b246e1 | Range graph generated
[INFO] | 2024-11-10 07:40:19 AM | analyzer.0x2daae64cc8516187c9d2ab209f3faa2f83b246e1 | Processed function unwrapShares
[INFO] | 2024-11-10 07:40:19 AM | analyzer.0x2daae64cc8516187c9d2ab209f3faa2f83b246e1 | Generating return summary for transfer
[INFO] | 2024-11-10 07:40:19 AM | analyzer.0x2daae64cc8516187c9d2ab209f3faa2f83b246e1 | Return summary generated for transfer
[INFO] | 2024-11-10 07:40:19 AM | analyzer.0x2daae64cc8516187c9d2ab209f3faa2f83b246e1 | Range graph generated
[INFO] | 2024-11-10 07:40:19 AM | analyzer.0x2daae64cc8516187c9d2ab209f3faa2f83b246e1 | Processed function transfer
[INFO] | 2024-11-10 07:40:19 AM | analyzer.0x2daae64cc8516187c9d2ab209f3faa2f83b246e1 | Generating return summary for getCurrentPeriod
[INFO] | 2024-11-10 07:40:19 AM | analyzer.0x2daae64cc8516187c9d2ab209f3faa2f83b246e1 | Return summary generated for getCurrentPeriod
[INFO] | 2024-11-10 07:40:19 AM | analyzer.0x2daae64cc8516187c9d2ab209f3faa2f83b246e1 | State variable assignement do not exist
[INFO] | 2024-11-10 07:40:19 AM | analyzer.0x2daae64cc8516187c9d2ab209f3faa2f83b246e1 | Processed function getCurrentPeriod
[INFO] | 2024-11-10 07:40:19 AM | analyzer.0x2daae64cc8516187c9d2ab209f3faa2f83b246e1 | Generating return summary for _didPass
[INFO] | 2024-11-10 07:40:19 AM | analyzer.0x2daae64cc8516187c9d2ab209f3faa2f83b246e1 | Return summary generated for _didPass
[INFO] | 2024-11-10 07:40:19 AM | analyzer.0x2daae64cc8516187c9d2ab209f3faa2f83b246e1 | State variable assignement do not exist
[INFO] | 2024-11-10 07:40:19 AM | analyzer.0x2daae64cc8516187c9d2ab209f3faa2f83b246e1 | Processed function _didPass
[INFO] | 2024-11-10 07:40:19 AM | analyzer.0x2daae64cc8516187c9d2ab209f3faa2f83b246e1 | Generating return summary for collectTokens
[INFO] | 2024-11-10 07:40:19 AM | analyzer.0x2daae64cc8516187c9d2ab209f3faa2f83b246e1 | Return summary generated for collectTokens
[INFO] | 2024-11-10 07:40:19 AM | analyzer.0x2daae64cc8516187c9d2ab209f3faa2f83b246e1 | Range graph generated
[INFO] | 2024-11-10 07:40:19 AM | analyzer.0x2daae64cc8516187c9d2ab209f3faa2f83b246e1 | Processed function collectTokens
[INFO] | 2024-11-10 07:40:19 AM | analyzer.0x2daae64cc8516187c9d2ab209f3faa2f83b246e1 | Generating return summary for _withdrawBalance
[INFO] | 2024-11-10 07:40:19 AM | analyzer.0x2daae64cc8516187c9d2ab209f3faa2f83b246e1 | Return summary generated for _withdrawBalance
[INFO] | 2024-11-10 07:40:19 AM | analyzer.0x2daae64cc8516187c9d2ab209f3faa2f83b246e1 | Range graph generated
[INFO] | 2024-11-10 07:40:19 AM | analyzer.0x2daae64cc8516187c9d2ab209f3faa2f83b246e1 | Processed function _withdrawBalance
[INFO] | 2024-11-10 07:40:19 AM | analyzer.0x2daae64cc8516187c9d2ab209f3faa2f83b246e1 | Generating return summary for submitWhitelistProposal
[INFO] | 2024-11-10 07:40:19 AM | analyzer.0x2daae64cc8516187c9d2ab209f3faa2f83b246e1 | Return summary generated for submitWhitelistProposal
[INFO] | 2024-11-10 07:40:19 AM | analyzer.0x2daae64cc8516187c9d2ab209f3faa2f83b246e1 | Range graph generated
[INFO] | 2024-11-10 07:40:19 AM | analyzer.0x2daae64cc8516187c9d2ab209f3faa2f83b246e1 | Processed function submitWhitelistProposal
[INFO] | 2024-11-10 07:40:19 AM | analyzer.0x2daae64cc8516187c9d2ab209f3faa2f83b246e1 | Generating return summary for submitGuildActionProposal
[INFO] | 2024-11-10 07:40:19 AM | analyzer.0x2daae64cc8516187c9d2ab209f3faa2f83b246e1 | Return summary generated for submitGuildActionProposal
[INFO] | 2024-11-10 07:40:19 AM | analyzer.0x2daae64cc8516187c9d2ab209f3faa2f83b246e1 | Range graph generated
[INFO] | 2024-11-10 07:40:19 AM | analyzer.0x2daae64cc8516187c9d2ab209f3faa2f83b246e1 | Processed function submitGuildActionProposal
[INFO] | 2024-11-10 07:40:19 AM | analyzer.0x2daae64cc8516187c9d2ab209f3faa2f83b246e1 | Generating return summary for submitGuildKickProposal
[INFO] | 2024-11-10 07:40:19 AM | analyzer.0x2daae64cc8516187c9d2ab209f3faa2f83b246e1 | Return summary generated for submitGuildKickProposal
[INFO] | 2024-11-10 07:40:19 AM | analyzer.0x2daae64cc8516187c9d2ab209f3faa2f83b246e1 | Range graph generated
[INFO] | 2024-11-10 07:40:19 AM | analyzer.0x2daae64cc8516187c9d2ab209f3faa2f83b246e1 | Processed function submitGuildKickProposal
[INFO] | 2024-11-10 07:40:19 AM | analyzer.0x2daae64cc8516187c9d2ab209f3faa2f83b246e1 | Generating return summary for constructor
[INFO] | 2024-11-10 07:40:19 AM | analyzer.0x2daae64cc8516187c9d2ab209f3faa2f83b246e1 | Return summary generated for constructor
[INFO] | 2024-11-10 07:40:19 AM | analyzer.0x2daae64cc8516187c9d2ab209f3faa2f83b246e1 | Range graph generated
[INFO] | 2024-11-10 07:40:19 AM | analyzer.0x2daae64cc8516187c9d2ab209f3faa2f83b246e1 | Processed function constructor
[INFO] | 2024-11-10 07:40:19 AM | analyzer.0x2daae64cc8516187c9d2ab209f3faa2f83b246e1 | Generating return summary for unsafeInternalTransfer
[INFO] | 2024-11-10 07:40:19 AM | analyzer.0x2daae64cc8516187c9d2ab209f3faa2f83b246e1 | Return summary generated for unsafeInternalTransfer
[INFO] | 2024-11-10 07:40:19 AM | analyzer.0x2daae64cc8516187c9d2ab209f3faa2f83b246e1 | Range graph generated
[INFO] | 2024-11-10 07:40:19 AM | analyzer.0x2daae64cc8516187c9d2ab209f3faa2f83b246e1 | Processed function unsafeInternalTransfer
[INFO] | 2024-11-10 07:40:19 AM | analyzer.0x2daae64cc8516187c9d2ab209f3faa2f83b246e1 | Generating return summary for ragequit
[INFO] | 2024-11-10 07:40:19 AM | analyzer.0x2daae64cc8516187c9d2ab209f3faa2f83b246e1 | Return summary generated for ragequit
[INFO] | 2024-11-10 07:40:19 AM | analyzer.0x2daae64cc8516187c9d2ab209f3faa2f83b246e1 | Range graph generated
[INFO] | 2024-11-10 07:40:19 AM | analyzer.0x2daae64cc8516187c9d2ab209f3faa2f83b246e1 | Processed function ragequit
[INFO] | 2024-11-10 07:40:19 AM | analyzer.0x2daae64cc8516187c9d2ab209f3faa2f83b246e1 | Generating return summary for ragekick
[INFO] | 2024-11-10 07:40:19 AM | analyzer.0x2daae64cc8516187c9d2ab209f3faa2f83b246e1 | Return summary generated for ragekick
[INFO] | 2024-11-10 07:40:19 AM | analyzer.0x2daae64cc8516187c9d2ab209f3faa2f83b246e1 | Range graph generated
[INFO] | 2024-11-10 07:40:19 AM | analyzer.0x2daae64cc8516187c9d2ab209f3faa2f83b246e1 | Processed function ragekick
[INFO] | 2024-11-10 07:40:19 AM | analyzer.0x2daae64cc8516187c9d2ab209f3faa2f83b246e1 | Generating return summary for sponsorProposal
[INFO] | 2024-11-10 07:40:19 AM | analyzer.0x2daae64cc8516187c9d2ab209f3faa2f83b246e1 | Return summary generated for sponsorProposal
[INFO] | 2024-11-10 07:40:19 AM | analyzer.0x2daae64cc8516187c9d2ab209f3faa2f83b246e1 | Range graph generated
[INFO] | 2024-11-10 07:40:19 AM | analyzer.0x2daae64cc8516187c9d2ab209f3faa2f83b246e1 | Processed function sponsorProposal
[INFO] | 2024-11-10 07:40:19 AM | analyzer.0x2daae64cc8516187c9d2ab209f3faa2f83b246e1 | Generating return summary for _validateProposalForProcessing
[INFO] | 2024-11-10 07:40:19 AM | analyzer.0x2daae64cc8516187c9d2ab209f3faa2f83b246e1 | Return summary generated for _validateProposalForProcessing
[INFO] | 2024-11-10 07:40:19 AM | analyzer.0x2daae64cc8516187c9d2ab209f3faa2f83b246e1 | State variable assignement do not exist
[INFO] | 2024-11-10 07:40:19 AM | analyzer.0x2daae64cc8516187c9d2ab209f3faa2f83b246e1 | Processed function _validateProposalForProcessing
[INFO] | 2024-11-10 07:40:19 AM | analyzer.0x2daae64cc8516187c9d2ab209f3faa2f83b246e1 | Generating return summary for hasVotingPeriodExpired
[INFO] | 2024-11-10 07:40:19 AM | analyzer.0x2daae64cc8516187c9d2ab209f3faa2f83b246e1 | Return summary generated for hasVotingPeriodExpired
[INFO] | 2024-11-10 07:40:19 AM | analyzer.0x2daae64cc8516187c9d2ab209f3faa2f83b246e1 | State variable assignement do not exist
[INFO] | 2024-11-10 07:40:19 AM | analyzer.0x2daae64cc8516187c9d2ab209f3faa2f83b246e1 | Processed function hasVotingPeriodExpired
[INFO] | 2024-11-10 07:40:19 AM | analyzer.0x2daae64cc8516187c9d2ab209f3faa2f83b246e1 | Generating return summary for withdrawBalance
[INFO] | 2024-11-10 07:40:19 AM | analyzer.0x2daae64cc8516187c9d2ab209f3faa2f83b246e1 | Return summary generated for withdrawBalance
[INFO] | 2024-11-10 07:40:19 AM | analyzer.0x2daae64cc8516187c9d2ab209f3faa2f83b246e1 | Range graph generated
[INFO] | 2024-11-10 07:40:19 AM | analyzer.0x2daae64cc8516187c9d2ab209f3faa2f83b246e1 | Processed function withdrawBalance
[INFO] | 2024-11-10 07:40:19 AM | analyzer.0x2daae64cc8516187c9d2ab209f3faa2f83b246e1 | Generating return summary for withdrawBalances
[INFO] | 2024-11-10 07:40:19 AM | analyzer.0x2daae64cc8516187c9d2ab209f3faa2f83b246e1 | Return summary generated for withdrawBalances
[INFO] | 2024-11-10 07:40:19 AM | analyzer.0x2daae64cc8516187c9d2ab209f3faa2f83b246e1 | Range graph generated
[INFO] | 2024-11-10 07:40:19 AM | analyzer.0x2daae64cc8516187c9d2ab209f3faa2f83b246e1 | Processed function withdrawBalances
[INFO] | 2024-11-10 07:40:19 AM | analyzer.0x2daae64cc8516187c9d2ab209f3faa2f83b246e1 | Generating return summary for _returnDeposit
[INFO] | 2024-11-10 07:40:19 AM | analyzer.0x2daae64cc8516187c9d2ab209f3faa2f83b246e1 | Return summary generated for _returnDeposit
[INFO] | 2024-11-10 07:40:19 AM | analyzer.0x2daae64cc8516187c9d2ab209f3faa2f83b246e1 | Range graph generated
[INFO] | 2024-11-10 07:40:19 AM | analyzer.0x2daae64cc8516187c9d2ab209f3faa2f83b246e1 | Processed function _returnDeposit
[INFO] | 2024-11-10 07:40:19 AM | analyzer.0x2daae64cc8516187c9d2ab209f3faa2f83b246e1 | Generating return summary for cancelProposal
[INFO] | 2024-11-10 07:40:19 AM | analyzer.0x2daae64cc8516187c9d2ab209f3faa2f83b246e1 | Return summary generated for cancelProposal
[INFO] | 2024-11-10 07:40:19 AM | analyzer.0x2daae64cc8516187c9d2ab209f3faa2f83b246e1 | Range graph generated
[INFO] | 2024-11-10 07:40:19 AM | analyzer.0x2daae64cc8516187c9d2ab209f3faa2f83b246e1 | Processed function cancelProposal
[INFO] | 2024-11-10 07:40:19 AM | analyzer.0x2daae64cc8516187c9d2ab209f3faa2f83b246e1 | Generating return summary for processGuildActionProposal
[INFO] | 2024-11-10 07:40:19 AM | analyzer.0x2daae64cc8516187c9d2ab209f3faa2f83b246e1 | Return summary generated for processGuildActionProposal
[INFO] | 2024-11-10 07:40:19 AM | analyzer.0x2daae64cc8516187c9d2ab209f3faa2f83b246e1 | Range graph generated
[INFO] | 2024-11-10 07:40:19 AM | analyzer.0x2daae64cc8516187c9d2ab209f3faa2f83b246e1 | Processed function processGuildActionProposal
[INFO] | 2024-11-10 07:40:19 AM | analyzer.0x2daae64cc8516187c9d2ab209f3faa2f83b246e1 | Generating return summary for submitVote
[INFO] | 2024-11-10 07:40:19 AM | analyzer.0x2daae64cc8516187c9d2ab209f3faa2f83b246e1 | Return summary generated for submitVote
[INFO] | 2024-11-10 07:40:19 AM | analyzer.0x2daae64cc8516187c9d2ab209f3faa2f83b246e1 | State variable assignement do not exist
[INFO] | 2024-11-10 07:40:19 AM | analyzer.0x2daae64cc8516187c9d2ab209f3faa2f83b246e1 | Processed function submitVote
[INFO] | 2024-11-10 07:40:19 AM | analyzer.0x2daae64cc8516187c9d2ab209f3faa2f83b246e1 | Generating return summary for processProposal
[INFO] | 2024-11-10 07:40:19 AM | analyzer.0x2daae64cc8516187c9d2ab209f3faa2f83b246e1 | Return summary generated for processProposal
[INFO] | 2024-11-10 07:40:19 AM | analyzer.0x2daae64cc8516187c9d2ab209f3faa2f83b246e1 | Range graph generated
[INFO] | 2024-11-10 07:40:19 AM | analyzer.0x2daae64cc8516187c9d2ab209f3faa2f83b246e1 | Processed function processProposal
[INFO] | 2024-11-10 07:40:19 AM | analyzer.0x2daae64cc8516187c9d2ab209f3faa2f83b246e1 | Generating return summary for processWhitelistProposal
[INFO] | 2024-11-10 07:40:19 AM | analyzer.0x2daae64cc8516187c9d2ab209f3faa2f83b246e1 | Return summary generated for processWhitelistProposal
[INFO] | 2024-11-10 07:40:19 AM | analyzer.0x2daae64cc8516187c9d2ab209f3faa2f83b246e1 | Range graph generated
[INFO] | 2024-11-10 07:40:19 AM | analyzer.0x2daae64cc8516187c9d2ab209f3faa2f83b246e1 | Processed function processWhitelistProposal
[INFO] | 2024-11-10 07:40:19 AM | analyzer.0x2daae64cc8516187c9d2ab209f3faa2f83b246e1 | Generating return summary for processGuildKickProposal
[INFO] | 2024-11-10 07:40:19 AM | analyzer.0x2daae64cc8516187c9d2ab209f3faa2f83b246e1 | Return summary generated for processGuildKickProposal
[INFO] | 2024-11-10 07:40:19 AM | analyzer.0x2daae64cc8516187c9d2ab209f3faa2f83b246e1 | Range graph generated
[INFO] | 2024-11-10 07:40:19 AM | analyzer.0x2daae64cc8516187c9d2ab209f3faa2f83b246e1 | Processed function processGuildKickProposal
[INFO] | 2024-11-10 07:40:19 AM | analyzer.0x2daae64cc8516187c9d2ab209f3faa2f83b246e1 | Value Range Analysis took 0.071369 seconds
[INFO] | 2024-11-10 07:40:19 AM | analyzer.0x2daae64cc8516187c9d2ab209f3faa2f83b246e1 | Value Range Analysis finished
[INFO] | 2024-11-10 07:40:19 AM | analyzer.0x2daae64cc8516187c9d2ab209f3faa2f83b246e1 | Storage dependency graph compostion started!
[INFO] | 2024-11-10 07:40:19 AM | analyzer.0x2daae64cc8516187c9d2ab209f3faa2f83b246e1 | Storage dependency graph compostion finished!
[INFO] | 2024-11-10 07:40:19 AM | analyzer.0x2daae64cc8516187c9d2ab209f3faa2f83b246e1 | Dependency detection started!
[INFO] | 2024-11-10 07:40:22 AM | analyzer.0x2daae64cc8516187c9d2ab209f3faa2f83b246e1 | DAO dependency detected in file 0x2daae64cc8516187c9d2ab209f3faa2f83b246e1.sol in contract Moloch in by composing functions submitProposal and submitProposal
[INFO] | 2024-11-10 07:40:34 AM | analyzer.0x2daae64cc8516187c9d2ab209f3faa2f83b246e1 | DAO dependency detected in file 0x2daae64cc8516187c9d2ab209f3faa2f83b246e1.sol in contract Moloch in by composing functions submitProposal and processProposal
[INFO] | 2024-11-10 07:40:38 AM | analyzer.0x2daae64cc8516187c9d2ab209f3faa2f83b246e1 | DAO dependency detected in file 0x2daae64cc8516187c9d2ab209f3faa2f83b246e1.sol in contract Moloch in by composing functions submitProposal and processWhitelistProposal
[INFO] | 2024-11-10 07:40:43 AM | analyzer.0x2daae64cc8516187c9d2ab209f3faa2f83b246e1 | DAO dependency detected in file 0x2daae64cc8516187c9d2ab209f3faa2f83b246e1.sol in contract Moloch in by composing functions submitProposal and processGuildActionProposal
[INFO] | 2024-11-10 07:40:46 AM | analyzer.0x2daae64cc8516187c9d2ab209f3faa2f83b246e1 | DAO dependency detected in file 0x2daae64cc8516187c9d2ab209f3faa2f83b246e1.sol in contract Moloch in by composing functions submitProposal and processGuildKickProposal
[INFO] | 2024-11-10 07:40:51 AM | analyzer.0x2daae64cc8516187c9d2ab209f3faa2f83b246e1 | DAO dependency detected in file 0x2daae64cc8516187c9d2ab209f3faa2f83b246e1.sol in contract Moloch in by composing functions submitProposal and ragequit
[INFO] | 2024-11-10 07:40:56 AM | analyzer.0x2daae64cc8516187c9d2ab209f3faa2f83b246e1 | DAO dependency detected in file 0x2daae64cc8516187c9d2ab209f3faa2f83b246e1.sol in contract Moloch in by composing functions submitProposal and ragekick
[INFO] | 2024-11-10 07:41:00 AM | analyzer.0x2daae64cc8516187c9d2ab209f3faa2f83b246e1 | DAO dependency detected in file 0x2daae64cc8516187c9d2ab209f3faa2f83b246e1.sol in contract Moloch in by composing functions submitProposal and withdrawBalance
[INFO] | 2024-11-10 07:41:04 AM | analyzer.0x2daae64cc8516187c9d2ab209f3faa2f83b246e1 | DAO dependency detected in file 0x2daae64cc8516187c9d2ab209f3faa2f83b246e1.sol in contract Moloch in by composing functions submitProposal and withdrawBalances
[INFO] | 2024-11-10 07:41:07 AM | analyzer.0x2daae64cc8516187c9d2ab209f3faa2f83b246e1 | DAO dependency detected in file 0x2daae64cc8516187c9d2ab209f3faa2f83b246e1.sol in contract Moloch in by composing functions submitProposal and unwrapShares
[INFO] | 2024-11-10 07:41:10 AM | analyzer.0x2daae64cc8516187c9d2ab209f3faa2f83b246e1 | DAO dependency detected in file 0x2daae64cc8516187c9d2ab209f3faa2f83b246e1.sol in contract Moloch in by composing functions withdrawBalance and submitProposal
[INFO] | 2024-11-10 07:41:18 AM | analyzer.0x2daae64cc8516187c9d2ab209f3faa2f83b246e1 | DAO dependency detected in file 0x2daae64cc8516187c9d2ab209f3faa2f83b246e1.sol in contract Moloch in by composing functions withdrawBalance and processProposal
[INFO] | 2024-11-10 07:41:19 AM | analyzer.0x2daae64cc8516187c9d2ab209f3faa2f83b246e1 | DAO dependency detected in file 0x2daae64cc8516187c9d2ab209f3faa2f83b246e1.sol in contract Moloch in by composing functions withdrawBalance and processGuildActionProposal
[INFO] | 2024-11-10 07:41:24 AM | analyzer.0x2daae64cc8516187c9d2ab209f3faa2f83b246e1 | DAO dependency detected in file 0x2daae64cc8516187c9d2ab209f3faa2f83b246e1.sol in contract Moloch in by composing functions withdrawBalance and ragequit
[INFO] | 2024-11-10 07:41:29 AM | analyzer.0x2daae64cc8516187c9d2ab209f3faa2f83b246e1 | DAO dependency detected in file 0x2daae64cc8516187c9d2ab209f3faa2f83b246e1.sol in contract Moloch in by composing functions withdrawBalance and ragekick
[INFO] | 2024-11-10 07:41:33 AM | analyzer.0x2daae64cc8516187c9d2ab209f3faa2f83b246e1 | DAO dependency detected in file 0x2daae64cc8516187c9d2ab209f3faa2f83b246e1.sol in contract Moloch in by composing functions withdrawBalance and withdrawBalance
[INFO] | 2024-11-10 07:41:37 AM | analyzer.0x2daae64cc8516187c9d2ab209f3faa2f83b246e1 | DAO dependency detected in file 0x2daae64cc8516187c9d2ab209f3faa2f83b246e1.sol in contract Moloch in by composing functions withdrawBalance and withdrawBalances
[INFO] | 2024-11-10 07:41:40 AM | analyzer.0x2daae64cc8516187c9d2ab209f3faa2f83b246e1 | DAO dependency detected in file 0x2daae64cc8516187c9d2ab209f3faa2f83b246e1.sol in contract Moloch in by composing functions withdrawBalance and unwrapShares
[INFO] | 2024-11-10 07:41:43 AM | analyzer.0x2daae64cc8516187c9d2ab209f3faa2f83b246e1 | DAO dependency detected in file 0x2daae64cc8516187c9d2ab209f3faa2f83b246e1.sol in contract Moloch in by composing functions withdrawBalances and submitProposal
[INFO] | 2024-11-10 07:41:51 AM | analyzer.0x2daae64cc8516187c9d2ab209f3faa2f83b246e1 | DAO dependency detected in file 0x2daae64cc8516187c9d2ab209f3faa2f83b246e1.sol in contract Moloch in by composing functions withdrawBalances and processProposal
[INFO] | 2024-11-10 07:41:52 AM | analyzer.0x2daae64cc8516187c9d2ab209f3faa2f83b246e1 | DAO dependency detected in file 0x2daae64cc8516187c9d2ab209f3faa2f83b246e1.sol in contract Moloch in by composing functions withdrawBalances and processGuildActionProposal
[INFO] | 2024-11-10 07:41:58 AM | analyzer.0x2daae64cc8516187c9d2ab209f3faa2f83b246e1 | DAO dependency detected in file 0x2daae64cc8516187c9d2ab209f3faa2f83b246e1.sol in contract Moloch in by composing functions withdrawBalances and ragequit
[INFO] | 2024-11-10 07:42:03 AM | analyzer.0x2daae64cc8516187c9d2ab209f3faa2f83b246e1 | DAO dependency detected in file 0x2daae64cc8516187c9d2ab209f3faa2f83b246e1.sol in contract Moloch in by composing functions withdrawBalances and ragekick
[INFO] | 2024-11-10 07:42:07 AM | analyzer.0x2daae64cc8516187c9d2ab209f3faa2f83b246e1 | DAO dependency detected in file 0x2daae64cc8516187c9d2ab209f3faa2f83b246e1.sol in contract Moloch in by composing functions withdrawBalances and withdrawBalance
[INFO] | 2024-11-10 07:42:12 AM | analyzer.0x2daae64cc8516187c9d2ab209f3faa2f83b246e1 | DAO dependency detected in file 0x2daae64cc8516187c9d2ab209f3faa2f83b246e1.sol in contract Moloch in by composing functions withdrawBalances and withdrawBalances
[INFO] | 2024-11-10 07:42:14 AM | analyzer.0x2daae64cc8516187c9d2ab209f3faa2f83b246e1 | DAO dependency detected in file 0x2daae64cc8516187c9d2ab209f3faa2f83b246e1.sol in contract Moloch in by composing functions withdrawBalances and unwrapShares
[INFO] | 2024-11-10 07:42:20 AM | analyzer.0x2daae64cc8516187c9d2ab209f3faa2f83b246e1 | DAO dependency detected in file 0x2daae64cc8516187c9d2ab209f3faa2f83b246e1.sol in contract Moloch in by composing functions unwrapShares and submitProposal
[INFO] | 2024-11-10 07:42:21 AM | analyzer.0x2daae64cc8516187c9d2ab209f3faa2f83b246e1 | DAO dependency detected in file 0x2daae64cc8516187c9d2ab209f3faa2f83b246e1.sol in contract Moloch in by composing functions unwrapShares and submitGuildKickProposal
[INFO] | 2024-11-10 07:42:58 AM | analyzer.0x2daae64cc8516187c9d2ab209f3faa2f83b246e1 | DAO dependency detected in file 0x2daae64cc8516187c9d2ab209f3faa2f83b246e1.sol in contract Moloch in by composing functions unwrapShares and processProposal
[INFO] | 2024-11-10 07:43:07 AM | analyzer.0x2daae64cc8516187c9d2ab209f3faa2f83b246e1 | DAO dependency detected in file 0x2daae64cc8516187c9d2ab209f3faa2f83b246e1.sol in contract Moloch in by composing functions unwrapShares and processWhitelistProposal
[INFO] | 2024-11-10 07:43:09 AM | analyzer.0x2daae64cc8516187c9d2ab209f3faa2f83b246e1 | DAO dependency detected in file 0x2daae64cc8516187c9d2ab209f3faa2f83b246e1.sol in contract Moloch in by composing functions unwrapShares and processGuildActionProposal
[INFO] | 2024-11-10 07:43:17 AM | analyzer.0x2daae64cc8516187c9d2ab209f3faa2f83b246e1 | DAO dependency detected in file 0x2daae64cc8516187c9d2ab209f3faa2f83b246e1.sol in contract Moloch in by composing functions unwrapShares and processGuildKickProposal
[INFO] | 2024-11-10 07:43:28 AM | analyzer.0x2daae64cc8516187c9d2ab209f3faa2f83b246e1 | DAO dependency detected in file 0x2daae64cc8516187c9d2ab209f3faa2f83b246e1.sol in contract Moloch in by composing functions unwrapShares and ragequit
[INFO] | 2024-11-10 07:43:40 AM | analyzer.0x2daae64cc8516187c9d2ab209f3faa2f83b246e1 | DAO dependency detected in file 0x2daae64cc8516187c9d2ab209f3faa2f83b246e1.sol in contract Moloch in by composing functions unwrapShares and ragekick
[INFO] | 2024-11-10 07:43:46 AM | analyzer.0x2daae64cc8516187c9d2ab209f3faa2f83b246e1 | DAO dependency detected in file 0x2daae64cc8516187c9d2ab209f3faa2f83b246e1.sol in contract Moloch in by composing functions unwrapShares and withdrawBalance
[INFO] | 2024-11-10 07:43:52 AM | analyzer.0x2daae64cc8516187c9d2ab209f3faa2f83b246e1 | DAO dependency detected in file 0x2daae64cc8516187c9d2ab209f3faa2f83b246e1.sol in contract Moloch in by composing functions unwrapShares and withdrawBalances
[INFO] | 2024-11-10 07:43:56 AM | analyzer.0x2daae64cc8516187c9d2ab209f3faa2f83b246e1 | DAO dependency detected in file 0x2daae64cc8516187c9d2ab209f3faa2f83b246e1.sol in contract Moloch in by composing functions unwrapShares and cancelProposal
[INFO] | 2024-11-10 07:43:59 AM | analyzer.0x2daae64cc8516187c9d2ab209f3faa2f83b246e1 | DAO dependency detected in file 0x2daae64cc8516187c9d2ab209f3faa2f83b246e1.sol in contract Moloch in by composing functions unwrapShares and updateDelegateKey
[INFO] | 2024-11-10 07:44:08 AM | analyzer.0x2daae64cc8516187c9d2ab209f3faa2f83b246e1 | DAO dependency detected in file 0x2daae64cc8516187c9d2ab209f3faa2f83b246e1.sol in contract Moloch in by composing functions unwrapShares and unwrapShares
[INFO] | 2024-11-10 07:44:08 AM | analyzer.0x2daae64cc8516187c9d2ab209f3faa2f83b246e1 | Dependency detection finished!
[INFO] | 2024-11-10 07:44:08 AM | analyzer.0x2daae64cc8516187c9d2ab209f3faa2f83b246e1 | Static Analysis took 237.314471 seconds
[INFO] | 2024-11-10 07:44:08 AM | analyzer.0x2daae64cc8516187c9d2ab209f3faa2f83b246e1 | Dependency exists
[INFO] | 2024-11-10 07:44:08 AM | analyzer.0x2daae64cc8516187c9d2ab209f3faa2f83b246e1 | Invoking symbolic executor!
[INFO] | 2024-11-10 07:53:28 AM | analyzer.0x2daae64cc8516187c9d2ab209f3faa2f83b246e1 | Symbolic execution took 560.225198 seconds
[INFO] | 2024-11-10 07:53:28 AM | analyzer.0x2daae64cc8516187c9d2ab209f3faa2f83b246e1 | Symbolic execution finished!
[INFO] | 2024-11-10 07:53:28 AM | analyzer.0x2daae64cc8516187c9d2ab209f3faa2f83b246e1 | Analysis finished!
[INFO] | 2024-11-10 07:53:28 AM | analyzer.0x2daae64cc8516187c9d2ab209f3faa2f83b246e1 | Analysis took 797.540390 seconds
[INFO] | 2024-11-10 07:53:28 AM | analyzer.0x2daae64cc8516187c9d2ab209f3faa2f83b246e1 | Analysis finished at: 2024-11-10 07:53:28 AM
