[INFO] | 2024-11-10 07:41:19 AM | analyzer.0x0e82b29a77a53880dd4ee8326cfea9b4c68db638 | Analysis started at: 2024-11-10 07:41:19 AM
[INFO] | 2024-11-10 07:41:24 AM | analyzer.0x0e82b29a77a53880dd4ee8326cfea9b4c68db638 | Version constraints: ['>=0.6.0', '<0.8.0']
[INFO] | 2024-11-10 07:41:24 AM | analyzer.0x0e82b29a77a53880dd4ee8326cfea9b4c68db638 | solc version: v0.6.0
[INFO] | 2024-11-10 07:41:26 AM | analyzer.0x0e82b29a77a53880dd4ee8326cfea9b4c68db638 | Callgraph generation started!
[INFO] | 2024-11-10 07:41:26 AM | analyzer.0x0e82b29a77a53880dd4ee8326cfea9b4c68db638 | Callgraph generation finished!
[INFO] | 2024-11-10 07:41:26 AM | analyzer.0x0e82b29a77a53880dd4ee8326cfea9b4c68db638 | Interprocedural CFG generation started!
[INFO] | 2024-11-10 07:41:26 AM | analyzer.0x0e82b29a77a53880dd4ee8326cfea9b4c68db638 | Interprocedural CFG generation finished!
[INFO] | 2024-11-10 07:41:26 AM | analyzer.0x0e82b29a77a53880dd4ee8326cfea9b4c68db638 | Storage dependency graph generation started!
[INFO] | 2024-11-10 07:41:26 AM | analyzer.0x0e82b29a77a53880dd4ee8326cfea9b4c68db638 | Storage dependency graph generation finished!
[INFO] | 2024-11-10 07:41:26 AM | analyzer.0x0e82b29a77a53880dd4ee8326cfea9b4c68db638 | Value Range Analysis started
[INFO] | 2024-11-10 07:41:26 AM | analyzer.0x0e82b29a77a53880dd4ee8326cfea9b4c68db638 | Generating return summary for slitherConstructorConstantVariables
[INFO] | 2024-11-10 07:41:26 AM | analyzer.0x0e82b29a77a53880dd4ee8326cfea9b4c68db638 | Return summary generated for slitherConstructorConstantVariables
[INFO] | 2024-11-10 07:41:26 AM | analyzer.0x0e82b29a77a53880dd4ee8326cfea9b4c68db638 | Range graph generated
[INFO] | 2024-11-10 07:41:26 AM | analyzer.0x0e82b29a77a53880dd4ee8326cfea9b4c68db638 | Processed function slitherConstructorConstantVariables
[INFO] | 2024-11-10 07:41:26 AM | analyzer.0x0e82b29a77a53880dd4ee8326cfea9b4c68db638 | Generating return summary for slitherConstructorConstantVariables
[INFO] | 2024-11-10 07:41:26 AM | analyzer.0x0e82b29a77a53880dd4ee8326cfea9b4c68db638 | Return summary generated for slitherConstructorConstantVariables
[INFO] | 2024-11-10 07:41:26 AM | analyzer.0x0e82b29a77a53880dd4ee8326cfea9b4c68db638 | Range graph generated
[INFO] | 2024-11-10 07:41:26 AM | analyzer.0x0e82b29a77a53880dd4ee8326cfea9b4c68db638 | Processed function slitherConstructorConstantVariables
[INFO] | 2024-11-10 07:41:26 AM | analyzer.0x0e82b29a77a53880dd4ee8326cfea9b4c68db638 | Generating return summary for constructor
[INFO] | 2024-11-10 07:41:26 AM | analyzer.0x0e82b29a77a53880dd4ee8326cfea9b4c68db638 | Return summary generated for constructor
[INFO] | 2024-11-10 07:41:26 AM | analyzer.0x0e82b29a77a53880dd4ee8326cfea9b4c68db638 | Range graph generated
[INFO] | 2024-11-10 07:41:26 AM | analyzer.0x0e82b29a77a53880dd4ee8326cfea9b4c68db638 | Processed function constructor
[INFO] | 2024-11-10 07:41:26 AM | analyzer.0x0e82b29a77a53880dd4ee8326cfea9b4c68db638 | Generating return summary for owner
[INFO] | 2024-11-10 07:41:26 AM | analyzer.0x0e82b29a77a53880dd4ee8326cfea9b4c68db638 | Return summary generated for owner
[INFO] | 2024-11-10 07:41:26 AM | analyzer.0x0e82b29a77a53880dd4ee8326cfea9b4c68db638 | State variable assignement do not exist
[INFO] | 2024-11-10 07:41:26 AM | analyzer.0x0e82b29a77a53880dd4ee8326cfea9b4c68db638 | Processed function owner
[INFO] | 2024-11-10 07:41:26 AM | analyzer.0x0e82b29a77a53880dd4ee8326cfea9b4c68db638 | Generating return summary for onlyOwner
[INFO] | 2024-11-10 07:41:26 AM | analyzer.0x0e82b29a77a53880dd4ee8326cfea9b4c68db638 | Return summary generated for onlyOwner
[INFO] | 2024-11-10 07:41:26 AM | analyzer.0x0e82b29a77a53880dd4ee8326cfea9b4c68db638 | State variable assignement do not exist
[INFO] | 2024-11-10 07:41:26 AM | analyzer.0x0e82b29a77a53880dd4ee8326cfea9b4c68db638 | Processed function onlyOwner
[INFO] | 2024-11-10 07:41:26 AM | analyzer.0x0e82b29a77a53880dd4ee8326cfea9b4c68db638 | Generating return summary for constructor
[INFO] | 2024-11-10 07:41:26 AM | analyzer.0x0e82b29a77a53880dd4ee8326cfea9b4c68db638 | Return summary generated for constructor
[INFO] | 2024-11-10 07:41:26 AM | analyzer.0x0e82b29a77a53880dd4ee8326cfea9b4c68db638 | Range graph generated
[INFO] | 2024-11-10 07:41:26 AM | analyzer.0x0e82b29a77a53880dd4ee8326cfea9b4c68db638 | Processed function constructor
[INFO] | 2024-11-10 07:41:26 AM | analyzer.0x0e82b29a77a53880dd4ee8326cfea9b4c68db638 | Generating return summary for constructor
[INFO] | 2024-11-10 07:41:26 AM | analyzer.0x0e82b29a77a53880dd4ee8326cfea9b4c68db638 | Return summary generated for constructor
[INFO] | 2024-11-10 07:41:26 AM | analyzer.0x0e82b29a77a53880dd4ee8326cfea9b4c68db638 | Range graph generated
[INFO] | 2024-11-10 07:41:26 AM | analyzer.0x0e82b29a77a53880dd4ee8326cfea9b4c68db638 | Processed function constructor
[INFO] | 2024-11-10 07:41:26 AM | analyzer.0x0e82b29a77a53880dd4ee8326cfea9b4c68db638 | Generating return summary for constructor
[INFO] | 2024-11-10 07:41:26 AM | analyzer.0x0e82b29a77a53880dd4ee8326cfea9b4c68db638 | Return summary generated for constructor
[INFO] | 2024-11-10 07:41:26 AM | analyzer.0x0e82b29a77a53880dd4ee8326cfea9b4c68db638 | Range graph generated
[INFO] | 2024-11-10 07:41:26 AM | analyzer.0x0e82b29a77a53880dd4ee8326cfea9b4c68db638 | Processed function constructor
[INFO] | 2024-11-10 07:41:26 AM | analyzer.0x0e82b29a77a53880dd4ee8326cfea9b4c68db638 | Generating return summary for owner
[INFO] | 2024-11-10 07:41:26 AM | analyzer.0x0e82b29a77a53880dd4ee8326cfea9b4c68db638 | Return summary generated for owner
[INFO] | 2024-11-10 07:41:26 AM | analyzer.0x0e82b29a77a53880dd4ee8326cfea9b4c68db638 | State variable assignement do not exist
[INFO] | 2024-11-10 07:41:26 AM | analyzer.0x0e82b29a77a53880dd4ee8326cfea9b4c68db638 | Processed function owner
[INFO] | 2024-11-10 07:41:26 AM | analyzer.0x0e82b29a77a53880dd4ee8326cfea9b4c68db638 | Generating return summary for totalSupply
[INFO] | 2024-11-10 07:41:26 AM | analyzer.0x0e82b29a77a53880dd4ee8326cfea9b4c68db638 | Return summary generated for totalSupply
[INFO] | 2024-11-10 07:41:26 AM | analyzer.0x0e82b29a77a53880dd4ee8326cfea9b4c68db638 | State variable assignement do not exist
[INFO] | 2024-11-10 07:41:26 AM | analyzer.0x0e82b29a77a53880dd4ee8326cfea9b4c68db638 | Processed function totalSupply
[INFO] | 2024-11-10 07:41:26 AM | analyzer.0x0e82b29a77a53880dd4ee8326cfea9b4c68db638 | Generating return summary for balanceOf
[INFO] | 2024-11-10 07:41:26 AM | analyzer.0x0e82b29a77a53880dd4ee8326cfea9b4c68db638 | Return summary generated for balanceOf
[INFO] | 2024-11-10 07:41:26 AM | analyzer.0x0e82b29a77a53880dd4ee8326cfea9b4c68db638 | State variable assignement do not exist
[INFO] | 2024-11-10 07:41:26 AM | analyzer.0x0e82b29a77a53880dd4ee8326cfea9b4c68db638 | Processed function balanceOf
[INFO] | 2024-11-10 07:41:26 AM | analyzer.0x0e82b29a77a53880dd4ee8326cfea9b4c68db638 | Generating return summary for dividendsOf
[INFO] | 2024-11-10 07:41:26 AM | analyzer.0x0e82b29a77a53880dd4ee8326cfea9b4c68db638 | Return summary generated for dividendsOf
[INFO] | 2024-11-10 07:41:26 AM | analyzer.0x0e82b29a77a53880dd4ee8326cfea9b4c68db638 | State variable assignement do not exist
[INFO] | 2024-11-10 07:41:26 AM | analyzer.0x0e82b29a77a53880dd4ee8326cfea9b4c68db638 | Processed function dividendsOf
[INFO] | 2024-11-10 07:41:26 AM | analyzer.0x0e82b29a77a53880dd4ee8326cfea9b4c68db638 | Generating return summary for sqrt
[INFO] | 2024-11-10 07:41:26 AM | analyzer.0x0e82b29a77a53880dd4ee8326cfea9b4c68db638 | Return summary generated for sqrt
[INFO] | 2024-11-10 07:41:26 AM | analyzer.0x0e82b29a77a53880dd4ee8326cfea9b4c68db638 | State variable assignement do not exist
[INFO] | 2024-11-10 07:41:26 AM | analyzer.0x0e82b29a77a53880dd4ee8326cfea9b4c68db638 | Processed function sqrt
[INFO] | 2024-11-10 07:41:26 AM | analyzer.0x0e82b29a77a53880dd4ee8326cfea9b4c68db638 | Generating return summary for onlyOwner
[INFO] | 2024-11-10 07:41:26 AM | analyzer.0x0e82b29a77a53880dd4ee8326cfea9b4c68db638 | Return summary generated for onlyOwner
[INFO] | 2024-11-10 07:41:26 AM | analyzer.0x0e82b29a77a53880dd4ee8326cfea9b4c68db638 | State variable assignement do not exist
[INFO] | 2024-11-10 07:41:26 AM | analyzer.0x0e82b29a77a53880dd4ee8326cfea9b4c68db638 | Processed function onlyOwner
[INFO] | 2024-11-10 07:41:26 AM | analyzer.0x0e82b29a77a53880dd4ee8326cfea9b4c68db638 | Generating return summary for nonReentrant
[INFO] | 2024-11-10 07:41:26 AM | analyzer.0x0e82b29a77a53880dd4ee8326cfea9b4c68db638 | Return summary generated for nonReentrant
[INFO] | 2024-11-10 07:41:26 AM | analyzer.0x0e82b29a77a53880dd4ee8326cfea9b4c68db638 | Range graph generated
[INFO] | 2024-11-10 07:41:26 AM | analyzer.0x0e82b29a77a53880dd4ee8326cfea9b4c68db638 | Processed function nonReentrant
[INFO] | 2024-11-10 07:41:26 AM | analyzer.0x0e82b29a77a53880dd4ee8326cfea9b4c68db638 | Generating return summary for allowance
[INFO] | 2024-11-10 07:41:26 AM | analyzer.0x0e82b29a77a53880dd4ee8326cfea9b4c68db638 | Return summary generated for allowance
[INFO] | 2024-11-10 07:41:26 AM | analyzer.0x0e82b29a77a53880dd4ee8326cfea9b4c68db638 | State variable assignement do not exist
[INFO] | 2024-11-10 07:41:26 AM | analyzer.0x0e82b29a77a53880dd4ee8326cfea9b4c68db638 | Processed function allowance
[INFO] | 2024-11-10 07:41:26 AM | analyzer.0x0e82b29a77a53880dd4ee8326cfea9b4c68db638 | Generating return summary for transferFrom
[INFO] | 2024-11-10 07:41:26 AM | analyzer.0x0e82b29a77a53880dd4ee8326cfea9b4c68db638 | Return summary generated for transferFrom
[INFO] | 2024-11-10 07:41:26 AM | analyzer.0x0e82b29a77a53880dd4ee8326cfea9b4c68db638 | State variable assignement do not exist
[INFO] | 2024-11-10 07:41:26 AM | analyzer.0x0e82b29a77a53880dd4ee8326cfea9b4c68db638 | Processed function transferFrom
[INFO] | 2024-11-10 07:41:26 AM | analyzer.0x0e82b29a77a53880dd4ee8326cfea9b4c68db638 | Generating return summary for transfer
[INFO] | 2024-11-10 07:41:26 AM | analyzer.0x0e82b29a77a53880dd4ee8326cfea9b4c68db638 | Return summary generated for transfer
[INFO] | 2024-11-10 07:41:26 AM | analyzer.0x0e82b29a77a53880dd4ee8326cfea9b4c68db638 | State variable assignement do not exist
[INFO] | 2024-11-10 07:41:26 AM | analyzer.0x0e82b29a77a53880dd4ee8326cfea9b4c68db638 | Processed function transfer
[INFO] | 2024-11-10 07:41:26 AM | analyzer.0x0e82b29a77a53880dd4ee8326cfea9b4c68db638 | Generating return summary for div
[INFO] | 2024-11-10 07:41:26 AM | analyzer.0x0e82b29a77a53880dd4ee8326cfea9b4c68db638 | Return summary generated for div
[INFO] | 2024-11-10 07:41:26 AM | analyzer.0x0e82b29a77a53880dd4ee8326cfea9b4c68db638 | State variable assignement do not exist
[INFO] | 2024-11-10 07:41:26 AM | analyzer.0x0e82b29a77a53880dd4ee8326cfea9b4c68db638 | Processed function div
[INFO] | 2024-11-10 07:41:26 AM | analyzer.0x0e82b29a77a53880dd4ee8326cfea9b4c68db638 | Generating return summary for sub
[INFO] | 2024-11-10 07:41:26 AM | analyzer.0x0e82b29a77a53880dd4ee8326cfea9b4c68db638 | Return summary generated for sub
[INFO] | 2024-11-10 07:41:26 AM | analyzer.0x0e82b29a77a53880dd4ee8326cfea9b4c68db638 | State variable assignement do not exist
[INFO] | 2024-11-10 07:41:26 AM | analyzer.0x0e82b29a77a53880dd4ee8326cfea9b4c68db638 | Processed function sub
[INFO] | 2024-11-10 07:41:26 AM | analyzer.0x0e82b29a77a53880dd4ee8326cfea9b4c68db638 | Generating return summary for add
[INFO] | 2024-11-10 07:41:26 AM | analyzer.0x0e82b29a77a53880dd4ee8326cfea9b4c68db638 | Return summary generated for add
[INFO] | 2024-11-10 07:41:26 AM | analyzer.0x0e82b29a77a53880dd4ee8326cfea9b4c68db638 | State variable assignement do not exist
[INFO] | 2024-11-10 07:41:26 AM | analyzer.0x0e82b29a77a53880dd4ee8326cfea9b4c68db638 | Processed function add
[INFO] | 2024-11-10 07:41:26 AM | analyzer.0x0e82b29a77a53880dd4ee8326cfea9b4c68db638 | Generating return summary for balanceOf
[INFO] | 2024-11-10 07:41:26 AM | analyzer.0x0e82b29a77a53880dd4ee8326cfea9b4c68db638 | Return summary generated for balanceOf
[INFO] | 2024-11-10 07:41:26 AM | analyzer.0x0e82b29a77a53880dd4ee8326cfea9b4c68db638 | State variable assignement do not exist
[INFO] | 2024-11-10 07:41:26 AM | analyzer.0x0e82b29a77a53880dd4ee8326cfea9b4c68db638 | Processed function balanceOf
[INFO] | 2024-11-10 07:41:26 AM | analyzer.0x0e82b29a77a53880dd4ee8326cfea9b4c68db638 | Generating return summary for totalSupply
[INFO] | 2024-11-10 07:41:26 AM | analyzer.0x0e82b29a77a53880dd4ee8326cfea9b4c68db638 | Return summary generated for totalSupply
[INFO] | 2024-11-10 07:41:26 AM | analyzer.0x0e82b29a77a53880dd4ee8326cfea9b4c68db638 | State variable assignement do not exist
[INFO] | 2024-11-10 07:41:26 AM | analyzer.0x0e82b29a77a53880dd4ee8326cfea9b4c68db638 | Processed function totalSupply
[INFO] | 2024-11-10 07:41:26 AM | analyzer.0x0e82b29a77a53880dd4ee8326cfea9b4c68db638 | Generating return summary for approve
[INFO] | 2024-11-10 07:41:26 AM | analyzer.0x0e82b29a77a53880dd4ee8326cfea9b4c68db638 | Return summary generated for approve
[INFO] | 2024-11-10 07:41:26 AM | analyzer.0x0e82b29a77a53880dd4ee8326cfea9b4c68db638 | State variable assignement do not exist
[INFO] | 2024-11-10 07:41:26 AM | analyzer.0x0e82b29a77a53880dd4ee8326cfea9b4c68db638 | Processed function approve
[INFO] | 2024-11-10 07:41:26 AM | analyzer.0x0e82b29a77a53880dd4ee8326cfea9b4c68db638 | Generating return summary for mul
[INFO] | 2024-11-10 07:41:26 AM | analyzer.0x0e82b29a77a53880dd4ee8326cfea9b4c68db638 | Return summary generated for mul
[INFO] | 2024-11-10 07:41:26 AM | analyzer.0x0e82b29a77a53880dd4ee8326cfea9b4c68db638 | State variable assignement do not exist
[INFO] | 2024-11-10 07:41:26 AM | analyzer.0x0e82b29a77a53880dd4ee8326cfea9b4c68db638 | Processed function mul
[INFO] | 2024-11-10 07:41:26 AM | analyzer.0x0e82b29a77a53880dd4ee8326cfea9b4c68db638 | Generating return summary for renounceOwnership
[INFO] | 2024-11-10 07:41:26 AM | analyzer.0x0e82b29a77a53880dd4ee8326cfea9b4c68db638 | Return summary generated for renounceOwnership
[INFO] | 2024-11-10 07:41:26 AM | analyzer.0x0e82b29a77a53880dd4ee8326cfea9b4c68db638 | Range graph generated
[INFO] | 2024-11-10 07:41:26 AM | analyzer.0x0e82b29a77a53880dd4ee8326cfea9b4c68db638 | Processed function renounceOwnership
[INFO] | 2024-11-10 07:41:26 AM | analyzer.0x0e82b29a77a53880dd4ee8326cfea9b4c68db638 | Generating return summary for transferOwnership
[INFO] | 2024-11-10 07:41:26 AM | analyzer.0x0e82b29a77a53880dd4ee8326cfea9b4c68db638 | Return summary generated for transferOwnership
[INFO] | 2024-11-10 07:41:26 AM | analyzer.0x0e82b29a77a53880dd4ee8326cfea9b4c68db638 | Range graph generated
[INFO] | 2024-11-10 07:41:26 AM | analyzer.0x0e82b29a77a53880dd4ee8326cfea9b4c68db638 | Processed function transferOwnership
[INFO] | 2024-11-10 07:41:26 AM | analyzer.0x0e82b29a77a53880dd4ee8326cfea9b4c68db638 | Generating return summary for myTokens
[INFO] | 2024-11-10 07:41:26 AM | analyzer.0x0e82b29a77a53880dd4ee8326cfea9b4c68db638 | Return summary generated for myTokens
[INFO] | 2024-11-10 07:41:26 AM | analyzer.0x0e82b29a77a53880dd4ee8326cfea9b4c68db638 | State variable assignement do not exist
[INFO] | 2024-11-10 07:41:26 AM | analyzer.0x0e82b29a77a53880dd4ee8326cfea9b4c68db638 | Processed function myTokens
[INFO] | 2024-11-10 07:41:26 AM | analyzer.0x0e82b29a77a53880dd4ee8326cfea9b4c68db638 | Generating return summary for myDividends
[INFO] | 2024-11-10 07:41:26 AM | analyzer.0x0e82b29a77a53880dd4ee8326cfea9b4c68db638 | Return summary generated for myDividends
[INFO] | 2024-11-10 07:41:26 AM | analyzer.0x0e82b29a77a53880dd4ee8326cfea9b4c68db638 | State variable assignement do not exist
[INFO] | 2024-11-10 07:41:26 AM | analyzer.0x0e82b29a77a53880dd4ee8326cfea9b4c68db638 | Processed function myDividends
[INFO] | 2024-11-10 07:41:26 AM | analyzer.0x0e82b29a77a53880dd4ee8326cfea9b4c68db638 | Generating return summary for tokentoCollateral_
[INFO] | 2024-11-10 07:41:26 AM | analyzer.0x0e82b29a77a53880dd4ee8326cfea9b4c68db638 | Return summary generated for tokentoCollateral_
[INFO] | 2024-11-10 07:41:26 AM | analyzer.0x0e82b29a77a53880dd4ee8326cfea9b4c68db638 | State variable assignement do not exist
[INFO] | 2024-11-10 07:41:26 AM | analyzer.0x0e82b29a77a53880dd4ee8326cfea9b4c68db638 | Processed function tokentoCollateral_
[INFO] | 2024-11-10 07:41:26 AM | analyzer.0x0e82b29a77a53880dd4ee8326cfea9b4c68db638 | Generating return summary for renounceOwnership
[INFO] | 2024-11-10 07:41:26 AM | analyzer.0x0e82b29a77a53880dd4ee8326cfea9b4c68db638 | Return summary generated for renounceOwnership
[INFO] | 2024-11-10 07:41:26 AM | analyzer.0x0e82b29a77a53880dd4ee8326cfea9b4c68db638 | Range graph generated
[INFO] | 2024-11-10 07:41:26 AM | analyzer.0x0e82b29a77a53880dd4ee8326cfea9b4c68db638 | Processed function renounceOwnership
[INFO] | 2024-11-10 07:41:26 AM | analyzer.0x0e82b29a77a53880dd4ee8326cfea9b4c68db638 | Generating return summary for transferOwnership
[INFO] | 2024-11-10 07:41:26 AM | analyzer.0x0e82b29a77a53880dd4ee8326cfea9b4c68db638 | Return summary generated for transferOwnership
[INFO] | 2024-11-10 07:41:26 AM | analyzer.0x0e82b29a77a53880dd4ee8326cfea9b4c68db638 | Range graph generated
[INFO] | 2024-11-10 07:41:26 AM | analyzer.0x0e82b29a77a53880dd4ee8326cfea9b4c68db638 | Processed function transferOwnership
[INFO] | 2024-11-10 07:41:26 AM | analyzer.0x0e82b29a77a53880dd4ee8326cfea9b4c68db638 | Generating return summary for tokenOnboard
[INFO] | 2024-11-10 07:41:26 AM | analyzer.0x0e82b29a77a53880dd4ee8326cfea9b4c68db638 | Return summary generated for tokenOnboard
[INFO] | 2024-11-10 07:41:26 AM | analyzer.0x0e82b29a77a53880dd4ee8326cfea9b4c68db638 | Range graph generated
[INFO] | 2024-11-10 07:41:26 AM | analyzer.0x0e82b29a77a53880dd4ee8326cfea9b4c68db638 | Processed function tokenOnboard
[INFO] | 2024-11-10 07:41:26 AM | analyzer.0x0e82b29a77a53880dd4ee8326cfea9b4c68db638 | Generating return summary for collateralToToken_
[INFO] | 2024-11-10 07:41:26 AM | analyzer.0x0e82b29a77a53880dd4ee8326cfea9b4c68db638 | Return summary generated for collateralToToken_
[INFO] | 2024-11-10 07:41:26 AM | analyzer.0x0e82b29a77a53880dd4ee8326cfea9b4c68db638 | State variable assignement do not exist
[INFO] | 2024-11-10 07:41:26 AM | analyzer.0x0e82b29a77a53880dd4ee8326cfea9b4c68db638 | Processed function collateralToToken_
[INFO] | 2024-11-10 07:41:26 AM | analyzer.0x0e82b29a77a53880dd4ee8326cfea9b4c68db638 | Generating return summary for totalTokenBalance
[INFO] | 2024-11-10 07:41:26 AM | analyzer.0x0e82b29a77a53880dd4ee8326cfea9b4c68db638 | Return summary generated for totalTokenBalance
[INFO] | 2024-11-10 07:41:26 AM | analyzer.0x0e82b29a77a53880dd4ee8326cfea9b4c68db638 | State variable assignement do not exist
[INFO] | 2024-11-10 07:41:26 AM | analyzer.0x0e82b29a77a53880dd4ee8326cfea9b4c68db638 | Processed function totalTokenBalance
[INFO] | 2024-11-10 07:41:26 AM | analyzer.0x0e82b29a77a53880dd4ee8326cfea9b4c68db638 | Generating return summary for withdraw
[INFO] | 2024-11-10 07:41:26 AM | analyzer.0x0e82b29a77a53880dd4ee8326cfea9b4c68db638 | Return summary generated for withdraw
[INFO] | 2024-11-10 07:41:26 AM | analyzer.0x0e82b29a77a53880dd4ee8326cfea9b4c68db638 | Range graph generated
[INFO] | 2024-11-10 07:41:26 AM | analyzer.0x0e82b29a77a53880dd4ee8326cfea9b4c68db638 | Processed function withdraw
[INFO] | 2024-11-10 07:41:26 AM | analyzer.0x0e82b29a77a53880dd4ee8326cfea9b4c68db638 | Generating return summary for calculateCollateReceived
[INFO] | 2024-11-10 07:41:26 AM | analyzer.0x0e82b29a77a53880dd4ee8326cfea9b4c68db638 | Return summary generated for calculateCollateReceived
[INFO] | 2024-11-10 07:41:26 AM | analyzer.0x0e82b29a77a53880dd4ee8326cfea9b4c68db638 | State variable assignement do not exist
[INFO] | 2024-11-10 07:41:26 AM | analyzer.0x0e82b29a77a53880dd4ee8326cfea9b4c68db638 | Processed function calculateCollateReceived
[INFO] | 2024-11-10 07:41:26 AM | analyzer.0x0e82b29a77a53880dd4ee8326cfea9b4c68db638 | Generating return summary for purchaseCollate
[INFO] | 2024-11-10 07:41:26 AM | analyzer.0x0e82b29a77a53880dd4ee8326cfea9b4c68db638 | Return summary generated for purchaseCollate
[INFO] | 2024-11-10 07:41:26 AM | analyzer.0x0e82b29a77a53880dd4ee8326cfea9b4c68db638 | Range graph generated
[INFO] | 2024-11-10 07:41:26 AM | analyzer.0x0e82b29a77a53880dd4ee8326cfea9b4c68db638 | Processed function purchaseCollate
[INFO] | 2024-11-10 07:41:26 AM | analyzer.0x0e82b29a77a53880dd4ee8326cfea9b4c68db638 | Generating return summary for sell
[INFO] | 2024-11-10 07:41:26 AM | analyzer.0x0e82b29a77a53880dd4ee8326cfea9b4c68db638 | Return summary generated for sell
[INFO] | 2024-11-10 07:41:26 AM | analyzer.0x0e82b29a77a53880dd4ee8326cfea9b4c68db638 | Range graph generated
[INFO] | 2024-11-10 07:41:26 AM | analyzer.0x0e82b29a77a53880dd4ee8326cfea9b4c68db638 | Processed function sell
[INFO] | 2024-11-10 07:41:26 AM | analyzer.0x0e82b29a77a53880dd4ee8326cfea9b4c68db638 | Generating return summary for buyPrice
[INFO] | 2024-11-10 07:41:26 AM | analyzer.0x0e82b29a77a53880dd4ee8326cfea9b4c68db638 | Return summary generated for buyPrice
[INFO] | 2024-11-10 07:41:26 AM | analyzer.0x0e82b29a77a53880dd4ee8326cfea9b4c68db638 | State variable assignement do not exist
[INFO] | 2024-11-10 07:41:26 AM | analyzer.0x0e82b29a77a53880dd4ee8326cfea9b4c68db638 | Processed function buyPrice
[INFO] | 2024-11-10 07:41:26 AM | analyzer.0x0e82b29a77a53880dd4ee8326cfea9b4c68db638 | Generating return summary for sellPrice
[INFO] | 2024-11-10 07:41:26 AM | analyzer.0x0e82b29a77a53880dd4ee8326cfea9b4c68db638 | Return summary generated for sellPrice
[INFO] | 2024-11-10 07:41:26 AM | analyzer.0x0e82b29a77a53880dd4ee8326cfea9b4c68db638 | State variable assignement do not exist
[INFO] | 2024-11-10 07:41:26 AM | analyzer.0x0e82b29a77a53880dd4ee8326cfea9b4c68db638 | Processed function sellPrice
[INFO] | 2024-11-10 07:41:26 AM | analyzer.0x0e82b29a77a53880dd4ee8326cfea9b4c68db638 | Generating return summary for calculateTokenReceived
[INFO] | 2024-11-10 07:41:26 AM | analyzer.0x0e82b29a77a53880dd4ee8326cfea9b4c68db638 | Return summary generated for calculateTokenReceived
[INFO] | 2024-11-10 07:41:26 AM | analyzer.0x0e82b29a77a53880dd4ee8326cfea9b4c68db638 | State variable assignement do not exist
[INFO] | 2024-11-10 07:41:26 AM | analyzer.0x0e82b29a77a53880dd4ee8326cfea9b4c68db638 | Processed function calculateTokenReceived
[INFO] | 2024-11-10 07:41:26 AM | analyzer.0x0e82b29a77a53880dd4ee8326cfea9b4c68db638 | Generating return summary for transfer
[INFO] | 2024-11-10 07:41:26 AM | analyzer.0x0e82b29a77a53880dd4ee8326cfea9b4c68db638 | Return summary generated for transfer
[INFO] | 2024-11-10 07:41:26 AM | analyzer.0x0e82b29a77a53880dd4ee8326cfea9b4c68db638 | Range graph generated
[INFO] | 2024-11-10 07:41:26 AM | analyzer.0x0e82b29a77a53880dd4ee8326cfea9b4c68db638 | Processed function transfer
[INFO] | 2024-11-10 07:41:26 AM | analyzer.0x0e82b29a77a53880dd4ee8326cfea9b4c68db638 | Generating return summary for buy
[INFO] | 2024-11-10 07:41:26 AM | analyzer.0x0e82b29a77a53880dd4ee8326cfea9b4c68db638 | Return summary generated for buy
[INFO] | 2024-11-10 07:41:26 AM | analyzer.0x0e82b29a77a53880dd4ee8326cfea9b4c68db638 | Range graph generated
[INFO] | 2024-11-10 07:41:26 AM | analyzer.0x0e82b29a77a53880dd4ee8326cfea9b4c68db638 | Processed function buy
[INFO] | 2024-11-10 07:41:26 AM | analyzer.0x0e82b29a77a53880dd4ee8326cfea9b4c68db638 | Generating return summary for buy
[INFO] | 2024-11-10 07:41:26 AM | analyzer.0x0e82b29a77a53880dd4ee8326cfea9b4c68db638 | Return summary generated for buy
[INFO] | 2024-11-10 07:41:26 AM | analyzer.0x0e82b29a77a53880dd4ee8326cfea9b4c68db638 | Range graph generated
[INFO] | 2024-11-10 07:41:26 AM | analyzer.0x0e82b29a77a53880dd4ee8326cfea9b4c68db638 | Processed function buy
[INFO] | 2024-11-10 07:41:26 AM | analyzer.0x0e82b29a77a53880dd4ee8326cfea9b4c68db638 | Generating return summary for fallback
[INFO] | 2024-11-10 07:41:26 AM | analyzer.0x0e82b29a77a53880dd4ee8326cfea9b4c68db638 | Return summary generated for fallback
[INFO] | 2024-11-10 07:41:26 AM | analyzer.0x0e82b29a77a53880dd4ee8326cfea9b4c68db638 | Range graph generated
[INFO] | 2024-11-10 07:41:26 AM | analyzer.0x0e82b29a77a53880dd4ee8326cfea9b4c68db638 | Processed function fallback
[INFO] | 2024-11-10 07:41:26 AM | analyzer.0x0e82b29a77a53880dd4ee8326cfea9b4c68db638 | Generating return summary for reinvest
[INFO] | 2024-11-10 07:41:26 AM | analyzer.0x0e82b29a77a53880dd4ee8326cfea9b4c68db638 | Return summary generated for reinvest
[INFO] | 2024-11-10 07:41:26 AM | analyzer.0x0e82b29a77a53880dd4ee8326cfea9b4c68db638 | Range graph generated
[INFO] | 2024-11-10 07:41:26 AM | analyzer.0x0e82b29a77a53880dd4ee8326cfea9b4c68db638 | Processed function reinvest
[INFO] | 2024-11-10 07:41:26 AM | analyzer.0x0e82b29a77a53880dd4ee8326cfea9b4c68db638 | Generating return summary for exit
[INFO] | 2024-11-10 07:41:26 AM | analyzer.0x0e82b29a77a53880dd4ee8326cfea9b4c68db638 | Return summary generated for exit
[INFO] | 2024-11-10 07:41:26 AM | analyzer.0x0e82b29a77a53880dd4ee8326cfea9b4c68db638 | Range graph generated
[INFO] | 2024-11-10 07:41:26 AM | analyzer.0x0e82b29a77a53880dd4ee8326cfea9b4c68db638 | Processed function exit
[INFO] | 2024-11-10 07:41:26 AM | analyzer.0x0e82b29a77a53880dd4ee8326cfea9b4c68db638 | Value Range Analysis took 0.043193 seconds
[INFO] | 2024-11-10 07:41:26 AM | analyzer.0x0e82b29a77a53880dd4ee8326cfea9b4c68db638 | Value Range Analysis finished
[INFO] | 2024-11-10 07:41:26 AM | analyzer.0x0e82b29a77a53880dd4ee8326cfea9b4c68db638 | Storage dependency graph compostion started!
[INFO] | 2024-11-10 07:41:27 AM | analyzer.0x0e82b29a77a53880dd4ee8326cfea9b4c68db638 | Storage dependency graph compostion finished!
[INFO] | 2024-11-10 07:41:27 AM | analyzer.0x0e82b29a77a53880dd4ee8326cfea9b4c68db638 | Dependency detection started!
[INFO] | 2024-11-10 07:41:51 AM | analyzer.0x0e82b29a77a53880dd4ee8326cfea9b4c68db638 | DAO dependency detected in file 0x0e82b29a77a53880dd4ee8326cfea9b4c68db638.sol in contract DappIncubator in by composing functions buy and buy
[INFO] | 2024-11-10 07:42:17 AM | analyzer.0x0e82b29a77a53880dd4ee8326cfea9b4c68db638 | DAO dependency detected in file 0x0e82b29a77a53880dd4ee8326cfea9b4c68db638.sol in contract DappIncubator in by composing functions buy and buy
[INFO] | 2024-11-10 07:42:43 AM | analyzer.0x0e82b29a77a53880dd4ee8326cfea9b4c68db638 | DAO dependency detected in file 0x0e82b29a77a53880dd4ee8326cfea9b4c68db638.sol in contract DappIncubator in by composing functions buy and buy
[INFO] | 2024-11-10 07:43:11 AM | analyzer.0x0e82b29a77a53880dd4ee8326cfea9b4c68db638 | DAO dependency detected in file 0x0e82b29a77a53880dd4ee8326cfea9b4c68db638.sol in contract DappIncubator in by composing functions buy and buy
[INFO] | 2024-11-10 07:43:39 AM | analyzer.0x0e82b29a77a53880dd4ee8326cfea9b4c68db638 | DAO dependency detected in file 0x0e82b29a77a53880dd4ee8326cfea9b4c68db638.sol in contract DappIncubator in by composing functions buy and fallback
[INFO] | 2024-11-10 07:44:09 AM | analyzer.0x0e82b29a77a53880dd4ee8326cfea9b4c68db638 | DAO dependency detected in file 0x0e82b29a77a53880dd4ee8326cfea9b4c68db638.sol in contract DappIncubator in by composing functions buy and fallback
[INFO] | 2024-11-10 07:44:52 AM | analyzer.0x0e82b29a77a53880dd4ee8326cfea9b4c68db638 | DAO dependency detected in file 0x0e82b29a77a53880dd4ee8326cfea9b4c68db638.sol in contract DappIncubator in by composing functions buy and reinvest
[INFO] | 2024-11-10 07:45:38 AM | analyzer.0x0e82b29a77a53880dd4ee8326cfea9b4c68db638 | DAO dependency detected in file 0x0e82b29a77a53880dd4ee8326cfea9b4c68db638.sol in contract DappIncubator in by composing functions buy and reinvest
[INFO] | 2024-11-10 07:46:15 AM | analyzer.0x0e82b29a77a53880dd4ee8326cfea9b4c68db638 | DAO dependency detected in file 0x0e82b29a77a53880dd4ee8326cfea9b4c68db638.sol in contract DappIncubator in by composing functions buy and exit
[INFO] | 2024-11-10 07:46:53 AM | analyzer.0x0e82b29a77a53880dd4ee8326cfea9b4c68db638 | DAO dependency detected in file 0x0e82b29a77a53880dd4ee8326cfea9b4c68db638.sol in contract DappIncubator in by composing functions buy and exit
[INFO] | 2024-11-10 07:47:07 AM | analyzer.0x0e82b29a77a53880dd4ee8326cfea9b4c68db638 | DAO dependency detected in file 0x0e82b29a77a53880dd4ee8326cfea9b4c68db638.sol in contract DappIncubator in by composing functions buy and withdraw
[INFO] | 2024-11-10 07:47:22 AM | analyzer.0x0e82b29a77a53880dd4ee8326cfea9b4c68db638 | DAO dependency detected in file 0x0e82b29a77a53880dd4ee8326cfea9b4c68db638.sol in contract DappIncubator in by composing functions buy and withdraw
[INFO] | 2024-11-10 07:48:04 AM | analyzer.0x0e82b29a77a53880dd4ee8326cfea9b4c68db638 | DAO dependency detected in file 0x0e82b29a77a53880dd4ee8326cfea9b4c68db638.sol in contract DappIncubator in by composing functions buy and transfer
[INFO] | 2024-11-10 07:48:47 AM | analyzer.0x0e82b29a77a53880dd4ee8326cfea9b4c68db638 | DAO dependency detected in file 0x0e82b29a77a53880dd4ee8326cfea9b4c68db638.sol in contract DappIncubator in by composing functions buy and transfer
[INFO] | 2024-11-10 07:49:09 AM | analyzer.0x0e82b29a77a53880dd4ee8326cfea9b4c68db638 | DAO dependency detected in file 0x0e82b29a77a53880dd4ee8326cfea9b4c68db638.sol in contract DappIncubator in by composing functions buy and sell
[INFO] | 2024-11-10 07:49:30 AM | analyzer.0x0e82b29a77a53880dd4ee8326cfea9b4c68db638 | DAO dependency detected in file 0x0e82b29a77a53880dd4ee8326cfea9b4c68db638.sol in contract DappIncubator in by composing functions buy and sell
[INFO] | 2024-11-10 07:49:32 AM | analyzer.0x0e82b29a77a53880dd4ee8326cfea9b4c68db638 | DAO dependency detected in file 0x0e82b29a77a53880dd4ee8326cfea9b4c68db638.sol in contract DappIncubator in by composing functions buy and buyPrice
[INFO] | 2024-11-10 07:49:35 AM | analyzer.0x0e82b29a77a53880dd4ee8326cfea9b4c68db638 | DAO dependency detected in file 0x0e82b29a77a53880dd4ee8326cfea9b4c68db638.sol in contract DappIncubator in by composing functions buy and buyPrice
[INFO] | 2024-11-10 07:49:37 AM | analyzer.0x0e82b29a77a53880dd4ee8326cfea9b4c68db638 | DAO dependency detected in file 0x0e82b29a77a53880dd4ee8326cfea9b4c68db638.sol in contract DappIncubator in by composing functions buy and sellPrice
[INFO] | 2024-11-10 07:49:39 AM | analyzer.0x0e82b29a77a53880dd4ee8326cfea9b4c68db638 | DAO dependency detected in file 0x0e82b29a77a53880dd4ee8326cfea9b4c68db638.sol in contract DappIncubator in by composing functions buy and sellPrice
[INFO] | 2024-11-10 07:49:41 AM | analyzer.0x0e82b29a77a53880dd4ee8326cfea9b4c68db638 | DAO dependency detected in file 0x0e82b29a77a53880dd4ee8326cfea9b4c68db638.sol in contract DappIncubator in by composing functions buy and calculateCollateReceived
[INFO] | 2024-11-10 07:49:43 AM | analyzer.0x0e82b29a77a53880dd4ee8326cfea9b4c68db638 | DAO dependency detected in file 0x0e82b29a77a53880dd4ee8326cfea9b4c68db638.sol in contract DappIncubator in by composing functions buy and calculateCollateReceived
[INFO] | 2024-11-10 07:49:45 AM | analyzer.0x0e82b29a77a53880dd4ee8326cfea9b4c68db638 | DAO dependency detected in file 0x0e82b29a77a53880dd4ee8326cfea9b4c68db638.sol in contract DappIncubator in by composing functions buy and calculateTokenReceived
[INFO] | 2024-11-10 07:49:47 AM | analyzer.0x0e82b29a77a53880dd4ee8326cfea9b4c68db638 | DAO dependency detected in file 0x0e82b29a77a53880dd4ee8326cfea9b4c68db638.sol in contract DappIncubator in by composing functions buy and calculateTokenReceived
[INFO] | 2024-11-10 07:49:50 AM | analyzer.0x0e82b29a77a53880dd4ee8326cfea9b4c68db638 | DAO dependency detected in file 0x0e82b29a77a53880dd4ee8326cfea9b4c68db638.sol in contract DappIncubator in by composing functions exit and buy
[INFO] | 2024-11-10 07:49:52 AM | analyzer.0x0e82b29a77a53880dd4ee8326cfea9b4c68db638 | DAO dependency detected in file 0x0e82b29a77a53880dd4ee8326cfea9b4c68db638.sol in contract DappIncubator in by composing functions exit and buy
[INFO] | 2024-11-10 07:49:55 AM | analyzer.0x0e82b29a77a53880dd4ee8326cfea9b4c68db638 | DAO dependency detected in file 0x0e82b29a77a53880dd4ee8326cfea9b4c68db638.sol in contract DappIncubator in by composing functions exit and fallback
[INFO] | 2024-11-10 07:49:57 AM | analyzer.0x0e82b29a77a53880dd4ee8326cfea9b4c68db638 | DAO dependency detected in file 0x0e82b29a77a53880dd4ee8326cfea9b4c68db638.sol in contract DappIncubator in by composing functions exit and reinvest
[INFO] | 2024-11-10 07:50:02 AM | analyzer.0x0e82b29a77a53880dd4ee8326cfea9b4c68db638 | DAO dependency detected in file 0x0e82b29a77a53880dd4ee8326cfea9b4c68db638.sol in contract DappIncubator in by composing functions exit and exit
[INFO] | 2024-11-10 07:50:04 AM | analyzer.0x0e82b29a77a53880dd4ee8326cfea9b4c68db638 | DAO dependency detected in file 0x0e82b29a77a53880dd4ee8326cfea9b4c68db638.sol in contract DappIncubator in by composing functions exit and withdraw
[INFO] | 2024-11-10 07:50:07 AM | analyzer.0x0e82b29a77a53880dd4ee8326cfea9b4c68db638 | DAO dependency detected in file 0x0e82b29a77a53880dd4ee8326cfea9b4c68db638.sol in contract DappIncubator in by composing functions exit and transfer
[INFO] | 2024-11-10 07:50:08 AM | analyzer.0x0e82b29a77a53880dd4ee8326cfea9b4c68db638 | DAO dependency detected in file 0x0e82b29a77a53880dd4ee8326cfea9b4c68db638.sol in contract DappIncubator in by composing functions withdraw and buy
[INFO] | 2024-11-10 07:50:09 AM | analyzer.0x0e82b29a77a53880dd4ee8326cfea9b4c68db638 | DAO dependency detected in file 0x0e82b29a77a53880dd4ee8326cfea9b4c68db638.sol in contract DappIncubator in by composing functions withdraw and buy
[INFO] | 2024-11-10 07:50:10 AM | analyzer.0x0e82b29a77a53880dd4ee8326cfea9b4c68db638 | DAO dependency detected in file 0x0e82b29a77a53880dd4ee8326cfea9b4c68db638.sol in contract DappIncubator in by composing functions withdraw and fallback
[INFO] | 2024-11-10 07:50:11 AM | analyzer.0x0e82b29a77a53880dd4ee8326cfea9b4c68db638 | DAO dependency detected in file 0x0e82b29a77a53880dd4ee8326cfea9b4c68db638.sol in contract DappIncubator in by composing functions withdraw and reinvest
[INFO] | 2024-11-10 07:50:14 AM | analyzer.0x0e82b29a77a53880dd4ee8326cfea9b4c68db638 | DAO dependency detected in file 0x0e82b29a77a53880dd4ee8326cfea9b4c68db638.sol in contract DappIncubator in by composing functions withdraw and exit
[INFO] | 2024-11-10 07:50:15 AM | analyzer.0x0e82b29a77a53880dd4ee8326cfea9b4c68db638 | DAO dependency detected in file 0x0e82b29a77a53880dd4ee8326cfea9b4c68db638.sol in contract DappIncubator in by composing functions withdraw and withdraw
[INFO] | 2024-11-10 07:50:16 AM | analyzer.0x0e82b29a77a53880dd4ee8326cfea9b4c68db638 | DAO dependency detected in file 0x0e82b29a77a53880dd4ee8326cfea9b4c68db638.sol in contract DappIncubator in by composing functions withdraw and transfer
[INFO] | 2024-11-10 07:50:37 AM | analyzer.0x0e82b29a77a53880dd4ee8326cfea9b4c68db638 | DAO dependency detected in file 0x0e82b29a77a53880dd4ee8326cfea9b4c68db638.sol in contract DappIncubator in by composing functions transfer and buy
[INFO] | 2024-11-10 07:51:00 AM | analyzer.0x0e82b29a77a53880dd4ee8326cfea9b4c68db638 | DAO dependency detected in file 0x0e82b29a77a53880dd4ee8326cfea9b4c68db638.sol in contract DappIncubator in by composing functions transfer and buy
[INFO] | 2024-11-10 07:51:22 AM | analyzer.0x0e82b29a77a53880dd4ee8326cfea9b4c68db638 | DAO dependency detected in file 0x0e82b29a77a53880dd4ee8326cfea9b4c68db638.sol in contract DappIncubator in by composing functions transfer and fallback
[INFO] | 2024-11-10 07:52:13 AM | analyzer.0x0e82b29a77a53880dd4ee8326cfea9b4c68db638 | DAO dependency detected in file 0x0e82b29a77a53880dd4ee8326cfea9b4c68db638.sol in contract DappIncubator in by composing functions transfer and reinvest
[INFO] | 2024-11-10 07:53:05 AM | analyzer.0x0e82b29a77a53880dd4ee8326cfea9b4c68db638 | DAO dependency detected in file 0x0e82b29a77a53880dd4ee8326cfea9b4c68db638.sol in contract DappIncubator in by composing functions transfer and exit
[INFO] | 2024-11-10 07:53:26 AM | analyzer.0x0e82b29a77a53880dd4ee8326cfea9b4c68db638 | DAO dependency detected in file 0x0e82b29a77a53880dd4ee8326cfea9b4c68db638.sol in contract DappIncubator in by composing functions transfer and withdraw
[INFO] | 2024-11-10 07:54:18 AM | analyzer.0x0e82b29a77a53880dd4ee8326cfea9b4c68db638 | DAO dependency detected in file 0x0e82b29a77a53880dd4ee8326cfea9b4c68db638.sol in contract DappIncubator in by composing functions transfer and transfer
[INFO] | 2024-11-10 07:54:42 AM | analyzer.0x0e82b29a77a53880dd4ee8326cfea9b4c68db638 | DAO dependency detected in file 0x0e82b29a77a53880dd4ee8326cfea9b4c68db638.sol in contract DappIncubator in by composing functions transfer and sell
[INFO] | 2024-11-10 07:54:43 AM | analyzer.0x0e82b29a77a53880dd4ee8326cfea9b4c68db638 | DAO dependency detected in file 0x0e82b29a77a53880dd4ee8326cfea9b4c68db638.sol in contract DappIncubator in by composing functions transfer and buyPrice
[INFO] | 2024-11-10 07:54:45 AM | analyzer.0x0e82b29a77a53880dd4ee8326cfea9b4c68db638 | DAO dependency detected in file 0x0e82b29a77a53880dd4ee8326cfea9b4c68db638.sol in contract DappIncubator in by composing functions transfer and sellPrice
[INFO] | 2024-11-10 07:54:46 AM | analyzer.0x0e82b29a77a53880dd4ee8326cfea9b4c68db638 | DAO dependency detected in file 0x0e82b29a77a53880dd4ee8326cfea9b4c68db638.sol in contract DappIncubator in by composing functions transfer and calculateCollateReceived
[INFO] | 2024-11-10 07:54:48 AM | analyzer.0x0e82b29a77a53880dd4ee8326cfea9b4c68db638 | DAO dependency detected in file 0x0e82b29a77a53880dd4ee8326cfea9b4c68db638.sol in contract DappIncubator in by composing functions transfer and calculateTokenReceived
[INFO] | 2024-11-10 07:54:48 AM | analyzer.0x0e82b29a77a53880dd4ee8326cfea9b4c68db638 | Dependency detection finished!
[INFO] | 2024-11-10 07:54:48 AM | analyzer.0x0e82b29a77a53880dd4ee8326cfea9b4c68db638 | Static Analysis took 808.346507 seconds
[INFO] | 2024-11-10 07:54:48 AM | analyzer.0x0e82b29a77a53880dd4ee8326cfea9b4c68db638 | Dependency exists
[INFO] | 2024-11-10 07:54:48 AM | analyzer.0x0e82b29a77a53880dd4ee8326cfea9b4c68db638 | Invoking symbolic executor!
[INFO] | 2024-11-10 08:37:27 AM | analyzer.0x0e82b29a77a53880dd4ee8326cfea9b4c68db638 | Symbolic execution took 2558.712036 seconds
[INFO] | 2024-11-10 08:37:27 AM | analyzer.0x0e82b29a77a53880dd4ee8326cfea9b4c68db638 | Symbolic execution finished!
[INFO] | 2024-11-10 08:37:27 AM | analyzer.0x0e82b29a77a53880dd4ee8326cfea9b4c68db638 | Analysis finished!
[INFO] | 2024-11-10 08:37:27 AM | analyzer.0x0e82b29a77a53880dd4ee8326cfea9b4c68db638 | Analysis took 3367.059767 seconds
[INFO] | 2024-11-10 08:37:27 AM | analyzer.0x0e82b29a77a53880dd4ee8326cfea9b4c68db638 | Analysis finished at: 2024-11-10 08:37:27 AM
