[INFO] | 2024-11-10 07:40:40 AM | analyzer.0x25067272880fa0e49f1cebc988a2eed8485343a6 | Analysis started at: 2024-11-10 07:40:40 AM
[INFO] | 2024-11-10 07:40:40 AM | analyzer.0x25067272880fa0e49f1cebc988a2eed8485343a6 | Version constraints: ['^0.4.25']
[INFO] | 2024-11-10 07:40:40 AM | analyzer.0x25067272880fa0e49f1cebc988a2eed8485343a6 | solc version: v0.4.25
[INFO] | 2024-11-10 07:40:41 AM | analyzer.0x25067272880fa0e49f1cebc988a2eed8485343a6 | Callgraph generation started!
[INFO] | 2024-11-10 07:40:41 AM | analyzer.0x25067272880fa0e49f1cebc988a2eed8485343a6 | Callgraph generation finished!
[INFO] | 2024-11-10 07:40:41 AM | analyzer.0x25067272880fa0e49f1cebc988a2eed8485343a6 | Interprocedural CFG generation started!
[INFO] | 2024-11-10 07:40:41 AM | analyzer.0x25067272880fa0e49f1cebc988a2eed8485343a6 | Interprocedural CFG generation finished!
[INFO] | 2024-11-10 07:40:41 AM | analyzer.0x25067272880fa0e49f1cebc988a2eed8485343a6 | Storage dependency graph generation started!
[INFO] | 2024-11-10 07:40:41 AM | analyzer.0x25067272880fa0e49f1cebc988a2eed8485343a6 | Storage dependency graph generation finished!
[INFO] | 2024-11-10 07:40:41 AM | analyzer.0x25067272880fa0e49f1cebc988a2eed8485343a6 | Value Range Analysis started
[INFO] | 2024-11-10 07:40:41 AM | analyzer.0x25067272880fa0e49f1cebc988a2eed8485343a6 | Generating return summary for balanceOf
[INFO] | 2024-11-10 07:40:41 AM | analyzer.0x25067272880fa0e49f1cebc988a2eed8485343a6 | Return summary generated for balanceOf
[INFO] | 2024-11-10 07:40:41 AM | analyzer.0x25067272880fa0e49f1cebc988a2eed8485343a6 | State variable assignement do not exist
[INFO] | 2024-11-10 07:40:41 AM | analyzer.0x25067272880fa0e49f1cebc988a2eed8485343a6 | Processed function balanceOf
[INFO] | 2024-11-10 07:40:41 AM | analyzer.0x25067272880fa0e49f1cebc988a2eed8485343a6 | Generating return summary for transfer
[INFO] | 2024-11-10 07:40:41 AM | analyzer.0x25067272880fa0e49f1cebc988a2eed8485343a6 | Return summary generated for transfer
[INFO] | 2024-11-10 07:40:41 AM | analyzer.0x25067272880fa0e49f1cebc988a2eed8485343a6 | State variable assignement do not exist
[INFO] | 2024-11-10 07:40:41 AM | analyzer.0x25067272880fa0e49f1cebc988a2eed8485343a6 | Processed function transfer
[INFO] | 2024-11-10 07:40:41 AM | analyzer.0x25067272880fa0e49f1cebc988a2eed8485343a6 | Generating return summary for constructor
[INFO] | 2024-11-10 07:40:41 AM | analyzer.0x25067272880fa0e49f1cebc988a2eed8485343a6 | Return summary generated for constructor
[INFO] | 2024-11-10 07:40:41 AM | analyzer.0x25067272880fa0e49f1cebc988a2eed8485343a6 | Range graph generated
[INFO] | 2024-11-10 07:40:41 AM | analyzer.0x25067272880fa0e49f1cebc988a2eed8485343a6 | Processed function constructor
[INFO] | 2024-11-10 07:40:41 AM | analyzer.0x25067272880fa0e49f1cebc988a2eed8485343a6 | Generating return summary for addressOk
[INFO] | 2024-11-10 07:40:41 AM | analyzer.0x25067272880fa0e49f1cebc988a2eed8485343a6 | Return summary generated for addressOk
[INFO] | 2024-11-10 07:40:41 AM | analyzer.0x25067272880fa0e49f1cebc988a2eed8485343a6 | State variable assignement do not exist
[INFO] | 2024-11-10 07:40:41 AM | analyzer.0x25067272880fa0e49f1cebc988a2eed8485343a6 | Processed function addressOk
[INFO] | 2024-11-10 07:40:41 AM | analyzer.0x25067272880fa0e49f1cebc988a2eed8485343a6 | Generating return summary for fallback
[INFO] | 2024-11-10 07:40:41 AM | analyzer.0x25067272880fa0e49f1cebc988a2eed8485343a6 | Return summary generated for fallback
[INFO] | 2024-11-10 07:40:41 AM | analyzer.0x25067272880fa0e49f1cebc988a2eed8485343a6 | State variable assignement do not exist
[INFO] | 2024-11-10 07:40:41 AM | analyzer.0x25067272880fa0e49f1cebc988a2eed8485343a6 | Processed function fallback
[INFO] | 2024-11-10 07:40:41 AM | analyzer.0x25067272880fa0e49f1cebc988a2eed8485343a6 | Generating return summary for payment
[INFO] | 2024-11-10 07:40:41 AM | analyzer.0x25067272880fa0e49f1cebc988a2eed8485343a6 | Return summary generated for payment
[INFO] | 2024-11-10 07:40:41 AM | analyzer.0x25067272880fa0e49f1cebc988a2eed8485343a6 | State variable assignement do not exist
[INFO] | 2024-11-10 07:40:41 AM | analyzer.0x25067272880fa0e49f1cebc988a2eed8485343a6 | Processed function payment
[INFO] | 2024-11-10 07:40:41 AM | analyzer.0x25067272880fa0e49f1cebc988a2eed8485343a6 | Generating return summary for admin
[INFO] | 2024-11-10 07:40:41 AM | analyzer.0x25067272880fa0e49f1cebc988a2eed8485343a6 | Return summary generated for admin
[INFO] | 2024-11-10 07:40:41 AM | analyzer.0x25067272880fa0e49f1cebc988a2eed8485343a6 | State variable assignement do not exist
[INFO] | 2024-11-10 07:40:41 AM | analyzer.0x25067272880fa0e49f1cebc988a2eed8485343a6 | Processed function admin
[INFO] | 2024-11-10 07:40:41 AM | analyzer.0x25067272880fa0e49f1cebc988a2eed8485343a6 | Generating return summary for sendable
[INFO] | 2024-11-10 07:40:41 AM | analyzer.0x25067272880fa0e49f1cebc988a2eed8485343a6 | Return summary generated for sendable
[INFO] | 2024-11-10 07:40:41 AM | analyzer.0x25067272880fa0e49f1cebc988a2eed8485343a6 | State variable assignement do not exist
[INFO] | 2024-11-10 07:40:41 AM | analyzer.0x25067272880fa0e49f1cebc988a2eed8485343a6 | Processed function sendable
[INFO] | 2024-11-10 07:40:41 AM | analyzer.0x25067272880fa0e49f1cebc988a2eed8485343a6 | Generating return summary for changeOwner
[INFO] | 2024-11-10 07:40:41 AM | analyzer.0x25067272880fa0e49f1cebc988a2eed8485343a6 | Return summary generated for changeOwner
[INFO] | 2024-11-10 07:40:41 AM | analyzer.0x25067272880fa0e49f1cebc988a2eed8485343a6 | Range graph generated
[INFO] | 2024-11-10 07:40:41 AM | analyzer.0x25067272880fa0e49f1cebc988a2eed8485343a6 | Processed function changeOwner
[INFO] | 2024-11-10 07:40:41 AM | analyzer.0x25067272880fa0e49f1cebc988a2eed8485343a6 | Generating return summary for sendTo
[INFO] | 2024-11-10 07:40:41 AM | analyzer.0x25067272880fa0e49f1cebc988a2eed8485343a6 | Return summary generated for sendTo
[INFO] | 2024-11-10 07:40:41 AM | analyzer.0x25067272880fa0e49f1cebc988a2eed8485343a6 | State variable assignement do not exist
[INFO] | 2024-11-10 07:40:41 AM | analyzer.0x25067272880fa0e49f1cebc988a2eed8485343a6 | Processed function sendTo
[INFO] | 2024-11-10 07:40:41 AM | analyzer.0x25067272880fa0e49f1cebc988a2eed8485343a6 | Value Range Analysis took 0.073231 seconds
[INFO] | 2024-11-10 07:40:41 AM | analyzer.0x25067272880fa0e49f1cebc988a2eed8485343a6 | Value Range Analysis finished
[INFO] | 2024-11-10 07:40:41 AM | analyzer.0x25067272880fa0e49f1cebc988a2eed8485343a6 | Storage dependency graph compostion started!
[INFO] | 2024-11-10 07:40:41 AM | analyzer.0x25067272880fa0e49f1cebc988a2eed8485343a6 | Storage dependency graph compostion finished!
[INFO] | 2024-11-10 07:40:41 AM | analyzer.0x25067272880fa0e49f1cebc988a2eed8485343a6 | Dependency detection started!
[INFO] | 2024-11-10 07:40:41 AM | analyzer.0x25067272880fa0e49f1cebc988a2eed8485343a6 | Dependency detection finished!
[INFO] | 2024-11-10 07:40:41 AM | analyzer.0x25067272880fa0e49f1cebc988a2eed8485343a6 | Static Analysis took 1.089505 seconds
[INFO] | 2024-11-10 07:40:41 AM | analyzer.0x25067272880fa0e49f1cebc988a2eed8485343a6 | Dependency does not exist
[INFO] | 2024-11-10 07:40:41 AM | analyzer.0x25067272880fa0e49f1cebc988a2eed8485343a6 | Symbolic execution is not needed!
[INFO] | 2024-11-10 07:40:41 AM | analyzer.0x25067272880fa0e49f1cebc988a2eed8485343a6 | Analysis finished!
[INFO] | 2024-11-10 07:40:41 AM | analyzer.0x25067272880fa0e49f1cebc988a2eed8485343a6 | Analysis took 1.089860 seconds
[INFO] | 2024-11-10 07:40:41 AM | analyzer.0x25067272880fa0e49f1cebc988a2eed8485343a6 | Analysis finished at: 2024-11-10 07:40:41 AM
