[INFO] | 2024-11-10 07:39:28 AM | analyzer.0x1c3f78372a8c3e01970b85e1b26b885803011da3 | Analysis started at: 2024-11-10 07:39:28 AM
[INFO] | 2024-11-10 07:39:33 AM | analyzer.0x1c3f78372a8c3e01970b85e1b26b885803011da3 | Version constraints: ['0.5.17']
[INFO] | 2024-11-10 07:39:33 AM | analyzer.0x1c3f78372a8c3e01970b85e1b26b885803011da3 | solc version: v0.5.17
[INFO] | 2024-11-10 07:39:36 AM | analyzer.0x1c3f78372a8c3e01970b85e1b26b885803011da3 | Callgraph generation started!
[INFO] | 2024-11-10 07:39:36 AM | analyzer.0x1c3f78372a8c3e01970b85e1b26b885803011da3 | Callgraph generation finished!
[INFO] | 2024-11-10 07:39:36 AM | analyzer.0x1c3f78372a8c3e01970b85e1b26b885803011da3 | Interprocedural CFG generation started!
[INFO] | 2024-11-10 07:39:37 AM | analyzer.0x1c3f78372a8c3e01970b85e1b26b885803011da3 | Interprocedural CFG generation finished!
[INFO] | 2024-11-10 07:39:37 AM | analyzer.0x1c3f78372a8c3e01970b85e1b26b885803011da3 | Storage dependency graph generation started!
[WARNING] | 2024-11-10 07:39:37 AM | analyzer.0x1c3f78372a8c3e01970b85e1b26b885803011da3 | Issues with getting the high level call destination address
[WARNING] | 2024-11-10 07:39:37 AM | analyzer.0x1c3f78372a8c3e01970b85e1b26b885803011da3 | Issues with getting the high level call destination address
[WARNING] | 2024-11-10 07:39:37 AM | analyzer.0x1c3f78372a8c3e01970b85e1b26b885803011da3 | Issues with getting the high level call destination address
[WARNING] | 2024-11-10 07:39:37 AM | analyzer.0x1c3f78372a8c3e01970b85e1b26b885803011da3 | Issues with getting the high level call destination address
[WARNING] | 2024-11-10 07:39:37 AM | analyzer.0x1c3f78372a8c3e01970b85e1b26b885803011da3 | Issues with getting the high level call destination address
[WARNING] | 2024-11-10 07:39:38 AM | analyzer.0x1c3f78372a8c3e01970b85e1b26b885803011da3 | Issues with getting the high level call destination address
[WARNING] | 2024-11-10 07:39:38 AM | analyzer.0x1c3f78372a8c3e01970b85e1b26b885803011da3 | Issues with getting the high level call destination address
[WARNING] | 2024-11-10 07:39:38 AM | analyzer.0x1c3f78372a8c3e01970b85e1b26b885803011da3 | Issues with getting the high level call destination address
[WARNING] | 2024-11-10 07:39:38 AM | analyzer.0x1c3f78372a8c3e01970b85e1b26b885803011da3 | Issues with getting the high level call destination address
[WARNING] | 2024-11-10 07:39:38 AM | analyzer.0x1c3f78372a8c3e01970b85e1b26b885803011da3 | Issues with getting the high level call destination address
[WARNING] | 2024-11-10 07:39:38 AM | analyzer.0x1c3f78372a8c3e01970b85e1b26b885803011da3 | Issues with getting the high level call destination address
[WARNING] | 2024-11-10 07:39:38 AM | analyzer.0x1c3f78372a8c3e01970b85e1b26b885803011da3 | Issues with getting the high level call destination address
[INFO] | 2024-11-10 07:39:38 AM | analyzer.0x1c3f78372a8c3e01970b85e1b26b885803011da3 | Storage dependency graph generation finished!
[INFO] | 2024-11-10 07:39:38 AM | analyzer.0x1c3f78372a8c3e01970b85e1b26b885803011da3 | Value Range Analysis started
[INFO] | 2024-11-10 07:39:38 AM | analyzer.0x1c3f78372a8c3e01970b85e1b26b885803011da3 | Generating return summary for slitherConstructorConstantVariables
[INFO] | 2024-11-10 07:39:38 AM | analyzer.0x1c3f78372a8c3e01970b85e1b26b885803011da3 | Return summary generated for slitherConstructorConstantVariables
[INFO] | 2024-11-10 07:39:38 AM | analyzer.0x1c3f78372a8c3e01970b85e1b26b885803011da3 | Range graph generated
[INFO] | 2024-11-10 07:39:38 AM | analyzer.0x1c3f78372a8c3e01970b85e1b26b885803011da3 | Processed function slitherConstructorConstantVariables
[INFO] | 2024-11-10 07:39:38 AM | analyzer.0x1c3f78372a8c3e01970b85e1b26b885803011da3 | Generating return summary for swapExactTokensForETH
[INFO] | 2024-11-10 07:39:38 AM | analyzer.0x1c3f78372a8c3e01970b85e1b26b885803011da3 | Return summary generated for swapExactTokensForETH
[INFO] | 2024-11-10 07:39:38 AM | analyzer.0x1c3f78372a8c3e01970b85e1b26b885803011da3 | State variable assignement do not exist
[INFO] | 2024-11-10 07:39:38 AM | analyzer.0x1c3f78372a8c3e01970b85e1b26b885803011da3 | Processed function swapExactTokensForETH
[INFO] | 2024-11-10 07:39:38 AM | analyzer.0x1c3f78372a8c3e01970b85e1b26b885803011da3 | Generating return summary for swapExactETHForTokens
[INFO] | 2024-11-10 07:39:38 AM | analyzer.0x1c3f78372a8c3e01970b85e1b26b885803011da3 | Return summary generated for swapExactETHForTokens
[INFO] | 2024-11-10 07:39:38 AM | analyzer.0x1c3f78372a8c3e01970b85e1b26b885803011da3 | State variable assignement do not exist
[INFO] | 2024-11-10 07:39:38 AM | analyzer.0x1c3f78372a8c3e01970b85e1b26b885803011da3 | Processed function swapExactETHForTokens
[INFO] | 2024-11-10 07:39:38 AM | analyzer.0x1c3f78372a8c3e01970b85e1b26b885803011da3 | Generating return summary for getAmountsOut
[INFO] | 2024-11-10 07:39:38 AM | analyzer.0x1c3f78372a8c3e01970b85e1b26b885803011da3 | Return summary generated for getAmountsOut
[INFO] | 2024-11-10 07:39:38 AM | analyzer.0x1c3f78372a8c3e01970b85e1b26b885803011da3 | State variable assignement do not exist
[INFO] | 2024-11-10 07:39:38 AM | analyzer.0x1c3f78372a8c3e01970b85e1b26b885803011da3 | Processed function getAmountsOut
[INFO] | 2024-11-10 07:39:38 AM | analyzer.0x1c3f78372a8c3e01970b85e1b26b885803011da3 | Generating return summary for totalSupply
[INFO] | 2024-11-10 07:39:38 AM | analyzer.0x1c3f78372a8c3e01970b85e1b26b885803011da3 | Return summary generated for totalSupply
[INFO] | 2024-11-10 07:39:38 AM | analyzer.0x1c3f78372a8c3e01970b85e1b26b885803011da3 | State variable assignement do not exist
[INFO] | 2024-11-10 07:39:38 AM | analyzer.0x1c3f78372a8c3e01970b85e1b26b885803011da3 | Processed function totalSupply
[INFO] | 2024-11-10 07:39:38 AM | analyzer.0x1c3f78372a8c3e01970b85e1b26b885803011da3 | Generating return summary for balanceOf
[INFO] | 2024-11-10 07:39:38 AM | analyzer.0x1c3f78372a8c3e01970b85e1b26b885803011da3 | Return summary generated for balanceOf
[INFO] | 2024-11-10 07:39:38 AM | analyzer.0x1c3f78372a8c3e01970b85e1b26b885803011da3 | State variable assignement do not exist
[INFO] | 2024-11-10 07:39:38 AM | analyzer.0x1c3f78372a8c3e01970b85e1b26b885803011da3 | Processed function balanceOf
[INFO] | 2024-11-10 07:39:38 AM | analyzer.0x1c3f78372a8c3e01970b85e1b26b885803011da3 | Generating return summary for transfer
[INFO] | 2024-11-10 07:39:38 AM | analyzer.0x1c3f78372a8c3e01970b85e1b26b885803011da3 | Return summary generated for transfer
[INFO] | 2024-11-10 07:39:38 AM | analyzer.0x1c3f78372a8c3e01970b85e1b26b885803011da3 | State variable assignement do not exist
[INFO] | 2024-11-10 07:39:38 AM | analyzer.0x1c3f78372a8c3e01970b85e1b26b885803011da3 | Processed function transfer
[INFO] | 2024-11-10 07:39:38 AM | analyzer.0x1c3f78372a8c3e01970b85e1b26b885803011da3 | Generating return summary for allowance
[INFO] | 2024-11-10 07:39:38 AM | analyzer.0x1c3f78372a8c3e01970b85e1b26b885803011da3 | Return summary generated for allowance
[INFO] | 2024-11-10 07:39:38 AM | analyzer.0x1c3f78372a8c3e01970b85e1b26b885803011da3 | State variable assignement do not exist
[INFO] | 2024-11-10 07:39:38 AM | analyzer.0x1c3f78372a8c3e01970b85e1b26b885803011da3 | Processed function allowance
[INFO] | 2024-11-10 07:39:38 AM | analyzer.0x1c3f78372a8c3e01970b85e1b26b885803011da3 | Generating return summary for approve
[INFO] | 2024-11-10 07:39:38 AM | analyzer.0x1c3f78372a8c3e01970b85e1b26b885803011da3 | Return summary generated for approve
[INFO] | 2024-11-10 07:39:38 AM | analyzer.0x1c3f78372a8c3e01970b85e1b26b885803011da3 | State variable assignement do not exist
[INFO] | 2024-11-10 07:39:38 AM | analyzer.0x1c3f78372a8c3e01970b85e1b26b885803011da3 | Processed function approve
[INFO] | 2024-11-10 07:39:38 AM | analyzer.0x1c3f78372a8c3e01970b85e1b26b885803011da3 | Generating return summary for transferFrom
[INFO] | 2024-11-10 07:39:38 AM | analyzer.0x1c3f78372a8c3e01970b85e1b26b885803011da3 | Return summary generated for transferFrom
[INFO] | 2024-11-10 07:39:38 AM | analyzer.0x1c3f78372a8c3e01970b85e1b26b885803011da3 | State variable assignement do not exist
[INFO] | 2024-11-10 07:39:38 AM | analyzer.0x1c3f78372a8c3e01970b85e1b26b885803011da3 | Processed function transferFrom
[INFO] | 2024-11-10 07:39:38 AM | analyzer.0x1c3f78372a8c3e01970b85e1b26b885803011da3 | Generating return summary for constructor
[INFO] | 2024-11-10 07:39:38 AM | analyzer.0x1c3f78372a8c3e01970b85e1b26b885803011da3 | Return summary generated for constructor
[INFO] | 2024-11-10 07:39:38 AM | analyzer.0x1c3f78372a8c3e01970b85e1b26b885803011da3 | State variable assignement do not exist
[INFO] | 2024-11-10 07:39:38 AM | analyzer.0x1c3f78372a8c3e01970b85e1b26b885803011da3 | Processed function constructor
[INFO] | 2024-11-10 07:39:38 AM | analyzer.0x1c3f78372a8c3e01970b85e1b26b885803011da3 | Generating return summary for _msgSender
[INFO] | 2024-11-10 07:39:38 AM | analyzer.0x1c3f78372a8c3e01970b85e1b26b885803011da3 | Return summary generated for _msgSender
[INFO] | 2024-11-10 07:39:38 AM | analyzer.0x1c3f78372a8c3e01970b85e1b26b885803011da3 | State variable assignement do not exist
[INFO] | 2024-11-10 07:39:38 AM | analyzer.0x1c3f78372a8c3e01970b85e1b26b885803011da3 | Processed function _msgSender
[INFO] | 2024-11-10 07:39:38 AM | analyzer.0x1c3f78372a8c3e01970b85e1b26b885803011da3 | Generating return summary for _msgData
[INFO] | 2024-11-10 07:39:38 AM | analyzer.0x1c3f78372a8c3e01970b85e1b26b885803011da3 | Return summary generated for _msgData
[INFO] | 2024-11-10 07:39:38 AM | analyzer.0x1c3f78372a8c3e01970b85e1b26b885803011da3 | State variable assignement do not exist
[INFO] | 2024-11-10 07:39:38 AM | analyzer.0x1c3f78372a8c3e01970b85e1b26b885803011da3 | Processed function _msgData
[INFO] | 2024-11-10 07:39:38 AM | analyzer.0x1c3f78372a8c3e01970b85e1b26b885803011da3 | Generating return summary for constructor
[INFO] | 2024-11-10 07:39:38 AM | analyzer.0x1c3f78372a8c3e01970b85e1b26b885803011da3 | Return summary generated for constructor
[INFO] | 2024-11-10 07:39:38 AM | analyzer.0x1c3f78372a8c3e01970b85e1b26b885803011da3 | State variable assignement do not exist
[INFO] | 2024-11-10 07:39:38 AM | analyzer.0x1c3f78372a8c3e01970b85e1b26b885803011da3 | Processed function constructor
[INFO] | 2024-11-10 07:39:38 AM | analyzer.0x1c3f78372a8c3e01970b85e1b26b885803011da3 | Generating return summary for _msgSender
[INFO] | 2024-11-10 07:39:38 AM | analyzer.0x1c3f78372a8c3e01970b85e1b26b885803011da3 | Return summary generated for _msgSender
[INFO] | 2024-11-10 07:39:38 AM | analyzer.0x1c3f78372a8c3e01970b85e1b26b885803011da3 | State variable assignement do not exist
[INFO] | 2024-11-10 07:39:38 AM | analyzer.0x1c3f78372a8c3e01970b85e1b26b885803011da3 | Processed function _msgSender
[INFO] | 2024-11-10 07:39:38 AM | analyzer.0x1c3f78372a8c3e01970b85e1b26b885803011da3 | Generating return summary for _msgData
[INFO] | 2024-11-10 07:39:38 AM | analyzer.0x1c3f78372a8c3e01970b85e1b26b885803011da3 | Return summary generated for _msgData
[INFO] | 2024-11-10 07:39:38 AM | analyzer.0x1c3f78372a8c3e01970b85e1b26b885803011da3 | State variable assignement do not exist
[INFO] | 2024-11-10 07:39:38 AM | analyzer.0x1c3f78372a8c3e01970b85e1b26b885803011da3 | Processed function _msgData
[INFO] | 2024-11-10 07:39:38 AM | analyzer.0x1c3f78372a8c3e01970b85e1b26b885803011da3 | Generating return summary for owner
[INFO] | 2024-11-10 07:39:38 AM | analyzer.0x1c3f78372a8c3e01970b85e1b26b885803011da3 | Return summary generated for owner
[INFO] | 2024-11-10 07:39:38 AM | analyzer.0x1c3f78372a8c3e01970b85e1b26b885803011da3 | State variable assignement do not exist
[INFO] | 2024-11-10 07:39:38 AM | analyzer.0x1c3f78372a8c3e01970b85e1b26b885803011da3 | Processed function owner
[INFO] | 2024-11-10 07:39:38 AM | analyzer.0x1c3f78372a8c3e01970b85e1b26b885803011da3 | Generating return summary for _transferOwnership
[INFO] | 2024-11-10 07:39:38 AM | analyzer.0x1c3f78372a8c3e01970b85e1b26b885803011da3 | Return summary generated for _transferOwnership
[INFO] | 2024-11-10 07:39:38 AM | analyzer.0x1c3f78372a8c3e01970b85e1b26b885803011da3 | Range graph generated
[INFO] | 2024-11-10 07:39:38 AM | analyzer.0x1c3f78372a8c3e01970b85e1b26b885803011da3 | Processed function _transferOwnership
[INFO] | 2024-11-10 07:39:38 AM | analyzer.0x1c3f78372a8c3e01970b85e1b26b885803011da3 | Generating return summary for onlyOwner
[INFO] | 2024-11-10 07:39:38 AM | analyzer.0x1c3f78372a8c3e01970b85e1b26b885803011da3 | Return summary generated for onlyOwner
[INFO] | 2024-11-10 07:39:38 AM | analyzer.0x1c3f78372a8c3e01970b85e1b26b885803011da3 | State variable assignement do not exist
[INFO] | 2024-11-10 07:39:38 AM | analyzer.0x1c3f78372a8c3e01970b85e1b26b885803011da3 | Processed function onlyOwner
[INFO] | 2024-11-10 07:39:38 AM | analyzer.0x1c3f78372a8c3e01970b85e1b26b885803011da3 | Generating return summary for totalSupply
[INFO] | 2024-11-10 07:39:38 AM | analyzer.0x1c3f78372a8c3e01970b85e1b26b885803011da3 | Return summary generated for totalSupply
[INFO] | 2024-11-10 07:39:38 AM | analyzer.0x1c3f78372a8c3e01970b85e1b26b885803011da3 | State variable assignement do not exist
[INFO] | 2024-11-10 07:39:38 AM | analyzer.0x1c3f78372a8c3e01970b85e1b26b885803011da3 | Processed function totalSupply
[INFO] | 2024-11-10 07:39:38 AM | analyzer.0x1c3f78372a8c3e01970b85e1b26b885803011da3 | Generating return summary for balanceOf
[INFO] | 2024-11-10 07:39:38 AM | analyzer.0x1c3f78372a8c3e01970b85e1b26b885803011da3 | Return summary generated for balanceOf
[INFO] | 2024-11-10 07:39:38 AM | analyzer.0x1c3f78372a8c3e01970b85e1b26b885803011da3 | State variable assignement do not exist
[INFO] | 2024-11-10 07:39:38 AM | analyzer.0x1c3f78372a8c3e01970b85e1b26b885803011da3 | Processed function balanceOf
[INFO] | 2024-11-10 07:39:38 AM | analyzer.0x1c3f78372a8c3e01970b85e1b26b885803011da3 | Generating return summary for transfer
[INFO] | 2024-11-10 07:39:38 AM | analyzer.0x1c3f78372a8c3e01970b85e1b26b885803011da3 | Return summary generated for transfer
[INFO] | 2024-11-10 07:39:38 AM | analyzer.0x1c3f78372a8c3e01970b85e1b26b885803011da3 | State variable assignement do not exist
[INFO] | 2024-11-10 07:39:38 AM | analyzer.0x1c3f78372a8c3e01970b85e1b26b885803011da3 | Processed function transfer
[INFO] | 2024-11-10 07:39:38 AM | analyzer.0x1c3f78372a8c3e01970b85e1b26b885803011da3 | Generating return summary for allowance
[INFO] | 2024-11-10 07:39:38 AM | analyzer.0x1c3f78372a8c3e01970b85e1b26b885803011da3 | Return summary generated for allowance
[INFO] | 2024-11-10 07:39:38 AM | analyzer.0x1c3f78372a8c3e01970b85e1b26b885803011da3 | State variable assignement do not exist
[INFO] | 2024-11-10 07:39:38 AM | analyzer.0x1c3f78372a8c3e01970b85e1b26b885803011da3 | Processed function allowance
[INFO] | 2024-11-10 07:39:38 AM | analyzer.0x1c3f78372a8c3e01970b85e1b26b885803011da3 | Generating return summary for approve
[INFO] | 2024-11-10 07:39:38 AM | analyzer.0x1c3f78372a8c3e01970b85e1b26b885803011da3 | Return summary generated for approve
[INFO] | 2024-11-10 07:39:38 AM | analyzer.0x1c3f78372a8c3e01970b85e1b26b885803011da3 | State variable assignement do not exist
[INFO] | 2024-11-10 07:39:38 AM | analyzer.0x1c3f78372a8c3e01970b85e1b26b885803011da3 | Processed function approve
[INFO] | 2024-11-10 07:39:38 AM | analyzer.0x1c3f78372a8c3e01970b85e1b26b885803011da3 | Generating return summary for transferFrom
[INFO] | 2024-11-10 07:39:38 AM | analyzer.0x1c3f78372a8c3e01970b85e1b26b885803011da3 | Return summary generated for transferFrom
[INFO] | 2024-11-10 07:39:38 AM | analyzer.0x1c3f78372a8c3e01970b85e1b26b885803011da3 | State variable assignement do not exist
[INFO] | 2024-11-10 07:39:38 AM | analyzer.0x1c3f78372a8c3e01970b85e1b26b885803011da3 | Processed function transferFrom
[INFO] | 2024-11-10 07:39:38 AM | analyzer.0x1c3f78372a8c3e01970b85e1b26b885803011da3 | Generating return summary for constructor
[INFO] | 2024-11-10 07:39:38 AM | analyzer.0x1c3f78372a8c3e01970b85e1b26b885803011da3 | Return summary generated for constructor
[INFO] | 2024-11-10 07:39:38 AM | analyzer.0x1c3f78372a8c3e01970b85e1b26b885803011da3 | State variable assignement do not exist
[INFO] | 2024-11-10 07:39:38 AM | analyzer.0x1c3f78372a8c3e01970b85e1b26b885803011da3 | Processed function constructor
[INFO] | 2024-11-10 07:39:38 AM | analyzer.0x1c3f78372a8c3e01970b85e1b26b885803011da3 | Generating return summary for _msgSender
[INFO] | 2024-11-10 07:39:38 AM | analyzer.0x1c3f78372a8c3e01970b85e1b26b885803011da3 | Return summary generated for _msgSender
[INFO] | 2024-11-10 07:39:38 AM | analyzer.0x1c3f78372a8c3e01970b85e1b26b885803011da3 | State variable assignement do not exist
[INFO] | 2024-11-10 07:39:38 AM | analyzer.0x1c3f78372a8c3e01970b85e1b26b885803011da3 | Processed function _msgSender
[INFO] | 2024-11-10 07:39:38 AM | analyzer.0x1c3f78372a8c3e01970b85e1b26b885803011da3 | Generating return summary for _msgData
[INFO] | 2024-11-10 07:39:38 AM | analyzer.0x1c3f78372a8c3e01970b85e1b26b885803011da3 | Return summary generated for _msgData
[INFO] | 2024-11-10 07:39:38 AM | analyzer.0x1c3f78372a8c3e01970b85e1b26b885803011da3 | State variable assignement do not exist
[INFO] | 2024-11-10 07:39:38 AM | analyzer.0x1c3f78372a8c3e01970b85e1b26b885803011da3 | Processed function _msgData
[INFO] | 2024-11-10 07:39:38 AM | analyzer.0x1c3f78372a8c3e01970b85e1b26b885803011da3 | Generating return summary for totalSupply
[INFO] | 2024-11-10 07:39:38 AM | analyzer.0x1c3f78372a8c3e01970b85e1b26b885803011da3 | Return summary generated for totalSupply
[INFO] | 2024-11-10 07:39:38 AM | analyzer.0x1c3f78372a8c3e01970b85e1b26b885803011da3 | State variable assignement do not exist
[INFO] | 2024-11-10 07:39:38 AM | analyzer.0x1c3f78372a8c3e01970b85e1b26b885803011da3 | Processed function totalSupply
[INFO] | 2024-11-10 07:39:38 AM | analyzer.0x1c3f78372a8c3e01970b85e1b26b885803011da3 | Generating return summary for balanceOf
[INFO] | 2024-11-10 07:39:38 AM | analyzer.0x1c3f78372a8c3e01970b85e1b26b885803011da3 | Return summary generated for balanceOf
[INFO] | 2024-11-10 07:39:38 AM | analyzer.0x1c3f78372a8c3e01970b85e1b26b885803011da3 | State variable assignement do not exist
[INFO] | 2024-11-10 07:39:38 AM | analyzer.0x1c3f78372a8c3e01970b85e1b26b885803011da3 | Processed function balanceOf
[INFO] | 2024-11-10 07:39:38 AM | analyzer.0x1c3f78372a8c3e01970b85e1b26b885803011da3 | Generating return summary for allowance
[INFO] | 2024-11-10 07:39:38 AM | analyzer.0x1c3f78372a8c3e01970b85e1b26b885803011da3 | Return summary generated for allowance
[INFO] | 2024-11-10 07:39:38 AM | analyzer.0x1c3f78372a8c3e01970b85e1b26b885803011da3 | State variable assignement do not exist
[INFO] | 2024-11-10 07:39:38 AM | analyzer.0x1c3f78372a8c3e01970b85e1b26b885803011da3 | Processed function allowance
[INFO] | 2024-11-10 07:39:38 AM | analyzer.0x1c3f78372a8c3e01970b85e1b26b885803011da3 | Generating return summary for _approve
[INFO] | 2024-11-10 07:39:38 AM | analyzer.0x1c3f78372a8c3e01970b85e1b26b885803011da3 | Return summary generated for _approve
[INFO] | 2024-11-10 07:39:38 AM | analyzer.0x1c3f78372a8c3e01970b85e1b26b885803011da3 | Range graph generated
[INFO] | 2024-11-10 07:39:38 AM | analyzer.0x1c3f78372a8c3e01970b85e1b26b885803011da3 | Processed function _approve
[INFO] | 2024-11-10 07:39:38 AM | analyzer.0x1c3f78372a8c3e01970b85e1b26b885803011da3 | Generating return summary for sub
[INFO] | 2024-11-10 07:39:38 AM | analyzer.0x1c3f78372a8c3e01970b85e1b26b885803011da3 | Return summary generated for sub
[INFO] | 2024-11-10 07:39:38 AM | analyzer.0x1c3f78372a8c3e01970b85e1b26b885803011da3 | State variable assignement do not exist
[INFO] | 2024-11-10 07:39:38 AM | analyzer.0x1c3f78372a8c3e01970b85e1b26b885803011da3 | Processed function sub
[INFO] | 2024-11-10 07:39:38 AM | analyzer.0x1c3f78372a8c3e01970b85e1b26b885803011da3 | Generating return summary for add
[INFO] | 2024-11-10 07:39:38 AM | analyzer.0x1c3f78372a8c3e01970b85e1b26b885803011da3 | Return summary generated for add
[INFO] | 2024-11-10 07:39:38 AM | analyzer.0x1c3f78372a8c3e01970b85e1b26b885803011da3 | State variable assignement do not exist
[INFO] | 2024-11-10 07:39:38 AM | analyzer.0x1c3f78372a8c3e01970b85e1b26b885803011da3 | Processed function add
[INFO] | 2024-11-10 07:39:38 AM | analyzer.0x1c3f78372a8c3e01970b85e1b26b885803011da3 | Generating return summary for totalSupply
[INFO] | 2024-11-10 07:39:38 AM | analyzer.0x1c3f78372a8c3e01970b85e1b26b885803011da3 | Return summary generated for totalSupply
[INFO] | 2024-11-10 07:39:38 AM | analyzer.0x1c3f78372a8c3e01970b85e1b26b885803011da3 | State variable assignement do not exist
[INFO] | 2024-11-10 07:39:38 AM | analyzer.0x1c3f78372a8c3e01970b85e1b26b885803011da3 | Processed function totalSupply
[INFO] | 2024-11-10 07:39:38 AM | analyzer.0x1c3f78372a8c3e01970b85e1b26b885803011da3 | Generating return summary for balanceOf
[INFO] | 2024-11-10 07:39:38 AM | analyzer.0x1c3f78372a8c3e01970b85e1b26b885803011da3 | Return summary generated for balanceOf
[INFO] | 2024-11-10 07:39:38 AM | analyzer.0x1c3f78372a8c3e01970b85e1b26b885803011da3 | State variable assignement do not exist
[INFO] | 2024-11-10 07:39:38 AM | analyzer.0x1c3f78372a8c3e01970b85e1b26b885803011da3 | Processed function balanceOf
[INFO] | 2024-11-10 07:39:38 AM | analyzer.0x1c3f78372a8c3e01970b85e1b26b885803011da3 | Generating return summary for transfer
[INFO] | 2024-11-10 07:39:38 AM | analyzer.0x1c3f78372a8c3e01970b85e1b26b885803011da3 | Return summary generated for transfer
[INFO] | 2024-11-10 07:39:38 AM | analyzer.0x1c3f78372a8c3e01970b85e1b26b885803011da3 | State variable assignement do not exist
[INFO] | 2024-11-10 07:39:38 AM | analyzer.0x1c3f78372a8c3e01970b85e1b26b885803011da3 | Processed function transfer
[INFO] | 2024-11-10 07:39:38 AM | analyzer.0x1c3f78372a8c3e01970b85e1b26b885803011da3 | Generating return summary for allowance
[INFO] | 2024-11-10 07:39:38 AM | analyzer.0x1c3f78372a8c3e01970b85e1b26b885803011da3 | Return summary generated for allowance
[INFO] | 2024-11-10 07:39:38 AM | analyzer.0x1c3f78372a8c3e01970b85e1b26b885803011da3 | State variable assignement do not exist
[INFO] | 2024-11-10 07:39:38 AM | analyzer.0x1c3f78372a8c3e01970b85e1b26b885803011da3 | Processed function allowance
[INFO] | 2024-11-10 07:39:38 AM | analyzer.0x1c3f78372a8c3e01970b85e1b26b885803011da3 | Generating return summary for approve
[INFO] | 2024-11-10 07:39:38 AM | analyzer.0x1c3f78372a8c3e01970b85e1b26b885803011da3 | Return summary generated for approve
[INFO] | 2024-11-10 07:39:38 AM | analyzer.0x1c3f78372a8c3e01970b85e1b26b885803011da3 | State variable assignement do not exist
[INFO] | 2024-11-10 07:39:38 AM | analyzer.0x1c3f78372a8c3e01970b85e1b26b885803011da3 | Processed function approve
[INFO] | 2024-11-10 07:39:38 AM | analyzer.0x1c3f78372a8c3e01970b85e1b26b885803011da3 | Generating return summary for transferFrom
[INFO] | 2024-11-10 07:39:38 AM | analyzer.0x1c3f78372a8c3e01970b85e1b26b885803011da3 | Return summary generated for transferFrom
[INFO] | 2024-11-10 07:39:38 AM | analyzer.0x1c3f78372a8c3e01970b85e1b26b885803011da3 | State variable assignement do not exist
[INFO] | 2024-11-10 07:39:38 AM | analyzer.0x1c3f78372a8c3e01970b85e1b26b885803011da3 | Processed function transferFrom
[INFO] | 2024-11-10 07:39:38 AM | analyzer.0x1c3f78372a8c3e01970b85e1b26b885803011da3 | Generating return summary for constructor
[INFO] | 2024-11-10 07:39:38 AM | analyzer.0x1c3f78372a8c3e01970b85e1b26b885803011da3 | Return summary generated for constructor
[INFO] | 2024-11-10 07:39:38 AM | analyzer.0x1c3f78372a8c3e01970b85e1b26b885803011da3 | Range graph generated
[INFO] | 2024-11-10 07:39:38 AM | analyzer.0x1c3f78372a8c3e01970b85e1b26b885803011da3 | Processed function constructor
[INFO] | 2024-11-10 07:39:38 AM | analyzer.0x1c3f78372a8c3e01970b85e1b26b885803011da3 | Generating return summary for name
[INFO] | 2024-11-10 07:39:38 AM | analyzer.0x1c3f78372a8c3e01970b85e1b26b885803011da3 | Return summary generated for name
[INFO] | 2024-11-10 07:39:38 AM | analyzer.0x1c3f78372a8c3e01970b85e1b26b885803011da3 | State variable assignement do not exist
[INFO] | 2024-11-10 07:39:38 AM | analyzer.0x1c3f78372a8c3e01970b85e1b26b885803011da3 | Processed function name
[INFO] | 2024-11-10 07:39:38 AM | analyzer.0x1c3f78372a8c3e01970b85e1b26b885803011da3 | Generating return summary for symbol
[INFO] | 2024-11-10 07:39:38 AM | analyzer.0x1c3f78372a8c3e01970b85e1b26b885803011da3 | Return summary generated for symbol
[INFO] | 2024-11-10 07:39:38 AM | analyzer.0x1c3f78372a8c3e01970b85e1b26b885803011da3 | State variable assignement do not exist
[INFO] | 2024-11-10 07:39:38 AM | analyzer.0x1c3f78372a8c3e01970b85e1b26b885803011da3 | Processed function symbol
[INFO] | 2024-11-10 07:39:38 AM | analyzer.0x1c3f78372a8c3e01970b85e1b26b885803011da3 | Generating return summary for decimals
[INFO] | 2024-11-10 07:39:38 AM | analyzer.0x1c3f78372a8c3e01970b85e1b26b885803011da3 | Return summary generated for decimals
[INFO] | 2024-11-10 07:39:38 AM | analyzer.0x1c3f78372a8c3e01970b85e1b26b885803011da3 | State variable assignement do not exist
[INFO] | 2024-11-10 07:39:38 AM | analyzer.0x1c3f78372a8c3e01970b85e1b26b885803011da3 | Processed function decimals
[INFO] | 2024-11-10 07:39:38 AM | analyzer.0x1c3f78372a8c3e01970b85e1b26b885803011da3 | Generating return summary for constructor
[INFO] | 2024-11-10 07:39:38 AM | analyzer.0x1c3f78372a8c3e01970b85e1b26b885803011da3 | Return summary generated for constructor
[INFO] | 2024-11-10 07:39:38 AM | analyzer.0x1c3f78372a8c3e01970b85e1b26b885803011da3 | Range graph generated
[INFO] | 2024-11-10 07:39:38 AM | analyzer.0x1c3f78372a8c3e01970b85e1b26b885803011da3 | Processed function constructor
[INFO] | 2024-11-10 07:39:38 AM | analyzer.0x1c3f78372a8c3e01970b85e1b26b885803011da3 | Generating return summary for mul
[INFO] | 2024-11-10 07:39:38 AM | analyzer.0x1c3f78372a8c3e01970b85e1b26b885803011da3 | Return summary generated for mul
[INFO] | 2024-11-10 07:39:38 AM | analyzer.0x1c3f78372a8c3e01970b85e1b26b885803011da3 | State variable assignement do not exist
[INFO] | 2024-11-10 07:39:38 AM | analyzer.0x1c3f78372a8c3e01970b85e1b26b885803011da3 | Processed function mul
[INFO] | 2024-11-10 07:39:38 AM | analyzer.0x1c3f78372a8c3e01970b85e1b26b885803011da3 | Generating return summary for div
[INFO] | 2024-11-10 07:39:38 AM | analyzer.0x1c3f78372a8c3e01970b85e1b26b885803011da3 | Return summary generated for div
[INFO] | 2024-11-10 07:39:38 AM | analyzer.0x1c3f78372a8c3e01970b85e1b26b885803011da3 | State variable assignement do not exist
[INFO] | 2024-11-10 07:39:38 AM | analyzer.0x1c3f78372a8c3e01970b85e1b26b885803011da3 | Processed function div
[INFO] | 2024-11-10 07:39:38 AM | analyzer.0x1c3f78372a8c3e01970b85e1b26b885803011da3 | Generating return summary for mod
[INFO] | 2024-11-10 07:39:38 AM | analyzer.0x1c3f78372a8c3e01970b85e1b26b885803011da3 | Return summary generated for mod
[INFO] | 2024-11-10 07:39:38 AM | analyzer.0x1c3f78372a8c3e01970b85e1b26b885803011da3 | State variable assignement do not exist
[INFO] | 2024-11-10 07:39:38 AM | analyzer.0x1c3f78372a8c3e01970b85e1b26b885803011da3 | Processed function mod
[INFO] | 2024-11-10 07:39:38 AM | analyzer.0x1c3f78372a8c3e01970b85e1b26b885803011da3 | Generating return summary for isContract
[WARNING] | 2024-11-10 07:39:38 AM | analyzer.0x1c3f78372a8c3e01970b85e1b26b885803011da3 | Can there be this kind of variables
[WARNING] | 2024-11-10 07:39:38 AM | analyzer.0x1c3f78372a8c3e01970b85e1b26b885803011da3 | Can there be this kind of variables
[INFO] | 2024-11-10 07:39:38 AM | analyzer.0x1c3f78372a8c3e01970b85e1b26b885803011da3 | Return summary generated for isContract
[INFO] | 2024-11-10 07:39:38 AM | analyzer.0x1c3f78372a8c3e01970b85e1b26b885803011da3 | State variable assignement do not exist
[INFO] | 2024-11-10 07:39:38 AM | analyzer.0x1c3f78372a8c3e01970b85e1b26b885803011da3 | Processed function isContract
[INFO] | 2024-11-10 07:39:38 AM | analyzer.0x1c3f78372a8c3e01970b85e1b26b885803011da3 | Generating return summary for toPayable
[INFO] | 2024-11-10 07:39:38 AM | analyzer.0x1c3f78372a8c3e01970b85e1b26b885803011da3 | Return summary generated for toPayable
[INFO] | 2024-11-10 07:39:38 AM | analyzer.0x1c3f78372a8c3e01970b85e1b26b885803011da3 | State variable assignement do not exist
[INFO] | 2024-11-10 07:39:38 AM | analyzer.0x1c3f78372a8c3e01970b85e1b26b885803011da3 | Processed function toPayable
[INFO] | 2024-11-10 07:39:38 AM | analyzer.0x1c3f78372a8c3e01970b85e1b26b885803011da3 | Generating return summary for sendValue
[INFO] | 2024-11-10 07:39:38 AM | analyzer.0x1c3f78372a8c3e01970b85e1b26b885803011da3 | Return summary generated for sendValue
[INFO] | 2024-11-10 07:39:38 AM | analyzer.0x1c3f78372a8c3e01970b85e1b26b885803011da3 | State variable assignement do not exist
[INFO] | 2024-11-10 07:39:38 AM | analyzer.0x1c3f78372a8c3e01970b85e1b26b885803011da3 | Processed function sendValue
[INFO] | 2024-11-10 07:39:38 AM | analyzer.0x1c3f78372a8c3e01970b85e1b26b885803011da3 | Generating return summary for mint
[INFO] | 2024-11-10 07:39:38 AM | analyzer.0x1c3f78372a8c3e01970b85e1b26b885803011da3 | Return summary generated for mint
[INFO] | 2024-11-10 07:39:38 AM | analyzer.0x1c3f78372a8c3e01970b85e1b26b885803011da3 | State variable assignement do not exist
[INFO] | 2024-11-10 07:39:38 AM | analyzer.0x1c3f78372a8c3e01970b85e1b26b885803011da3 | Processed function mint
[INFO] | 2024-11-10 07:39:38 AM | analyzer.0x1c3f78372a8c3e01970b85e1b26b885803011da3 | Generating return summary for redeem
[INFO] | 2024-11-10 07:39:38 AM | analyzer.0x1c3f78372a8c3e01970b85e1b26b885803011da3 | Return summary generated for redeem
[INFO] | 2024-11-10 07:39:38 AM | analyzer.0x1c3f78372a8c3e01970b85e1b26b885803011da3 | State variable assignement do not exist
[INFO] | 2024-11-10 07:39:38 AM | analyzer.0x1c3f78372a8c3e01970b85e1b26b885803011da3 | Processed function redeem
[INFO] | 2024-11-10 07:39:38 AM | analyzer.0x1c3f78372a8c3e01970b85e1b26b885803011da3 | Generating return summary for exchangeRateStored
[INFO] | 2024-11-10 07:39:38 AM | analyzer.0x1c3f78372a8c3e01970b85e1b26b885803011da3 | Return summary generated for exchangeRateStored
[INFO] | 2024-11-10 07:39:38 AM | analyzer.0x1c3f78372a8c3e01970b85e1b26b885803011da3 | State variable assignement do not exist
[INFO] | 2024-11-10 07:39:38 AM | analyzer.0x1c3f78372a8c3e01970b85e1b26b885803011da3 | Processed function exchangeRateStored
[INFO] | 2024-11-10 07:39:38 AM | analyzer.0x1c3f78372a8c3e01970b85e1b26b885803011da3 | Generating return summary for mint
[INFO] | 2024-11-10 07:39:38 AM | analyzer.0x1c3f78372a8c3e01970b85e1b26b885803011da3 | Return summary generated for mint
[INFO] | 2024-11-10 07:39:38 AM | analyzer.0x1c3f78372a8c3e01970b85e1b26b885803011da3 | State variable assignement do not exist
[INFO] | 2024-11-10 07:39:38 AM | analyzer.0x1c3f78372a8c3e01970b85e1b26b885803011da3 | Processed function mint
[INFO] | 2024-11-10 07:39:38 AM | analyzer.0x1c3f78372a8c3e01970b85e1b26b885803011da3 | Generating return summary for burn
[INFO] | 2024-11-10 07:39:38 AM | analyzer.0x1c3f78372a8c3e01970b85e1b26b885803011da3 | Return summary generated for burn
[INFO] | 2024-11-10 07:39:38 AM | analyzer.0x1c3f78372a8c3e01970b85e1b26b885803011da3 | State variable assignement do not exist
[INFO] | 2024-11-10 07:39:38 AM | analyzer.0x1c3f78372a8c3e01970b85e1b26b885803011da3 | Processed function burn
[INFO] | 2024-11-10 07:39:38 AM | analyzer.0x1c3f78372a8c3e01970b85e1b26b885803011da3 | Generating return summary for assetBalanceOf
[INFO] | 2024-11-10 07:39:38 AM | analyzer.0x1c3f78372a8c3e01970b85e1b26b885803011da3 | Return summary generated for assetBalanceOf
[INFO] | 2024-11-10 07:39:38 AM | analyzer.0x1c3f78372a8c3e01970b85e1b26b885803011da3 | State variable assignement do not exist
[INFO] | 2024-11-10 07:39:38 AM | analyzer.0x1c3f78372a8c3e01970b85e1b26b885803011da3 | Processed function assetBalanceOf
[INFO] | 2024-11-10 07:39:38 AM | analyzer.0x1c3f78372a8c3e01970b85e1b26b885803011da3 | Generating return summary for getLendingPool
[INFO] | 2024-11-10 07:39:38 AM | analyzer.0x1c3f78372a8c3e01970b85e1b26b885803011da3 | Return summary generated for getLendingPool
[INFO] | 2024-11-10 07:39:38 AM | analyzer.0x1c3f78372a8c3e01970b85e1b26b885803011da3 | State variable assignement do not exist
[INFO] | 2024-11-10 07:39:38 AM | analyzer.0x1c3f78372a8c3e01970b85e1b26b885803011da3 | Processed function getLendingPool
[INFO] | 2024-11-10 07:39:38 AM | analyzer.0x1c3f78372a8c3e01970b85e1b26b885803011da3 | Generating return summary for deposit
[INFO] | 2024-11-10 07:39:38 AM | analyzer.0x1c3f78372a8c3e01970b85e1b26b885803011da3 | Return summary generated for deposit
[INFO] | 2024-11-10 07:39:38 AM | analyzer.0x1c3f78372a8c3e01970b85e1b26b885803011da3 | State variable assignement do not exist
[INFO] | 2024-11-10 07:39:38 AM | analyzer.0x1c3f78372a8c3e01970b85e1b26b885803011da3 | Processed function deposit
[INFO] | 2024-11-10 07:39:38 AM | analyzer.0x1c3f78372a8c3e01970b85e1b26b885803011da3 | Generating return summary for redeem
[INFO] | 2024-11-10 07:39:38 AM | analyzer.0x1c3f78372a8c3e01970b85e1b26b885803011da3 | Return summary generated for redeem
[INFO] | 2024-11-10 07:39:38 AM | analyzer.0x1c3f78372a8c3e01970b85e1b26b885803011da3 | State variable assignement do not exist
[INFO] | 2024-11-10 07:39:38 AM | analyzer.0x1c3f78372a8c3e01970b85e1b26b885803011da3 | Processed function redeem
[INFO] | 2024-11-10 07:39:38 AM | analyzer.0x1c3f78372a8c3e01970b85e1b26b885803011da3 | Generating return summary for recommend
[INFO] | 2024-11-10 07:39:38 AM | analyzer.0x1c3f78372a8c3e01970b85e1b26b885803011da3 | Return summary generated for recommend
[INFO] | 2024-11-10 07:39:38 AM | analyzer.0x1c3f78372a8c3e01970b85e1b26b885803011da3 | State variable assignement do not exist
[INFO] | 2024-11-10 07:39:38 AM | analyzer.0x1c3f78372a8c3e01970b85e1b26b885803011da3 | Processed function recommend
[INFO] | 2024-11-10 07:39:38 AM | analyzer.0x1c3f78372a8c3e01970b85e1b26b885803011da3 | Generating return summary for getAccountWei
[INFO] | 2024-11-10 07:39:38 AM | analyzer.0x1c3f78372a8c3e01970b85e1b26b885803011da3 | Return summary generated for getAccountWei
[INFO] | 2024-11-10 07:39:38 AM | analyzer.0x1c3f78372a8c3e01970b85e1b26b885803011da3 | State variable assignement do not exist
[INFO] | 2024-11-10 07:39:38 AM | analyzer.0x1c3f78372a8c3e01970b85e1b26b885803011da3 | Processed function getAccountWei
[INFO] | 2024-11-10 07:39:38 AM | analyzer.0x1c3f78372a8c3e01970b85e1b26b885803011da3 | Generating return summary for operate
[INFO] | 2024-11-10 07:39:38 AM | analyzer.0x1c3f78372a8c3e01970b85e1b26b885803011da3 | Return summary generated for operate
[INFO] | 2024-11-10 07:39:38 AM | analyzer.0x1c3f78372a8c3e01970b85e1b26b885803011da3 | State variable assignement do not exist
[INFO] | 2024-11-10 07:39:38 AM | analyzer.0x1c3f78372a8c3e01970b85e1b26b885803011da3 | Processed function operate
[INFO] | 2024-11-10 07:39:38 AM | analyzer.0x1c3f78372a8c3e01970b85e1b26b885803011da3 | Generating return summary for getLendingPool
[INFO] | 2024-11-10 07:39:38 AM | analyzer.0x1c3f78372a8c3e01970b85e1b26b885803011da3 | Return summary generated for getLendingPool
[INFO] | 2024-11-10 07:39:38 AM | analyzer.0x1c3f78372a8c3e01970b85e1b26b885803011da3 | State variable assignement do not exist
[INFO] | 2024-11-10 07:39:38 AM | analyzer.0x1c3f78372a8c3e01970b85e1b26b885803011da3 | Processed function getLendingPool
[INFO] | 2024-11-10 07:39:38 AM | analyzer.0x1c3f78372a8c3e01970b85e1b26b885803011da3 | Generating return summary for getLendingPoolCore
[INFO] | 2024-11-10 07:39:38 AM | analyzer.0x1c3f78372a8c3e01970b85e1b26b885803011da3 | Return summary generated for getLendingPoolCore
[INFO] | 2024-11-10 07:39:38 AM | analyzer.0x1c3f78372a8c3e01970b85e1b26b885803011da3 | State variable assignement do not exist
[INFO] | 2024-11-10 07:39:38 AM | analyzer.0x1c3f78372a8c3e01970b85e1b26b885803011da3 | Processed function getLendingPoolCore
[INFO] | 2024-11-10 07:39:38 AM | analyzer.0x1c3f78372a8c3e01970b85e1b26b885803011da3 | Generating return summary for constructor
[INFO] | 2024-11-10 07:39:38 AM | analyzer.0x1c3f78372a8c3e01970b85e1b26b885803011da3 | Return summary generated for constructor
[INFO] | 2024-11-10 07:39:38 AM | analyzer.0x1c3f78372a8c3e01970b85e1b26b885803011da3 | State variable assignement do not exist
[INFO] | 2024-11-10 07:39:38 AM | analyzer.0x1c3f78372a8c3e01970b85e1b26b885803011da3 | Processed function constructor
[INFO] | 2024-11-10 07:39:38 AM | analyzer.0x1c3f78372a8c3e01970b85e1b26b885803011da3 | Generating return summary for _msgSender
[INFO] | 2024-11-10 07:39:38 AM | analyzer.0x1c3f78372a8c3e01970b85e1b26b885803011da3 | Return summary generated for _msgSender
[INFO] | 2024-11-10 07:39:38 AM | analyzer.0x1c3f78372a8c3e01970b85e1b26b885803011da3 | State variable assignement do not exist
[INFO] | 2024-11-10 07:39:38 AM | analyzer.0x1c3f78372a8c3e01970b85e1b26b885803011da3 | Processed function _msgSender
[INFO] | 2024-11-10 07:39:38 AM | analyzer.0x1c3f78372a8c3e01970b85e1b26b885803011da3 | Generating return summary for _msgData
[INFO] | 2024-11-10 07:39:38 AM | analyzer.0x1c3f78372a8c3e01970b85e1b26b885803011da3 | Return summary generated for _msgData
[INFO] | 2024-11-10 07:39:38 AM | analyzer.0x1c3f78372a8c3e01970b85e1b26b885803011da3 | State variable assignement do not exist
[INFO] | 2024-11-10 07:39:38 AM | analyzer.0x1c3f78372a8c3e01970b85e1b26b885803011da3 | Processed function _msgData
[INFO] | 2024-11-10 07:39:38 AM | analyzer.0x1c3f78372a8c3e01970b85e1b26b885803011da3 | Generating return summary for owner
[INFO] | 2024-11-10 07:39:38 AM | analyzer.0x1c3f78372a8c3e01970b85e1b26b885803011da3 | Return summary generated for owner
[INFO] | 2024-11-10 07:39:38 AM | analyzer.0x1c3f78372a8c3e01970b85e1b26b885803011da3 | State variable assignement do not exist
[INFO] | 2024-11-10 07:39:38 AM | analyzer.0x1c3f78372a8c3e01970b85e1b26b885803011da3 | Processed function owner
[INFO] | 2024-11-10 07:39:38 AM | analyzer.0x1c3f78372a8c3e01970b85e1b26b885803011da3 | Generating return summary for _transferOwnership
[INFO] | 2024-11-10 07:39:38 AM | analyzer.0x1c3f78372a8c3e01970b85e1b26b885803011da3 | Return summary generated for _transferOwnership
[INFO] | 2024-11-10 07:39:38 AM | analyzer.0x1c3f78372a8c3e01970b85e1b26b885803011da3 | Range graph generated
[INFO] | 2024-11-10 07:39:38 AM | analyzer.0x1c3f78372a8c3e01970b85e1b26b885803011da3 | Processed function _transferOwnership
[INFO] | 2024-11-10 07:39:38 AM | analyzer.0x1c3f78372a8c3e01970b85e1b26b885803011da3 | Generating return summary for isContract
[WARNING] | 2024-11-10 07:39:38 AM | analyzer.0x1c3f78372a8c3e01970b85e1b26b885803011da3 | Can there be this kind of variables
[INFO] | 2024-11-10 07:39:38 AM | analyzer.0x1c3f78372a8c3e01970b85e1b26b885803011da3 | Return summary generated for isContract
[INFO] | 2024-11-10 07:39:38 AM | analyzer.0x1c3f78372a8c3e01970b85e1b26b885803011da3 | State variable assignement do not exist
[INFO] | 2024-11-10 07:39:38 AM | analyzer.0x1c3f78372a8c3e01970b85e1b26b885803011da3 | Processed function isContract
[INFO] | 2024-11-10 07:39:38 AM | analyzer.0x1c3f78372a8c3e01970b85e1b26b885803011da3 | Generating return summary for slitherConstructorVariables
[INFO] | 2024-11-10 07:39:38 AM | analyzer.0x1c3f78372a8c3e01970b85e1b26b885803011da3 | Return summary generated for slitherConstructorVariables
[INFO] | 2024-11-10 07:39:38 AM | analyzer.0x1c3f78372a8c3e01970b85e1b26b885803011da3 | Range graph generated
[INFO] | 2024-11-10 07:39:38 AM | analyzer.0x1c3f78372a8c3e01970b85e1b26b885803011da3 | Processed function slitherConstructorVariables
[INFO] | 2024-11-10 07:39:38 AM | analyzer.0x1c3f78372a8c3e01970b85e1b26b885803011da3 | Generating return summary for onlyOwner
[INFO] | 2024-11-10 07:39:38 AM | analyzer.0x1c3f78372a8c3e01970b85e1b26b885803011da3 | Return summary generated for onlyOwner
[INFO] | 2024-11-10 07:39:38 AM | analyzer.0x1c3f78372a8c3e01970b85e1b26b885803011da3 | State variable assignement do not exist
[INFO] | 2024-11-10 07:39:38 AM | analyzer.0x1c3f78372a8c3e01970b85e1b26b885803011da3 | Processed function onlyOwner
[INFO] | 2024-11-10 07:39:38 AM | analyzer.0x1c3f78372a8c3e01970b85e1b26b885803011da3 | Generating return summary for constructor
[INFO] | 2024-11-10 07:39:38 AM | analyzer.0x1c3f78372a8c3e01970b85e1b26b885803011da3 | Return summary generated for constructor
[INFO] | 2024-11-10 07:39:38 AM | analyzer.0x1c3f78372a8c3e01970b85e1b26b885803011da3 | State variable assignement do not exist
[INFO] | 2024-11-10 07:39:38 AM | analyzer.0x1c3f78372a8c3e01970b85e1b26b885803011da3 | Processed function constructor
[INFO] | 2024-11-10 07:39:38 AM | analyzer.0x1c3f78372a8c3e01970b85e1b26b885803011da3 | Generating return summary for _msgSender
[INFO] | 2024-11-10 07:39:38 AM | analyzer.0x1c3f78372a8c3e01970b85e1b26b885803011da3 | Return summary generated for _msgSender
[INFO] | 2024-11-10 07:39:38 AM | analyzer.0x1c3f78372a8c3e01970b85e1b26b885803011da3 | State variable assignement do not exist
[INFO] | 2024-11-10 07:39:38 AM | analyzer.0x1c3f78372a8c3e01970b85e1b26b885803011da3 | Processed function _msgSender
[INFO] | 2024-11-10 07:39:38 AM | analyzer.0x1c3f78372a8c3e01970b85e1b26b885803011da3 | Generating return summary for _msgData
[INFO] | 2024-11-10 07:39:38 AM | analyzer.0x1c3f78372a8c3e01970b85e1b26b885803011da3 | Return summary generated for _msgData
[INFO] | 2024-11-10 07:39:38 AM | analyzer.0x1c3f78372a8c3e01970b85e1b26b885803011da3 | State variable assignement do not exist
[INFO] | 2024-11-10 07:39:38 AM | analyzer.0x1c3f78372a8c3e01970b85e1b26b885803011da3 | Processed function _msgData
[INFO] | 2024-11-10 07:39:38 AM | analyzer.0x1c3f78372a8c3e01970b85e1b26b885803011da3 | Generating return summary for owner
[INFO] | 2024-11-10 07:39:38 AM | analyzer.0x1c3f78372a8c3e01970b85e1b26b885803011da3 | Return summary generated for owner
[INFO] | 2024-11-10 07:39:38 AM | analyzer.0x1c3f78372a8c3e01970b85e1b26b885803011da3 | State variable assignement do not exist
[INFO] | 2024-11-10 07:39:38 AM | analyzer.0x1c3f78372a8c3e01970b85e1b26b885803011da3 | Processed function owner
[INFO] | 2024-11-10 07:39:38 AM | analyzer.0x1c3f78372a8c3e01970b85e1b26b885803011da3 | Generating return summary for _transferOwnership
[INFO] | 2024-11-10 07:39:38 AM | analyzer.0x1c3f78372a8c3e01970b85e1b26b885803011da3 | Return summary generated for _transferOwnership
[INFO] | 2024-11-10 07:39:38 AM | analyzer.0x1c3f78372a8c3e01970b85e1b26b885803011da3 | Range graph generated
[INFO] | 2024-11-10 07:39:38 AM | analyzer.0x1c3f78372a8c3e01970b85e1b26b885803011da3 | Processed function _transferOwnership
[INFO] | 2024-11-10 07:39:38 AM | analyzer.0x1c3f78372a8c3e01970b85e1b26b885803011da3 | Generating return summary for isContract
[WARNING] | 2024-11-10 07:39:38 AM | analyzer.0x1c3f78372a8c3e01970b85e1b26b885803011da3 | Can there be this kind of variables
[INFO] | 2024-11-10 07:39:38 AM | analyzer.0x1c3f78372a8c3e01970b85e1b26b885803011da3 | Return summary generated for isContract
[INFO] | 2024-11-10 07:39:38 AM | analyzer.0x1c3f78372a8c3e01970b85e1b26b885803011da3 | State variable assignement do not exist
[INFO] | 2024-11-10 07:39:38 AM | analyzer.0x1c3f78372a8c3e01970b85e1b26b885803011da3 | Processed function isContract
[INFO] | 2024-11-10 07:39:38 AM | analyzer.0x1c3f78372a8c3e01970b85e1b26b885803011da3 | Generating return summary for constructor
[INFO] | 2024-11-10 07:39:38 AM | analyzer.0x1c3f78372a8c3e01970b85e1b26b885803011da3 | Return summary generated for constructor
[INFO] | 2024-11-10 07:39:38 AM | analyzer.0x1c3f78372a8c3e01970b85e1b26b885803011da3 | Range graph generated
[INFO] | 2024-11-10 07:39:38 AM | analyzer.0x1c3f78372a8c3e01970b85e1b26b885803011da3 | Processed function constructor
[INFO] | 2024-11-10 07:39:38 AM | analyzer.0x1c3f78372a8c3e01970b85e1b26b885803011da3 | Generating return summary for totalSupply
[INFO] | 2024-11-10 07:39:38 AM | analyzer.0x1c3f78372a8c3e01970b85e1b26b885803011da3 | Return summary generated for totalSupply
[INFO] | 2024-11-10 07:39:38 AM | analyzer.0x1c3f78372a8c3e01970b85e1b26b885803011da3 | State variable assignement do not exist
[INFO] | 2024-11-10 07:39:38 AM | analyzer.0x1c3f78372a8c3e01970b85e1b26b885803011da3 | Processed function totalSupply
[INFO] | 2024-11-10 07:39:38 AM | analyzer.0x1c3f78372a8c3e01970b85e1b26b885803011da3 | Generating return summary for balanceOf
[INFO] | 2024-11-10 07:39:38 AM | analyzer.0x1c3f78372a8c3e01970b85e1b26b885803011da3 | Return summary generated for balanceOf
[INFO] | 2024-11-10 07:39:38 AM | analyzer.0x1c3f78372a8c3e01970b85e1b26b885803011da3 | State variable assignement do not exist
[INFO] | 2024-11-10 07:39:38 AM | analyzer.0x1c3f78372a8c3e01970b85e1b26b885803011da3 | Processed function balanceOf
[INFO] | 2024-11-10 07:39:38 AM | analyzer.0x1c3f78372a8c3e01970b85e1b26b885803011da3 | Generating return summary for transfer
[INFO] | 2024-11-10 07:39:38 AM | analyzer.0x1c3f78372a8c3e01970b85e1b26b885803011da3 | Return summary generated for transfer
[INFO] | 2024-11-10 07:39:38 AM | analyzer.0x1c3f78372a8c3e01970b85e1b26b885803011da3 | State variable assignement do not exist
[INFO] | 2024-11-10 07:39:38 AM | analyzer.0x1c3f78372a8c3e01970b85e1b26b885803011da3 | Processed function transfer
[INFO] | 2024-11-10 07:39:38 AM | analyzer.0x1c3f78372a8c3e01970b85e1b26b885803011da3 | Generating return summary for allowance
[INFO] | 2024-11-10 07:39:38 AM | analyzer.0x1c3f78372a8c3e01970b85e1b26b885803011da3 | Return summary generated for allowance
[INFO] | 2024-11-10 07:39:38 AM | analyzer.0x1c3f78372a8c3e01970b85e1b26b885803011da3 | State variable assignement do not exist
[INFO] | 2024-11-10 07:39:38 AM | analyzer.0x1c3f78372a8c3e01970b85e1b26b885803011da3 | Processed function allowance
[INFO] | 2024-11-10 07:39:38 AM | analyzer.0x1c3f78372a8c3e01970b85e1b26b885803011da3 | Generating return summary for approve
[INFO] | 2024-11-10 07:39:38 AM | analyzer.0x1c3f78372a8c3e01970b85e1b26b885803011da3 | Return summary generated for approve
[INFO] | 2024-11-10 07:39:38 AM | analyzer.0x1c3f78372a8c3e01970b85e1b26b885803011da3 | State variable assignement do not exist
[INFO] | 2024-11-10 07:39:38 AM | analyzer.0x1c3f78372a8c3e01970b85e1b26b885803011da3 | Processed function approve
[INFO] | 2024-11-10 07:39:38 AM | analyzer.0x1c3f78372a8c3e01970b85e1b26b885803011da3 | Generating return summary for transferFrom
[INFO] | 2024-11-10 07:39:38 AM | analyzer.0x1c3f78372a8c3e01970b85e1b26b885803011da3 | Return summary generated for transferFrom
[INFO] | 2024-11-10 07:39:38 AM | analyzer.0x1c3f78372a8c3e01970b85e1b26b885803011da3 | State variable assignement do not exist
[INFO] | 2024-11-10 07:39:38 AM | analyzer.0x1c3f78372a8c3e01970b85e1b26b885803011da3 | Processed function transferFrom
[INFO] | 2024-11-10 07:39:38 AM | analyzer.0x1c3f78372a8c3e01970b85e1b26b885803011da3 | Generating return summary for constructor
[INFO] | 2024-11-10 07:39:38 AM | analyzer.0x1c3f78372a8c3e01970b85e1b26b885803011da3 | Return summary generated for constructor
[INFO] | 2024-11-10 07:39:38 AM | analyzer.0x1c3f78372a8c3e01970b85e1b26b885803011da3 | Range graph generated
[INFO] | 2024-11-10 07:39:38 AM | analyzer.0x1c3f78372a8c3e01970b85e1b26b885803011da3 | Processed function constructor
[INFO] | 2024-11-10 07:39:38 AM | analyzer.0x1c3f78372a8c3e01970b85e1b26b885803011da3 | Generating return summary for name
[INFO] | 2024-11-10 07:39:38 AM | analyzer.0x1c3f78372a8c3e01970b85e1b26b885803011da3 | Return summary generated for name
[INFO] | 2024-11-10 07:39:38 AM | analyzer.0x1c3f78372a8c3e01970b85e1b26b885803011da3 | State variable assignement do not exist
[INFO] | 2024-11-10 07:39:38 AM | analyzer.0x1c3f78372a8c3e01970b85e1b26b885803011da3 | Processed function name
[INFO] | 2024-11-10 07:39:38 AM | analyzer.0x1c3f78372a8c3e01970b85e1b26b885803011da3 | Generating return summary for symbol
[INFO] | 2024-11-10 07:39:38 AM | analyzer.0x1c3f78372a8c3e01970b85e1b26b885803011da3 | Return summary generated for symbol
[INFO] | 2024-11-10 07:39:38 AM | analyzer.0x1c3f78372a8c3e01970b85e1b26b885803011da3 | State variable assignement do not exist
[INFO] | 2024-11-10 07:39:38 AM | analyzer.0x1c3f78372a8c3e01970b85e1b26b885803011da3 | Processed function symbol
[INFO] | 2024-11-10 07:39:38 AM | analyzer.0x1c3f78372a8c3e01970b85e1b26b885803011da3 | Generating return summary for decimals
[INFO] | 2024-11-10 07:39:38 AM | analyzer.0x1c3f78372a8c3e01970b85e1b26b885803011da3 | Return summary generated for decimals
[INFO] | 2024-11-10 07:39:38 AM | analyzer.0x1c3f78372a8c3e01970b85e1b26b885803011da3 | State variable assignement do not exist
[INFO] | 2024-11-10 07:39:38 AM | analyzer.0x1c3f78372a8c3e01970b85e1b26b885803011da3 | Processed function decimals
[INFO] | 2024-11-10 07:39:38 AM | analyzer.0x1c3f78372a8c3e01970b85e1b26b885803011da3 | Generating return summary for totalSupply
[INFO] | 2024-11-10 07:39:38 AM | analyzer.0x1c3f78372a8c3e01970b85e1b26b885803011da3 | Return summary generated for totalSupply
[INFO] | 2024-11-10 07:39:38 AM | analyzer.0x1c3f78372a8c3e01970b85e1b26b885803011da3 | State variable assignement do not exist
[INFO] | 2024-11-10 07:39:38 AM | analyzer.0x1c3f78372a8c3e01970b85e1b26b885803011da3 | Processed function totalSupply
[INFO] | 2024-11-10 07:39:38 AM | analyzer.0x1c3f78372a8c3e01970b85e1b26b885803011da3 | Generating return summary for balanceOf
[INFO] | 2024-11-10 07:39:38 AM | analyzer.0x1c3f78372a8c3e01970b85e1b26b885803011da3 | Return summary generated for balanceOf
[INFO] | 2024-11-10 07:39:38 AM | analyzer.0x1c3f78372a8c3e01970b85e1b26b885803011da3 | State variable assignement do not exist
[INFO] | 2024-11-10 07:39:38 AM | analyzer.0x1c3f78372a8c3e01970b85e1b26b885803011da3 | Processed function balanceOf
[INFO] | 2024-11-10 07:39:38 AM | analyzer.0x1c3f78372a8c3e01970b85e1b26b885803011da3 | Generating return summary for allowance
[INFO] | 2024-11-10 07:39:38 AM | analyzer.0x1c3f78372a8c3e01970b85e1b26b885803011da3 | Return summary generated for allowance
[INFO] | 2024-11-10 07:39:38 AM | analyzer.0x1c3f78372a8c3e01970b85e1b26b885803011da3 | State variable assignement do not exist
[INFO] | 2024-11-10 07:39:38 AM | analyzer.0x1c3f78372a8c3e01970b85e1b26b885803011da3 | Processed function allowance
[INFO] | 2024-11-10 07:39:38 AM | analyzer.0x1c3f78372a8c3e01970b85e1b26b885803011da3 | Generating return summary for _approve
[INFO] | 2024-11-10 07:39:38 AM | analyzer.0x1c3f78372a8c3e01970b85e1b26b885803011da3 | Return summary generated for _approve
[INFO] | 2024-11-10 07:39:38 AM | analyzer.0x1c3f78372a8c3e01970b85e1b26b885803011da3 | Range graph generated
[INFO] | 2024-11-10 07:39:38 AM | analyzer.0x1c3f78372a8c3e01970b85e1b26b885803011da3 | Processed function _approve
[INFO] | 2024-11-10 07:39:38 AM | analyzer.0x1c3f78372a8c3e01970b85e1b26b885803011da3 | Generating return summary for fallback
[INFO] | 2024-11-10 07:39:38 AM | analyzer.0x1c3f78372a8c3e01970b85e1b26b885803011da3 | Return summary generated for fallback
[INFO] | 2024-11-10 07:39:38 AM | analyzer.0x1c3f78372a8c3e01970b85e1b26b885803011da3 | State variable assignement do not exist
[INFO] | 2024-11-10 07:39:38 AM | analyzer.0x1c3f78372a8c3e01970b85e1b26b885803011da3 | Processed function fallback
[INFO] | 2024-11-10 07:39:38 AM | analyzer.0x1c3f78372a8c3e01970b85e1b26b885803011da3 | Generating return summary for slitherConstructorVariables
[INFO] | 2024-11-10 07:39:38 AM | analyzer.0x1c3f78372a8c3e01970b85e1b26b885803011da3 | Return summary generated for slitherConstructorVariables
[INFO] | 2024-11-10 07:39:38 AM | analyzer.0x1c3f78372a8c3e01970b85e1b26b885803011da3 | Range graph generated
[INFO] | 2024-11-10 07:39:38 AM | analyzer.0x1c3f78372a8c3e01970b85e1b26b885803011da3 | Processed function slitherConstructorVariables
[INFO] | 2024-11-10 07:39:38 AM | analyzer.0x1c3f78372a8c3e01970b85e1b26b885803011da3 | Generating return summary for onlyOwner
[INFO] | 2024-11-10 07:39:38 AM | analyzer.0x1c3f78372a8c3e01970b85e1b26b885803011da3 | Return summary generated for onlyOwner
[INFO] | 2024-11-10 07:39:38 AM | analyzer.0x1c3f78372a8c3e01970b85e1b26b885803011da3 | State variable assignement do not exist
[INFO] | 2024-11-10 07:39:38 AM | analyzer.0x1c3f78372a8c3e01970b85e1b26b885803011da3 | Processed function onlyOwner
[INFO] | 2024-11-10 07:39:38 AM | analyzer.0x1c3f78372a8c3e01970b85e1b26b885803011da3 | Generating return summary for nonReentrant
[INFO] | 2024-11-10 07:39:38 AM | analyzer.0x1c3f78372a8c3e01970b85e1b26b885803011da3 | Return summary generated for nonReentrant
[INFO] | 2024-11-10 07:39:38 AM | analyzer.0x1c3f78372a8c3e01970b85e1b26b885803011da3 | Range graph generated
[INFO] | 2024-11-10 07:39:38 AM | analyzer.0x1c3f78372a8c3e01970b85e1b26b885803011da3 | Processed function nonReentrant
[INFO] | 2024-11-10 07:39:38 AM | analyzer.0x1c3f78372a8c3e01970b85e1b26b885803011da3 | Generating return summary for noContract
[INFO] | 2024-11-10 07:39:38 AM | analyzer.0x1c3f78372a8c3e01970b85e1b26b885803011da3 | Return summary generated for noContract
[INFO] | 2024-11-10 07:39:38 AM | analyzer.0x1c3f78372a8c3e01970b85e1b26b885803011da3 | State variable assignement do not exist
[INFO] | 2024-11-10 07:39:38 AM | analyzer.0x1c3f78372a8c3e01970b85e1b26b885803011da3 | Processed function noContract
[INFO] | 2024-11-10 07:39:38 AM | analyzer.0x1c3f78372a8c3e01970b85e1b26b885803011da3 | Generating return summary for buyNBurn
[INFO] | 2024-11-10 07:39:38 AM | analyzer.0x1c3f78372a8c3e01970b85e1b26b885803011da3 | Return summary generated for buyNBurn
[INFO] | 2024-11-10 07:39:38 AM | analyzer.0x1c3f78372a8c3e01970b85e1b26b885803011da3 | State variable assignement do not exist
[INFO] | 2024-11-10 07:39:38 AM | analyzer.0x1c3f78372a8c3e01970b85e1b26b885803011da3 | Processed function buyNBurn
[INFO] | 2024-11-10 07:39:38 AM | analyzer.0x1c3f78372a8c3e01970b85e1b26b885803011da3 | Generating return summary for getYeldPriceInDai
[INFO] | 2024-11-10 07:39:38 AM | analyzer.0x1c3f78372a8c3e01970b85e1b26b885803011da3 | Return summary generated for getYeldPriceInDai
[INFO] | 2024-11-10 07:39:38 AM | analyzer.0x1c3f78372a8c3e01970b85e1b26b885803011da3 | State variable assignement do not exist
[INFO] | 2024-11-10 07:39:38 AM | analyzer.0x1c3f78372a8c3e01970b85e1b26b885803011da3 | Processed function getYeldPriceInDai
[INFO] | 2024-11-10 07:39:38 AM | analyzer.0x1c3f78372a8c3e01970b85e1b26b885803011da3 | Generating return summary for getYeldPriceInDai
[INFO] | 2024-11-10 07:39:38 AM | analyzer.0x1c3f78372a8c3e01970b85e1b26b885803011da3 | Return summary generated for getYeldPriceInDai
[INFO] | 2024-11-10 07:39:38 AM | analyzer.0x1c3f78372a8c3e01970b85e1b26b885803011da3 | State variable assignement do not exist
[INFO] | 2024-11-10 07:39:38 AM | analyzer.0x1c3f78372a8c3e01970b85e1b26b885803011da3 | Processed function getYeldPriceInDai
[INFO] | 2024-11-10 07:39:38 AM | analyzer.0x1c3f78372a8c3e01970b85e1b26b885803011da3 | Generating return summary for balance
[INFO] | 2024-11-10 07:39:38 AM | analyzer.0x1c3f78372a8c3e01970b85e1b26b885803011da3 | Return summary generated for balance
[INFO] | 2024-11-10 07:39:38 AM | analyzer.0x1c3f78372a8c3e01970b85e1b26b885803011da3 | State variable assignement do not exist
[INFO] | 2024-11-10 07:39:38 AM | analyzer.0x1c3f78372a8c3e01970b85e1b26b885803011da3 | Processed function balance
[INFO] | 2024-11-10 07:39:38 AM | analyzer.0x1c3f78372a8c3e01970b85e1b26b885803011da3 | Generating return summary for balanceDydxAvailable
[INFO] | 2024-11-10 07:39:38 AM | analyzer.0x1c3f78372a8c3e01970b85e1b26b885803011da3 | Return summary generated for balanceDydxAvailable
[INFO] | 2024-11-10 07:39:38 AM | analyzer.0x1c3f78372a8c3e01970b85e1b26b885803011da3 | State variable assignement do not exist
[INFO] | 2024-11-10 07:39:38 AM | analyzer.0x1c3f78372a8c3e01970b85e1b26b885803011da3 | Processed function balanceDydxAvailable
[INFO] | 2024-11-10 07:39:38 AM | analyzer.0x1c3f78372a8c3e01970b85e1b26b885803011da3 | Generating return summary for balanceCompound
[INFO] | 2024-11-10 07:39:38 AM | analyzer.0x1c3f78372a8c3e01970b85e1b26b885803011da3 | Return summary generated for balanceCompound
[INFO] | 2024-11-10 07:39:38 AM | analyzer.0x1c3f78372a8c3e01970b85e1b26b885803011da3 | State variable assignement do not exist
[INFO] | 2024-11-10 07:39:38 AM | analyzer.0x1c3f78372a8c3e01970b85e1b26b885803011da3 | Processed function balanceCompound
[INFO] | 2024-11-10 07:39:38 AM | analyzer.0x1c3f78372a8c3e01970b85e1b26b885803011da3 | Generating return summary for balanceFulcrumAvailable
[INFO] | 2024-11-10 07:39:38 AM | analyzer.0x1c3f78372a8c3e01970b85e1b26b885803011da3 | Return summary generated for balanceFulcrumAvailable
[INFO] | 2024-11-10 07:39:38 AM | analyzer.0x1c3f78372a8c3e01970b85e1b26b885803011da3 | State variable assignement do not exist
[INFO] | 2024-11-10 07:39:38 AM | analyzer.0x1c3f78372a8c3e01970b85e1b26b885803011da3 | Processed function balanceFulcrumAvailable
[INFO] | 2024-11-10 07:39:38 AM | analyzer.0x1c3f78372a8c3e01970b85e1b26b885803011da3 | Generating return summary for balanceFulcrum
[INFO] | 2024-11-10 07:39:38 AM | analyzer.0x1c3f78372a8c3e01970b85e1b26b885803011da3 | Return summary generated for balanceFulcrum
[INFO] | 2024-11-10 07:39:38 AM | analyzer.0x1c3f78372a8c3e01970b85e1b26b885803011da3 | State variable assignement do not exist
[INFO] | 2024-11-10 07:39:38 AM | analyzer.0x1c3f78372a8c3e01970b85e1b26b885803011da3 | Processed function balanceFulcrum
[INFO] | 2024-11-10 07:39:38 AM | analyzer.0x1c3f78372a8c3e01970b85e1b26b885803011da3 | Generating return summary for balanceAaveAvailable
[INFO] | 2024-11-10 07:39:38 AM | analyzer.0x1c3f78372a8c3e01970b85e1b26b885803011da3 | Return summary generated for balanceAaveAvailable
[INFO] | 2024-11-10 07:39:38 AM | analyzer.0x1c3f78372a8c3e01970b85e1b26b885803011da3 | State variable assignement do not exist
[INFO] | 2024-11-10 07:39:38 AM | analyzer.0x1c3f78372a8c3e01970b85e1b26b885803011da3 | Processed function balanceAaveAvailable
[INFO] | 2024-11-10 07:39:38 AM | analyzer.0x1c3f78372a8c3e01970b85e1b26b885803011da3 | Generating return summary for balanceAave
[INFO] | 2024-11-10 07:39:38 AM | analyzer.0x1c3f78372a8c3e01970b85e1b26b885803011da3 | Return summary generated for balanceAave
[INFO] | 2024-11-10 07:39:38 AM | analyzer.0x1c3f78372a8c3e01970b85e1b26b885803011da3 | State variable assignement do not exist
[INFO] | 2024-11-10 07:39:38 AM | analyzer.0x1c3f78372a8c3e01970b85e1b26b885803011da3 | Processed function balanceAave
[INFO] | 2024-11-10 07:39:38 AM | analyzer.0x1c3f78372a8c3e01970b85e1b26b885803011da3 | Generating return summary for extractTokensIfStuck
[INFO] | 2024-11-10 07:39:38 AM | analyzer.0x1c3f78372a8c3e01970b85e1b26b885803011da3 | Return summary generated for extractTokensIfStuck
[INFO] | 2024-11-10 07:39:38 AM | analyzer.0x1c3f78372a8c3e01970b85e1b26b885803011da3 | State variable assignement do not exist
[INFO] | 2024-11-10 07:39:38 AM | analyzer.0x1c3f78372a8c3e01970b85e1b26b885803011da3 | Processed function extractTokensIfStuck
[INFO] | 2024-11-10 07:39:38 AM | analyzer.0x1c3f78372a8c3e01970b85e1b26b885803011da3 | Generating return summary for constructor
[INFO] | 2024-11-10 07:39:38 AM | analyzer.0x1c3f78372a8c3e01970b85e1b26b885803011da3 | Return summary generated for constructor
[INFO] | 2024-11-10 07:39:38 AM | analyzer.0x1c3f78372a8c3e01970b85e1b26b885803011da3 | Range graph generated
[INFO] | 2024-11-10 07:39:38 AM | analyzer.0x1c3f78372a8c3e01970b85e1b26b885803011da3 | Processed function constructor
[INFO] | 2024-11-10 07:39:38 AM | analyzer.0x1c3f78372a8c3e01970b85e1b26b885803011da3 | Generating return summary for isOwner
[INFO] | 2024-11-10 07:39:38 AM | analyzer.0x1c3f78372a8c3e01970b85e1b26b885803011da3 | Return summary generated for isOwner
[INFO] | 2024-11-10 07:39:38 AM | analyzer.0x1c3f78372a8c3e01970b85e1b26b885803011da3 | State variable assignement do not exist
[INFO] | 2024-11-10 07:39:38 AM | analyzer.0x1c3f78372a8c3e01970b85e1b26b885803011da3 | Processed function isOwner
[INFO] | 2024-11-10 07:39:38 AM | analyzer.0x1c3f78372a8c3e01970b85e1b26b885803011da3 | Generating return summary for transferOwnership
[INFO] | 2024-11-10 07:39:38 AM | analyzer.0x1c3f78372a8c3e01970b85e1b26b885803011da3 | Return summary generated for transferOwnership
[INFO] | 2024-11-10 07:39:38 AM | analyzer.0x1c3f78372a8c3e01970b85e1b26b885803011da3 | Range graph generated
[INFO] | 2024-11-10 07:39:38 AM | analyzer.0x1c3f78372a8c3e01970b85e1b26b885803011da3 | Processed function transferOwnership
[INFO] | 2024-11-10 07:39:38 AM | analyzer.0x1c3f78372a8c3e01970b85e1b26b885803011da3 | Generating return summary for renounceOwnership
[INFO] | 2024-11-10 07:39:38 AM | analyzer.0x1c3f78372a8c3e01970b85e1b26b885803011da3 | Return summary generated for renounceOwnership
[INFO] | 2024-11-10 07:39:38 AM | analyzer.0x1c3f78372a8c3e01970b85e1b26b885803011da3 | Range graph generated
[INFO] | 2024-11-10 07:39:38 AM | analyzer.0x1c3f78372a8c3e01970b85e1b26b885803011da3 | Processed function renounceOwnership
[INFO] | 2024-11-10 07:39:38 AM | analyzer.0x1c3f78372a8c3e01970b85e1b26b885803011da3 | Generating return summary for approve
[INFO] | 2024-11-10 07:39:38 AM | analyzer.0x1c3f78372a8c3e01970b85e1b26b885803011da3 | Return summary generated for approve
[INFO] | 2024-11-10 07:39:38 AM | analyzer.0x1c3f78372a8c3e01970b85e1b26b885803011da3 | Range graph generated
[INFO] | 2024-11-10 07:39:38 AM | analyzer.0x1c3f78372a8c3e01970b85e1b26b885803011da3 | Processed function approve
[INFO] | 2024-11-10 07:39:38 AM | analyzer.0x1c3f78372a8c3e01970b85e1b26b885803011da3 | Generating return summary for increaseAllowance
[INFO] | 2024-11-10 07:39:38 AM | analyzer.0x1c3f78372a8c3e01970b85e1b26b885803011da3 | Return summary generated for increaseAllowance
[INFO] | 2024-11-10 07:39:38 AM | analyzer.0x1c3f78372a8c3e01970b85e1b26b885803011da3 | Range graph generated
[INFO] | 2024-11-10 07:39:38 AM | analyzer.0x1c3f78372a8c3e01970b85e1b26b885803011da3 | Processed function increaseAllowance
[INFO] | 2024-11-10 07:39:38 AM | analyzer.0x1c3f78372a8c3e01970b85e1b26b885803011da3 | Generating return summary for decreaseAllowance
[INFO] | 2024-11-10 07:39:38 AM | analyzer.0x1c3f78372a8c3e01970b85e1b26b885803011da3 | Return summary generated for decreaseAllowance
[INFO] | 2024-11-10 07:39:38 AM | analyzer.0x1c3f78372a8c3e01970b85e1b26b885803011da3 | Range graph generated
[INFO] | 2024-11-10 07:39:38 AM | analyzer.0x1c3f78372a8c3e01970b85e1b26b885803011da3 | Processed function decreaseAllowance
[INFO] | 2024-11-10 07:39:38 AM | analyzer.0x1c3f78372a8c3e01970b85e1b26b885803011da3 | Generating return summary for _transfer
[INFO] | 2024-11-10 07:39:38 AM | analyzer.0x1c3f78372a8c3e01970b85e1b26b885803011da3 | Return summary generated for _transfer
[INFO] | 2024-11-10 07:39:38 AM | analyzer.0x1c3f78372a8c3e01970b85e1b26b885803011da3 | Range graph generated
[INFO] | 2024-11-10 07:39:38 AM | analyzer.0x1c3f78372a8c3e01970b85e1b26b885803011da3 | Processed function _transfer
[INFO] | 2024-11-10 07:39:38 AM | analyzer.0x1c3f78372a8c3e01970b85e1b26b885803011da3 | Generating return summary for sub
[INFO] | 2024-11-10 07:39:38 AM | analyzer.0x1c3f78372a8c3e01970b85e1b26b885803011da3 | Return summary generated for sub
[INFO] | 2024-11-10 07:39:38 AM | analyzer.0x1c3f78372a8c3e01970b85e1b26b885803011da3 | State variable assignement do not exist
[INFO] | 2024-11-10 07:39:38 AM | analyzer.0x1c3f78372a8c3e01970b85e1b26b885803011da3 | Processed function sub
[INFO] | 2024-11-10 07:39:38 AM | analyzer.0x1c3f78372a8c3e01970b85e1b26b885803011da3 | Generating return summary for decreaseAllowance
[INFO] | 2024-11-10 07:39:38 AM | analyzer.0x1c3f78372a8c3e01970b85e1b26b885803011da3 | Return summary generated for decreaseAllowance
[INFO] | 2024-11-10 07:39:38 AM | analyzer.0x1c3f78372a8c3e01970b85e1b26b885803011da3 | Range graph generated
[INFO] | 2024-11-10 07:39:38 AM | analyzer.0x1c3f78372a8c3e01970b85e1b26b885803011da3 | Processed function decreaseAllowance
[INFO] | 2024-11-10 07:39:38 AM | analyzer.0x1c3f78372a8c3e01970b85e1b26b885803011da3 | Generating return summary for _transfer
[INFO] | 2024-11-10 07:39:38 AM | analyzer.0x1c3f78372a8c3e01970b85e1b26b885803011da3 | Return summary generated for _transfer
[INFO] | 2024-11-10 07:39:38 AM | analyzer.0x1c3f78372a8c3e01970b85e1b26b885803011da3 | Range graph generated
[INFO] | 2024-11-10 07:39:38 AM | analyzer.0x1c3f78372a8c3e01970b85e1b26b885803011da3 | Processed function _transfer
[INFO] | 2024-11-10 07:39:38 AM | analyzer.0x1c3f78372a8c3e01970b85e1b26b885803011da3 | Generating return summary for _mint
[INFO] | 2024-11-10 07:39:38 AM | analyzer.0x1c3f78372a8c3e01970b85e1b26b885803011da3 | Return summary generated for _mint
[INFO] | 2024-11-10 07:39:38 AM | analyzer.0x1c3f78372a8c3e01970b85e1b26b885803011da3 | Range graph generated
[INFO] | 2024-11-10 07:39:38 AM | analyzer.0x1c3f78372a8c3e01970b85e1b26b885803011da3 | Processed function _mint
[INFO] | 2024-11-10 07:39:38 AM | analyzer.0x1c3f78372a8c3e01970b85e1b26b885803011da3 | Generating return summary for increaseAllowance
[INFO] | 2024-11-10 07:39:38 AM | analyzer.0x1c3f78372a8c3e01970b85e1b26b885803011da3 | Return summary generated for increaseAllowance
[INFO] | 2024-11-10 07:39:38 AM | analyzer.0x1c3f78372a8c3e01970b85e1b26b885803011da3 | Range graph generated
[INFO] | 2024-11-10 07:39:38 AM | analyzer.0x1c3f78372a8c3e01970b85e1b26b885803011da3 | Processed function increaseAllowance
[INFO] | 2024-11-10 07:39:38 AM | analyzer.0x1c3f78372a8c3e01970b85e1b26b885803011da3 | Generating return summary for _mint
[INFO] | 2024-11-10 07:39:38 AM | analyzer.0x1c3f78372a8c3e01970b85e1b26b885803011da3 | Return summary generated for _mint
[INFO] | 2024-11-10 07:39:38 AM | analyzer.0x1c3f78372a8c3e01970b85e1b26b885803011da3 | Range graph generated
[INFO] | 2024-11-10 07:39:38 AM | analyzer.0x1c3f78372a8c3e01970b85e1b26b885803011da3 | Processed function _mint
[INFO] | 2024-11-10 07:39:38 AM | analyzer.0x1c3f78372a8c3e01970b85e1b26b885803011da3 | Generating return summary for div
[INFO] | 2024-11-10 07:39:38 AM | analyzer.0x1c3f78372a8c3e01970b85e1b26b885803011da3 | Return summary generated for div
[INFO] | 2024-11-10 07:39:38 AM | analyzer.0x1c3f78372a8c3e01970b85e1b26b885803011da3 | State variable assignement do not exist
[INFO] | 2024-11-10 07:39:38 AM | analyzer.0x1c3f78372a8c3e01970b85e1b26b885803011da3 | Processed function div
[INFO] | 2024-11-10 07:39:38 AM | analyzer.0x1c3f78372a8c3e01970b85e1b26b885803011da3 | Generating return summary for mod
[INFO] | 2024-11-10 07:39:38 AM | analyzer.0x1c3f78372a8c3e01970b85e1b26b885803011da3 | Return summary generated for mod
[INFO] | 2024-11-10 07:39:38 AM | analyzer.0x1c3f78372a8c3e01970b85e1b26b885803011da3 | State variable assignement do not exist
[INFO] | 2024-11-10 07:39:38 AM | analyzer.0x1c3f78372a8c3e01970b85e1b26b885803011da3 | Processed function mod
[INFO] | 2024-11-10 07:39:38 AM | analyzer.0x1c3f78372a8c3e01970b85e1b26b885803011da3 | Generating return summary for callOptionalReturn
[INFO] | 2024-11-10 07:39:38 AM | analyzer.0x1c3f78372a8c3e01970b85e1b26b885803011da3 | Return summary generated for callOptionalReturn
[INFO] | 2024-11-10 07:39:38 AM | analyzer.0x1c3f78372a8c3e01970b85e1b26b885803011da3 | State variable assignement do not exist
[INFO] | 2024-11-10 07:39:38 AM | analyzer.0x1c3f78372a8c3e01970b85e1b26b885803011da3 | Processed function callOptionalReturn
[INFO] | 2024-11-10 07:39:38 AM | analyzer.0x1c3f78372a8c3e01970b85e1b26b885803011da3 | Generating return summary for _supplyCompound
[INFO] | 2024-11-10 07:39:38 AM | analyzer.0x1c3f78372a8c3e01970b85e1b26b885803011da3 | Return summary generated for _supplyCompound
[INFO] | 2024-11-10 07:39:38 AM | analyzer.0x1c3f78372a8c3e01970b85e1b26b885803011da3 | State variable assignement do not exist
[INFO] | 2024-11-10 07:39:38 AM | analyzer.0x1c3f78372a8c3e01970b85e1b26b885803011da3 | Processed function _supplyCompound
[INFO] | 2024-11-10 07:39:38 AM | analyzer.0x1c3f78372a8c3e01970b85e1b26b885803011da3 | Generating return summary for _withdrawCompound
[INFO] | 2024-11-10 07:39:38 AM | analyzer.0x1c3f78372a8c3e01970b85e1b26b885803011da3 | Return summary generated for _withdrawCompound
[INFO] | 2024-11-10 07:39:38 AM | analyzer.0x1c3f78372a8c3e01970b85e1b26b885803011da3 | State variable assignement do not exist
[INFO] | 2024-11-10 07:39:38 AM | analyzer.0x1c3f78372a8c3e01970b85e1b26b885803011da3 | Processed function _withdrawCompound
[INFO] | 2024-11-10 07:39:38 AM | analyzer.0x1c3f78372a8c3e01970b85e1b26b885803011da3 | Generating return summary for _supplyFulcrum
[INFO] | 2024-11-10 07:39:38 AM | analyzer.0x1c3f78372a8c3e01970b85e1b26b885803011da3 | Return summary generated for _supplyFulcrum
[INFO] | 2024-11-10 07:39:38 AM | analyzer.0x1c3f78372a8c3e01970b85e1b26b885803011da3 | State variable assignement do not exist
[INFO] | 2024-11-10 07:39:38 AM | analyzer.0x1c3f78372a8c3e01970b85e1b26b885803011da3 | Processed function _supplyFulcrum
[INFO] | 2024-11-10 07:39:38 AM | analyzer.0x1c3f78372a8c3e01970b85e1b26b885803011da3 | Generating return summary for _withdrawFulcrum
[INFO] | 2024-11-10 07:39:38 AM | analyzer.0x1c3f78372a8c3e01970b85e1b26b885803011da3 | Return summary generated for _withdrawFulcrum
[INFO] | 2024-11-10 07:39:38 AM | analyzer.0x1c3f78372a8c3e01970b85e1b26b885803011da3 | State variable assignement do not exist
[INFO] | 2024-11-10 07:39:38 AM | analyzer.0x1c3f78372a8c3e01970b85e1b26b885803011da3 | Processed function _withdrawFulcrum
[INFO] | 2024-11-10 07:39:38 AM | analyzer.0x1c3f78372a8c3e01970b85e1b26b885803011da3 | Generating return summary for _withdrawAave
[INFO] | 2024-11-10 07:39:38 AM | analyzer.0x1c3f78372a8c3e01970b85e1b26b885803011da3 | Return summary generated for _withdrawAave
[INFO] | 2024-11-10 07:39:38 AM | analyzer.0x1c3f78372a8c3e01970b85e1b26b885803011da3 | State variable assignement do not exist
[INFO] | 2024-11-10 07:39:38 AM | analyzer.0x1c3f78372a8c3e01970b85e1b26b885803011da3 | Processed function _withdrawAave
[INFO] | 2024-11-10 07:39:38 AM | analyzer.0x1c3f78372a8c3e01970b85e1b26b885803011da3 | Generating return summary for recommend
[INFO] | 2024-11-10 07:39:38 AM | analyzer.0x1c3f78372a8c3e01970b85e1b26b885803011da3 | Return summary generated for recommend
[INFO] | 2024-11-10 07:39:38 AM | analyzer.0x1c3f78372a8c3e01970b85e1b26b885803011da3 | State variable assignement do not exist
[INFO] | 2024-11-10 07:39:38 AM | analyzer.0x1c3f78372a8c3e01970b85e1b26b885803011da3 | Processed function recommend
[INFO] | 2024-11-10 07:39:38 AM | analyzer.0x1c3f78372a8c3e01970b85e1b26b885803011da3 | Generating return summary for balanceDydx
[INFO] | 2024-11-10 07:39:38 AM | analyzer.0x1c3f78372a8c3e01970b85e1b26b885803011da3 | Return summary generated for balanceDydx
[INFO] | 2024-11-10 07:39:38 AM | analyzer.0x1c3f78372a8c3e01970b85e1b26b885803011da3 | State variable assignement do not exist
[INFO] | 2024-11-10 07:39:38 AM | analyzer.0x1c3f78372a8c3e01970b85e1b26b885803011da3 | Processed function balanceDydx
[INFO] | 2024-11-10 07:39:38 AM | analyzer.0x1c3f78372a8c3e01970b85e1b26b885803011da3 | Generating return summary for _supplyDydx
[INFO] | 2024-11-10 07:39:38 AM | analyzer.0x1c3f78372a8c3e01970b85e1b26b885803011da3 | Return summary generated for _supplyDydx
[INFO] | 2024-11-10 07:39:38 AM | analyzer.0x1c3f78372a8c3e01970b85e1b26b885803011da3 | State variable assignement do not exist
[INFO] | 2024-11-10 07:39:38 AM | analyzer.0x1c3f78372a8c3e01970b85e1b26b885803011da3 | Processed function _supplyDydx
[INFO] | 2024-11-10 07:39:38 AM | analyzer.0x1c3f78372a8c3e01970b85e1b26b885803011da3 | Generating return summary for _withdrawDydx
[INFO] | 2024-11-10 07:39:38 AM | analyzer.0x1c3f78372a8c3e01970b85e1b26b885803011da3 | Return summary generated for _withdrawDydx
[INFO] | 2024-11-10 07:39:38 AM | analyzer.0x1c3f78372a8c3e01970b85e1b26b885803011da3 | State variable assignement do not exist
[INFO] | 2024-11-10 07:39:38 AM | analyzer.0x1c3f78372a8c3e01970b85e1b26b885803011da3 | Processed function _withdrawDydx
[INFO] | 2024-11-10 07:39:38 AM | analyzer.0x1c3f78372a8c3e01970b85e1b26b885803011da3 | Generating return summary for getAave
[INFO] | 2024-11-10 07:39:38 AM | analyzer.0x1c3f78372a8c3e01970b85e1b26b885803011da3 | Return summary generated for getAave
[INFO] | 2024-11-10 07:39:38 AM | analyzer.0x1c3f78372a8c3e01970b85e1b26b885803011da3 | State variable assignement do not exist
[INFO] | 2024-11-10 07:39:38 AM | analyzer.0x1c3f78372a8c3e01970b85e1b26b885803011da3 | Processed function getAave
[INFO] | 2024-11-10 07:39:38 AM | analyzer.0x1c3f78372a8c3e01970b85e1b26b885803011da3 | Generating return summary for getAaveCore
[INFO] | 2024-11-10 07:39:38 AM | analyzer.0x1c3f78372a8c3e01970b85e1b26b885803011da3 | Return summary generated for getAaveCore
[INFO] | 2024-11-10 07:39:38 AM | analyzer.0x1c3f78372a8c3e01970b85e1b26b885803011da3 | State variable assignement do not exist
[INFO] | 2024-11-10 07:39:38 AM | analyzer.0x1c3f78372a8c3e01970b85e1b26b885803011da3 | Processed function getAaveCore
[INFO] | 2024-11-10 07:39:38 AM | analyzer.0x1c3f78372a8c3e01970b85e1b26b885803011da3 | Generating return summary for constructor
[INFO] | 2024-11-10 07:39:38 AM | analyzer.0x1c3f78372a8c3e01970b85e1b26b885803011da3 | Return summary generated for constructor
[INFO] | 2024-11-10 07:39:38 AM | analyzer.0x1c3f78372a8c3e01970b85e1b26b885803011da3 | Range graph generated
[INFO] | 2024-11-10 07:39:38 AM | analyzer.0x1c3f78372a8c3e01970b85e1b26b885803011da3 | Processed function constructor
[INFO] | 2024-11-10 07:39:38 AM | analyzer.0x1c3f78372a8c3e01970b85e1b26b885803011da3 | Generating return summary for isOwner
[INFO] | 2024-11-10 07:39:38 AM | analyzer.0x1c3f78372a8c3e01970b85e1b26b885803011da3 | Return summary generated for isOwner
[INFO] | 2024-11-10 07:39:38 AM | analyzer.0x1c3f78372a8c3e01970b85e1b26b885803011da3 | State variable assignement do not exist
[INFO] | 2024-11-10 07:39:38 AM | analyzer.0x1c3f78372a8c3e01970b85e1b26b885803011da3 | Processed function isOwner
[INFO] | 2024-11-10 07:39:38 AM | analyzer.0x1c3f78372a8c3e01970b85e1b26b885803011da3 | Generating return summary for transferOwnership
[INFO] | 2024-11-10 07:39:38 AM | analyzer.0x1c3f78372a8c3e01970b85e1b26b885803011da3 | Return summary generated for transferOwnership
[INFO] | 2024-11-10 07:39:38 AM | analyzer.0x1c3f78372a8c3e01970b85e1b26b885803011da3 | Range graph generated
[INFO] | 2024-11-10 07:39:38 AM | analyzer.0x1c3f78372a8c3e01970b85e1b26b885803011da3 | Processed function transferOwnership
[INFO] | 2024-11-10 07:39:38 AM | analyzer.0x1c3f78372a8c3e01970b85e1b26b885803011da3 | Generating return summary for renounceOwnership
[INFO] | 2024-11-10 07:39:38 AM | analyzer.0x1c3f78372a8c3e01970b85e1b26b885803011da3 | Return summary generated for renounceOwnership
[INFO] | 2024-11-10 07:39:38 AM | analyzer.0x1c3f78372a8c3e01970b85e1b26b885803011da3 | Range graph generated
[INFO] | 2024-11-10 07:39:38 AM | analyzer.0x1c3f78372a8c3e01970b85e1b26b885803011da3 | Processed function renounceOwnership
[INFO] | 2024-11-10 07:39:38 AM | analyzer.0x1c3f78372a8c3e01970b85e1b26b885803011da3 | Generating return summary for updatePercentages
[INFO] | 2024-11-10 07:39:38 AM | analyzer.0x1c3f78372a8c3e01970b85e1b26b885803011da3 | Return summary generated for updatePercentages
[INFO] | 2024-11-10 07:39:38 AM | analyzer.0x1c3f78372a8c3e01970b85e1b26b885803011da3 | Range graph generated
[INFO] | 2024-11-10 07:39:38 AM | analyzer.0x1c3f78372a8c3e01970b85e1b26b885803011da3 | Processed function updatePercentages
[INFO] | 2024-11-10 07:39:38 AM | analyzer.0x1c3f78372a8c3e01970b85e1b26b885803011da3 | Generating return summary for constructor
[INFO] | 2024-11-10 07:39:38 AM | analyzer.0x1c3f78372a8c3e01970b85e1b26b885803011da3 | Return summary generated for constructor
[INFO] | 2024-11-10 07:39:38 AM | analyzer.0x1c3f78372a8c3e01970b85e1b26b885803011da3 | Range graph generated
[INFO] | 2024-11-10 07:39:38 AM | analyzer.0x1c3f78372a8c3e01970b85e1b26b885803011da3 | Processed function constructor
[INFO] | 2024-11-10 07:39:38 AM | analyzer.0x1c3f78372a8c3e01970b85e1b26b885803011da3 | Generating return summary for isOwner
[INFO] | 2024-11-10 07:39:38 AM | analyzer.0x1c3f78372a8c3e01970b85e1b26b885803011da3 | Return summary generated for isOwner
[INFO] | 2024-11-10 07:39:38 AM | analyzer.0x1c3f78372a8c3e01970b85e1b26b885803011da3 | State variable assignement do not exist
[INFO] | 2024-11-10 07:39:38 AM | analyzer.0x1c3f78372a8c3e01970b85e1b26b885803011da3 | Processed function isOwner
[INFO] | 2024-11-10 07:39:38 AM | analyzer.0x1c3f78372a8c3e01970b85e1b26b885803011da3 | Generating return summary for approve
[INFO] | 2024-11-10 07:39:38 AM | analyzer.0x1c3f78372a8c3e01970b85e1b26b885803011da3 | Return summary generated for approve
[INFO] | 2024-11-10 07:39:38 AM | analyzer.0x1c3f78372a8c3e01970b85e1b26b885803011da3 | Range graph generated
[INFO] | 2024-11-10 07:39:38 AM | analyzer.0x1c3f78372a8c3e01970b85e1b26b885803011da3 | Processed function approve
[INFO] | 2024-11-10 07:39:38 AM | analyzer.0x1c3f78372a8c3e01970b85e1b26b885803011da3 | Generating return summary for extractETHIfStuck
[INFO] | 2024-11-10 07:39:38 AM | analyzer.0x1c3f78372a8c3e01970b85e1b26b885803011da3 | Return summary generated for extractETHIfStuck
[INFO] | 2024-11-10 07:39:38 AM | analyzer.0x1c3f78372a8c3e01970b85e1b26b885803011da3 | State variable assignement do not exist
[INFO] | 2024-11-10 07:39:38 AM | analyzer.0x1c3f78372a8c3e01970b85e1b26b885803011da3 | Processed function extractETHIfStuck
[INFO] | 2024-11-10 07:39:38 AM | analyzer.0x1c3f78372a8c3e01970b85e1b26b885803011da3 | Generating return summary for transferOwnership
[INFO] | 2024-11-10 07:39:38 AM | analyzer.0x1c3f78372a8c3e01970b85e1b26b885803011da3 | Return summary generated for transferOwnership
[INFO] | 2024-11-10 07:39:38 AM | analyzer.0x1c3f78372a8c3e01970b85e1b26b885803011da3 | Range graph generated
[INFO] | 2024-11-10 07:39:38 AM | analyzer.0x1c3f78372a8c3e01970b85e1b26b885803011da3 | Processed function transferOwnership
[INFO] | 2024-11-10 07:39:38 AM | analyzer.0x1c3f78372a8c3e01970b85e1b26b885803011da3 | Generating return summary for renounceOwnership
[INFO] | 2024-11-10 07:39:38 AM | analyzer.0x1c3f78372a8c3e01970b85e1b26b885803011da3 | Return summary generated for renounceOwnership
[INFO] | 2024-11-10 07:39:38 AM | analyzer.0x1c3f78372a8c3e01970b85e1b26b885803011da3 | Range graph generated
[INFO] | 2024-11-10 07:39:38 AM | analyzer.0x1c3f78372a8c3e01970b85e1b26b885803011da3 | Processed function renounceOwnership
[INFO] | 2024-11-10 07:39:38 AM | analyzer.0x1c3f78372a8c3e01970b85e1b26b885803011da3 | Generating return summary for updatePercentages
[INFO] | 2024-11-10 07:39:38 AM | analyzer.0x1c3f78372a8c3e01970b85e1b26b885803011da3 | Return summary generated for updatePercentages
[INFO] | 2024-11-10 07:39:38 AM | analyzer.0x1c3f78372a8c3e01970b85e1b26b885803011da3 | Range graph generated
[INFO] | 2024-11-10 07:39:38 AM | analyzer.0x1c3f78372a8c3e01970b85e1b26b885803011da3 | Processed function updatePercentages
[INFO] | 2024-11-10 07:39:38 AM | analyzer.0x1c3f78372a8c3e01970b85e1b26b885803011da3 | Generating return summary for setRetirementYeldTreasury
[INFO] | 2024-11-10 07:39:38 AM | analyzer.0x1c3f78372a8c3e01970b85e1b26b885803011da3 | Return summary generated for setRetirementYeldTreasury
[INFO] | 2024-11-10 07:39:38 AM | analyzer.0x1c3f78372a8c3e01970b85e1b26b885803011da3 | Range graph generated
[INFO] | 2024-11-10 07:39:38 AM | analyzer.0x1c3f78372a8c3e01970b85e1b26b885803011da3 | Processed function setRetirementYeldTreasury
[INFO] | 2024-11-10 07:39:38 AM | analyzer.0x1c3f78372a8c3e01970b85e1b26b885803011da3 | Generating return summary for setUniswapRouter
[INFO] | 2024-11-10 07:39:38 AM | analyzer.0x1c3f78372a8c3e01970b85e1b26b885803011da3 | Return summary generated for setUniswapRouter
[INFO] | 2024-11-10 07:39:38 AM | analyzer.0x1c3f78372a8c3e01970b85e1b26b885803011da3 | Range graph generated
[INFO] | 2024-11-10 07:39:38 AM | analyzer.0x1c3f78372a8c3e01970b85e1b26b885803011da3 | Processed function setUniswapRouter
[INFO] | 2024-11-10 07:39:38 AM | analyzer.0x1c3f78372a8c3e01970b85e1b26b885803011da3 | Generating return summary for setYeldToken
[INFO] | 2024-11-10 07:39:38 AM | analyzer.0x1c3f78372a8c3e01970b85e1b26b885803011da3 | Return summary generated for setYeldToken
[INFO] | 2024-11-10 07:39:38 AM | analyzer.0x1c3f78372a8c3e01970b85e1b26b885803011da3 | Range graph generated
[INFO] | 2024-11-10 07:39:38 AM | analyzer.0x1c3f78372a8c3e01970b85e1b26b885803011da3 | Processed function setYeldToken
[INFO] | 2024-11-10 07:39:38 AM | analyzer.0x1c3f78372a8c3e01970b85e1b26b885803011da3 | Generating return summary for changeYeldToRewardPerDay
[INFO] | 2024-11-10 07:39:38 AM | analyzer.0x1c3f78372a8c3e01970b85e1b26b885803011da3 | Return summary generated for changeYeldToRewardPerDay
[INFO] | 2024-11-10 07:39:38 AM | analyzer.0x1c3f78372a8c3e01970b85e1b26b885803011da3 | Range graph generated
[INFO] | 2024-11-10 07:39:38 AM | analyzer.0x1c3f78372a8c3e01970b85e1b26b885803011da3 | Processed function changeYeldToRewardPerDay
[INFO] | 2024-11-10 07:39:38 AM | analyzer.0x1c3f78372a8c3e01970b85e1b26b885803011da3 | Generating return summary for setHoldPercentage
[INFO] | 2024-11-10 07:39:38 AM | analyzer.0x1c3f78372a8c3e01970b85e1b26b885803011da3 | Return summary generated for setHoldPercentage
[INFO] | 2024-11-10 07:39:38 AM | analyzer.0x1c3f78372a8c3e01970b85e1b26b885803011da3 | Range graph generated
[INFO] | 2024-11-10 07:39:38 AM | analyzer.0x1c3f78372a8c3e01970b85e1b26b885803011da3 | Processed function setHoldPercentage
[INFO] | 2024-11-10 07:39:38 AM | analyzer.0x1c3f78372a8c3e01970b85e1b26b885803011da3 | Generating return summary for balanceFulcrumInToken
[INFO] | 2024-11-10 07:39:38 AM | analyzer.0x1c3f78372a8c3e01970b85e1b26b885803011da3 | Return summary generated for balanceFulcrumInToken
[INFO] | 2024-11-10 07:39:38 AM | analyzer.0x1c3f78372a8c3e01970b85e1b26b885803011da3 | State variable assignement do not exist
[INFO] | 2024-11-10 07:39:38 AM | analyzer.0x1c3f78372a8c3e01970b85e1b26b885803011da3 | Processed function balanceFulcrumInToken
[INFO] | 2024-11-10 07:39:38 AM | analyzer.0x1c3f78372a8c3e01970b85e1b26b885803011da3 | Generating return summary for transfer
[INFO] | 2024-11-10 07:39:38 AM | analyzer.0x1c3f78372a8c3e01970b85e1b26b885803011da3 | Return summary generated for transfer
[INFO] | 2024-11-10 07:39:38 AM | analyzer.0x1c3f78372a8c3e01970b85e1b26b885803011da3 | Range graph generated
[INFO] | 2024-11-10 07:39:38 AM | analyzer.0x1c3f78372a8c3e01970b85e1b26b885803011da3 | Processed function transfer
[INFO] | 2024-11-10 07:39:38 AM | analyzer.0x1c3f78372a8c3e01970b85e1b26b885803011da3 | Generating return summary for transferFrom
[INFO] | 2024-11-10 07:39:38 AM | analyzer.0x1c3f78372a8c3e01970b85e1b26b885803011da3 | Return summary generated for transferFrom
[INFO] | 2024-11-10 07:39:38 AM | analyzer.0x1c3f78372a8c3e01970b85e1b26b885803011da3 | Range graph generated
[INFO] | 2024-11-10 07:39:38 AM | analyzer.0x1c3f78372a8c3e01970b85e1b26b885803011da3 | Processed function transferFrom
[INFO] | 2024-11-10 07:39:38 AM | analyzer.0x1c3f78372a8c3e01970b85e1b26b885803011da3 | Generating return summary for _burn
[INFO] | 2024-11-10 07:39:38 AM | analyzer.0x1c3f78372a8c3e01970b85e1b26b885803011da3 | Return summary generated for _burn
[INFO] | 2024-11-10 07:39:38 AM | analyzer.0x1c3f78372a8c3e01970b85e1b26b885803011da3 | Range graph generated
[INFO] | 2024-11-10 07:39:38 AM | analyzer.0x1c3f78372a8c3e01970b85e1b26b885803011da3 | Processed function _burn
[INFO] | 2024-11-10 07:39:38 AM | analyzer.0x1c3f78372a8c3e01970b85e1b26b885803011da3 | Generating return summary for _burn
[INFO] | 2024-11-10 07:39:38 AM | analyzer.0x1c3f78372a8c3e01970b85e1b26b885803011da3 | Return summary generated for _burn
[INFO] | 2024-11-10 07:39:38 AM | analyzer.0x1c3f78372a8c3e01970b85e1b26b885803011da3 | Range graph generated
[INFO] | 2024-11-10 07:39:38 AM | analyzer.0x1c3f78372a8c3e01970b85e1b26b885803011da3 | Processed function _burn
[INFO] | 2024-11-10 07:39:38 AM | analyzer.0x1c3f78372a8c3e01970b85e1b26b885803011da3 | Generating return summary for transfer
[INFO] | 2024-11-10 07:39:38 AM | analyzer.0x1c3f78372a8c3e01970b85e1b26b885803011da3 | Return summary generated for transfer
[INFO] | 2024-11-10 07:39:38 AM | analyzer.0x1c3f78372a8c3e01970b85e1b26b885803011da3 | Range graph generated
[INFO] | 2024-11-10 07:39:38 AM | analyzer.0x1c3f78372a8c3e01970b85e1b26b885803011da3 | Processed function transfer
[INFO] | 2024-11-10 07:39:38 AM | analyzer.0x1c3f78372a8c3e01970b85e1b26b885803011da3 | Generating return summary for transferFrom
[INFO] | 2024-11-10 07:39:38 AM | analyzer.0x1c3f78372a8c3e01970b85e1b26b885803011da3 | Return summary generated for transferFrom
[INFO] | 2024-11-10 07:39:38 AM | analyzer.0x1c3f78372a8c3e01970b85e1b26b885803011da3 | Range graph generated
[INFO] | 2024-11-10 07:39:38 AM | analyzer.0x1c3f78372a8c3e01970b85e1b26b885803011da3 | Processed function transferFrom
[INFO] | 2024-11-10 07:39:38 AM | analyzer.0x1c3f78372a8c3e01970b85e1b26b885803011da3 | Generating return summary for getGeneratedYelds
[INFO] | 2024-11-10 07:39:38 AM | analyzer.0x1c3f78372a8c3e01970b85e1b26b885803011da3 | Return summary generated for getGeneratedYelds
[INFO] | 2024-11-10 07:39:38 AM | analyzer.0x1c3f78372a8c3e01970b85e1b26b885803011da3 | State variable assignement do not exist
[INFO] | 2024-11-10 07:39:38 AM | analyzer.0x1c3f78372a8c3e01970b85e1b26b885803011da3 | Processed function getGeneratedYelds
[INFO] | 2024-11-10 07:39:38 AM | analyzer.0x1c3f78372a8c3e01970b85e1b26b885803011da3 | Generating return summary for balanceCompoundInToken
[INFO] | 2024-11-10 07:39:38 AM | analyzer.0x1c3f78372a8c3e01970b85e1b26b885803011da3 | Return summary generated for balanceCompoundInToken
[INFO] | 2024-11-10 07:39:38 AM | analyzer.0x1c3f78372a8c3e01970b85e1b26b885803011da3 | State variable assignement do not exist
[INFO] | 2024-11-10 07:39:38 AM | analyzer.0x1c3f78372a8c3e01970b85e1b26b885803011da3 | Processed function balanceCompoundInToken
[INFO] | 2024-11-10 07:39:38 AM | analyzer.0x1c3f78372a8c3e01970b85e1b26b885803011da3 | Generating return summary for safeTransfer
[INFO] | 2024-11-10 07:39:38 AM | analyzer.0x1c3f78372a8c3e01970b85e1b26b885803011da3 | Return summary generated for safeTransfer
[INFO] | 2024-11-10 07:39:38 AM | analyzer.0x1c3f78372a8c3e01970b85e1b26b885803011da3 | State variable assignement do not exist
[INFO] | 2024-11-10 07:39:38 AM | analyzer.0x1c3f78372a8c3e01970b85e1b26b885803011da3 | Processed function safeTransfer
[INFO] | 2024-11-10 07:39:38 AM | analyzer.0x1c3f78372a8c3e01970b85e1b26b885803011da3 | Generating return summary for safeTransferFrom
[INFO] | 2024-11-10 07:39:38 AM | analyzer.0x1c3f78372a8c3e01970b85e1b26b885803011da3 | Return summary generated for safeTransferFrom
[INFO] | 2024-11-10 07:39:38 AM | analyzer.0x1c3f78372a8c3e01970b85e1b26b885803011da3 | State variable assignement do not exist
[INFO] | 2024-11-10 07:39:38 AM | analyzer.0x1c3f78372a8c3e01970b85e1b26b885803011da3 | Processed function safeTransferFrom
[INFO] | 2024-11-10 07:39:38 AM | analyzer.0x1c3f78372a8c3e01970b85e1b26b885803011da3 | Generating return summary for safeApprove
[INFO] | 2024-11-10 07:39:38 AM | analyzer.0x1c3f78372a8c3e01970b85e1b26b885803011da3 | Return summary generated for safeApprove
[INFO] | 2024-11-10 07:39:38 AM | analyzer.0x1c3f78372a8c3e01970b85e1b26b885803011da3 | State variable assignement do not exist
[INFO] | 2024-11-10 07:39:38 AM | analyzer.0x1c3f78372a8c3e01970b85e1b26b885803011da3 | Processed function safeApprove
[INFO] | 2024-11-10 07:39:38 AM | analyzer.0x1c3f78372a8c3e01970b85e1b26b885803011da3 | Generating return summary for safeIncreaseAllowance
[INFO] | 2024-11-10 07:39:38 AM | analyzer.0x1c3f78372a8c3e01970b85e1b26b885803011da3 | Return summary generated for safeIncreaseAllowance
[INFO] | 2024-11-10 07:39:38 AM | analyzer.0x1c3f78372a8c3e01970b85e1b26b885803011da3 | State variable assignement do not exist
[INFO] | 2024-11-10 07:39:38 AM | analyzer.0x1c3f78372a8c3e01970b85e1b26b885803011da3 | Processed function safeIncreaseAllowance
[INFO] | 2024-11-10 07:39:38 AM | analyzer.0x1c3f78372a8c3e01970b85e1b26b885803011da3 | Generating return summary for safeDecreaseAllowance
[INFO] | 2024-11-10 07:39:38 AM | analyzer.0x1c3f78372a8c3e01970b85e1b26b885803011da3 | Return summary generated for safeDecreaseAllowance
[INFO] | 2024-11-10 07:39:38 AM | analyzer.0x1c3f78372a8c3e01970b85e1b26b885803011da3 | State variable assignement do not exist
[INFO] | 2024-11-10 07:39:38 AM | analyzer.0x1c3f78372a8c3e01970b85e1b26b885803011da3 | Processed function safeDecreaseAllowance
[INFO] | 2024-11-10 07:39:38 AM | analyzer.0x1c3f78372a8c3e01970b85e1b26b885803011da3 | Generating return summary for _supplyAave
[INFO] | 2024-11-10 07:39:38 AM | analyzer.0x1c3f78372a8c3e01970b85e1b26b885803011da3 | Return summary generated for _supplyAave
[INFO] | 2024-11-10 07:39:38 AM | analyzer.0x1c3f78372a8c3e01970b85e1b26b885803011da3 | State variable assignement do not exist
[INFO] | 2024-11-10 07:39:38 AM | analyzer.0x1c3f78372a8c3e01970b85e1b26b885803011da3 | Processed function _supplyAave
[INFO] | 2024-11-10 07:39:38 AM | analyzer.0x1c3f78372a8c3e01970b85e1b26b885803011da3 | Generating return summary for _withdrawSomeFulcrum
[INFO] | 2024-11-10 07:39:38 AM | analyzer.0x1c3f78372a8c3e01970b85e1b26b885803011da3 | Return summary generated for _withdrawSomeFulcrum
[INFO] | 2024-11-10 07:39:38 AM | analyzer.0x1c3f78372a8c3e01970b85e1b26b885803011da3 | State variable assignement do not exist
[INFO] | 2024-11-10 07:39:38 AM | analyzer.0x1c3f78372a8c3e01970b85e1b26b885803011da3 | Processed function _withdrawSomeFulcrum
[INFO] | 2024-11-10 07:39:38 AM | analyzer.0x1c3f78372a8c3e01970b85e1b26b885803011da3 | Generating return summary for _burnFrom
[INFO] | 2024-11-10 07:39:38 AM | analyzer.0x1c3f78372a8c3e01970b85e1b26b885803011da3 | Return summary generated for _burnFrom
[INFO] | 2024-11-10 07:39:38 AM | analyzer.0x1c3f78372a8c3e01970b85e1b26b885803011da3 | Range graph generated
[INFO] | 2024-11-10 07:39:38 AM | analyzer.0x1c3f78372a8c3e01970b85e1b26b885803011da3 | Processed function _burnFrom
[INFO] | 2024-11-10 07:39:38 AM | analyzer.0x1c3f78372a8c3e01970b85e1b26b885803011da3 | Generating return summary for _burnFrom
[INFO] | 2024-11-10 07:39:38 AM | analyzer.0x1c3f78372a8c3e01970b85e1b26b885803011da3 | Return summary generated for _burnFrom
[INFO] | 2024-11-10 07:39:38 AM | analyzer.0x1c3f78372a8c3e01970b85e1b26b885803011da3 | Range graph generated
[INFO] | 2024-11-10 07:39:38 AM | analyzer.0x1c3f78372a8c3e01970b85e1b26b885803011da3 | Processed function _burnFrom
[INFO] | 2024-11-10 07:39:38 AM | analyzer.0x1c3f78372a8c3e01970b85e1b26b885803011da3 | Generating return summary for _withdrawSomeCompound
[INFO] | 2024-11-10 07:39:38 AM | analyzer.0x1c3f78372a8c3e01970b85e1b26b885803011da3 | Return summary generated for _withdrawSomeCompound
[INFO] | 2024-11-10 07:39:38 AM | analyzer.0x1c3f78372a8c3e01970b85e1b26b885803011da3 | State variable assignement do not exist
[INFO] | 2024-11-10 07:39:38 AM | analyzer.0x1c3f78372a8c3e01970b85e1b26b885803011da3 | Processed function _withdrawSomeCompound
[INFO] | 2024-11-10 07:39:38 AM | analyzer.0x1c3f78372a8c3e01970b85e1b26b885803011da3 | Generating return summary for calcPoolValueInToken
[INFO] | 2024-11-10 07:39:38 AM | analyzer.0x1c3f78372a8c3e01970b85e1b26b885803011da3 | Return summary generated for calcPoolValueInToken
[INFO] | 2024-11-10 07:39:38 AM | analyzer.0x1c3f78372a8c3e01970b85e1b26b885803011da3 | State variable assignement do not exist
[INFO] | 2024-11-10 07:39:38 AM | analyzer.0x1c3f78372a8c3e01970b85e1b26b885803011da3 | Processed function calcPoolValueInToken
[INFO] | 2024-11-10 07:39:38 AM | analyzer.0x1c3f78372a8c3e01970b85e1b26b885803011da3 | Generating return summary for daiToETH
[INFO] | 2024-11-10 07:39:38 AM | analyzer.0x1c3f78372a8c3e01970b85e1b26b885803011da3 | Return summary generated for daiToETH
[INFO] | 2024-11-10 07:39:38 AM | analyzer.0x1c3f78372a8c3e01970b85e1b26b885803011da3 | State variable assignement do not exist
[INFO] | 2024-11-10 07:39:38 AM | analyzer.0x1c3f78372a8c3e01970b85e1b26b885803011da3 | Processed function daiToETH
[INFO] | 2024-11-10 07:39:38 AM | analyzer.0x1c3f78372a8c3e01970b85e1b26b885803011da3 | Generating return summary for approveToken
[INFO] | 2024-11-10 07:39:38 AM | analyzer.0x1c3f78372a8c3e01970b85e1b26b885803011da3 | Return summary generated for approveToken
[INFO] | 2024-11-10 07:39:38 AM | analyzer.0x1c3f78372a8c3e01970b85e1b26b885803011da3 | State variable assignement do not exist
[INFO] | 2024-11-10 07:39:38 AM | analyzer.0x1c3f78372a8c3e01970b85e1b26b885803011da3 | Processed function approveToken
[INFO] | 2024-11-10 07:39:38 AM | analyzer.0x1c3f78372a8c3e01970b85e1b26b885803011da3 | Generating return summary for _withdrawAll
[INFO] | 2024-11-10 07:39:38 AM | analyzer.0x1c3f78372a8c3e01970b85e1b26b885803011da3 | Return summary generated for _withdrawAll
[INFO] | 2024-11-10 07:39:38 AM | analyzer.0x1c3f78372a8c3e01970b85e1b26b885803011da3 | State variable assignement do not exist
[INFO] | 2024-11-10 07:39:38 AM | analyzer.0x1c3f78372a8c3e01970b85e1b26b885803011da3 | Processed function _withdrawAll
[INFO] | 2024-11-10 07:39:38 AM | analyzer.0x1c3f78372a8c3e01970b85e1b26b885803011da3 | Generating return summary for _withdrawSome
[INFO] | 2024-11-10 07:39:38 AM | analyzer.0x1c3f78372a8c3e01970b85e1b26b885803011da3 | Return summary generated for _withdrawSome
[INFO] | 2024-11-10 07:39:38 AM | analyzer.0x1c3f78372a8c3e01970b85e1b26b885803011da3 | State variable assignement do not exist
[INFO] | 2024-11-10 07:39:38 AM | analyzer.0x1c3f78372a8c3e01970b85e1b26b885803011da3 | Processed function _withdrawSome
[INFO] | 2024-11-10 07:39:38 AM | analyzer.0x1c3f78372a8c3e01970b85e1b26b885803011da3 | Generating return summary for getPricePerFullShare
[INFO] | 2024-11-10 07:39:38 AM | analyzer.0x1c3f78372a8c3e01970b85e1b26b885803011da3 | Return summary generated for getPricePerFullShare
[INFO] | 2024-11-10 07:39:38 AM | analyzer.0x1c3f78372a8c3e01970b85e1b26b885803011da3 | State variable assignement do not exist
[INFO] | 2024-11-10 07:39:38 AM | analyzer.0x1c3f78372a8c3e01970b85e1b26b885803011da3 | Processed function getPricePerFullShare
[INFO] | 2024-11-10 07:39:38 AM | analyzer.0x1c3f78372a8c3e01970b85e1b26b885803011da3 | Generating return summary for constructor
[INFO] | 2024-11-10 07:39:38 AM | analyzer.0x1c3f78372a8c3e01970b85e1b26b885803011da3 | Return summary generated for constructor
[INFO] | 2024-11-10 07:39:38 AM | analyzer.0x1c3f78372a8c3e01970b85e1b26b885803011da3 | Range graph generated
[INFO] | 2024-11-10 07:39:38 AM | analyzer.0x1c3f78372a8c3e01970b85e1b26b885803011da3 | Processed function constructor
[INFO] | 2024-11-10 07:39:38 AM | analyzer.0x1c3f78372a8c3e01970b85e1b26b885803011da3 | Generating return summary for rebalance
[INFO] | 2024-11-10 07:39:38 AM | analyzer.0x1c3f78372a8c3e01970b85e1b26b885803011da3 | Return summary generated for rebalance
[INFO] | 2024-11-10 07:39:38 AM | analyzer.0x1c3f78372a8c3e01970b85e1b26b885803011da3 | Range graph generated
[INFO] | 2024-11-10 07:39:38 AM | analyzer.0x1c3f78372a8c3e01970b85e1b26b885803011da3 | Processed function rebalance
[INFO] | 2024-11-10 07:39:38 AM | analyzer.0x1c3f78372a8c3e01970b85e1b26b885803011da3 | Generating return summary for deposit
[INFO] | 2024-11-10 07:39:38 AM | analyzer.0x1c3f78372a8c3e01970b85e1b26b885803011da3 | Return summary generated for deposit
[INFO] | 2024-11-10 07:39:38 AM | analyzer.0x1c3f78372a8c3e01970b85e1b26b885803011da3 | Range graph generated
[INFO] | 2024-11-10 07:39:38 AM | analyzer.0x1c3f78372a8c3e01970b85e1b26b885803011da3 | Processed function deposit
[INFO] | 2024-11-10 07:39:38 AM | analyzer.0x1c3f78372a8c3e01970b85e1b26b885803011da3 | Generating return summary for withdraw
[INFO] | 2024-11-10 07:39:38 AM | analyzer.0x1c3f78372a8c3e01970b85e1b26b885803011da3 | Return summary generated for withdraw
