[INFO] | 2024-11-10 07:40:30 AM | analyzer.0x13ddd5c273a027608a42727a46f8250011645166 | Analysis started at: 2024-11-10 07:40:30 AM
[INFO] | 2024-11-10 07:40:31 AM | analyzer.0x13ddd5c273a027608a42727a46f8250011645166 | Version constraints: ['^0.4.18']
[INFO] | 2024-11-10 07:40:31 AM | analyzer.0x13ddd5c273a027608a42727a46f8250011645166 | solc version: v0.4.18
[INFO] | 2024-11-10 07:40:32 AM | analyzer.0x13ddd5c273a027608a42727a46f8250011645166 | Callgraph generation started!
[INFO] | 2024-11-10 07:40:32 AM | analyzer.0x13ddd5c273a027608a42727a46f8250011645166 | Callgraph generation finished!
[INFO] | 2024-11-10 07:40:32 AM | analyzer.0x13ddd5c273a027608a42727a46f8250011645166 | Interprocedural CFG generation started!
[INFO] | 2024-11-10 07:40:32 AM | analyzer.0x13ddd5c273a027608a42727a46f8250011645166 | Interprocedural CFG generation finished!
[INFO] | 2024-11-10 07:40:32 AM | analyzer.0x13ddd5c273a027608a42727a46f8250011645166 | Storage dependency graph generation started!
[INFO] | 2024-11-10 07:40:32 AM | analyzer.0x13ddd5c273a027608a42727a46f8250011645166 | Storage dependency graph generation finished!
[INFO] | 2024-11-10 07:40:32 AM | analyzer.0x13ddd5c273a027608a42727a46f8250011645166 | Value Range Analysis started
[INFO] | 2024-11-10 07:40:32 AM | analyzer.0x13ddd5c273a027608a42727a46f8250011645166 | Generating return summary for mul
[INFO] | 2024-11-10 07:40:32 AM | analyzer.0x13ddd5c273a027608a42727a46f8250011645166 | Return summary generated for mul
[INFO] | 2024-11-10 07:40:32 AM | analyzer.0x13ddd5c273a027608a42727a46f8250011645166 | State variable assignement do not exist
[INFO] | 2024-11-10 07:40:32 AM | analyzer.0x13ddd5c273a027608a42727a46f8250011645166 | Processed function mul
[INFO] | 2024-11-10 07:40:32 AM | analyzer.0x13ddd5c273a027608a42727a46f8250011645166 | Generating return summary for div
[INFO] | 2024-11-10 07:40:32 AM | analyzer.0x13ddd5c273a027608a42727a46f8250011645166 | Return summary generated for div
[INFO] | 2024-11-10 07:40:32 AM | analyzer.0x13ddd5c273a027608a42727a46f8250011645166 | State variable assignement do not exist
[INFO] | 2024-11-10 07:40:32 AM | analyzer.0x13ddd5c273a027608a42727a46f8250011645166 | Processed function div
[INFO] | 2024-11-10 07:40:32 AM | analyzer.0x13ddd5c273a027608a42727a46f8250011645166 | Generating return summary for sub
[INFO] | 2024-11-10 07:40:32 AM | analyzer.0x13ddd5c273a027608a42727a46f8250011645166 | Return summary generated for sub
[INFO] | 2024-11-10 07:40:32 AM | analyzer.0x13ddd5c273a027608a42727a46f8250011645166 | State variable assignement do not exist
[INFO] | 2024-11-10 07:40:32 AM | analyzer.0x13ddd5c273a027608a42727a46f8250011645166 | Processed function sub
[INFO] | 2024-11-10 07:40:32 AM | analyzer.0x13ddd5c273a027608a42727a46f8250011645166 | Generating return summary for add
[INFO] | 2024-11-10 07:40:32 AM | analyzer.0x13ddd5c273a027608a42727a46f8250011645166 | Return summary generated for add
[INFO] | 2024-11-10 07:40:32 AM | analyzer.0x13ddd5c273a027608a42727a46f8250011645166 | State variable assignement do not exist
[INFO] | 2024-11-10 07:40:32 AM | analyzer.0x13ddd5c273a027608a42727a46f8250011645166 | Processed function add
[INFO] | 2024-11-10 07:40:32 AM | analyzer.0x13ddd5c273a027608a42727a46f8250011645166 | Generating return summary for myRole
[INFO] | 2024-11-10 07:40:32 AM | analyzer.0x13ddd5c273a027608a42727a46f8250011645166 | Return summary generated for myRole
[INFO] | 2024-11-10 07:40:32 AM | analyzer.0x13ddd5c273a027608a42727a46f8250011645166 | State variable assignement do not exist
[INFO] | 2024-11-10 07:40:32 AM | analyzer.0x13ddd5c273a027608a42727a46f8250011645166 | Processed function myRole
[INFO] | 2024-11-10 07:40:32 AM | analyzer.0x13ddd5c273a027608a42727a46f8250011645166 | Generating return summary for slitherConstructorVariables
[INFO] | 2024-11-10 07:40:32 AM | analyzer.0x13ddd5c273a027608a42727a46f8250011645166 | Return summary generated for slitherConstructorVariables
[INFO] | 2024-11-10 07:40:32 AM | analyzer.0x13ddd5c273a027608a42727a46f8250011645166 | Range graph generated
[INFO] | 2024-11-10 07:40:32 AM | analyzer.0x13ddd5c273a027608a42727a46f8250011645166 | Processed function slitherConstructorVariables
[INFO] | 2024-11-10 07:40:32 AM | analyzer.0x13ddd5c273a027608a42727a46f8250011645166 | Generating return summary for _rA
[INFO] | 2024-11-10 07:40:32 AM | analyzer.0x13ddd5c273a027608a42727a46f8250011645166 | Return summary generated for _rA
[INFO] | 2024-11-10 07:40:32 AM | analyzer.0x13ddd5c273a027608a42727a46f8250011645166 | State variable assignement do not exist
[INFO] | 2024-11-10 07:40:32 AM | analyzer.0x13ddd5c273a027608a42727a46f8250011645166 | Processed function _rA
[INFO] | 2024-11-10 07:40:32 AM | analyzer.0x13ddd5c273a027608a42727a46f8250011645166 | Generating return summary for myRole
[INFO] | 2024-11-10 07:40:32 AM | analyzer.0x13ddd5c273a027608a42727a46f8250011645166 | Return summary generated for myRole
[INFO] | 2024-11-10 07:40:32 AM | analyzer.0x13ddd5c273a027608a42727a46f8250011645166 | State variable assignement do not exist
[INFO] | 2024-11-10 07:40:32 AM | analyzer.0x13ddd5c273a027608a42727a46f8250011645166 | Processed function myRole
[INFO] | 2024-11-10 07:40:32 AM | analyzer.0x13ddd5c273a027608a42727a46f8250011645166 | Generating return summary for fundChecking
[INFO] | 2024-11-10 07:40:32 AM | analyzer.0x13ddd5c273a027608a42727a46f8250011645166 | Return summary generated for fundChecking
[INFO] | 2024-11-10 07:40:32 AM | analyzer.0x13ddd5c273a027608a42727a46f8250011645166 | State variable assignement do not exist
[INFO] | 2024-11-10 07:40:32 AM | analyzer.0x13ddd5c273a027608a42727a46f8250011645166 | Processed function fundChecking
[INFO] | 2024-11-10 07:40:32 AM | analyzer.0x13ddd5c273a027608a42727a46f8250011645166 | Generating return summary for fundMark
[INFO] | 2024-11-10 07:40:32 AM | analyzer.0x13ddd5c273a027608a42727a46f8250011645166 | Return summary generated for fundMark
[INFO] | 2024-11-10 07:40:32 AM | analyzer.0x13ddd5c273a027608a42727a46f8250011645166 | Range graph generated
[INFO] | 2024-11-10 07:40:32 AM | analyzer.0x13ddd5c273a027608a42727a46f8250011645166 | Processed function fundMark
[INFO] | 2024-11-10 07:40:32 AM | analyzer.0x13ddd5c273a027608a42727a46f8250011645166 | Generating return summary for slitherConstructorVariables
[INFO] | 2024-11-10 07:40:32 AM | analyzer.0x13ddd5c273a027608a42727a46f8250011645166 | Return summary generated for slitherConstructorVariables
[INFO] | 2024-11-10 07:40:32 AM | analyzer.0x13ddd5c273a027608a42727a46f8250011645166 | Range graph generated
[INFO] | 2024-11-10 07:40:32 AM | analyzer.0x13ddd5c273a027608a42727a46f8250011645166 | Processed function slitherConstructorVariables
[INFO] | 2024-11-10 07:40:32 AM | analyzer.0x13ddd5c273a027608a42727a46f8250011645166 | Generating return summary for _rA
[INFO] | 2024-11-10 07:40:32 AM | analyzer.0x13ddd5c273a027608a42727a46f8250011645166 | Return summary generated for _rA
[INFO] | 2024-11-10 07:40:32 AM | analyzer.0x13ddd5c273a027608a42727a46f8250011645166 | State variable assignement do not exist
[INFO] | 2024-11-10 07:40:32 AM | analyzer.0x13ddd5c273a027608a42727a46f8250011645166 | Processed function _rA
[INFO] | 2024-11-10 07:40:32 AM | analyzer.0x13ddd5c273a027608a42727a46f8250011645166 | Generating return summary for myRole
[INFO] | 2024-11-10 07:40:32 AM | analyzer.0x13ddd5c273a027608a42727a46f8250011645166 | Return summary generated for myRole
[INFO] | 2024-11-10 07:40:32 AM | analyzer.0x13ddd5c273a027608a42727a46f8250011645166 | State variable assignement do not exist
[INFO] | 2024-11-10 07:40:32 AM | analyzer.0x13ddd5c273a027608a42727a46f8250011645166 | Processed function myRole
[INFO] | 2024-11-10 07:40:32 AM | analyzer.0x13ddd5c273a027608a42727a46f8250011645166 | Generating return summary for fundChecking
[INFO] | 2024-11-10 07:40:32 AM | analyzer.0x13ddd5c273a027608a42727a46f8250011645166 | Return summary generated for fundChecking
[INFO] | 2024-11-10 07:40:32 AM | analyzer.0x13ddd5c273a027608a42727a46f8250011645166 | State variable assignement do not exist
[INFO] | 2024-11-10 07:40:32 AM | analyzer.0x13ddd5c273a027608a42727a46f8250011645166 | Processed function fundChecking
[INFO] | 2024-11-10 07:40:32 AM | analyzer.0x13ddd5c273a027608a42727a46f8250011645166 | Generating return summary for fundMark
[INFO] | 2024-11-10 07:40:32 AM | analyzer.0x13ddd5c273a027608a42727a46f8250011645166 | Return summary generated for fundMark
[INFO] | 2024-11-10 07:40:32 AM | analyzer.0x13ddd5c273a027608a42727a46f8250011645166 | Range graph generated
[INFO] | 2024-11-10 07:40:32 AM | analyzer.0x13ddd5c273a027608a42727a46f8250011645166 | Processed function fundMark
[INFO] | 2024-11-10 07:40:32 AM | analyzer.0x13ddd5c273a027608a42727a46f8250011645166 | Generating return summary for getSystemAvaliableState
[INFO] | 2024-11-10 07:40:32 AM | analyzer.0x13ddd5c273a027608a42727a46f8250011645166 | Return summary generated for getSystemAvaliableState
[INFO] | 2024-11-10 07:40:32 AM | analyzer.0x13ddd5c273a027608a42727a46f8250011645166 | State variable assignement do not exist
[INFO] | 2024-11-10 07:40:32 AM | analyzer.0x13ddd5c273a027608a42727a46f8250011645166 | Processed function getSystemAvaliableState
[INFO] | 2024-11-10 07:40:32 AM | analyzer.0x13ddd5c273a027608a42727a46f8250011645166 | Generating return summary for slitherConstructorVariables
[INFO] | 2024-11-10 07:40:32 AM | analyzer.0x13ddd5c273a027608a42727a46f8250011645166 | Return summary generated for slitherConstructorVariables
[INFO] | 2024-11-10 07:40:32 AM | analyzer.0x13ddd5c273a027608a42727a46f8250011645166 | Range graph generated
[INFO] | 2024-11-10 07:40:32 AM | analyzer.0x13ddd5c273a027608a42727a46f8250011645166 | Processed function slitherConstructorVariables
[INFO] | 2024-11-10 07:40:32 AM | analyzer.0x13ddd5c273a027608a42727a46f8250011645166 | Generating return summary for _rA
[INFO] | 2024-11-10 07:40:32 AM | analyzer.0x13ddd5c273a027608a42727a46f8250011645166 | Return summary generated for _rA
[INFO] | 2024-11-10 07:40:32 AM | analyzer.0x13ddd5c273a027608a42727a46f8250011645166 | State variable assignement do not exist
[INFO] | 2024-11-10 07:40:32 AM | analyzer.0x13ddd5c273a027608a42727a46f8250011645166 | Processed function _rA
[INFO] | 2024-11-10 07:40:32 AM | analyzer.0x13ddd5c273a027608a42727a46f8250011645166 | Generating return summary for _rC
[INFO] | 2024-11-10 07:40:32 AM | analyzer.0x13ddd5c273a027608a42727a46f8250011645166 | Return summary generated for _rC
[INFO] | 2024-11-10 07:40:32 AM | analyzer.0x13ddd5c273a027608a42727a46f8250011645166 | State variable assignement do not exist
[INFO] | 2024-11-10 07:40:32 AM | analyzer.0x13ddd5c273a027608a42727a46f8250011645166 | Processed function _rC
[INFO] | 2024-11-10 07:40:32 AM | analyzer.0x13ddd5c273a027608a42727a46f8250011645166 | Generating return summary for gRunning
[INFO] | 2024-11-10 07:40:32 AM | analyzer.0x13ddd5c273a027608a42727a46f8250011645166 | Return summary generated for gRunning
[INFO] | 2024-11-10 07:40:32 AM | analyzer.0x13ddd5c273a027608a42727a46f8250011645166 | State variable assignement do not exist
[INFO] | 2024-11-10 07:40:32 AM | analyzer.0x13ddd5c273a027608a42727a46f8250011645166 | Processed function gRunning
[INFO] | 2024-11-10 07:40:32 AM | analyzer.0x13ddd5c273a027608a42727a46f8250011645166 | Generating return summary for gAlive
[INFO] | 2024-11-10 07:40:32 AM | analyzer.0x13ddd5c273a027608a42727a46f8250011645166 | Return summary generated for gAlive
[INFO] | 2024-11-10 07:40:32 AM | analyzer.0x13ddd5c273a027608a42727a46f8250011645166 | State variable assignement do not exist
[INFO] | 2024-11-10 07:40:32 AM | analyzer.0x13ddd5c273a027608a42727a46f8250011645166 | Processed function gAlive
[INFO] | 2024-11-10 07:40:32 AM | analyzer.0x13ddd5c273a027608a42727a46f8250011645166 | Generating return summary for getNewPrice
[INFO] | 2024-11-10 07:40:32 AM | analyzer.0x13ddd5c273a027608a42727a46f8250011645166 | Return summary generated for getNewPrice
[INFO] | 2024-11-10 07:40:32 AM | analyzer.0x13ddd5c273a027608a42727a46f8250011645166 | State variable assignement do not exist
[INFO] | 2024-11-10 07:40:32 AM | analyzer.0x13ddd5c273a027608a42727a46f8250011645166 | Processed function getNewPrice
[INFO] | 2024-11-10 07:40:32 AM | analyzer.0x13ddd5c273a027608a42727a46f8250011645166 | Generating return summary for isNewPrice
[INFO] | 2024-11-10 07:40:32 AM | analyzer.0x13ddd5c273a027608a42727a46f8250011645166 | Return summary generated for isNewPrice
[INFO] | 2024-11-10 07:40:32 AM | analyzer.0x13ddd5c273a027608a42727a46f8250011645166 | State variable assignement do not exist
[INFO] | 2024-11-10 07:40:32 AM | analyzer.0x13ddd5c273a027608a42727a46f8250011645166 | Processed function isNewPrice
[INFO] | 2024-11-10 07:40:32 AM | analyzer.0x13ddd5c273a027608a42727a46f8250011645166 | Generating return summary for myRole
[INFO] | 2024-11-10 07:40:32 AM | analyzer.0x13ddd5c273a027608a42727a46f8250011645166 | Return summary generated for myRole
[INFO] | 2024-11-10 07:40:32 AM | analyzer.0x13ddd5c273a027608a42727a46f8250011645166 | State variable assignement do not exist
[INFO] | 2024-11-10 07:40:32 AM | analyzer.0x13ddd5c273a027608a42727a46f8250011645166 | Processed function myRole
[INFO] | 2024-11-10 07:40:32 AM | analyzer.0x13ddd5c273a027608a42727a46f8250011645166 | Generating return summary for fundChecking
[INFO] | 2024-11-10 07:40:32 AM | analyzer.0x13ddd5c273a027608a42727a46f8250011645166 | Return summary generated for fundChecking
[INFO] | 2024-11-10 07:40:32 AM | analyzer.0x13ddd5c273a027608a42727a46f8250011645166 | State variable assignement do not exist
[INFO] | 2024-11-10 07:40:32 AM | analyzer.0x13ddd5c273a027608a42727a46f8250011645166 | Processed function fundChecking
[INFO] | 2024-11-10 07:40:32 AM | analyzer.0x13ddd5c273a027608a42727a46f8250011645166 | Generating return summary for fundMark
[INFO] | 2024-11-10 07:40:32 AM | analyzer.0x13ddd5c273a027608a42727a46f8250011645166 | Return summary generated for fundMark
[INFO] | 2024-11-10 07:40:32 AM | analyzer.0x13ddd5c273a027608a42727a46f8250011645166 | Range graph generated
[INFO] | 2024-11-10 07:40:32 AM | analyzer.0x13ddd5c273a027608a42727a46f8250011645166 | Processed function fundMark
[INFO] | 2024-11-10 07:40:32 AM | analyzer.0x13ddd5c273a027608a42727a46f8250011645166 | Generating return summary for getSystemAvaliableState
[INFO] | 2024-11-10 07:40:32 AM | analyzer.0x13ddd5c273a027608a42727a46f8250011645166 | Return summary generated for getSystemAvaliableState
[INFO] | 2024-11-10 07:40:32 AM | analyzer.0x13ddd5c273a027608a42727a46f8250011645166 | State variable assignement do not exist
[INFO] | 2024-11-10 07:40:32 AM | analyzer.0x13ddd5c273a027608a42727a46f8250011645166 | Processed function getSystemAvaliableState
[INFO] | 2024-11-10 07:40:32 AM | analyzer.0x13ddd5c273a027608a42727a46f8250011645166 | Generating return summary for itemCount
[INFO] | 2024-11-10 07:40:32 AM | analyzer.0x13ddd5c273a027608a42727a46f8250011645166 | Return summary generated for itemCount
[INFO] | 2024-11-10 07:40:32 AM | analyzer.0x13ddd5c273a027608a42727a46f8250011645166 | State variable assignement do not exist
[INFO] | 2024-11-10 07:40:32 AM | analyzer.0x13ddd5c273a027608a42727a46f8250011645166 | Processed function itemCount
[INFO] | 2024-11-10 07:40:32 AM | analyzer.0x13ddd5c273a027608a42727a46f8250011645166 | Generating return summary for slitherConstructorVariables
[INFO] | 2024-11-10 07:40:32 AM | analyzer.0x13ddd5c273a027608a42727a46f8250011645166 | Return summary generated for slitherConstructorVariables
[INFO] | 2024-11-10 07:40:32 AM | analyzer.0x13ddd5c273a027608a42727a46f8250011645166 | Range graph generated
[INFO] | 2024-11-10 07:40:32 AM | analyzer.0x13ddd5c273a027608a42727a46f8250011645166 | Processed function slitherConstructorVariables
[INFO] | 2024-11-10 07:40:32 AM | analyzer.0x13ddd5c273a027608a42727a46f8250011645166 | Generating return summary for _rA
[INFO] | 2024-11-10 07:40:32 AM | analyzer.0x13ddd5c273a027608a42727a46f8250011645166 | Return summary generated for _rA
[INFO] | 2024-11-10 07:40:32 AM | analyzer.0x13ddd5c273a027608a42727a46f8250011645166 | State variable assignement do not exist
[INFO] | 2024-11-10 07:40:32 AM | analyzer.0x13ddd5c273a027608a42727a46f8250011645166 | Processed function _rA
[INFO] | 2024-11-10 07:40:32 AM | analyzer.0x13ddd5c273a027608a42727a46f8250011645166 | Generating return summary for gRunning
[INFO] | 2024-11-10 07:40:32 AM | analyzer.0x13ddd5c273a027608a42727a46f8250011645166 | Return summary generated for gRunning
[INFO] | 2024-11-10 07:40:32 AM | analyzer.0x13ddd5c273a027608a42727a46f8250011645166 | State variable assignement do not exist
[INFO] | 2024-11-10 07:40:32 AM | analyzer.0x13ddd5c273a027608a42727a46f8250011645166 | Processed function gRunning
[INFO] | 2024-11-10 07:40:32 AM | analyzer.0x13ddd5c273a027608a42727a46f8250011645166 | Generating return summary for _rC
[INFO] | 2024-11-10 07:40:32 AM | analyzer.0x13ddd5c273a027608a42727a46f8250011645166 | Return summary generated for _rC
[INFO] | 2024-11-10 07:40:32 AM | analyzer.0x13ddd5c273a027608a42727a46f8250011645166 | State variable assignement do not exist
[INFO] | 2024-11-10 07:40:32 AM | analyzer.0x13ddd5c273a027608a42727a46f8250011645166 | Processed function _rC
[INFO] | 2024-11-10 07:40:32 AM | analyzer.0x13ddd5c273a027608a42727a46f8250011645166 | Generating return summary for gAlive
[INFO] | 2024-11-10 07:40:32 AM | analyzer.0x13ddd5c273a027608a42727a46f8250011645166 | Return summary generated for gAlive
[INFO] | 2024-11-10 07:40:32 AM | analyzer.0x13ddd5c273a027608a42727a46f8250011645166 | State variable assignement do not exist
[INFO] | 2024-11-10 07:40:32 AM | analyzer.0x13ddd5c273a027608a42727a46f8250011645166 | Processed function gAlive
[INFO] | 2024-11-10 07:40:32 AM | analyzer.0x13ddd5c273a027608a42727a46f8250011645166 | Generating return summary for rSetA
[INFO] | 2024-11-10 07:40:32 AM | analyzer.0x13ddd5c273a027608a42727a46f8250011645166 | Return summary generated for rSetA
[INFO] | 2024-11-10 07:40:32 AM | analyzer.0x13ddd5c273a027608a42727a46f8250011645166 | Range graph generated
[INFO] | 2024-11-10 07:40:32 AM | analyzer.0x13ddd5c273a027608a42727a46f8250011645166 | Processed function rSetA
[INFO] | 2024-11-10 07:40:32 AM | analyzer.0x13ddd5c273a027608a42727a46f8250011645166 | Generating return summary for rSetE
[INFO] | 2024-11-10 07:40:32 AM | analyzer.0x13ddd5c273a027608a42727a46f8250011645166 | Return summary generated for rSetE
[INFO] | 2024-11-10 07:40:32 AM | analyzer.0x13ddd5c273a027608a42727a46f8250011645166 | Range graph generated
[INFO] | 2024-11-10 07:40:32 AM | analyzer.0x13ddd5c273a027608a42727a46f8250011645166 | Processed function rSetE
[INFO] | 2024-11-10 07:40:32 AM | analyzer.0x13ddd5c273a027608a42727a46f8250011645166 | Generating return summary for rSetA
[INFO] | 2024-11-10 07:40:32 AM | analyzer.0x13ddd5c273a027608a42727a46f8250011645166 | Return summary generated for rSetA
[INFO] | 2024-11-10 07:40:32 AM | analyzer.0x13ddd5c273a027608a42727a46f8250011645166 | Range graph generated
[INFO] | 2024-11-10 07:40:32 AM | analyzer.0x13ddd5c273a027608a42727a46f8250011645166 | Processed function rSetA
[INFO] | 2024-11-10 07:40:32 AM | analyzer.0x13ddd5c273a027608a42727a46f8250011645166 | Generating return summary for rSetE
[INFO] | 2024-11-10 07:40:32 AM | analyzer.0x13ddd5c273a027608a42727a46f8250011645166 | Return summary generated for rSetE
[INFO] | 2024-11-10 07:40:32 AM | analyzer.0x13ddd5c273a027608a42727a46f8250011645166 | Range graph generated
[INFO] | 2024-11-10 07:40:32 AM | analyzer.0x13ddd5c273a027608a42727a46f8250011645166 | Processed function rSetE
[INFO] | 2024-11-10 07:40:32 AM | analyzer.0x13ddd5c273a027608a42727a46f8250011645166 | Generating return summary for fundWithdraw
[INFO] | 2024-11-10 07:40:32 AM | analyzer.0x13ddd5c273a027608a42727a46f8250011645166 | Return summary generated for fundWithdraw
[INFO] | 2024-11-10 07:40:32 AM | analyzer.0x13ddd5c273a027608a42727a46f8250011645166 | Range graph generated
[INFO] | 2024-11-10 07:40:32 AM | analyzer.0x13ddd5c273a027608a42727a46f8250011645166 | Processed function fundWithdraw
[INFO] | 2024-11-10 07:40:32 AM | analyzer.0x13ddd5c273a027608a42727a46f8250011645166 | Generating return summary for rSetA
[INFO] | 2024-11-10 07:40:32 AM | analyzer.0x13ddd5c273a027608a42727a46f8250011645166 | Return summary generated for rSetA
[INFO] | 2024-11-10 07:40:32 AM | analyzer.0x13ddd5c273a027608a42727a46f8250011645166 | Range graph generated
[INFO] | 2024-11-10 07:40:32 AM | analyzer.0x13ddd5c273a027608a42727a46f8250011645166 | Processed function rSetA
[INFO] | 2024-11-10 07:40:32 AM | analyzer.0x13ddd5c273a027608a42727a46f8250011645166 | Generating return summary for rSetE
[INFO] | 2024-11-10 07:40:32 AM | analyzer.0x13ddd5c273a027608a42727a46f8250011645166 | Return summary generated for rSetE
[INFO] | 2024-11-10 07:40:32 AM | analyzer.0x13ddd5c273a027608a42727a46f8250011645166 | Range graph generated
[INFO] | 2024-11-10 07:40:32 AM | analyzer.0x13ddd5c273a027608a42727a46f8250011645166 | Processed function rSetE
[INFO] | 2024-11-10 07:40:32 AM | analyzer.0x13ddd5c273a027608a42727a46f8250011645166 | Generating return summary for fundWithdraw
[INFO] | 2024-11-10 07:40:32 AM | analyzer.0x13ddd5c273a027608a42727a46f8250011645166 | Return summary generated for fundWithdraw
[INFO] | 2024-11-10 07:40:32 AM | analyzer.0x13ddd5c273a027608a42727a46f8250011645166 | Range graph generated
[INFO] | 2024-11-10 07:40:32 AM | analyzer.0x13ddd5c273a027608a42727a46f8250011645166 | Processed function fundWithdraw
[INFO] | 2024-11-10 07:40:32 AM | analyzer.0x13ddd5c273a027608a42727a46f8250011645166 | Generating return summary for gSetRunning
[INFO] | 2024-11-10 07:40:32 AM | analyzer.0x13ddd5c273a027608a42727a46f8250011645166 | Return summary generated for gSetRunning
[INFO] | 2024-11-10 07:40:32 AM | analyzer.0x13ddd5c273a027608a42727a46f8250011645166 | Range graph generated
[INFO] | 2024-11-10 07:40:32 AM | analyzer.0x13ddd5c273a027608a42727a46f8250011645166 | Processed function gSetRunning
[INFO] | 2024-11-10 07:40:32 AM | analyzer.0x13ddd5c273a027608a42727a46f8250011645166 | Generating return summary for gSetAlive
[INFO] | 2024-11-10 07:40:32 AM | analyzer.0x13ddd5c273a027608a42727a46f8250011645166 | Return summary generated for gSetAlive
[INFO] | 2024-11-10 07:40:32 AM | analyzer.0x13ddd5c273a027608a42727a46f8250011645166 | Range graph generated
[INFO] | 2024-11-10 07:40:32 AM | analyzer.0x13ddd5c273a027608a42727a46f8250011645166 | Processed function gSetAlive
[INFO] | 2024-11-10 07:40:32 AM | analyzer.0x13ddd5c273a027608a42727a46f8250011645166 | Generating return summary for newPrice
[INFO] | 2024-11-10 07:40:32 AM | analyzer.0x13ddd5c273a027608a42727a46f8250011645166 | Return summary generated for newPrice
[INFO] | 2024-11-10 07:40:32 AM | analyzer.0x13ddd5c273a027608a42727a46f8250011645166 | State variable assignement do not exist
[INFO] | 2024-11-10 07:40:32 AM | analyzer.0x13ddd5c273a027608a42727a46f8250011645166 | Processed function newPrice
[INFO] | 2024-11-10 07:40:32 AM | analyzer.0x13ddd5c273a027608a42727a46f8250011645166 | Generating return summary for setNewPriceFuncAddress
[INFO] | 2024-11-10 07:40:32 AM | analyzer.0x13ddd5c273a027608a42727a46f8250011645166 | Return summary generated for setNewPriceFuncAddress
[INFO] | 2024-11-10 07:40:32 AM | analyzer.0x13ddd5c273a027608a42727a46f8250011645166 | Range graph generated
[INFO] | 2024-11-10 07:40:32 AM | analyzer.0x13ddd5c273a027608a42727a46f8250011645166 | Processed function setNewPriceFuncAddress
[INFO] | 2024-11-10 07:40:32 AM | analyzer.0x13ddd5c273a027608a42727a46f8250011645166 | Generating return summary for rSetA
[INFO] | 2024-11-10 07:40:32 AM | analyzer.0x13ddd5c273a027608a42727a46f8250011645166 | Return summary generated for rSetA
[INFO] | 2024-11-10 07:40:32 AM | analyzer.0x13ddd5c273a027608a42727a46f8250011645166 | Range graph generated
[INFO] | 2024-11-10 07:40:32 AM | analyzer.0x13ddd5c273a027608a42727a46f8250011645166 | Processed function rSetA
[INFO] | 2024-11-10 07:40:32 AM | analyzer.0x13ddd5c273a027608a42727a46f8250011645166 | Generating return summary for rSetE
[INFO] | 2024-11-10 07:40:32 AM | analyzer.0x13ddd5c273a027608a42727a46f8250011645166 | Return summary generated for rSetE
[INFO] | 2024-11-10 07:40:32 AM | analyzer.0x13ddd5c273a027608a42727a46f8250011645166 | Range graph generated
[INFO] | 2024-11-10 07:40:32 AM | analyzer.0x13ddd5c273a027608a42727a46f8250011645166 | Processed function rSetE
[INFO] | 2024-11-10 07:40:32 AM | analyzer.0x13ddd5c273a027608a42727a46f8250011645166 | Generating return summary for fundWithdraw
[INFO] | 2024-11-10 07:40:32 AM | analyzer.0x13ddd5c273a027608a42727a46f8250011645166 | Return summary generated for fundWithdraw
[INFO] | 2024-11-10 07:40:32 AM | analyzer.0x13ddd5c273a027608a42727a46f8250011645166 | Range graph generated
[INFO] | 2024-11-10 07:40:32 AM | analyzer.0x13ddd5c273a027608a42727a46f8250011645166 | Processed function fundWithdraw
[INFO] | 2024-11-10 07:40:32 AM | analyzer.0x13ddd5c273a027608a42727a46f8250011645166 | Generating return summary for gSetRunning
[INFO] | 2024-11-10 07:40:32 AM | analyzer.0x13ddd5c273a027608a42727a46f8250011645166 | Return summary generated for gSetRunning
[INFO] | 2024-11-10 07:40:32 AM | analyzer.0x13ddd5c273a027608a42727a46f8250011645166 | Range graph generated
[INFO] | 2024-11-10 07:40:32 AM | analyzer.0x13ddd5c273a027608a42727a46f8250011645166 | Processed function gSetRunning
[INFO] | 2024-11-10 07:40:32 AM | analyzer.0x13ddd5c273a027608a42727a46f8250011645166 | Generating return summary for setSlogan
[INFO] | 2024-11-10 07:40:32 AM | analyzer.0x13ddd5c273a027608a42727a46f8250011645166 | Return summary generated for setSlogan
[INFO] | 2024-11-10 07:40:32 AM | analyzer.0x13ddd5c273a027608a42727a46f8250011645166 | State variable assignement do not exist
[INFO] | 2024-11-10 07:40:32 AM | analyzer.0x13ddd5c273a027608a42727a46f8250011645166 | Processed function setSlogan
[INFO] | 2024-11-10 07:40:32 AM | analyzer.0x13ddd5c273a027608a42727a46f8250011645166 | Generating return summary for gSetAlive
[INFO] | 2024-11-10 07:40:32 AM | analyzer.0x13ddd5c273a027608a42727a46f8250011645166 | Return summary generated for gSetAlive
[INFO] | 2024-11-10 07:40:32 AM | analyzer.0x13ddd5c273a027608a42727a46f8250011645166 | Range graph generated
[INFO] | 2024-11-10 07:40:32 AM | analyzer.0x13ddd5c273a027608a42727a46f8250011645166 | Processed function gSetAlive
[INFO] | 2024-11-10 07:40:32 AM | analyzer.0x13ddd5c273a027608a42727a46f8250011645166 | Generating return summary for aSetProportion
[INFO] | 2024-11-10 07:40:32 AM | analyzer.0x13ddd5c273a027608a42727a46f8250011645166 | Return summary generated for aSetProportion
[INFO] | 2024-11-10 07:40:32 AM | analyzer.0x13ddd5c273a027608a42727a46f8250011645166 | Range graph generated
[INFO] | 2024-11-10 07:40:32 AM | analyzer.0x13ddd5c273a027608a42727a46f8250011645166 | Processed function aSetProportion
[INFO] | 2024-11-10 07:40:32 AM | analyzer.0x13ddd5c273a027608a42727a46f8250011645166 | Generating return summary for createItem
[INFO] | 2024-11-10 07:40:32 AM | analyzer.0x13ddd5c273a027608a42727a46f8250011645166 | Return summary generated for createItem
[INFO] | 2024-11-10 07:40:32 AM | analyzer.0x13ddd5c273a027608a42727a46f8250011645166 | Range graph generated
[INFO] | 2024-11-10 07:40:32 AM | analyzer.0x13ddd5c273a027608a42727a46f8250011645166 | Processed function createItem
[INFO] | 2024-11-10 07:40:32 AM | analyzer.0x13ddd5c273a027608a42727a46f8250011645166 | Generating return summary for realbuy
[INFO] | 2024-11-10 07:40:32 AM | analyzer.0x13ddd5c273a027608a42727a46f8250011645166 | Return summary generated for realbuy
[INFO] | 2024-11-10 07:40:32 AM | analyzer.0x13ddd5c273a027608a42727a46f8250011645166 | Range graph generated
[INFO] | 2024-11-10 07:40:32 AM | analyzer.0x13ddd5c273a027608a42727a46f8250011645166 | Processed function realbuy
[INFO] | 2024-11-10 07:40:32 AM | analyzer.0x13ddd5c273a027608a42727a46f8250011645166 | Generating return summary for buy
[INFO] | 2024-11-10 07:40:32 AM | analyzer.0x13ddd5c273a027608a42727a46f8250011645166 | Return summary generated for buy
[INFO] | 2024-11-10 07:40:32 AM | analyzer.0x13ddd5c273a027608a42727a46f8250011645166 | Range graph generated
[INFO] | 2024-11-10 07:40:32 AM | analyzer.0x13ddd5c273a027608a42727a46f8250011645166 | Processed function buy
[INFO] | 2024-11-10 07:40:32 AM | analyzer.0x13ddd5c273a027608a42727a46f8250011645166 | Value Range Analysis took 0.018036 seconds
[INFO] | 2024-11-10 07:40:32 AM | analyzer.0x13ddd5c273a027608a42727a46f8250011645166 | Value Range Analysis finished
[INFO] | 2024-11-10 07:40:32 AM | analyzer.0x13ddd5c273a027608a42727a46f8250011645166 | Storage dependency graph compostion started!
[INFO] | 2024-11-10 07:40:32 AM | analyzer.0x13ddd5c273a027608a42727a46f8250011645166 | Storage dependency graph compostion finished!
[INFO] | 2024-11-10 07:40:32 AM | analyzer.0x13ddd5c273a027608a42727a46f8250011645166 | Dependency detection started!
[INFO] | 2024-11-10 07:40:32 AM | analyzer.0x13ddd5c273a027608a42727a46f8250011645166 | Dependency detection finished!
[INFO] | 2024-11-10 07:40:32 AM | analyzer.0x13ddd5c273a027608a42727a46f8250011645166 | Static Analysis took 1.982561 seconds
[INFO] | 2024-11-10 07:40:32 AM | analyzer.0x13ddd5c273a027608a42727a46f8250011645166 | Dependency does not exist
[INFO] | 2024-11-10 07:40:32 AM | analyzer.0x13ddd5c273a027608a42727a46f8250011645166 | Symbolic execution is not needed!
[INFO] | 2024-11-10 07:40:32 AM | analyzer.0x13ddd5c273a027608a42727a46f8250011645166 | Analysis finished!
[INFO] | 2024-11-10 07:40:32 AM | analyzer.0x13ddd5c273a027608a42727a46f8250011645166 | Analysis took 1.982775 seconds
[INFO] | 2024-11-10 07:40:32 AM | analyzer.0x13ddd5c273a027608a42727a46f8250011645166 | Analysis finished at: 2024-11-10 07:40:32 AM
