[INFO] | 2024-11-10 07:37:22 AM | analyzer.0xc64fd3ff188c4f1f1e34bbff54f67d8c88175696 | Analysis started at: 2024-11-10 07:37:22 AM
[INFO] | 2024-11-10 07:37:25 AM | analyzer.0xc64fd3ff188c4f1f1e34bbff54f67d8c88175696 | Version constraints: ['^0.4.24']
[INFO] | 2024-11-10 07:37:25 AM | analyzer.0xc64fd3ff188c4f1f1e34bbff54f67d8c88175696 | solc version: v0.4.24
[INFO] | 2024-11-10 07:37:28 AM | analyzer.0xc64fd3ff188c4f1f1e34bbff54f67d8c88175696 | Callgraph generation started!
[INFO] | 2024-11-10 07:37:28 AM | analyzer.0xc64fd3ff188c4f1f1e34bbff54f67d8c88175696 | Callgraph generation finished!
[INFO] | 2024-11-10 07:37:28 AM | analyzer.0xc64fd3ff188c4f1f1e34bbff54f67d8c88175696 | Interprocedural CFG generation started!
[INFO] | 2024-11-10 07:37:29 AM | analyzer.0xc64fd3ff188c4f1f1e34bbff54f67d8c88175696 | Interprocedural CFG generation finished!
[INFO] | 2024-11-10 07:37:29 AM | analyzer.0xc64fd3ff188c4f1f1e34bbff54f67d8c88175696 | Storage dependency graph generation started!
[INFO] | 2024-11-10 07:37:29 AM | analyzer.0xc64fd3ff188c4f1f1e34bbff54f67d8c88175696 | Storage dependency graph generation finished!
[INFO] | 2024-11-10 07:37:29 AM | analyzer.0xc64fd3ff188c4f1f1e34bbff54f67d8c88175696 | Value Range Analysis started
[INFO] | 2024-11-10 07:37:29 AM | analyzer.0xc64fd3ff188c4f1f1e34bbff54f67d8c88175696 | Generating return summary for totalSupply
[INFO] | 2024-11-10 07:37:29 AM | analyzer.0xc64fd3ff188c4f1f1e34bbff54f67d8c88175696 | Return summary generated for totalSupply
[INFO] | 2024-11-10 07:37:29 AM | analyzer.0xc64fd3ff188c4f1f1e34bbff54f67d8c88175696 | State variable assignement do not exist
[INFO] | 2024-11-10 07:37:29 AM | analyzer.0xc64fd3ff188c4f1f1e34bbff54f67d8c88175696 | Processed function totalSupply
[INFO] | 2024-11-10 07:37:29 AM | analyzer.0xc64fd3ff188c4f1f1e34bbff54f67d8c88175696 | Generating return summary for balanceOf
[INFO] | 2024-11-10 07:37:29 AM | analyzer.0xc64fd3ff188c4f1f1e34bbff54f67d8c88175696 | Return summary generated for balanceOf
[INFO] | 2024-11-10 07:37:29 AM | analyzer.0xc64fd3ff188c4f1f1e34bbff54f67d8c88175696 | State variable assignement do not exist
[INFO] | 2024-11-10 07:37:29 AM | analyzer.0xc64fd3ff188c4f1f1e34bbff54f67d8c88175696 | Processed function balanceOf
[INFO] | 2024-11-10 07:37:29 AM | analyzer.0xc64fd3ff188c4f1f1e34bbff54f67d8c88175696 | Generating return summary for transfer
[INFO] | 2024-11-10 07:37:29 AM | analyzer.0xc64fd3ff188c4f1f1e34bbff54f67d8c88175696 | Return summary generated for transfer
[INFO] | 2024-11-10 07:37:29 AM | analyzer.0xc64fd3ff188c4f1f1e34bbff54f67d8c88175696 | State variable assignement do not exist
[INFO] | 2024-11-10 07:37:29 AM | analyzer.0xc64fd3ff188c4f1f1e34bbff54f67d8c88175696 | Processed function transfer
[INFO] | 2024-11-10 07:37:29 AM | analyzer.0xc64fd3ff188c4f1f1e34bbff54f67d8c88175696 | Generating return summary for mul
[INFO] | 2024-11-10 07:37:29 AM | analyzer.0xc64fd3ff188c4f1f1e34bbff54f67d8c88175696 | Return summary generated for mul
[INFO] | 2024-11-10 07:37:29 AM | analyzer.0xc64fd3ff188c4f1f1e34bbff54f67d8c88175696 | State variable assignement do not exist
[INFO] | 2024-11-10 07:37:29 AM | analyzer.0xc64fd3ff188c4f1f1e34bbff54f67d8c88175696 | Processed function mul
[INFO] | 2024-11-10 07:37:29 AM | analyzer.0xc64fd3ff188c4f1f1e34bbff54f67d8c88175696 | Generating return summary for div
[INFO] | 2024-11-10 07:37:29 AM | analyzer.0xc64fd3ff188c4f1f1e34bbff54f67d8c88175696 | Return summary generated for div
[INFO] | 2024-11-10 07:37:29 AM | analyzer.0xc64fd3ff188c4f1f1e34bbff54f67d8c88175696 | State variable assignement do not exist
[INFO] | 2024-11-10 07:37:29 AM | analyzer.0xc64fd3ff188c4f1f1e34bbff54f67d8c88175696 | Processed function div
[INFO] | 2024-11-10 07:37:29 AM | analyzer.0xc64fd3ff188c4f1f1e34bbff54f67d8c88175696 | Generating return summary for sub
[INFO] | 2024-11-10 07:37:29 AM | analyzer.0xc64fd3ff188c4f1f1e34bbff54f67d8c88175696 | Return summary generated for sub
[INFO] | 2024-11-10 07:37:29 AM | analyzer.0xc64fd3ff188c4f1f1e34bbff54f67d8c88175696 | State variable assignement do not exist
[INFO] | 2024-11-10 07:37:29 AM | analyzer.0xc64fd3ff188c4f1f1e34bbff54f67d8c88175696 | Processed function sub
[INFO] | 2024-11-10 07:37:29 AM | analyzer.0xc64fd3ff188c4f1f1e34bbff54f67d8c88175696 | Generating return summary for add
[INFO] | 2024-11-10 07:37:29 AM | analyzer.0xc64fd3ff188c4f1f1e34bbff54f67d8c88175696 | Return summary generated for add
[INFO] | 2024-11-10 07:37:29 AM | analyzer.0xc64fd3ff188c4f1f1e34bbff54f67d8c88175696 | State variable assignement do not exist
[INFO] | 2024-11-10 07:37:29 AM | analyzer.0xc64fd3ff188c4f1f1e34bbff54f67d8c88175696 | Processed function add
[INFO] | 2024-11-10 07:37:29 AM | analyzer.0xc64fd3ff188c4f1f1e34bbff54f67d8c88175696 | Generating return summary for totalSupply
[INFO] | 2024-11-10 07:37:29 AM | analyzer.0xc64fd3ff188c4f1f1e34bbff54f67d8c88175696 | Return summary generated for totalSupply
[INFO] | 2024-11-10 07:37:29 AM | analyzer.0xc64fd3ff188c4f1f1e34bbff54f67d8c88175696 | State variable assignement do not exist
[INFO] | 2024-11-10 07:37:29 AM | analyzer.0xc64fd3ff188c4f1f1e34bbff54f67d8c88175696 | Processed function totalSupply
[INFO] | 2024-11-10 07:37:29 AM | analyzer.0xc64fd3ff188c4f1f1e34bbff54f67d8c88175696 | Generating return summary for balanceOf
[INFO] | 2024-11-10 07:37:29 AM | analyzer.0xc64fd3ff188c4f1f1e34bbff54f67d8c88175696 | Return summary generated for balanceOf
[INFO] | 2024-11-10 07:37:29 AM | analyzer.0xc64fd3ff188c4f1f1e34bbff54f67d8c88175696 | State variable assignement do not exist
[INFO] | 2024-11-10 07:37:29 AM | analyzer.0xc64fd3ff188c4f1f1e34bbff54f67d8c88175696 | Processed function balanceOf
[INFO] | 2024-11-10 07:37:29 AM | analyzer.0xc64fd3ff188c4f1f1e34bbff54f67d8c88175696 | Generating return summary for transfer
[INFO] | 2024-11-10 07:37:29 AM | analyzer.0xc64fd3ff188c4f1f1e34bbff54f67d8c88175696 | Return summary generated for transfer
[INFO] | 2024-11-10 07:37:29 AM | analyzer.0xc64fd3ff188c4f1f1e34bbff54f67d8c88175696 | State variable assignement do not exist
[INFO] | 2024-11-10 07:37:29 AM | analyzer.0xc64fd3ff188c4f1f1e34bbff54f67d8c88175696 | Processed function transfer
[INFO] | 2024-11-10 07:37:29 AM | analyzer.0xc64fd3ff188c4f1f1e34bbff54f67d8c88175696 | Generating return summary for totalSupply
[INFO] | 2024-11-10 07:37:29 AM | analyzer.0xc64fd3ff188c4f1f1e34bbff54f67d8c88175696 | Return summary generated for totalSupply
[INFO] | 2024-11-10 07:37:29 AM | analyzer.0xc64fd3ff188c4f1f1e34bbff54f67d8c88175696 | State variable assignement do not exist
[INFO] | 2024-11-10 07:37:29 AM | analyzer.0xc64fd3ff188c4f1f1e34bbff54f67d8c88175696 | Processed function totalSupply
[INFO] | 2024-11-10 07:37:29 AM | analyzer.0xc64fd3ff188c4f1f1e34bbff54f67d8c88175696 | Generating return summary for balanceOf
[INFO] | 2024-11-10 07:37:29 AM | analyzer.0xc64fd3ff188c4f1f1e34bbff54f67d8c88175696 | Return summary generated for balanceOf
[INFO] | 2024-11-10 07:37:29 AM | analyzer.0xc64fd3ff188c4f1f1e34bbff54f67d8c88175696 | State variable assignement do not exist
[INFO] | 2024-11-10 07:37:29 AM | analyzer.0xc64fd3ff188c4f1f1e34bbff54f67d8c88175696 | Processed function balanceOf
[INFO] | 2024-11-10 07:37:29 AM | analyzer.0xc64fd3ff188c4f1f1e34bbff54f67d8c88175696 | Generating return summary for totalSupply
[INFO] | 2024-11-10 07:37:29 AM | analyzer.0xc64fd3ff188c4f1f1e34bbff54f67d8c88175696 | Return summary generated for totalSupply
[INFO] | 2024-11-10 07:37:29 AM | analyzer.0xc64fd3ff188c4f1f1e34bbff54f67d8c88175696 | State variable assignement do not exist
[INFO] | 2024-11-10 07:37:29 AM | analyzer.0xc64fd3ff188c4f1f1e34bbff54f67d8c88175696 | Processed function totalSupply
[INFO] | 2024-11-10 07:37:29 AM | analyzer.0xc64fd3ff188c4f1f1e34bbff54f67d8c88175696 | Generating return summary for balanceOf
[INFO] | 2024-11-10 07:37:29 AM | analyzer.0xc64fd3ff188c4f1f1e34bbff54f67d8c88175696 | Return summary generated for balanceOf
[INFO] | 2024-11-10 07:37:29 AM | analyzer.0xc64fd3ff188c4f1f1e34bbff54f67d8c88175696 | State variable assignement do not exist
[INFO] | 2024-11-10 07:37:29 AM | analyzer.0xc64fd3ff188c4f1f1e34bbff54f67d8c88175696 | Processed function balanceOf
[INFO] | 2024-11-10 07:37:29 AM | analyzer.0xc64fd3ff188c4f1f1e34bbff54f67d8c88175696 | Generating return summary for transfer
[INFO] | 2024-11-10 07:37:29 AM | analyzer.0xc64fd3ff188c4f1f1e34bbff54f67d8c88175696 | Return summary generated for transfer
[INFO] | 2024-11-10 07:37:29 AM | analyzer.0xc64fd3ff188c4f1f1e34bbff54f67d8c88175696 | State variable assignement do not exist
[INFO] | 2024-11-10 07:37:29 AM | analyzer.0xc64fd3ff188c4f1f1e34bbff54f67d8c88175696 | Processed function transfer
[INFO] | 2024-11-10 07:37:29 AM | analyzer.0xc64fd3ff188c4f1f1e34bbff54f67d8c88175696 | Generating return summary for allowance
[INFO] | 2024-11-10 07:37:29 AM | analyzer.0xc64fd3ff188c4f1f1e34bbff54f67d8c88175696 | Return summary generated for allowance
[INFO] | 2024-11-10 07:37:29 AM | analyzer.0xc64fd3ff188c4f1f1e34bbff54f67d8c88175696 | State variable assignement do not exist
[INFO] | 2024-11-10 07:37:29 AM | analyzer.0xc64fd3ff188c4f1f1e34bbff54f67d8c88175696 | Processed function allowance
[INFO] | 2024-11-10 07:37:29 AM | analyzer.0xc64fd3ff188c4f1f1e34bbff54f67d8c88175696 | Generating return summary for transferFrom
[INFO] | 2024-11-10 07:37:29 AM | analyzer.0xc64fd3ff188c4f1f1e34bbff54f67d8c88175696 | Return summary generated for transferFrom
[INFO] | 2024-11-10 07:37:29 AM | analyzer.0xc64fd3ff188c4f1f1e34bbff54f67d8c88175696 | State variable assignement do not exist
[INFO] | 2024-11-10 07:37:29 AM | analyzer.0xc64fd3ff188c4f1f1e34bbff54f67d8c88175696 | Processed function transferFrom
[INFO] | 2024-11-10 07:37:29 AM | analyzer.0xc64fd3ff188c4f1f1e34bbff54f67d8c88175696 | Generating return summary for approve
[INFO] | 2024-11-10 07:37:29 AM | analyzer.0xc64fd3ff188c4f1f1e34bbff54f67d8c88175696 | Return summary generated for approve
[INFO] | 2024-11-10 07:37:29 AM | analyzer.0xc64fd3ff188c4f1f1e34bbff54f67d8c88175696 | State variable assignement do not exist
[INFO] | 2024-11-10 07:37:29 AM | analyzer.0xc64fd3ff188c4f1f1e34bbff54f67d8c88175696 | Processed function approve
[INFO] | 2024-11-10 07:37:29 AM | analyzer.0xc64fd3ff188c4f1f1e34bbff54f67d8c88175696 | Generating return summary for totalSupply
[INFO] | 2024-11-10 07:37:29 AM | analyzer.0xc64fd3ff188c4f1f1e34bbff54f67d8c88175696 | Return summary generated for totalSupply
[INFO] | 2024-11-10 07:37:29 AM | analyzer.0xc64fd3ff188c4f1f1e34bbff54f67d8c88175696 | State variable assignement do not exist
[INFO] | 2024-11-10 07:37:29 AM | analyzer.0xc64fd3ff188c4f1f1e34bbff54f67d8c88175696 | Processed function totalSupply
[INFO] | 2024-11-10 07:37:29 AM | analyzer.0xc64fd3ff188c4f1f1e34bbff54f67d8c88175696 | Generating return summary for balanceOf
[INFO] | 2024-11-10 07:37:29 AM | analyzer.0xc64fd3ff188c4f1f1e34bbff54f67d8c88175696 | Return summary generated for balanceOf
[INFO] | 2024-11-10 07:37:29 AM | analyzer.0xc64fd3ff188c4f1f1e34bbff54f67d8c88175696 | State variable assignement do not exist
[INFO] | 2024-11-10 07:37:29 AM | analyzer.0xc64fd3ff188c4f1f1e34bbff54f67d8c88175696 | Processed function balanceOf
[INFO] | 2024-11-10 07:37:29 AM | analyzer.0xc64fd3ff188c4f1f1e34bbff54f67d8c88175696 | Generating return summary for transfer
[INFO] | 2024-11-10 07:37:29 AM | analyzer.0xc64fd3ff188c4f1f1e34bbff54f67d8c88175696 | Return summary generated for transfer
[INFO] | 2024-11-10 07:37:29 AM | analyzer.0xc64fd3ff188c4f1f1e34bbff54f67d8c88175696 | State variable assignement do not exist
[INFO] | 2024-11-10 07:37:29 AM | analyzer.0xc64fd3ff188c4f1f1e34bbff54f67d8c88175696 | Processed function transfer
[INFO] | 2024-11-10 07:37:29 AM | analyzer.0xc64fd3ff188c4f1f1e34bbff54f67d8c88175696 | Generating return summary for totalSupply
[INFO] | 2024-11-10 07:37:29 AM | analyzer.0xc64fd3ff188c4f1f1e34bbff54f67d8c88175696 | Return summary generated for totalSupply
[INFO] | 2024-11-10 07:37:29 AM | analyzer.0xc64fd3ff188c4f1f1e34bbff54f67d8c88175696 | State variable assignement do not exist
[INFO] | 2024-11-10 07:37:29 AM | analyzer.0xc64fd3ff188c4f1f1e34bbff54f67d8c88175696 | Processed function totalSupply
[INFO] | 2024-11-10 07:37:29 AM | analyzer.0xc64fd3ff188c4f1f1e34bbff54f67d8c88175696 | Generating return summary for balanceOf
[INFO] | 2024-11-10 07:37:29 AM | analyzer.0xc64fd3ff188c4f1f1e34bbff54f67d8c88175696 | Return summary generated for balanceOf
[INFO] | 2024-11-10 07:37:29 AM | analyzer.0xc64fd3ff188c4f1f1e34bbff54f67d8c88175696 | State variable assignement do not exist
[INFO] | 2024-11-10 07:37:29 AM | analyzer.0xc64fd3ff188c4f1f1e34bbff54f67d8c88175696 | Processed function balanceOf
[INFO] | 2024-11-10 07:37:29 AM | analyzer.0xc64fd3ff188c4f1f1e34bbff54f67d8c88175696 | Generating return summary for allowance
[INFO] | 2024-11-10 07:37:29 AM | analyzer.0xc64fd3ff188c4f1f1e34bbff54f67d8c88175696 | Return summary generated for allowance
[INFO] | 2024-11-10 07:37:29 AM | analyzer.0xc64fd3ff188c4f1f1e34bbff54f67d8c88175696 | State variable assignement do not exist
[INFO] | 2024-11-10 07:37:29 AM | analyzer.0xc64fd3ff188c4f1f1e34bbff54f67d8c88175696 | Processed function allowance
[INFO] | 2024-11-10 07:37:29 AM | analyzer.0xc64fd3ff188c4f1f1e34bbff54f67d8c88175696 | Generating return summary for transferFrom
[INFO] | 2024-11-10 07:37:29 AM | analyzer.0xc64fd3ff188c4f1f1e34bbff54f67d8c88175696 | Return summary generated for transferFrom
[INFO] | 2024-11-10 07:37:29 AM | analyzer.0xc64fd3ff188c4f1f1e34bbff54f67d8c88175696 | State variable assignement do not exist
[INFO] | 2024-11-10 07:37:29 AM | analyzer.0xc64fd3ff188c4f1f1e34bbff54f67d8c88175696 | Processed function transferFrom
[INFO] | 2024-11-10 07:37:29 AM | analyzer.0xc64fd3ff188c4f1f1e34bbff54f67d8c88175696 | Generating return summary for approve
[INFO] | 2024-11-10 07:37:29 AM | analyzer.0xc64fd3ff188c4f1f1e34bbff54f67d8c88175696 | Return summary generated for approve
[INFO] | 2024-11-10 07:37:29 AM | analyzer.0xc64fd3ff188c4f1f1e34bbff54f67d8c88175696 | State variable assignement do not exist
[INFO] | 2024-11-10 07:37:29 AM | analyzer.0xc64fd3ff188c4f1f1e34bbff54f67d8c88175696 | Processed function approve
[INFO] | 2024-11-10 07:37:29 AM | analyzer.0xc64fd3ff188c4f1f1e34bbff54f67d8c88175696 | Generating return summary for approve
[INFO] | 2024-11-10 07:37:29 AM | analyzer.0xc64fd3ff188c4f1f1e34bbff54f67d8c88175696 | Return summary generated for approve
[INFO] | 2024-11-10 07:37:29 AM | analyzer.0xc64fd3ff188c4f1f1e34bbff54f67d8c88175696 | Range graph generated
[INFO] | 2024-11-10 07:37:29 AM | analyzer.0xc64fd3ff188c4f1f1e34bbff54f67d8c88175696 | Processed function approve
[INFO] | 2024-11-10 07:37:29 AM | analyzer.0xc64fd3ff188c4f1f1e34bbff54f67d8c88175696 | Generating return summary for allowance
[INFO] | 2024-11-10 07:37:29 AM | analyzer.0xc64fd3ff188c4f1f1e34bbff54f67d8c88175696 | Return summary generated for allowance
[INFO] | 2024-11-10 07:37:29 AM | analyzer.0xc64fd3ff188c4f1f1e34bbff54f67d8c88175696 | State variable assignement do not exist
[INFO] | 2024-11-10 07:37:29 AM | analyzer.0xc64fd3ff188c4f1f1e34bbff54f67d8c88175696 | Processed function allowance
[INFO] | 2024-11-10 07:37:29 AM | analyzer.0xc64fd3ff188c4f1f1e34bbff54f67d8c88175696 | Generating return summary for Ownable
[INFO] | 2024-11-10 07:37:29 AM | analyzer.0xc64fd3ff188c4f1f1e34bbff54f67d8c88175696 | Return summary generated for Ownable
[INFO] | 2024-11-10 07:37:29 AM | analyzer.0xc64fd3ff188c4f1f1e34bbff54f67d8c88175696 | Range graph generated
[INFO] | 2024-11-10 07:37:29 AM | analyzer.0xc64fd3ff188c4f1f1e34bbff54f67d8c88175696 | Processed function Ownable
[INFO] | 2024-11-10 07:37:29 AM | analyzer.0xc64fd3ff188c4f1f1e34bbff54f67d8c88175696 | Generating return summary for onlyOwner
[INFO] | 2024-11-10 07:37:29 AM | analyzer.0xc64fd3ff188c4f1f1e34bbff54f67d8c88175696 | Return summary generated for onlyOwner
[INFO] | 2024-11-10 07:37:29 AM | analyzer.0xc64fd3ff188c4f1f1e34bbff54f67d8c88175696 | State variable assignement do not exist
[INFO] | 2024-11-10 07:37:29 AM | analyzer.0xc64fd3ff188c4f1f1e34bbff54f67d8c88175696 | Processed function onlyOwner
[INFO] | 2024-11-10 07:37:29 AM | analyzer.0xc64fd3ff188c4f1f1e34bbff54f67d8c88175696 | Generating return summary for Ownable
[INFO] | 2024-11-10 07:37:29 AM | analyzer.0xc64fd3ff188c4f1f1e34bbff54f67d8c88175696 | Return summary generated for Ownable
[INFO] | 2024-11-10 07:37:29 AM | analyzer.0xc64fd3ff188c4f1f1e34bbff54f67d8c88175696 | Range graph generated
[INFO] | 2024-11-10 07:37:29 AM | analyzer.0xc64fd3ff188c4f1f1e34bbff54f67d8c88175696 | Processed function Ownable
[INFO] | 2024-11-10 07:37:29 AM | analyzer.0xc64fd3ff188c4f1f1e34bbff54f67d8c88175696 | Generating return summary for isWhitelisted
[INFO] | 2024-11-10 07:37:29 AM | analyzer.0xc64fd3ff188c4f1f1e34bbff54f67d8c88175696 | Return summary generated for isWhitelisted
[INFO] | 2024-11-10 07:37:29 AM | analyzer.0xc64fd3ff188c4f1f1e34bbff54f67d8c88175696 | State variable assignement do not exist
[INFO] | 2024-11-10 07:37:29 AM | analyzer.0xc64fd3ff188c4f1f1e34bbff54f67d8c88175696 | Processed function isWhitelisted
[INFO] | 2024-11-10 07:37:29 AM | analyzer.0xc64fd3ff188c4f1f1e34bbff54f67d8c88175696 | Generating return summary for onlyOwner
[INFO] | 2024-11-10 07:37:29 AM | analyzer.0xc64fd3ff188c4f1f1e34bbff54f67d8c88175696 | Return summary generated for onlyOwner
[INFO] | 2024-11-10 07:37:29 AM | analyzer.0xc64fd3ff188c4f1f1e34bbff54f67d8c88175696 | State variable assignement do not exist
[INFO] | 2024-11-10 07:37:29 AM | analyzer.0xc64fd3ff188c4f1f1e34bbff54f67d8c88175696 | Processed function onlyOwner
[INFO] | 2024-11-10 07:37:29 AM | analyzer.0xc64fd3ff188c4f1f1e34bbff54f67d8c88175696 | Generating return summary for Ownable
[INFO] | 2024-11-10 07:37:29 AM | analyzer.0xc64fd3ff188c4f1f1e34bbff54f67d8c88175696 | Return summary generated for Ownable
[INFO] | 2024-11-10 07:37:29 AM | analyzer.0xc64fd3ff188c4f1f1e34bbff54f67d8c88175696 | Range graph generated
[INFO] | 2024-11-10 07:37:29 AM | analyzer.0xc64fd3ff188c4f1f1e34bbff54f67d8c88175696 | Processed function Ownable
[INFO] | 2024-11-10 07:37:29 AM | analyzer.0xc64fd3ff188c4f1f1e34bbff54f67d8c88175696 | Generating return summary for isLocked
[INFO] | 2024-11-10 07:37:29 AM | analyzer.0xc64fd3ff188c4f1f1e34bbff54f67d8c88175696 | Return summary generated for isLocked
[INFO] | 2024-11-10 07:37:29 AM | analyzer.0xc64fd3ff188c4f1f1e34bbff54f67d8c88175696 | State variable assignement do not exist
[INFO] | 2024-11-10 07:37:29 AM | analyzer.0xc64fd3ff188c4f1f1e34bbff54f67d8c88175696 | Processed function isLocked
[INFO] | 2024-11-10 07:37:29 AM | analyzer.0xc64fd3ff188c4f1f1e34bbff54f67d8c88175696 | Generating return summary for LockingContract
[INFO] | 2024-11-10 07:37:29 AM | analyzer.0xc64fd3ff188c4f1f1e34bbff54f67d8c88175696 | Return summary generated for LockingContract
[INFO] | 2024-11-10 07:37:29 AM | analyzer.0xc64fd3ff188c4f1f1e34bbff54f67d8c88175696 | Range graph generated
[INFO] | 2024-11-10 07:37:29 AM | analyzer.0xc64fd3ff188c4f1f1e34bbff54f67d8c88175696 | Processed function LockingContract
[INFO] | 2024-11-10 07:37:29 AM | analyzer.0xc64fd3ff188c4f1f1e34bbff54f67d8c88175696 | Generating return summary for balanceOf
[INFO] | 2024-11-10 07:37:29 AM | analyzer.0xc64fd3ff188c4f1f1e34bbff54f67d8c88175696 | Return summary generated for balanceOf
[INFO] | 2024-11-10 07:37:29 AM | analyzer.0xc64fd3ff188c4f1f1e34bbff54f67d8c88175696 | State variable assignement do not exist
[INFO] | 2024-11-10 07:37:29 AM | analyzer.0xc64fd3ff188c4f1f1e34bbff54f67d8c88175696 | Processed function balanceOf
[INFO] | 2024-11-10 07:37:29 AM | analyzer.0xc64fd3ff188c4f1f1e34bbff54f67d8c88175696 | Generating return summary for onlyOwner
[INFO] | 2024-11-10 07:37:29 AM | analyzer.0xc64fd3ff188c4f1f1e34bbff54f67d8c88175696 | Return summary generated for onlyOwner
[INFO] | 2024-11-10 07:37:29 AM | analyzer.0xc64fd3ff188c4f1f1e34bbff54f67d8c88175696 | State variable assignement do not exist
[INFO] | 2024-11-10 07:37:29 AM | analyzer.0xc64fd3ff188c4f1f1e34bbff54f67d8c88175696 | Processed function onlyOwner
[INFO] | 2024-11-10 07:37:29 AM | analyzer.0xc64fd3ff188c4f1f1e34bbff54f67d8c88175696 | Generating return summary for onlyWhenLocked
[INFO] | 2024-11-10 07:37:29 AM | analyzer.0xc64fd3ff188c4f1f1e34bbff54f67d8c88175696 | Return summary generated for onlyWhenLocked
[INFO] | 2024-11-10 07:37:29 AM | analyzer.0xc64fd3ff188c4f1f1e34bbff54f67d8c88175696 | State variable assignement do not exist
[INFO] | 2024-11-10 07:37:29 AM | analyzer.0xc64fd3ff188c4f1f1e34bbff54f67d8c88175696 | Processed function onlyWhenLocked
[INFO] | 2024-11-10 07:37:29 AM | analyzer.0xc64fd3ff188c4f1f1e34bbff54f67d8c88175696 | Generating return summary for onlyWhenUnlocked
[INFO] | 2024-11-10 07:37:29 AM | analyzer.0xc64fd3ff188c4f1f1e34bbff54f67d8c88175696 | Return summary generated for onlyWhenUnlocked
[INFO] | 2024-11-10 07:37:29 AM | analyzer.0xc64fd3ff188c4f1f1e34bbff54f67d8c88175696 | State variable assignement do not exist
[INFO] | 2024-11-10 07:37:29 AM | analyzer.0xc64fd3ff188c4f1f1e34bbff54f67d8c88175696 | Processed function onlyWhenUnlocked
[INFO] | 2024-11-10 07:37:29 AM | analyzer.0xc64fd3ff188c4f1f1e34bbff54f67d8c88175696 | Generating return summary for Ownable
[INFO] | 2024-11-10 07:37:29 AM | analyzer.0xc64fd3ff188c4f1f1e34bbff54f67d8c88175696 | Return summary generated for Ownable
[INFO] | 2024-11-10 07:37:29 AM | analyzer.0xc64fd3ff188c4f1f1e34bbff54f67d8c88175696 | Range graph generated
[INFO] | 2024-11-10 07:37:29 AM | analyzer.0xc64fd3ff188c4f1f1e34bbff54f67d8c88175696 | Processed function Ownable
[INFO] | 2024-11-10 07:37:29 AM | analyzer.0xc64fd3ff188c4f1f1e34bbff54f67d8c88175696 | Generating return summary for totalSupply
[INFO] | 2024-11-10 07:37:29 AM | analyzer.0xc64fd3ff188c4f1f1e34bbff54f67d8c88175696 | Return summary generated for totalSupply
[INFO] | 2024-11-10 07:37:29 AM | analyzer.0xc64fd3ff188c4f1f1e34bbff54f67d8c88175696 | State variable assignement do not exist
[INFO] | 2024-11-10 07:37:29 AM | analyzer.0xc64fd3ff188c4f1f1e34bbff54f67d8c88175696 | Processed function totalSupply
[INFO] | 2024-11-10 07:37:29 AM | analyzer.0xc64fd3ff188c4f1f1e34bbff54f67d8c88175696 | Generating return summary for balanceOf
[INFO] | 2024-11-10 07:37:29 AM | analyzer.0xc64fd3ff188c4f1f1e34bbff54f67d8c88175696 | Return summary generated for balanceOf
[INFO] | 2024-11-10 07:37:29 AM | analyzer.0xc64fd3ff188c4f1f1e34bbff54f67d8c88175696 | State variable assignement do not exist
[INFO] | 2024-11-10 07:37:29 AM | analyzer.0xc64fd3ff188c4f1f1e34bbff54f67d8c88175696 | Processed function balanceOf
[INFO] | 2024-11-10 07:37:29 AM | analyzer.0xc64fd3ff188c4f1f1e34bbff54f67d8c88175696 | Generating return summary for transfer
[INFO] | 2024-11-10 07:37:29 AM | analyzer.0xc64fd3ff188c4f1f1e34bbff54f67d8c88175696 | Return summary generated for transfer
[INFO] | 2024-11-10 07:37:29 AM | analyzer.0xc64fd3ff188c4f1f1e34bbff54f67d8c88175696 | State variable assignement do not exist
[INFO] | 2024-11-10 07:37:29 AM | analyzer.0xc64fd3ff188c4f1f1e34bbff54f67d8c88175696 | Processed function transfer
[INFO] | 2024-11-10 07:37:29 AM | analyzer.0xc64fd3ff188c4f1f1e34bbff54f67d8c88175696 | Generating return summary for totalSupply
[INFO] | 2024-11-10 07:37:29 AM | analyzer.0xc64fd3ff188c4f1f1e34bbff54f67d8c88175696 | Return summary generated for totalSupply
[INFO] | 2024-11-10 07:37:29 AM | analyzer.0xc64fd3ff188c4f1f1e34bbff54f67d8c88175696 | State variable assignement do not exist
[INFO] | 2024-11-10 07:37:29 AM | analyzer.0xc64fd3ff188c4f1f1e34bbff54f67d8c88175696 | Processed function totalSupply
[INFO] | 2024-11-10 07:37:29 AM | analyzer.0xc64fd3ff188c4f1f1e34bbff54f67d8c88175696 | Generating return summary for balanceOf
[INFO] | 2024-11-10 07:37:29 AM | analyzer.0xc64fd3ff188c4f1f1e34bbff54f67d8c88175696 | Return summary generated for balanceOf
[INFO] | 2024-11-10 07:37:29 AM | analyzer.0xc64fd3ff188c4f1f1e34bbff54f67d8c88175696 | State variable assignement do not exist
[INFO] | 2024-11-10 07:37:29 AM | analyzer.0xc64fd3ff188c4f1f1e34bbff54f67d8c88175696 | Processed function balanceOf
[INFO] | 2024-11-10 07:37:29 AM | analyzer.0xc64fd3ff188c4f1f1e34bbff54f67d8c88175696 | Generating return summary for allowance
[INFO] | 2024-11-10 07:37:29 AM | analyzer.0xc64fd3ff188c4f1f1e34bbff54f67d8c88175696 | Return summary generated for allowance
[INFO] | 2024-11-10 07:37:29 AM | analyzer.0xc64fd3ff188c4f1f1e34bbff54f67d8c88175696 | State variable assignement do not exist
[INFO] | 2024-11-10 07:37:29 AM | analyzer.0xc64fd3ff188c4f1f1e34bbff54f67d8c88175696 | Processed function allowance
[INFO] | 2024-11-10 07:37:29 AM | analyzer.0xc64fd3ff188c4f1f1e34bbff54f67d8c88175696 | Generating return summary for transferFrom
[INFO] | 2024-11-10 07:37:29 AM | analyzer.0xc64fd3ff188c4f1f1e34bbff54f67d8c88175696 | Return summary generated for transferFrom
[INFO] | 2024-11-10 07:37:29 AM | analyzer.0xc64fd3ff188c4f1f1e34bbff54f67d8c88175696 | State variable assignement do not exist
[INFO] | 2024-11-10 07:37:29 AM | analyzer.0xc64fd3ff188c4f1f1e34bbff54f67d8c88175696 | Processed function transferFrom
[INFO] | 2024-11-10 07:37:29 AM | analyzer.0xc64fd3ff188c4f1f1e34bbff54f67d8c88175696 | Generating return summary for approve
[INFO] | 2024-11-10 07:37:29 AM | analyzer.0xc64fd3ff188c4f1f1e34bbff54f67d8c88175696 | Return summary generated for approve
[INFO] | 2024-11-10 07:37:29 AM | analyzer.0xc64fd3ff188c4f1f1e34bbff54f67d8c88175696 | State variable assignement do not exist
[INFO] | 2024-11-10 07:37:29 AM | analyzer.0xc64fd3ff188c4f1f1e34bbff54f67d8c88175696 | Processed function approve
[INFO] | 2024-11-10 07:37:29 AM | analyzer.0xc64fd3ff188c4f1f1e34bbff54f67d8c88175696 | Generating return summary for approve
[INFO] | 2024-11-10 07:37:29 AM | analyzer.0xc64fd3ff188c4f1f1e34bbff54f67d8c88175696 | Return summary generated for approve
[INFO] | 2024-11-10 07:37:29 AM | analyzer.0xc64fd3ff188c4f1f1e34bbff54f67d8c88175696 | Range graph generated
[INFO] | 2024-11-10 07:37:29 AM | analyzer.0xc64fd3ff188c4f1f1e34bbff54f67d8c88175696 | Processed function approve
[INFO] | 2024-11-10 07:37:29 AM | analyzer.0xc64fd3ff188c4f1f1e34bbff54f67d8c88175696 | Generating return summary for allowance
[INFO] | 2024-11-10 07:37:29 AM | analyzer.0xc64fd3ff188c4f1f1e34bbff54f67d8c88175696 | Return summary generated for allowance
[INFO] | 2024-11-10 07:37:29 AM | analyzer.0xc64fd3ff188c4f1f1e34bbff54f67d8c88175696 | State variable assignement do not exist
[INFO] | 2024-11-10 07:37:29 AM | analyzer.0xc64fd3ff188c4f1f1e34bbff54f67d8c88175696 | Processed function allowance
[INFO] | 2024-11-10 07:37:29 AM | analyzer.0xc64fd3ff188c4f1f1e34bbff54f67d8c88175696 | Generating return summary for slitherConstructorVariables
[INFO] | 2024-11-10 07:37:29 AM | analyzer.0xc64fd3ff188c4f1f1e34bbff54f67d8c88175696 | Return summary generated for slitherConstructorVariables
[INFO] | 2024-11-10 07:37:29 AM | analyzer.0xc64fd3ff188c4f1f1e34bbff54f67d8c88175696 | Range graph generated
[INFO] | 2024-11-10 07:37:29 AM | analyzer.0xc64fd3ff188c4f1f1e34bbff54f67d8c88175696 | Processed function slitherConstructorVariables
[INFO] | 2024-11-10 07:37:29 AM | analyzer.0xc64fd3ff188c4f1f1e34bbff54f67d8c88175696 | Generating return summary for onlyOwner
[INFO] | 2024-11-10 07:37:29 AM | analyzer.0xc64fd3ff188c4f1f1e34bbff54f67d8c88175696 | Return summary generated for onlyOwner
[INFO] | 2024-11-10 07:37:29 AM | analyzer.0xc64fd3ff188c4f1f1e34bbff54f67d8c88175696 | State variable assignement do not exist
[INFO] | 2024-11-10 07:37:29 AM | analyzer.0xc64fd3ff188c4f1f1e34bbff54f67d8c88175696 | Processed function onlyOwner
[INFO] | 2024-11-10 07:37:29 AM | analyzer.0xc64fd3ff188c4f1f1e34bbff54f67d8c88175696 | Generating return summary for canMint
[INFO] | 2024-11-10 07:37:29 AM | analyzer.0xc64fd3ff188c4f1f1e34bbff54f67d8c88175696 | Return summary generated for canMint
[INFO] | 2024-11-10 07:37:29 AM | analyzer.0xc64fd3ff188c4f1f1e34bbff54f67d8c88175696 | State variable assignement do not exist
[INFO] | 2024-11-10 07:37:29 AM | analyzer.0xc64fd3ff188c4f1f1e34bbff54f67d8c88175696 | Processed function canMint
[INFO] | 2024-11-10 07:37:29 AM | analyzer.0xc64fd3ff188c4f1f1e34bbff54f67d8c88175696 | Generating return summary for Ownable
[INFO] | 2024-11-10 07:37:29 AM | analyzer.0xc64fd3ff188c4f1f1e34bbff54f67d8c88175696 | Return summary generated for Ownable
[INFO] | 2024-11-10 07:37:29 AM | analyzer.0xc64fd3ff188c4f1f1e34bbff54f67d8c88175696 | Range graph generated
[INFO] | 2024-11-10 07:37:29 AM | analyzer.0xc64fd3ff188c4f1f1e34bbff54f67d8c88175696 | Processed function Ownable
[INFO] | 2024-11-10 07:37:29 AM | analyzer.0xc64fd3ff188c4f1f1e34bbff54f67d8c88175696 | Generating return summary for totalSupply
[INFO] | 2024-11-10 07:37:29 AM | analyzer.0xc64fd3ff188c4f1f1e34bbff54f67d8c88175696 | Return summary generated for totalSupply
[INFO] | 2024-11-10 07:37:29 AM | analyzer.0xc64fd3ff188c4f1f1e34bbff54f67d8c88175696 | State variable assignement do not exist
[INFO] | 2024-11-10 07:37:29 AM | analyzer.0xc64fd3ff188c4f1f1e34bbff54f67d8c88175696 | Processed function totalSupply
[INFO] | 2024-11-10 07:37:29 AM | analyzer.0xc64fd3ff188c4f1f1e34bbff54f67d8c88175696 | Generating return summary for balanceOf
[INFO] | 2024-11-10 07:37:29 AM | analyzer.0xc64fd3ff188c4f1f1e34bbff54f67d8c88175696 | Return summary generated for balanceOf
[INFO] | 2024-11-10 07:37:29 AM | analyzer.0xc64fd3ff188c4f1f1e34bbff54f67d8c88175696 | State variable assignement do not exist
[INFO] | 2024-11-10 07:37:29 AM | analyzer.0xc64fd3ff188c4f1f1e34bbff54f67d8c88175696 | Processed function balanceOf
[INFO] | 2024-11-10 07:37:29 AM | analyzer.0xc64fd3ff188c4f1f1e34bbff54f67d8c88175696 | Generating return summary for transfer
[INFO] | 2024-11-10 07:37:29 AM | analyzer.0xc64fd3ff188c4f1f1e34bbff54f67d8c88175696 | Return summary generated for transfer
[INFO] | 2024-11-10 07:37:29 AM | analyzer.0xc64fd3ff188c4f1f1e34bbff54f67d8c88175696 | State variable assignement do not exist
[INFO] | 2024-11-10 07:37:29 AM | analyzer.0xc64fd3ff188c4f1f1e34bbff54f67d8c88175696 | Processed function transfer
[INFO] | 2024-11-10 07:37:29 AM | analyzer.0xc64fd3ff188c4f1f1e34bbff54f67d8c88175696 | Generating return summary for totalSupply
[INFO] | 2024-11-10 07:37:29 AM | analyzer.0xc64fd3ff188c4f1f1e34bbff54f67d8c88175696 | Return summary generated for totalSupply
[INFO] | 2024-11-10 07:37:29 AM | analyzer.0xc64fd3ff188c4f1f1e34bbff54f67d8c88175696 | State variable assignement do not exist
[INFO] | 2024-11-10 07:37:29 AM | analyzer.0xc64fd3ff188c4f1f1e34bbff54f67d8c88175696 | Processed function totalSupply
[INFO] | 2024-11-10 07:37:29 AM | analyzer.0xc64fd3ff188c4f1f1e34bbff54f67d8c88175696 | Generating return summary for balanceOf
[INFO] | 2024-11-10 07:37:29 AM | analyzer.0xc64fd3ff188c4f1f1e34bbff54f67d8c88175696 | Return summary generated for balanceOf
[INFO] | 2024-11-10 07:37:29 AM | analyzer.0xc64fd3ff188c4f1f1e34bbff54f67d8c88175696 | State variable assignement do not exist
[INFO] | 2024-11-10 07:37:29 AM | analyzer.0xc64fd3ff188c4f1f1e34bbff54f67d8c88175696 | Processed function balanceOf
[INFO] | 2024-11-10 07:37:29 AM | analyzer.0xc64fd3ff188c4f1f1e34bbff54f67d8c88175696 | Generating return summary for allowance
[INFO] | 2024-11-10 07:37:29 AM | analyzer.0xc64fd3ff188c4f1f1e34bbff54f67d8c88175696 | Return summary generated for allowance
[INFO] | 2024-11-10 07:37:29 AM | analyzer.0xc64fd3ff188c4f1f1e34bbff54f67d8c88175696 | State variable assignement do not exist
[INFO] | 2024-11-10 07:37:29 AM | analyzer.0xc64fd3ff188c4f1f1e34bbff54f67d8c88175696 | Processed function allowance
[INFO] | 2024-11-10 07:37:29 AM | analyzer.0xc64fd3ff188c4f1f1e34bbff54f67d8c88175696 | Generating return summary for transferFrom
[INFO] | 2024-11-10 07:37:29 AM | analyzer.0xc64fd3ff188c4f1f1e34bbff54f67d8c88175696 | Return summary generated for transferFrom
[INFO] | 2024-11-10 07:37:29 AM | analyzer.0xc64fd3ff188c4f1f1e34bbff54f67d8c88175696 | State variable assignement do not exist
[INFO] | 2024-11-10 07:37:29 AM | analyzer.0xc64fd3ff188c4f1f1e34bbff54f67d8c88175696 | Processed function transferFrom
[INFO] | 2024-11-10 07:37:29 AM | analyzer.0xc64fd3ff188c4f1f1e34bbff54f67d8c88175696 | Generating return summary for approve
[INFO] | 2024-11-10 07:37:29 AM | analyzer.0xc64fd3ff188c4f1f1e34bbff54f67d8c88175696 | Return summary generated for approve
[INFO] | 2024-11-10 07:37:29 AM | analyzer.0xc64fd3ff188c4f1f1e34bbff54f67d8c88175696 | State variable assignement do not exist
[INFO] | 2024-11-10 07:37:29 AM | analyzer.0xc64fd3ff188c4f1f1e34bbff54f67d8c88175696 | Processed function approve
[INFO] | 2024-11-10 07:37:29 AM | analyzer.0xc64fd3ff188c4f1f1e34bbff54f67d8c88175696 | Generating return summary for approve
[INFO] | 2024-11-10 07:37:29 AM | analyzer.0xc64fd3ff188c4f1f1e34bbff54f67d8c88175696 | Return summary generated for approve
[INFO] | 2024-11-10 07:37:29 AM | analyzer.0xc64fd3ff188c4f1f1e34bbff54f67d8c88175696 | Range graph generated
[INFO] | 2024-11-10 07:37:29 AM | analyzer.0xc64fd3ff188c4f1f1e34bbff54f67d8c88175696 | Processed function approve
[INFO] | 2024-11-10 07:37:29 AM | analyzer.0xc64fd3ff188c4f1f1e34bbff54f67d8c88175696 | Generating return summary for allowance
[INFO] | 2024-11-10 07:37:29 AM | analyzer.0xc64fd3ff188c4f1f1e34bbff54f67d8c88175696 | Return summary generated for allowance
[INFO] | 2024-11-10 07:37:29 AM | analyzer.0xc64fd3ff188c4f1f1e34bbff54f67d8c88175696 | State variable assignement do not exist
[INFO] | 2024-11-10 07:37:29 AM | analyzer.0xc64fd3ff188c4f1f1e34bbff54f67d8c88175696 | Processed function allowance
[INFO] | 2024-11-10 07:37:29 AM | analyzer.0xc64fd3ff188c4f1f1e34bbff54f67d8c88175696 | Generating return summary for CrowdfundableToken
[INFO] | 2024-11-10 07:37:29 AM | analyzer.0xc64fd3ff188c4f1f1e34bbff54f67d8c88175696 | Return summary generated for CrowdfundableToken
[INFO] | 2024-11-10 07:37:29 AM | analyzer.0xc64fd3ff188c4f1f1e34bbff54f67d8c88175696 | Range graph generated
[INFO] | 2024-11-10 07:37:29 AM | analyzer.0xc64fd3ff188c4f1f1e34bbff54f67d8c88175696 | Processed function CrowdfundableToken
[INFO] | 2024-11-10 07:37:29 AM | analyzer.0xc64fd3ff188c4f1f1e34bbff54f67d8c88175696 | Generating return summary for slitherConstructorVariables
[INFO] | 2024-11-10 07:37:29 AM | analyzer.0xc64fd3ff188c4f1f1e34bbff54f67d8c88175696 | Return summary generated for slitherConstructorVariables
[INFO] | 2024-11-10 07:37:29 AM | analyzer.0xc64fd3ff188c4f1f1e34bbff54f67d8c88175696 | Range graph generated
[INFO] | 2024-11-10 07:37:29 AM | analyzer.0xc64fd3ff188c4f1f1e34bbff54f67d8c88175696 | Processed function slitherConstructorVariables
[INFO] | 2024-11-10 07:37:29 AM | analyzer.0xc64fd3ff188c4f1f1e34bbff54f67d8c88175696 | Generating return summary for onlyOwner
[INFO] | 2024-11-10 07:37:29 AM | analyzer.0xc64fd3ff188c4f1f1e34bbff54f67d8c88175696 | Return summary generated for onlyOwner
[INFO] | 2024-11-10 07:37:29 AM | analyzer.0xc64fd3ff188c4f1f1e34bbff54f67d8c88175696 | State variable assignement do not exist
[INFO] | 2024-11-10 07:37:29 AM | analyzer.0xc64fd3ff188c4f1f1e34bbff54f67d8c88175696 | Processed function onlyOwner
[INFO] | 2024-11-10 07:37:29 AM | analyzer.0xc64fd3ff188c4f1f1e34bbff54f67d8c88175696 | Generating return summary for canMint
[INFO] | 2024-11-10 07:37:29 AM | analyzer.0xc64fd3ff188c4f1f1e34bbff54f67d8c88175696 | Return summary generated for canMint
[INFO] | 2024-11-10 07:37:29 AM | analyzer.0xc64fd3ff188c4f1f1e34bbff54f67d8c88175696 | State variable assignement do not exist
[INFO] | 2024-11-10 07:37:29 AM | analyzer.0xc64fd3ff188c4f1f1e34bbff54f67d8c88175696 | Processed function canMint
[INFO] | 2024-11-10 07:37:29 AM | analyzer.0xc64fd3ff188c4f1f1e34bbff54f67d8c88175696 | Generating return summary for Ownable
[INFO] | 2024-11-10 07:37:29 AM | analyzer.0xc64fd3ff188c4f1f1e34bbff54f67d8c88175696 | Return summary generated for Ownable
[INFO] | 2024-11-10 07:37:29 AM | analyzer.0xc64fd3ff188c4f1f1e34bbff54f67d8c88175696 | Range graph generated
[INFO] | 2024-11-10 07:37:29 AM | analyzer.0xc64fd3ff188c4f1f1e34bbff54f67d8c88175696 | Processed function Ownable
[INFO] | 2024-11-10 07:37:29 AM | analyzer.0xc64fd3ff188c4f1f1e34bbff54f67d8c88175696 | Generating return summary for totalSupply
[INFO] | 2024-11-10 07:37:29 AM | analyzer.0xc64fd3ff188c4f1f1e34bbff54f67d8c88175696 | Return summary generated for totalSupply
[INFO] | 2024-11-10 07:37:29 AM | analyzer.0xc64fd3ff188c4f1f1e34bbff54f67d8c88175696 | State variable assignement do not exist
[INFO] | 2024-11-10 07:37:29 AM | analyzer.0xc64fd3ff188c4f1f1e34bbff54f67d8c88175696 | Processed function totalSupply
[INFO] | 2024-11-10 07:37:29 AM | analyzer.0xc64fd3ff188c4f1f1e34bbff54f67d8c88175696 | Generating return summary for balanceOf
[INFO] | 2024-11-10 07:37:29 AM | analyzer.0xc64fd3ff188c4f1f1e34bbff54f67d8c88175696 | Return summary generated for balanceOf
[INFO] | 2024-11-10 07:37:29 AM | analyzer.0xc64fd3ff188c4f1f1e34bbff54f67d8c88175696 | State variable assignement do not exist
[INFO] | 2024-11-10 07:37:29 AM | analyzer.0xc64fd3ff188c4f1f1e34bbff54f67d8c88175696 | Processed function balanceOf
[INFO] | 2024-11-10 07:37:29 AM | analyzer.0xc64fd3ff188c4f1f1e34bbff54f67d8c88175696 | Generating return summary for transfer
[INFO] | 2024-11-10 07:37:29 AM | analyzer.0xc64fd3ff188c4f1f1e34bbff54f67d8c88175696 | Return summary generated for transfer
[INFO] | 2024-11-10 07:37:29 AM | analyzer.0xc64fd3ff188c4f1f1e34bbff54f67d8c88175696 | State variable assignement do not exist
[INFO] | 2024-11-10 07:37:29 AM | analyzer.0xc64fd3ff188c4f1f1e34bbff54f67d8c88175696 | Processed function transfer
[INFO] | 2024-11-10 07:37:29 AM | analyzer.0xc64fd3ff188c4f1f1e34bbff54f67d8c88175696 | Generating return summary for totalSupply
[INFO] | 2024-11-10 07:37:29 AM | analyzer.0xc64fd3ff188c4f1f1e34bbff54f67d8c88175696 | Return summary generated for totalSupply
[INFO] | 2024-11-10 07:37:29 AM | analyzer.0xc64fd3ff188c4f1f1e34bbff54f67d8c88175696 | State variable assignement do not exist
[INFO] | 2024-11-10 07:37:29 AM | analyzer.0xc64fd3ff188c4f1f1e34bbff54f67d8c88175696 | Processed function totalSupply
[INFO] | 2024-11-10 07:37:29 AM | analyzer.0xc64fd3ff188c4f1f1e34bbff54f67d8c88175696 | Generating return summary for balanceOf
[INFO] | 2024-11-10 07:37:29 AM | analyzer.0xc64fd3ff188c4f1f1e34bbff54f67d8c88175696 | Return summary generated for balanceOf
[INFO] | 2024-11-10 07:37:29 AM | analyzer.0xc64fd3ff188c4f1f1e34bbff54f67d8c88175696 | State variable assignement do not exist
[INFO] | 2024-11-10 07:37:29 AM | analyzer.0xc64fd3ff188c4f1f1e34bbff54f67d8c88175696 | Processed function balanceOf
[INFO] | 2024-11-10 07:37:29 AM | analyzer.0xc64fd3ff188c4f1f1e34bbff54f67d8c88175696 | Generating return summary for allowance
[INFO] | 2024-11-10 07:37:29 AM | analyzer.0xc64fd3ff188c4f1f1e34bbff54f67d8c88175696 | Return summary generated for allowance
[INFO] | 2024-11-10 07:37:29 AM | analyzer.0xc64fd3ff188c4f1f1e34bbff54f67d8c88175696 | State variable assignement do not exist
[INFO] | 2024-11-10 07:37:29 AM | analyzer.0xc64fd3ff188c4f1f1e34bbff54f67d8c88175696 | Processed function allowance
[INFO] | 2024-11-10 07:37:29 AM | analyzer.0xc64fd3ff188c4f1f1e34bbff54f67d8c88175696 | Generating return summary for transferFrom
[INFO] | 2024-11-10 07:37:29 AM | analyzer.0xc64fd3ff188c4f1f1e34bbff54f67d8c88175696 | Return summary generated for transferFrom
[INFO] | 2024-11-10 07:37:29 AM | analyzer.0xc64fd3ff188c4f1f1e34bbff54f67d8c88175696 | State variable assignement do not exist
[INFO] | 2024-11-10 07:37:29 AM | analyzer.0xc64fd3ff188c4f1f1e34bbff54f67d8c88175696 | Processed function transferFrom
[INFO] | 2024-11-10 07:37:29 AM | analyzer.0xc64fd3ff188c4f1f1e34bbff54f67d8c88175696 | Generating return summary for approve
[INFO] | 2024-11-10 07:37:29 AM | analyzer.0xc64fd3ff188c4f1f1e34bbff54f67d8c88175696 | Return summary generated for approve
[INFO] | 2024-11-10 07:37:29 AM | analyzer.0xc64fd3ff188c4f1f1e34bbff54f67d8c88175696 | State variable assignement do not exist
[INFO] | 2024-11-10 07:37:29 AM | analyzer.0xc64fd3ff188c4f1f1e34bbff54f67d8c88175696 | Processed function approve
[INFO] | 2024-11-10 07:37:29 AM | analyzer.0xc64fd3ff188c4f1f1e34bbff54f67d8c88175696 | Generating return summary for approve
[INFO] | 2024-11-10 07:37:29 AM | analyzer.0xc64fd3ff188c4f1f1e34bbff54f67d8c88175696 | Return summary generated for approve
[INFO] | 2024-11-10 07:37:29 AM | analyzer.0xc64fd3ff188c4f1f1e34bbff54f67d8c88175696 | Range graph generated
[INFO] | 2024-11-10 07:37:29 AM | analyzer.0xc64fd3ff188c4f1f1e34bbff54f67d8c88175696 | Processed function approve
[INFO] | 2024-11-10 07:37:29 AM | analyzer.0xc64fd3ff188c4f1f1e34bbff54f67d8c88175696 | Generating return summary for allowance
[INFO] | 2024-11-10 07:37:29 AM | analyzer.0xc64fd3ff188c4f1f1e34bbff54f67d8c88175696 | Return summary generated for allowance
[INFO] | 2024-11-10 07:37:29 AM | analyzer.0xc64fd3ff188c4f1f1e34bbff54f67d8c88175696 | State variable assignement do not exist
[INFO] | 2024-11-10 07:37:29 AM | analyzer.0xc64fd3ff188c4f1f1e34bbff54f67d8c88175696 | Processed function allowance
[INFO] | 2024-11-10 07:37:29 AM | analyzer.0xc64fd3ff188c4f1f1e34bbff54f67d8c88175696 | Generating return summary for CrowdfundableToken
[INFO] | 2024-11-10 07:37:29 AM | analyzer.0xc64fd3ff188c4f1f1e34bbff54f67d8c88175696 | Return summary generated for CrowdfundableToken
[INFO] | 2024-11-10 07:37:29 AM | analyzer.0xc64fd3ff188c4f1f1e34bbff54f67d8c88175696 | Range graph generated
[INFO] | 2024-11-10 07:37:29 AM | analyzer.0xc64fd3ff188c4f1f1e34bbff54f67d8c88175696 | Processed function CrowdfundableToken
[INFO] | 2024-11-10 07:37:29 AM | analyzer.0xc64fd3ff188c4f1f1e34bbff54f67d8c88175696 | Generating return summary for slitherConstructorVariables
[INFO] | 2024-11-10 07:37:29 AM | analyzer.0xc64fd3ff188c4f1f1e34bbff54f67d8c88175696 | Return summary generated for slitherConstructorVariables
[INFO] | 2024-11-10 07:37:29 AM | analyzer.0xc64fd3ff188c4f1f1e34bbff54f67d8c88175696 | Range graph generated
[INFO] | 2024-11-10 07:37:29 AM | analyzer.0xc64fd3ff188c4f1f1e34bbff54f67d8c88175696 | Processed function slitherConstructorVariables
[INFO] | 2024-11-10 07:37:29 AM | analyzer.0xc64fd3ff188c4f1f1e34bbff54f67d8c88175696 | Generating return summary for onlyOwner
[INFO] | 2024-11-10 07:37:29 AM | analyzer.0xc64fd3ff188c4f1f1e34bbff54f67d8c88175696 | Return summary generated for onlyOwner
[INFO] | 2024-11-10 07:37:29 AM | analyzer.0xc64fd3ff188c4f1f1e34bbff54f67d8c88175696 | State variable assignement do not exist
[INFO] | 2024-11-10 07:37:29 AM | analyzer.0xc64fd3ff188c4f1f1e34bbff54f67d8c88175696 | Processed function onlyOwner
[INFO] | 2024-11-10 07:37:29 AM | analyzer.0xc64fd3ff188c4f1f1e34bbff54f67d8c88175696 | Generating return summary for canMint
[INFO] | 2024-11-10 07:37:29 AM | analyzer.0xc64fd3ff188c4f1f1e34bbff54f67d8c88175696 | Return summary generated for canMint
[INFO] | 2024-11-10 07:37:29 AM | analyzer.0xc64fd3ff188c4f1f1e34bbff54f67d8c88175696 | State variable assignement do not exist
[INFO] | 2024-11-10 07:37:29 AM | analyzer.0xc64fd3ff188c4f1f1e34bbff54f67d8c88175696 | Processed function canMint
[INFO] | 2024-11-10 07:37:29 AM | analyzer.0xc64fd3ff188c4f1f1e34bbff54f67d8c88175696 | Generating return summary for Ownable
[INFO] | 2024-11-10 07:37:29 AM | analyzer.0xc64fd3ff188c4f1f1e34bbff54f67d8c88175696 | Return summary generated for Ownable
[INFO] | 2024-11-10 07:37:29 AM | analyzer.0xc64fd3ff188c4f1f1e34bbff54f67d8c88175696 | Range graph generated
[INFO] | 2024-11-10 07:37:29 AM | analyzer.0xc64fd3ff188c4f1f1e34bbff54f67d8c88175696 | Processed function Ownable
[INFO] | 2024-11-10 07:37:29 AM | analyzer.0xc64fd3ff188c4f1f1e34bbff54f67d8c88175696 | Generating return summary for getMinimumContribution
[INFO] | 2024-11-10 07:37:29 AM | analyzer.0xc64fd3ff188c4f1f1e34bbff54f67d8c88175696 | Return summary generated for getMinimumContribution
[INFO] | 2024-11-10 07:37:29 AM | analyzer.0xc64fd3ff188c4f1f1e34bbff54f67d8c88175696 | State variable assignement do not exist
[INFO] | 2024-11-10 07:37:29 AM | analyzer.0xc64fd3ff188c4f1f1e34bbff54f67d8c88175696 | Processed function getMinimumContribution
[INFO] | 2024-11-10 07:37:29 AM | analyzer.0xc64fd3ff188c4f1f1e34bbff54f67d8c88175696 | Generating return summary for updateState
[INFO] | 2024-11-10 07:37:29 AM | analyzer.0xc64fd3ff188c4f1f1e34bbff54f67d8c88175696 | Return summary generated for updateState
[INFO] | 2024-11-10 07:37:29 AM | analyzer.0xc64fd3ff188c4f1f1e34bbff54f67d8c88175696 | State variable assignement do not exist
[INFO] | 2024-11-10 07:37:29 AM | analyzer.0xc64fd3ff188c4f1f1e34bbff54f67d8c88175696 | Processed function updateState
[INFO] | 2024-11-10 07:37:29 AM | analyzer.0xc64fd3ff188c4f1f1e34bbff54f67d8c88175696 | Generating return summary for canMint
[INFO] | 2024-11-10 07:37:29 AM | analyzer.0xc64fd3ff188c4f1f1e34bbff54f67d8c88175696 | Return summary generated for canMint
[INFO] | 2024-11-10 07:37:29 AM | analyzer.0xc64fd3ff188c4f1f1e34bbff54f67d8c88175696 | State variable assignement do not exist
[INFO] | 2024-11-10 07:37:29 AM | analyzer.0xc64fd3ff188c4f1f1e34bbff54f67d8c88175696 | Processed function canMint
[INFO] | 2024-11-10 07:37:29 AM | analyzer.0xc64fd3ff188c4f1f1e34bbff54f67d8c88175696 | Generating return summary for getTokensForEther
[INFO] | 2024-11-10 07:37:29 AM | analyzer.0xc64fd3ff188c4f1f1e34bbff54f67d8c88175696 | Return summary generated for getTokensForEther
[INFO] | 2024-11-10 07:37:29 AM | analyzer.0xc64fd3ff188c4f1f1e34bbff54f67d8c88175696 | State variable assignement do not exist
[INFO] | 2024-11-10 07:37:29 AM | analyzer.0xc64fd3ff188c4f1f1e34bbff54f67d8c88175696 | Processed function getTokensForEther
[INFO] | 2024-11-10 07:37:29 AM | analyzer.0xc64fd3ff188c4f1f1e34bbff54f67d8c88175696 | Generating return summary for onlyOwner
[INFO] | 2024-11-10 07:37:29 AM | analyzer.0xc64fd3ff188c4f1f1e34bbff54f67d8c88175696 | Return summary generated for onlyOwner
[INFO] | 2024-11-10 07:37:29 AM | analyzer.0xc64fd3ff188c4f1f1e34bbff54f67d8c88175696 | State variable assignement do not exist
[INFO] | 2024-11-10 07:37:29 AM | analyzer.0xc64fd3ff188c4f1f1e34bbff54f67d8c88175696 | Processed function onlyOwner
[INFO] | 2024-11-10 07:37:29 AM | analyzer.0xc64fd3ff188c4f1f1e34bbff54f67d8c88175696 | Generating return summary for onlyValidAddress
[INFO] | 2024-11-10 07:37:29 AM | analyzer.0xc64fd3ff188c4f1f1e34bbff54f67d8c88175696 | Return summary generated for onlyValidAddress
[INFO] | 2024-11-10 07:37:29 AM | analyzer.0xc64fd3ff188c4f1f1e34bbff54f67d8c88175696 | State variable assignement do not exist
[INFO] | 2024-11-10 07:37:29 AM | analyzer.0xc64fd3ff188c4f1f1e34bbff54f67d8c88175696 | Processed function onlyValidAddress
[INFO] | 2024-11-10 07:37:29 AM | analyzer.0xc64fd3ff188c4f1f1e34bbff54f67d8c88175696 | Generating return summary for onlyInUpdatedState
[INFO] | 2024-11-10 07:37:29 AM | analyzer.0xc64fd3ff188c4f1f1e34bbff54f67d8c88175696 | Return summary generated for onlyInUpdatedState
[INFO] | 2024-11-10 07:37:29 AM | analyzer.0xc64fd3ff188c4f1f1e34bbff54f67d8c88175696 | State variable assignement do not exist
[INFO] | 2024-11-10 07:37:29 AM | analyzer.0xc64fd3ff188c4f1f1e34bbff54f67d8c88175696 | Processed function onlyInUpdatedState
[INFO] | 2024-11-10 07:37:29 AM | analyzer.0xc64fd3ff188c4f1f1e34bbff54f67d8c88175696 | Generating return summary for upToSaleEtherCap
[INFO] | 2024-11-10 07:37:29 AM | analyzer.0xc64fd3ff188c4f1f1e34bbff54f67d8c88175696 | Return summary generated for upToSaleEtherCap
[INFO] | 2024-11-10 07:37:29 AM | analyzer.0xc64fd3ff188c4f1f1e34bbff54f67d8c88175696 | State variable assignement do not exist
[INFO] | 2024-11-10 07:37:29 AM | analyzer.0xc64fd3ff188c4f1f1e34bbff54f67d8c88175696 | Processed function upToSaleEtherCap
[INFO] | 2024-11-10 07:37:29 AM | analyzer.0xc64fd3ff188c4f1f1e34bbff54f67d8c88175696 | Generating return summary for onlyApprovedMinter
[INFO] | 2024-11-10 07:37:29 AM | analyzer.0xc64fd3ff188c4f1f1e34bbff54f67d8c88175696 | Return summary generated for onlyApprovedMinter
[INFO] | 2024-11-10 07:37:29 AM | analyzer.0xc64fd3ff188c4f1f1e34bbff54f67d8c88175696 | State variable assignement do not exist
[INFO] | 2024-11-10 07:37:29 AM | analyzer.0xc64fd3ff188c4f1f1e34bbff54f67d8c88175696 | Processed function onlyApprovedMinter
[INFO] | 2024-11-10 07:37:29 AM | analyzer.0xc64fd3ff188c4f1f1e34bbff54f67d8c88175696 | Generating return summary for atLeastMinimumAmount
[INFO] | 2024-11-10 07:37:29 AM | analyzer.0xc64fd3ff188c4f1f1e34bbff54f67d8c88175696 | Return summary generated for atLeastMinimumAmount
[INFO] | 2024-11-10 07:37:29 AM | analyzer.0xc64fd3ff188c4f1f1e34bbff54f67d8c88175696 | State variable assignement do not exist
[INFO] | 2024-11-10 07:37:29 AM | analyzer.0xc64fd3ff188c4f1f1e34bbff54f67d8c88175696 | Processed function atLeastMinimumAmount
[INFO] | 2024-11-10 07:37:29 AM | analyzer.0xc64fd3ff188c4f1f1e34bbff54f67d8c88175696 | Generating return summary for Ownable
[INFO] | 2024-11-10 07:37:29 AM | analyzer.0xc64fd3ff188c4f1f1e34bbff54f67d8c88175696 | Return summary generated for Ownable
[INFO] | 2024-11-10 07:37:29 AM | analyzer.0xc64fd3ff188c4f1f1e34bbff54f67d8c88175696 | Range graph generated
[INFO] | 2024-11-10 07:37:29 AM | analyzer.0xc64fd3ff188c4f1f1e34bbff54f67d8c88175696 | Processed function Ownable
[INFO] | 2024-11-10 07:37:29 AM | analyzer.0xc64fd3ff188c4f1f1e34bbff54f67d8c88175696 | Generating return summary for withdrawRejected
[INFO] | 2024-11-10 07:37:29 AM | analyzer.0xc64fd3ff188c4f1f1e34bbff54f67d8c88175696 | Return summary generated for withdrawRejected
[INFO] | 2024-11-10 07:37:29 AM | analyzer.0xc64fd3ff188c4f1f1e34bbff54f67d8c88175696 | Range graph generated
[INFO] | 2024-11-10 07:37:29 AM | analyzer.0xc64fd3ff188c4f1f1e34bbff54f67d8c88175696 | Processed function withdrawRejected
[INFO] | 2024-11-10 07:37:29 AM | analyzer.0xc64fd3ff188c4f1f1e34bbff54f67d8c88175696 | Generating return summary for onlyOwner
[INFO] | 2024-11-10 07:37:29 AM | analyzer.0xc64fd3ff188c4f1f1e34bbff54f67d8c88175696 | Return summary generated for onlyOwner
[INFO] | 2024-11-10 07:37:29 AM | analyzer.0xc64fd3ff188c4f1f1e34bbff54f67d8c88175696 | State variable assignement do not exist
[INFO] | 2024-11-10 07:37:29 AM | analyzer.0xc64fd3ff188c4f1f1e34bbff54f67d8c88175696 | Processed function onlyOwner
[INFO] | 2024-11-10 07:37:29 AM | analyzer.0xc64fd3ff188c4f1f1e34bbff54f67d8c88175696 | Generating return summary for onlyValidAddress
[INFO] | 2024-11-10 07:37:29 AM | analyzer.0xc64fd3ff188c4f1f1e34bbff54f67d8c88175696 | Return summary generated for onlyValidAddress
[INFO] | 2024-11-10 07:37:29 AM | analyzer.0xc64fd3ff188c4f1f1e34bbff54f67d8c88175696 | State variable assignement do not exist
[INFO] | 2024-11-10 07:37:29 AM | analyzer.0xc64fd3ff188c4f1f1e34bbff54f67d8c88175696 | Processed function onlyValidAddress
[INFO] | 2024-11-10 07:37:29 AM | analyzer.0xc64fd3ff188c4f1f1e34bbff54f67d8c88175696 | Generating return summary for onlyApprover
[INFO] | 2024-11-10 07:37:29 AM | analyzer.0xc64fd3ff188c4f1f1e34bbff54f67d8c88175696 | Return summary generated for onlyApprover
[INFO] | 2024-11-10 07:37:29 AM | analyzer.0xc64fd3ff188c4f1f1e34bbff54f67d8c88175696 | State variable assignement do not exist
[INFO] | 2024-11-10 07:37:29 AM | analyzer.0xc64fd3ff188c4f1f1e34bbff54f67d8c88175696 | Processed function onlyApprover
[INFO] | 2024-11-10 07:37:29 AM | analyzer.0xc64fd3ff188c4f1f1e34bbff54f67d8c88175696 | Generating return summary for transfer
[INFO] | 2024-11-10 07:37:29 AM | analyzer.0xc64fd3ff188c4f1f1e34bbff54f67d8c88175696 | Return summary generated for transfer
[INFO] | 2024-11-10 07:37:29 AM | analyzer.0xc64fd3ff188c4f1f1e34bbff54f67d8c88175696 | Range graph generated
[INFO] | 2024-11-10 07:37:29 AM | analyzer.0xc64fd3ff188c4f1f1e34bbff54f67d8c88175696 | Processed function transfer
[INFO] | 2024-11-10 07:37:29 AM | analyzer.0xc64fd3ff188c4f1f1e34bbff54f67d8c88175696 | Generating return summary for transfer
[INFO] | 2024-11-10 07:37:29 AM | analyzer.0xc64fd3ff188c4f1f1e34bbff54f67d8c88175696 | Return summary generated for transfer
[INFO] | 2024-11-10 07:37:29 AM | analyzer.0xc64fd3ff188c4f1f1e34bbff54f67d8c88175696 | Range graph generated
[INFO] | 2024-11-10 07:37:29 AM | analyzer.0xc64fd3ff188c4f1f1e34bbff54f67d8c88175696 | Processed function transfer
[INFO] | 2024-11-10 07:37:29 AM | analyzer.0xc64fd3ff188c4f1f1e34bbff54f67d8c88175696 | Generating return summary for transferFrom
[INFO] | 2024-11-10 07:37:29 AM | analyzer.0xc64fd3ff188c4f1f1e34bbff54f67d8c88175696 | Return summary generated for transferFrom
[INFO] | 2024-11-10 07:37:29 AM | analyzer.0xc64fd3ff188c4f1f1e34bbff54f67d8c88175696 | Range graph generated
[INFO] | 2024-11-10 07:37:29 AM | analyzer.0xc64fd3ff188c4f1f1e34bbff54f67d8c88175696 | Processed function transferFrom
[INFO] | 2024-11-10 07:37:29 AM | analyzer.0xc64fd3ff188c4f1f1e34bbff54f67d8c88175696 | Generating return summary for decreaseApproval
[INFO] | 2024-11-10 07:37:29 AM | analyzer.0xc64fd3ff188c4f1f1e34bbff54f67d8c88175696 | Return summary generated for decreaseApproval
[INFO] | 2024-11-10 07:37:29 AM | analyzer.0xc64fd3ff188c4f1f1e34bbff54f67d8c88175696 | Range graph generated
[INFO] | 2024-11-10 07:37:29 AM | analyzer.0xc64fd3ff188c4f1f1e34bbff54f67d8c88175696 | Processed function decreaseApproval
[INFO] | 2024-11-10 07:37:29 AM | analyzer.0xc64fd3ff188c4f1f1e34bbff54f67d8c88175696 | Generating return summary for releaseTokens
[INFO] | 2024-11-10 07:37:29 AM | analyzer.0xc64fd3ff188c4f1f1e34bbff54f67d8c88175696 | Return summary generated for releaseTokens
[INFO] | 2024-11-10 07:37:29 AM | analyzer.0xc64fd3ff188c4f1f1e34bbff54f67d8c88175696 | Range graph generated
[INFO] | 2024-11-10 07:37:29 AM | analyzer.0xc64fd3ff188c4f1f1e34bbff54f67d8c88175696 | Processed function releaseTokens
[INFO] | 2024-11-10 07:37:29 AM | analyzer.0xc64fd3ff188c4f1f1e34bbff54f67d8c88175696 | Generating return summary for transfer
[INFO] | 2024-11-10 07:37:29 AM | analyzer.0xc64fd3ff188c4f1f1e34bbff54f67d8c88175696 | Return summary generated for transfer
[INFO] | 2024-11-10 07:37:29 AM | analyzer.0xc64fd3ff188c4f1f1e34bbff54f67d8c88175696 | Range graph generated
[INFO] | 2024-11-10 07:37:29 AM | analyzer.0xc64fd3ff188c4f1f1e34bbff54f67d8c88175696 | Processed function transfer
[INFO] | 2024-11-10 07:37:29 AM | analyzer.0xc64fd3ff188c4f1f1e34bbff54f67d8c88175696 | Generating return summary for transferFrom
[INFO] | 2024-11-10 07:37:29 AM | analyzer.0xc64fd3ff188c4f1f1e34bbff54f67d8c88175696 | Return summary generated for transferFrom
[INFO] | 2024-11-10 07:37:29 AM | analyzer.0xc64fd3ff188c4f1f1e34bbff54f67d8c88175696 | Range graph generated
[INFO] | 2024-11-10 07:37:29 AM | analyzer.0xc64fd3ff188c4f1f1e34bbff54f67d8c88175696 | Processed function transferFrom
[INFO] | 2024-11-10 07:37:29 AM | analyzer.0xc64fd3ff188c4f1f1e34bbff54f67d8c88175696 | Generating return summary for decreaseApproval
[INFO] | 2024-11-10 07:37:29 AM | analyzer.0xc64fd3ff188c4f1f1e34bbff54f67d8c88175696 | Return summary generated for decreaseApproval
[INFO] | 2024-11-10 07:37:29 AM | analyzer.0xc64fd3ff188c4f1f1e34bbff54f67d8c88175696 | Range graph generated
[INFO] | 2024-11-10 07:37:29 AM | analyzer.0xc64fd3ff188c4f1f1e34bbff54f67d8c88175696 | Processed function decreaseApproval
[INFO] | 2024-11-10 07:37:29 AM | analyzer.0xc64fd3ff188c4f1f1e34bbff54f67d8c88175696 | Generating return summary for transfer
[INFO] | 2024-11-10 07:37:29 AM | analyzer.0xc64fd3ff188c4f1f1e34bbff54f67d8c88175696 | Return summary generated for transfer
[INFO] | 2024-11-10 07:37:29 AM | analyzer.0xc64fd3ff188c4f1f1e34bbff54f67d8c88175696 | Range graph generated
[INFO] | 2024-11-10 07:37:29 AM | analyzer.0xc64fd3ff188c4f1f1e34bbff54f67d8c88175696 | Processed function transfer
[INFO] | 2024-11-10 07:37:29 AM | analyzer.0xc64fd3ff188c4f1f1e34bbff54f67d8c88175696 | Generating return summary for transferFrom
[INFO] | 2024-11-10 07:37:29 AM | analyzer.0xc64fd3ff188c4f1f1e34bbff54f67d8c88175696 | Return summary generated for transferFrom
[INFO] | 2024-11-10 07:37:29 AM | analyzer.0xc64fd3ff188c4f1f1e34bbff54f67d8c88175696 | Range graph generated
[INFO] | 2024-11-10 07:37:29 AM | analyzer.0xc64fd3ff188c4f1f1e34bbff54f67d8c88175696 | Processed function transferFrom
[INFO] | 2024-11-10 07:37:29 AM | analyzer.0xc64fd3ff188c4f1f1e34bbff54f67d8c88175696 | Generating return summary for decreaseApproval
[INFO] | 2024-11-10 07:37:29 AM | analyzer.0xc64fd3ff188c4f1f1e34bbff54f67d8c88175696 | Return summary generated for decreaseApproval
[INFO] | 2024-11-10 07:37:29 AM | analyzer.0xc64fd3ff188c4f1f1e34bbff54f67d8c88175696 | Range graph generated
[INFO] | 2024-11-10 07:37:29 AM | analyzer.0xc64fd3ff188c4f1f1e34bbff54f67d8c88175696 | Processed function decreaseApproval
[INFO] | 2024-11-10 07:37:29 AM | analyzer.0xc64fd3ff188c4f1f1e34bbff54f67d8c88175696 | Generating return summary for burn
[INFO] | 2024-11-10 07:37:29 AM | analyzer.0xc64fd3ff188c4f1f1e34bbff54f67d8c88175696 | Return summary generated for burn
[INFO] | 2024-11-10 07:37:29 AM | analyzer.0xc64fd3ff188c4f1f1e34bbff54f67d8c88175696 | Range graph generated
[INFO] | 2024-11-10 07:37:29 AM | analyzer.0xc64fd3ff188c4f1f1e34bbff54f67d8c88175696 | Processed function burn
[INFO] | 2024-11-10 07:37:29 AM | analyzer.0xc64fd3ff188c4f1f1e34bbff54f67d8c88175696 | Generating return summary for transfer
[INFO] | 2024-11-10 07:37:29 AM | analyzer.0xc64fd3ff188c4f1f1e34bbff54f67d8c88175696 | Return summary generated for transfer
[INFO] | 2024-11-10 07:37:29 AM | analyzer.0xc64fd3ff188c4f1f1e34bbff54f67d8c88175696 | Range graph generated
[INFO] | 2024-11-10 07:37:29 AM | analyzer.0xc64fd3ff188c4f1f1e34bbff54f67d8c88175696 | Processed function transfer
[INFO] | 2024-11-10 07:37:29 AM | analyzer.0xc64fd3ff188c4f1f1e34bbff54f67d8c88175696 | Generating return summary for transferFrom
[INFO] | 2024-11-10 07:37:29 AM | analyzer.0xc64fd3ff188c4f1f1e34bbff54f67d8c88175696 | Return summary generated for transferFrom
[INFO] | 2024-11-10 07:37:29 AM | analyzer.0xc64fd3ff188c4f1f1e34bbff54f67d8c88175696 | Range graph generated
[INFO] | 2024-11-10 07:37:29 AM | analyzer.0xc64fd3ff188c4f1f1e34bbff54f67d8c88175696 | Processed function transferFrom
[INFO] | 2024-11-10 07:37:29 AM | analyzer.0xc64fd3ff188c4f1f1e34bbff54f67d8c88175696 | Generating return summary for decreaseApproval
[INFO] | 2024-11-10 07:37:29 AM | analyzer.0xc64fd3ff188c4f1f1e34bbff54f67d8c88175696 | Return summary generated for decreaseApproval
[INFO] | 2024-11-10 07:37:29 AM | analyzer.0xc64fd3ff188c4f1f1e34bbff54f67d8c88175696 | Range graph generated
[INFO] | 2024-11-10 07:37:29 AM | analyzer.0xc64fd3ff188c4f1f1e34bbff54f67d8c88175696 | Processed function decreaseApproval
[INFO] | 2024-11-10 07:37:29 AM | analyzer.0xc64fd3ff188c4f1f1e34bbff54f67d8c88175696 | Generating return summary for burn
[INFO] | 2024-11-10 07:37:29 AM | analyzer.0xc64fd3ff188c4f1f1e34bbff54f67d8c88175696 | Return summary generated for burn
[INFO] | 2024-11-10 07:37:29 AM | analyzer.0xc64fd3ff188c4f1f1e34bbff54f67d8c88175696 | Range graph generated
[INFO] | 2024-11-10 07:37:29 AM | analyzer.0xc64fd3ff188c4f1f1e34bbff54f67d8c88175696 | Processed function burn
[INFO] | 2024-11-10 07:37:29 AM | analyzer.0xc64fd3ff188c4f1f1e34bbff54f67d8c88175696 | Generating return summary for unreserve
[INFO] | 2024-11-10 07:37:29 AM | analyzer.0xc64fd3ff188c4f1f1e34bbff54f67d8c88175696 | Return summary generated for unreserve
[INFO] | 2024-11-10 07:37:29 AM | analyzer.0xc64fd3ff188c4f1f1e34bbff54f67d8c88175696 | Generating return summary for canMint
[INFO] | 2024-11-10 07:37:29 AM | analyzer.0xc64fd3ff188c4f1f1e34bbff54f67d8c88175696 | Return summary generated for canMint
[INFO] | 2024-11-10 07:37:29 AM | analyzer.0xc64fd3ff188c4f1f1e34bbff54f67d8c88175696 | Range graph generated
[INFO] | 2024-11-10 07:37:29 AM | analyzer.0xc64fd3ff188c4f1f1e34bbff54f67d8c88175696 | Processed function unreserve
[INFO] | 2024-11-10 07:37:29 AM | analyzer.0xc64fd3ff188c4f1f1e34bbff54f67d8c88175696 | Generating return summary for increaseApproval
[INFO] | 2024-11-10 07:37:29 AM | analyzer.0xc64fd3ff188c4f1f1e34bbff54f67d8c88175696 | Return summary generated for increaseApproval
[INFO] | 2024-11-10 07:37:29 AM | analyzer.0xc64fd3ff188c4f1f1e34bbff54f67d8c88175696 | Range graph generated
[INFO] | 2024-11-10 07:37:29 AM | analyzer.0xc64fd3ff188c4f1f1e34bbff54f67d8c88175696 | Processed function increaseApproval
[INFO] | 2024-11-10 07:37:29 AM | analyzer.0xc64fd3ff188c4f1f1e34bbff54f67d8c88175696 | Generating return summary for noteTokens
[INFO] | 2024-11-10 07:37:29 AM | analyzer.0xc64fd3ff188c4f1f1e34bbff54f67d8c88175696 | Return summary generated for noteTokens
[INFO] | 2024-11-10 07:37:29 AM | analyzer.0xc64fd3ff188c4f1f1e34bbff54f67d8c88175696 | Range graph generated
[INFO] | 2024-11-10 07:37:29 AM | analyzer.0xc64fd3ff188c4f1f1e34bbff54f67d8c88175696 | Processed function noteTokens
[INFO] | 2024-11-10 07:37:29 AM | analyzer.0xc64fd3ff188c4f1f1e34bbff54f67d8c88175696 | Generating return summary for increaseApproval
[INFO] | 2024-11-10 07:37:29 AM | analyzer.0xc64fd3ff188c4f1f1e34bbff54f67d8c88175696 | Return summary generated for increaseApproval
[INFO] | 2024-11-10 07:37:29 AM | analyzer.0xc64fd3ff188c4f1f1e34bbff54f67d8c88175696 | Range graph generated
[INFO] | 2024-11-10 07:37:29 AM | analyzer.0xc64fd3ff188c4f1f1e34bbff54f67d8c88175696 | Processed function increaseApproval
[INFO] | 2024-11-10 07:37:29 AM | analyzer.0xc64fd3ff188c4f1f1e34bbff54f67d8c88175696 | Generating return summary for mint
[INFO] | 2024-11-10 07:37:29 AM | analyzer.0xc64fd3ff188c4f1f1e34bbff54f67d8c88175696 | Return summary generated for mint
[INFO] | 2024-11-10 07:37:29 AM | analyzer.0xc64fd3ff188c4f1f1e34bbff54f67d8c88175696 | Range graph generated
[INFO] | 2024-11-10 07:37:29 AM | analyzer.0xc64fd3ff188c4f1f1e34bbff54f67d8c88175696 | Processed function mint
[INFO] | 2024-11-10 07:37:29 AM | analyzer.0xc64fd3ff188c4f1f1e34bbff54f67d8c88175696 | Generating return summary for increaseApproval
[INFO] | 2024-11-10 07:37:29 AM | analyzer.0xc64fd3ff188c4f1f1e34bbff54f67d8c88175696 | Return summary generated for increaseApproval
[INFO] | 2024-11-10 07:37:29 AM | analyzer.0xc64fd3ff188c4f1f1e34bbff54f67d8c88175696 | Range graph generated
[INFO] | 2024-11-10 07:37:29 AM | analyzer.0xc64fd3ff188c4f1f1e34bbff54f67d8c88175696 | Processed function increaseApproval
[INFO] | 2024-11-10 07:37:29 AM | analyzer.0xc64fd3ff188c4f1f1e34bbff54f67d8c88175696 | Generating return summary for mint
[INFO] | 2024-11-10 07:37:29 AM | analyzer.0xc64fd3ff188c4f1f1e34bbff54f67d8c88175696 | Return summary generated for mint
[INFO] | 2024-11-10 07:37:29 AM | analyzer.0xc64fd3ff188c4f1f1e34bbff54f67d8c88175696 | Range graph generated
[INFO] | 2024-11-10 07:37:29 AM | analyzer.0xc64fd3ff188c4f1f1e34bbff54f67d8c88175696 | Processed function mint
[INFO] | 2024-11-10 07:37:29 AM | analyzer.0xc64fd3ff188c4f1f1e34bbff54f67d8c88175696 | Generating return summary for increaseApproval
[INFO] | 2024-11-10 07:37:29 AM | analyzer.0xc64fd3ff188c4f1f1e34bbff54f67d8c88175696 | Return summary generated for increaseApproval
[INFO] | 2024-11-10 07:37:29 AM | analyzer.0xc64fd3ff188c4f1f1e34bbff54f67d8c88175696 | Range graph generated
[INFO] | 2024-11-10 07:37:29 AM | analyzer.0xc64fd3ff188c4f1f1e34bbff54f67d8c88175696 | Processed function increaseApproval
[INFO] | 2024-11-10 07:37:29 AM | analyzer.0xc64fd3ff188c4f1f1e34bbff54f67d8c88175696 | Generating return summary for mint
[INFO] | 2024-11-10 07:37:29 AM | analyzer.0xc64fd3ff188c4f1f1e34bbff54f67d8c88175696 | Return summary generated for mint
[INFO] | 2024-11-10 07:37:29 AM | analyzer.0xc64fd3ff188c4f1f1e34bbff54f67d8c88175696 | Range graph generated
[INFO] | 2024-11-10 07:37:29 AM | analyzer.0xc64fd3ff188c4f1f1e34bbff54f67d8c88175696 | Processed function mint
[INFO] | 2024-11-10 07:37:29 AM | analyzer.0xc64fd3ff188c4f1f1e34bbff54f67d8c88175696 | Generating return summary for reserve
[INFO] | 2024-11-10 07:37:29 AM | analyzer.0xc64fd3ff188c4f1f1e34bbff54f67d8c88175696 | Return summary generated for reserve
[WARNING] | 2024-11-10 07:37:29 AM | analyzer.0xc64fd3ff188c4f1f1e34bbff54f67d8c88175696 | Can there be this kind of variables
[WARNING] | 2024-11-10 07:37:29 AM | analyzer.0xc64fd3ff188c4f1f1e34bbff54f67d8c88175696 | Can there be this kind of variables
[INFO] | 2024-11-10 07:37:29 AM | analyzer.0xc64fd3ff188c4f1f1e34bbff54f67d8c88175696 | Generating return summary for getMinimumContribution
[INFO] | 2024-11-10 07:37:29 AM | analyzer.0xc64fd3ff188c4f1f1e34bbff54f67d8c88175696 | Return summary generated for getMinimumContribution
[INFO] | 2024-11-10 07:37:29 AM | analyzer.0xc64fd3ff188c4f1f1e34bbff54f67d8c88175696 | Generating return summary for canMint
[INFO] | 2024-11-10 07:37:29 AM | analyzer.0xc64fd3ff188c4f1f1e34bbff54f67d8c88175696 | Return summary generated for canMint
[INFO] | 2024-11-10 07:37:29 AM | analyzer.0xc64fd3ff188c4f1f1e34bbff54f67d8c88175696 | Range graph generated
[INFO] | 2024-11-10 07:37:29 AM | analyzer.0xc64fd3ff188c4f1f1e34bbff54f67d8c88175696 | Processed function reserve
[INFO] | 2024-11-10 07:37:29 AM | analyzer.0xc64fd3ff188c4f1f1e34bbff54f67d8c88175696 | Generating return summary for transferOwnership
[INFO] | 2024-11-10 07:37:29 AM | analyzer.0xc64fd3ff188c4f1f1e34bbff54f67d8c88175696 | Return summary generated for transferOwnership
[INFO] | 2024-11-10 07:37:29 AM | analyzer.0xc64fd3ff188c4f1f1e34bbff54f67d8c88175696 | Range graph generated
[INFO] | 2024-11-10 07:37:29 AM | analyzer.0xc64fd3ff188c4f1f1e34bbff54f67d8c88175696 | Processed function transferOwnership
[INFO] | 2024-11-10 07:37:29 AM | analyzer.0xc64fd3ff188c4f1f1e34bbff54f67d8c88175696 | Generating return summary for transferOwnership
[INFO] | 2024-11-10 07:37:29 AM | analyzer.0xc64fd3ff188c4f1f1e34bbff54f67d8c88175696 | Return summary generated for transferOwnership
[INFO] | 2024-11-10 07:37:29 AM | analyzer.0xc64fd3ff188c4f1f1e34bbff54f67d8c88175696 | Range graph generated
[INFO] | 2024-11-10 07:37:29 AM | analyzer.0xc64fd3ff188c4f1f1e34bbff54f67d8c88175696 | Processed function transferOwnership
[INFO] | 2024-11-10 07:37:29 AM | analyzer.0xc64fd3ff188c4f1f1e34bbff54f67d8c88175696 | Generating return summary for add
[INFO] | 2024-11-10 07:37:29 AM | analyzer.0xc64fd3ff188c4f1f1e34bbff54f67d8c88175696 | Return summary generated for add
[INFO] | 2024-11-10 07:37:29 AM | analyzer.0xc64fd3ff188c4f1f1e34bbff54f67d8c88175696 | Range graph generated
[INFO] | 2024-11-10 07:37:29 AM | analyzer.0xc64fd3ff188c4f1f1e34bbff54f67d8c88175696 | Processed function add
[INFO] | 2024-11-10 07:37:29 AM | analyzer.0xc64fd3ff188c4f1f1e34bbff54f67d8c88175696 | Generating return summary for remove
[INFO] | 2024-11-10 07:37:29 AM | analyzer.0xc64fd3ff188c4f1f1e34bbff54f67d8c88175696 | Return summary generated for remove
[INFO] | 2024-11-10 07:37:29 AM | analyzer.0xc64fd3ff188c4f1f1e34bbff54f67d8c88175696 | Range graph generated
[INFO] | 2024-11-10 07:37:29 AM | analyzer.0xc64fd3ff188c4f1f1e34bbff54f67d8c88175696 | Processed function remove
[INFO] | 2024-11-10 07:37:29 AM | analyzer.0xc64fd3ff188c4f1f1e34bbff54f67d8c88175696 | Generating return summary for transferOwnership
[INFO] | 2024-11-10 07:37:29 AM | analyzer.0xc64fd3ff188c4f1f1e34bbff54f67d8c88175696 | Return summary generated for transferOwnership
[INFO] | 2024-11-10 07:37:29 AM | analyzer.0xc64fd3ff188c4f1f1e34bbff54f67d8c88175696 | Range graph generated
[INFO] | 2024-11-10 07:37:29 AM | analyzer.0xc64fd3ff188c4f1f1e34bbff54f67d8c88175696 | Processed function transferOwnership
[INFO] | 2024-11-10 07:37:29 AM | analyzer.0xc64fd3ff188c4f1f1e34bbff54f67d8c88175696 | Generating return summary for reduceLockingTime
[INFO] | 2024-11-10 07:37:29 AM | analyzer.0xc64fd3ff188c4f1f1e34bbff54f67d8c88175696 | Return summary generated for reduceLockingTime
[INFO] | 2024-11-10 07:37:29 AM | analyzer.0xc64fd3ff188c4f1f1e34bbff54f67d8c88175696 | Range graph generated
[INFO] | 2024-11-10 07:37:29 AM | analyzer.0xc64fd3ff188c4f1f1e34bbff54f67d8c88175696 | Processed function reduceLockingTime
[INFO] | 2024-11-10 07:37:29 AM | analyzer.0xc64fd3ff188c4f1f1e34bbff54f67d8c88175696 | Generating return summary for transferOwnership
[INFO] | 2024-11-10 07:37:29 AM | analyzer.0xc64fd3ff188c4f1f1e34bbff54f67d8c88175696 | Return summary generated for transferOwnership
[INFO] | 2024-11-10 07:37:29 AM | analyzer.0xc64fd3ff188c4f1f1e34bbff54f67d8c88175696 | Range graph generated
[INFO] | 2024-11-10 07:37:29 AM | analyzer.0xc64fd3ff188c4f1f1e34bbff54f67d8c88175696 | Processed function transferOwnership
[INFO] | 2024-11-10 07:37:29 AM | analyzer.0xc64fd3ff188c4f1f1e34bbff54f67d8c88175696 | Generating return summary for finishMinting
[INFO] | 2024-11-10 07:37:29 AM | analyzer.0xc64fd3ff188c4f1f1e34bbff54f67d8c88175696 | Return summary generated for finishMinting
[INFO] | 2024-11-10 07:37:29 AM | analyzer.0xc64fd3ff188c4f1f1e34bbff54f67d8c88175696 | Range graph generated
[INFO] | 2024-11-10 07:37:29 AM | analyzer.0xc64fd3ff188c4f1f1e34bbff54f67d8c88175696 | Processed function finishMinting
[INFO] | 2024-11-10 07:37:29 AM | analyzer.0xc64fd3ff188c4f1f1e34bbff54f67d8c88175696 | Generating return summary for constructor
[INFO] | 2024-11-10 07:37:29 AM | analyzer.0xc64fd3ff188c4f1f1e34bbff54f67d8c88175696 | Return summary generated for constructor
[INFO] | 2024-11-10 07:37:29 AM | analyzer.0xc64fd3ff188c4f1f1e34bbff54f67d8c88175696 | Range graph generated
[INFO] | 2024-11-10 07:37:29 AM | analyzer.0xc64fd3ff188c4f1f1e34bbff54f67d8c88175696 | Processed function constructor
[INFO] | 2024-11-10 07:37:29 AM | analyzer.0xc64fd3ff188c4f1f1e34bbff54f67d8c88175696 | Generating return summary for transferOwnership
[INFO] | 2024-11-10 07:37:29 AM | analyzer.0xc64fd3ff188c4f1f1e34bbff54f67d8c88175696 | Return summary generated for transferOwnership
[INFO] | 2024-11-10 07:37:29 AM | analyzer.0xc64fd3ff188c4f1f1e34bbff54f67d8c88175696 | Range graph generated
[INFO] | 2024-11-10 07:37:29 AM | analyzer.0xc64fd3ff188c4f1f1e34bbff54f67d8c88175696 | Processed function transferOwnership
[INFO] | 2024-11-10 07:37:29 AM | analyzer.0xc64fd3ff188c4f1f1e34bbff54f67d8c88175696 | Generating return summary for finishMinting
[INFO] | 2024-11-10 07:37:29 AM | analyzer.0xc64fd3ff188c4f1f1e34bbff54f67d8c88175696 | Return summary generated for finishMinting
[INFO] | 2024-11-10 07:37:29 AM | analyzer.0xc64fd3ff188c4f1f1e34bbff54f67d8c88175696 | Range graph generated
[INFO] | 2024-11-10 07:37:29 AM | analyzer.0xc64fd3ff188c4f1f1e34bbff54f67d8c88175696 | Processed function finishMinting
[INFO] | 2024-11-10 07:37:29 AM | analyzer.0xc64fd3ff188c4f1f1e34bbff54f67d8c88175696 | Generating return summary for transferOwnership
[INFO] | 2024-11-10 07:37:29 AM | analyzer.0xc64fd3ff188c4f1f1e34bbff54f67d8c88175696 | Return summary generated for transferOwnership
[INFO] | 2024-11-10 07:37:29 AM | analyzer.0xc64fd3ff188c4f1f1e34bbff54f67d8c88175696 | Range graph generated
[INFO] | 2024-11-10 07:37:29 AM | analyzer.0xc64fd3ff188c4f1f1e34bbff54f67d8c88175696 | Processed function transferOwnership
[INFO] | 2024-11-10 07:37:29 AM | analyzer.0xc64fd3ff188c4f1f1e34bbff54f67d8c88175696 | Generating return summary for finishMinting
[INFO] | 2024-11-10 07:37:29 AM | analyzer.0xc64fd3ff188c4f1f1e34bbff54f67d8c88175696 | Return summary generated for finishMinting
[INFO] | 2024-11-10 07:37:29 AM | analyzer.0xc64fd3ff188c4f1f1e34bbff54f67d8c88175696 | Range graph generated
[INFO] | 2024-11-10 07:37:29 AM | analyzer.0xc64fd3ff188c4f1f1e34bbff54f67d8c88175696 | Processed function finishMinting
[INFO] | 2024-11-10 07:37:29 AM | analyzer.0xc64fd3ff188c4f1f1e34bbff54f67d8c88175696 | Generating return summary for transferOwnership
[INFO] | 2024-11-10 07:37:29 AM | analyzer.0xc64fd3ff188c4f1f1e34bbff54f67d8c88175696 | Return summary generated for transferOwnership
[INFO] | 2024-11-10 07:37:29 AM | analyzer.0xc64fd3ff188c4f1f1e34bbff54f67d8c88175696 | Range graph generated
[INFO] | 2024-11-10 07:37:29 AM | analyzer.0xc64fd3ff188c4f1f1e34bbff54f67d8c88175696 | Processed function transferOwnership
[INFO] | 2024-11-10 07:37:29 AM | analyzer.0xc64fd3ff188c4f1f1e34bbff54f67d8c88175696 | Generating return summary for constructor
[INFO] | 2024-11-10 07:37:29 AM | analyzer.0xc64fd3ff188c4f1f1e34bbff54f67d8c88175696 | Return summary generated for constructor
[INFO] | 2024-11-10 07:37:29 AM | analyzer.0xc64fd3ff188c4f1f1e34bbff54f67d8c88175696 | Range graph generated
[INFO] | 2024-11-10 07:37:29 AM | analyzer.0xc64fd3ff188c4f1f1e34bbff54f67d8c88175696 | Processed function constructor
[INFO] | 2024-11-10 07:37:29 AM | analyzer.0xc64fd3ff188c4f1f1e34bbff54f67d8c88175696 | Generating return summary for transferOwnership
[INFO] | 2024-11-10 07:37:29 AM | analyzer.0xc64fd3ff188c4f1f1e34bbff54f67d8c88175696 | Return summary generated for transferOwnership
[INFO] | 2024-11-10 07:37:29 AM | analyzer.0xc64fd3ff188c4f1f1e34bbff54f67d8c88175696 | Range graph generated
[INFO] | 2024-11-10 07:37:29 AM | analyzer.0xc64fd3ff188c4f1f1e34bbff54f67d8c88175696 | Processed function transferOwnership
[INFO] | 2024-11-10 07:37:29 AM | analyzer.0xc64fd3ff188c4f1f1e34bbff54f67d8c88175696 | Generating return summary for updateTreasury
[INFO] | 2024-11-10 07:37:29 AM | analyzer.0xc64fd3ff188c4f1f1e34bbff54f67d8c88175696 | Return summary generated for updateTreasury
[INFO] | 2024-11-10 07:37:29 AM | analyzer.0xc64fd3ff188c4f1f1e34bbff54f67d8c88175696 | Range graph generated
[INFO] | 2024-11-10 07:37:29 AM | analyzer.0xc64fd3ff188c4f1f1e34bbff54f67d8c88175696 | Processed function updateTreasury
[INFO] | 2024-11-10 07:37:29 AM | analyzer.0xc64fd3ff188c4f1f1e34bbff54f67d8c88175696 | Generating return summary for constructor
[INFO] | 2024-11-10 07:37:29 AM | analyzer.0xc64fd3ff188c4f1f1e34bbff54f67d8c88175696 | Return summary generated for constructor
[INFO] | 2024-11-10 07:37:29 AM | analyzer.0xc64fd3ff188c4f1f1e34bbff54f67d8c88175696 | Range graph generated
[INFO] | 2024-11-10 07:37:29 AM | analyzer.0xc64fd3ff188c4f1f1e34bbff54f67d8c88175696 | Processed function constructor
[INFO] | 2024-11-10 07:37:29 AM | analyzer.0xc64fd3ff188c4f1f1e34bbff54f67d8c88175696 | Generating return summary for forceWithdrawRejected
[INFO] | 2024-11-10 07:37:29 AM | analyzer.0xc64fd3ff188c4f1f1e34bbff54f67d8c88175696 | Return summary generated for forceWithdrawRejected
[INFO] | 2024-11-10 07:37:29 AM | analyzer.0xc64fd3ff188c4f1f1e34bbff54f67d8c88175696 | Range graph generated
[INFO] | 2024-11-10 07:37:29 AM | analyzer.0xc64fd3ff188c4f1f1e34bbff54f67d8c88175696 | Processed function forceWithdrawRejected
[INFO] | 2024-11-10 07:37:29 AM | analyzer.0xc64fd3ff188c4f1f1e34bbff54f67d8c88175696 | Generating return summary for transferApprover
[INFO] | 2024-11-10 07:37:29 AM | analyzer.0xc64fd3ff188c4f1f1e34bbff54f67d8c88175696 | Return summary generated for transferApprover
[INFO] | 2024-11-10 07:37:29 AM | analyzer.0xc64fd3ff188c4f1f1e34bbff54f67d8c88175696 | Range graph generated
[INFO] | 2024-11-10 07:37:29 AM | analyzer.0xc64fd3ff188c4f1f1e34bbff54f67d8c88175696 | Processed function transferApprover
[INFO] | 2024-11-10 07:37:29 AM | analyzer.0xc64fd3ff188c4f1f1e34bbff54f67d8c88175696 | Generating return summary for transfer
[INFO] | 2024-11-10 07:37:29 AM | analyzer.0xc64fd3ff188c4f1f1e34bbff54f67d8c88175696 | Return summary generated for transfer
[INFO] | 2024-11-10 07:37:29 AM | analyzer.0xc64fd3ff188c4f1f1e34bbff54f67d8c88175696 | Range graph generated
[INFO] | 2024-11-10 07:37:29 AM | analyzer.0xc64fd3ff188c4f1f1e34bbff54f67d8c88175696 | Processed function transfer
[INFO] | 2024-11-10 07:37:29 AM | analyzer.0xc64fd3ff188c4f1f1e34bbff54f67d8c88175696 | Generating return summary for transferFrom
[INFO] | 2024-11-10 07:37:29 AM | analyzer.0xc64fd3ff188c4f1f1e34bbff54f67d8c88175696 | Return summary generated for transferFrom
[INFO] | 2024-11-10 07:37:29 AM | analyzer.0xc64fd3ff188c4f1f1e34bbff54f67d8c88175696 | Range graph generated
[INFO] | 2024-11-10 07:37:29 AM | analyzer.0xc64fd3ff188c4f1f1e34bbff54f67d8c88175696 | Processed function transferFrom
[INFO] | 2024-11-10 07:37:29 AM | analyzer.0xc64fd3ff188c4f1f1e34bbff54f67d8c88175696 | Generating return summary for transfer
[INFO] | 2024-11-10 07:37:29 AM | analyzer.0xc64fd3ff188c4f1f1e34bbff54f67d8c88175696 | Return summary generated for transfer
[INFO] | 2024-11-10 07:37:29 AM | analyzer.0xc64fd3ff188c4f1f1e34bbff54f67d8c88175696 | Range graph generated
[INFO] | 2024-11-10 07:37:29 AM | analyzer.0xc64fd3ff188c4f1f1e34bbff54f67d8c88175696 | Processed function transfer
[INFO] | 2024-11-10 07:37:29 AM | analyzer.0xc64fd3ff188c4f1f1e34bbff54f67d8c88175696 | Generating return summary for transferFrom
[INFO] | 2024-11-10 07:37:29 AM | analyzer.0xc64fd3ff188c4f1f1e34bbff54f67d8c88175696 | Return summary generated for transferFrom
[INFO] | 2024-11-10 07:37:29 AM | analyzer.0xc64fd3ff188c4f1f1e34bbff54f67d8c88175696 | Range graph generated
[INFO] | 2024-11-10 07:37:29 AM | analyzer.0xc64fd3ff188c4f1f1e34bbff54f67d8c88175696 | Processed function transferFrom
[INFO] | 2024-11-10 07:37:29 AM | analyzer.0xc64fd3ff188c4f1f1e34bbff54f67d8c88175696 | Generating return summary for reject
[INFO] | 2024-11-10 07:37:29 AM | analyzer.0xc64fd3ff188c4f1f1e34bbff54f67d8c88175696 | Return summary generated for reject
[INFO] | 2024-11-10 07:37:29 AM | analyzer.0xc64fd3ff188c4f1f1e34bbff54f67d8c88175696 | Range graph generated
[INFO] | 2024-11-10 07:37:29 AM | analyzer.0xc64fd3ff188c4f1f1e34bbff54f67d8c88175696 | Processed function reject
[INFO] | 2024-11-10 07:37:29 AM | analyzer.0xc64fd3ff188c4f1f1e34bbff54f67d8c88175696 | Generating return summary for mint
[INFO] | 2024-11-10 07:37:29 AM | analyzer.0xc64fd3ff188c4f1f1e34bbff54f67d8c88175696 | Return summary generated for mint
[INFO] | 2024-11-10 07:37:29 AM | analyzer.0xc64fd3ff188c4f1f1e34bbff54f67d8c88175696 | Range graph generated
[INFO] | 2024-11-10 07:37:29 AM | analyzer.0xc64fd3ff188c4f1f1e34bbff54f67d8c88175696 | Processed function mint
[INFO] | 2024-11-10 07:37:29 AM | analyzer.0xc64fd3ff188c4f1f1e34bbff54f67d8c88175696 | Generating return summary for mint
[INFO] | 2024-11-10 07:37:29 AM | analyzer.0xc64fd3ff188c4f1f1e34bbff54f67d8c88175696 | Return summary generated for mint
[INFO] | 2024-11-10 07:37:29 AM | analyzer.0xc64fd3ff188c4f1f1e34bbff54f67d8c88175696 | Range graph generated
[INFO] | 2024-11-10 07:37:29 AM | analyzer.0xc64fd3ff188c4f1f1e34bbff54f67d8c88175696 | Processed function mint
[INFO] | 2024-11-10 07:37:29 AM | analyzer.0xc64fd3ff188c4f1f1e34bbff54f67d8c88175696 | Generating return summary for addToKyc
[INFO] | 2024-11-10 07:37:29 AM | analyzer.0xc64fd3ff188c4f1f1e34bbff54f67d8c88175696 | Return summary generated for addToKyc
[INFO] | 2024-11-10 07:37:29 AM | analyzer.0xc64fd3ff188c4f1f1e34bbff54f67d8c88175696 | Range graph generated
[INFO] | 2024-11-10 07:37:29 AM | analyzer.0xc64fd3ff188c4f1f1e34bbff54f67d8c88175696 | Processed function addToKyc
[INFO] | 2024-11-10 07:37:29 AM | analyzer.0xc64fd3ff188c4f1f1e34bbff54f67d8c88175696 | Generating return summary for transferTokenOwnership
[INFO] | 2024-11-10 07:37:29 AM | analyzer.0xc64fd3ff188c4f1f1e34bbff54f67d8c88175696 | Return summary generated for transferTokenOwnership
[INFO] | 2024-11-10 07:37:29 AM | analyzer.0xc64fd3ff188c4f1f1e34bbff54f67d8c88175696 | Range graph generated
[INFO] | 2024-11-10 07:37:29 AM | analyzer.0xc64fd3ff188c4f1f1e34bbff54f67d8c88175696 | Processed function transferTokenOwnership
[INFO] | 2024-11-10 07:37:29 AM | analyzer.0xc64fd3ff188c4f1f1e34bbff54f67d8c88175696 | Generating return summary for mintReserved
[INFO] | 2024-11-10 07:37:29 AM | analyzer.0xc64fd3ff188c4f1f1e34bbff54f67d8c88175696 | Return summary generated for mintReserved
[INFO] | 2024-11-10 07:37:29 AM | analyzer.0xc64fd3ff188c4f1f1e34bbff54f67d8c88175696 | Generating return summary for canMint
[INFO] | 2024-11-10 07:37:29 AM | analyzer.0xc64fd3ff188c4f1f1e34bbff54f67d8c88175696 | Return summary generated for canMint
[INFO] | 2024-11-10 07:37:29 AM | analyzer.0xc64fd3ff188c4f1f1e34bbff54f67d8c88175696 | Generating return summary for canMint
[INFO] | 2024-11-10 07:37:29 AM | analyzer.0xc64fd3ff188c4f1f1e34bbff54f67d8c88175696 | Return summary generated for canMint
[INFO] | 2024-11-10 07:37:29 AM | analyzer.0xc64fd3ff188c4f1f1e34bbff54f67d8c88175696 | Generating return summary for canMint
[INFO] | 2024-11-10 07:37:29 AM | analyzer.0xc64fd3ff188c4f1f1e34bbff54f67d8c88175696 | Return summary generated for canMint
[INFO] | 2024-11-10 07:37:29 AM | analyzer.0xc64fd3ff188c4f1f1e34bbff54f67d8c88175696 | Generating return summary for canMint
[INFO] | 2024-11-10 07:37:29 AM | analyzer.0xc64fd3ff188c4f1f1e34bbff54f67d8c88175696 | Return summary generated for canMint
[INFO] | 2024-11-10 07:37:29 AM | analyzer.0xc64fd3ff188c4f1f1e34bbff54f67d8c88175696 | Range graph generated
[INFO] | 2024-11-10 07:37:29 AM | analyzer.0xc64fd3ff188c4f1f1e34bbff54f67d8c88175696 | Processed function mintReserved
[INFO] | 2024-11-10 07:37:29 AM | analyzer.0xc64fd3ff188c4f1f1e34bbff54f67d8c88175696 | Generating return summary for mint
[INFO] | 2024-11-10 07:37:29 AM | analyzer.0xc64fd3ff188c4f1f1e34bbff54f67d8c88175696 | Return summary generated for mint
[WARNING] | 2024-11-10 07:37:29 AM | analyzer.0xc64fd3ff188c4f1f1e34bbff54f67d8c88175696 | Can there be this kind of variables
[INFO] | 2024-11-10 07:37:29 AM | analyzer.0xc64fd3ff188c4f1f1e34bbff54f67d8c88175696 | Generating return summary for canMint
[INFO] | 2024-11-10 07:37:29 AM | analyzer.0xc64fd3ff188c4f1f1e34bbff54f67d8c88175696 | Return summary generated for canMint
[WARNING] | 2024-11-10 07:37:29 AM | analyzer.0xc64fd3ff188c4f1f1e34bbff54f67d8c88175696 | Can there be this kind of variables
[WARNING] | 2024-11-10 07:37:29 AM | analyzer.0xc64fd3ff188c4f1f1e34bbff54f67d8c88175696 | Can there be this kind of variables
[INFO] | 2024-11-10 07:37:29 AM | analyzer.0xc64fd3ff188c4f1f1e34bbff54f67d8c88175696 | Generating return summary for canMint
[INFO] | 2024-11-10 07:37:29 AM | analyzer.0xc64fd3ff188c4f1f1e34bbff54f67d8c88175696 | Return summary generated for canMint
[WARNING] | 2024-11-10 07:37:29 AM | analyzer.0xc64fd3ff188c4f1f1e34bbff54f67d8c88175696 | Can there be this kind of variables
[WARNING] | 2024-11-10 07:37:29 AM | analyzer.0xc64fd3ff188c4f1f1e34bbff54f67d8c88175696 | Can there be this kind of variables
[INFO] | 2024-11-10 07:37:29 AM | analyzer.0xc64fd3ff188c4f1f1e34bbff54f67d8c88175696 | Generating return summary for canMint
[INFO] | 2024-11-10 07:37:29 AM | analyzer.0xc64fd3ff188c4f1f1e34bbff54f67d8c88175696 | Return summary generated for canMint
[WARNING] | 2024-11-10 07:37:29 AM | analyzer.0xc64fd3ff188c4f1f1e34bbff54f67d8c88175696 | Can there be this kind of variables
[INFO] | 2024-11-10 07:37:29 AM | analyzer.0xc64fd3ff188c4f1f1e34bbff54f67d8c88175696 | Range graph generated
[INFO] | 2024-11-10 07:37:29 AM | analyzer.0xc64fd3ff188c4f1f1e34bbff54f67d8c88175696 | Processed function mint
[INFO] | 2024-11-10 07:37:29 AM | analyzer.0xc64fd3ff188c4f1f1e34bbff54f67d8c88175696 | Generating return summary for approve
[INFO] | 2024-11-10 07:37:29 AM | analyzer.0xc64fd3ff188c4f1f1e34bbff54f67d8c88175696 | Return summary generated for approve
[INFO] | 2024-11-10 07:37:29 AM | analyzer.0xc64fd3ff188c4f1f1e34bbff54f67d8c88175696 | Range graph generated
[INFO] | 2024-11-10 07:37:29 AM | analyzer.0xc64fd3ff188c4f1f1e34bbff54f67d8c88175696 | Processed function approve
[INFO] | 2024-11-10 07:37:29 AM | analyzer.0xc64fd3ff188c4f1f1e34bbff54f67d8c88175696 | Value Range Analysis took 0.095026 seconds
[INFO] | 2024-11-10 07:37:29 AM | analyzer.0xc64fd3ff188c4f1f1e34bbff54f67d8c88175696 | Value Range Analysis finished
[INFO] | 2024-11-10 07:37:29 AM | analyzer.0xc64fd3ff188c4f1f1e34bbff54f67d8c88175696 | Storage dependency graph compostion started!
[INFO] | 2024-11-10 07:37:29 AM | analyzer.0xc64fd3ff188c4f1f1e34bbff54f67d8c88175696 | Storage dependency graph compostion finished!
[INFO] | 2024-11-10 07:37:29 AM | analyzer.0xc64fd3ff188c4f1f1e34bbff54f67d8c88175696 | Dependency detection started!
[INFO] | 2024-11-10 07:37:29 AM | analyzer.0xc64fd3ff188c4f1f1e34bbff54f67d8c88175696 | Dependency detection finished!
[INFO] | 2024-11-10 07:37:29 AM | analyzer.0xc64fd3ff188c4f1f1e34bbff54f67d8c88175696 | Static Analysis took 6.882241 seconds
[INFO] | 2024-11-10 07:37:29 AM | analyzer.0xc64fd3ff188c4f1f1e34bbff54f67d8c88175696 | Dependency does not exist
[INFO] | 2024-11-10 07:37:29 AM | analyzer.0xc64fd3ff188c4f1f1e34bbff54f67d8c88175696 | Symbolic execution is not needed!
[INFO] | 2024-11-10 07:37:29 AM | analyzer.0xc64fd3ff188c4f1f1e34bbff54f67d8c88175696 | Analysis finished!
[INFO] | 2024-11-10 07:37:29 AM | analyzer.0xc64fd3ff188c4f1f1e34bbff54f67d8c88175696 | Analysis took 6.882576 seconds
[INFO] | 2024-11-10 07:37:29 AM | analyzer.0xc64fd3ff188c4f1f1e34bbff54f67d8c88175696 | Analysis finished at: 2024-11-10 07:37:29 AM
