[INFO] | 2024-11-10 07:40:26 AM | analyzer.0x37238583c041a2f51964f23fde2710c4fbd29e9e | Analysis started at: 2024-11-10 07:40:26 AM
[INFO] | 2024-11-10 07:40:36 AM | analyzer.0x37238583c041a2f51964f23fde2710c4fbd29e9e | Version constraints: ['^0.4.24']
[INFO] | 2024-11-10 07:40:36 AM | analyzer.0x37238583c041a2f51964f23fde2710c4fbd29e9e | solc version: v0.4.24
[INFO] | 2024-11-10 07:40:43 AM | analyzer.0x37238583c041a2f51964f23fde2710c4fbd29e9e | Callgraph generation started!
[INFO] | 2024-11-10 07:40:43 AM | analyzer.0x37238583c041a2f51964f23fde2710c4fbd29e9e | Callgraph generation finished!
[INFO] | 2024-11-10 07:40:43 AM | analyzer.0x37238583c041a2f51964f23fde2710c4fbd29e9e | Interprocedural CFG generation started!
[INFO] | 2024-11-10 07:40:45 AM | analyzer.0x37238583c041a2f51964f23fde2710c4fbd29e9e | Interprocedural CFG generation finished!
[INFO] | 2024-11-10 07:40:45 AM | analyzer.0x37238583c041a2f51964f23fde2710c4fbd29e9e | Storage dependency graph generation started!
[WARNING] | 2024-11-10 07:40:45 AM | analyzer.0x37238583c041a2f51964f23fde2710c4fbd29e9e | Issues with getting the high level call destination address
[WARNING] | 2024-11-10 07:40:45 AM | analyzer.0x37238583c041a2f51964f23fde2710c4fbd29e9e | Issues with getting the high level call destination address
[WARNING] | 2024-11-10 07:40:45 AM | analyzer.0x37238583c041a2f51964f23fde2710c4fbd29e9e | Issues with getting the high level call destination address
[WARNING] | 2024-11-10 07:40:45 AM | analyzer.0x37238583c041a2f51964f23fde2710c4fbd29e9e | Issues with getting the high level call destination address
[WARNING] | 2024-11-10 07:40:45 AM | analyzer.0x37238583c041a2f51964f23fde2710c4fbd29e9e | Issues with getting the high level call destination address
[WARNING] | 2024-11-10 07:40:45 AM | analyzer.0x37238583c041a2f51964f23fde2710c4fbd29e9e | Issues with getting the high level call destination address
[WARNING] | 2024-11-10 07:40:45 AM | analyzer.0x37238583c041a2f51964f23fde2710c4fbd29e9e | Issues with getting the high level call destination address
[WARNING] | 2024-11-10 07:40:45 AM | analyzer.0x37238583c041a2f51964f23fde2710c4fbd29e9e | Issues with getting the high level call destination address
[WARNING] | 2024-11-10 07:40:45 AM | analyzer.0x37238583c041a2f51964f23fde2710c4fbd29e9e | Issues with getting the high level call destination address
[WARNING] | 2024-11-10 07:40:45 AM | analyzer.0x37238583c041a2f51964f23fde2710c4fbd29e9e | Issues with getting the high level call destination address
[WARNING] | 2024-11-10 07:40:45 AM | analyzer.0x37238583c041a2f51964f23fde2710c4fbd29e9e | Issues with getting the high level call destination address
[WARNING] | 2024-11-10 07:40:45 AM | analyzer.0x37238583c041a2f51964f23fde2710c4fbd29e9e | Issues with getting the high level call destination address
[WARNING] | 2024-11-10 07:40:45 AM | analyzer.0x37238583c041a2f51964f23fde2710c4fbd29e9e | Issues with getting the high level call destination address
[WARNING] | 2024-11-10 07:40:45 AM | analyzer.0x37238583c041a2f51964f23fde2710c4fbd29e9e | Issues with getting the high level call destination address
[WARNING] | 2024-11-10 07:40:45 AM | analyzer.0x37238583c041a2f51964f23fde2710c4fbd29e9e | Issues with getting the high level call destination address
[WARNING] | 2024-11-10 07:40:45 AM | analyzer.0x37238583c041a2f51964f23fde2710c4fbd29e9e | Issues with getting the high level call destination address
[WARNING] | 2024-11-10 07:40:45 AM | analyzer.0x37238583c041a2f51964f23fde2710c4fbd29e9e | Issues with getting the high level call destination address
[WARNING] | 2024-11-10 07:40:45 AM | analyzer.0x37238583c041a2f51964f23fde2710c4fbd29e9e | Issues with getting the high level call destination address
[WARNING] | 2024-11-10 07:40:45 AM | analyzer.0x37238583c041a2f51964f23fde2710c4fbd29e9e | Issues with getting the high level call destination address
[WARNING] | 2024-11-10 07:40:45 AM | analyzer.0x37238583c041a2f51964f23fde2710c4fbd29e9e | Issues with getting the high level call destination address
[WARNING] | 2024-11-10 07:40:45 AM | analyzer.0x37238583c041a2f51964f23fde2710c4fbd29e9e | Issues with getting the high level call destination address
[WARNING] | 2024-11-10 07:40:45 AM | analyzer.0x37238583c041a2f51964f23fde2710c4fbd29e9e | Issues with getting the high level call destination address
[WARNING] | 2024-11-10 07:40:45 AM | analyzer.0x37238583c041a2f51964f23fde2710c4fbd29e9e | Issues with getting the high level call destination address
[WARNING] | 2024-11-10 07:40:45 AM | analyzer.0x37238583c041a2f51964f23fde2710c4fbd29e9e | Issues with getting the high level call destination address
[WARNING] | 2024-11-10 07:40:45 AM | analyzer.0x37238583c041a2f51964f23fde2710c4fbd29e9e | Issues with getting the high level call destination address
[WARNING] | 2024-11-10 07:40:45 AM | analyzer.0x37238583c041a2f51964f23fde2710c4fbd29e9e | Issues with getting the high level call destination address
[WARNING] | 2024-11-10 07:40:45 AM | analyzer.0x37238583c041a2f51964f23fde2710c4fbd29e9e | Issues with getting the high level call destination address
[WARNING] | 2024-11-10 07:40:45 AM | analyzer.0x37238583c041a2f51964f23fde2710c4fbd29e9e | Issues with getting the high level call destination address
[WARNING] | 2024-11-10 07:40:46 AM | analyzer.0x37238583c041a2f51964f23fde2710c4fbd29e9e | Issues with getting the high level call destination address
[INFO] | 2024-11-10 07:40:46 AM | analyzer.0x37238583c041a2f51964f23fde2710c4fbd29e9e | Storage dependency graph generation finished!
[INFO] | 2024-11-10 07:40:46 AM | analyzer.0x37238583c041a2f51964f23fde2710c4fbd29e9e | Value Range Analysis started
[INFO] | 2024-11-10 07:40:46 AM | analyzer.0x37238583c041a2f51964f23fde2710c4fbd29e9e | Generating return summary for slitherConstructorConstantVariables
[INFO] | 2024-11-10 07:40:46 AM | analyzer.0x37238583c041a2f51964f23fde2710c4fbd29e9e | Return summary generated for slitherConstructorConstantVariables
[INFO] | 2024-11-10 07:40:46 AM | analyzer.0x37238583c041a2f51964f23fde2710c4fbd29e9e | Range graph generated
[INFO] | 2024-11-10 07:40:46 AM | analyzer.0x37238583c041a2f51964f23fde2710c4fbd29e9e | Processed function slitherConstructorConstantVariables
[INFO] | 2024-11-10 07:40:46 AM | analyzer.0x37238583c041a2f51964f23fde2710c4fbd29e9e | Generating return summary for constructor
[INFO] | 2024-11-10 07:40:46 AM | analyzer.0x37238583c041a2f51964f23fde2710c4fbd29e9e | Return summary generated for constructor
[INFO] | 2024-11-10 07:40:46 AM | analyzer.0x37238583c041a2f51964f23fde2710c4fbd29e9e | Range graph generated
[INFO] | 2024-11-10 07:40:46 AM | analyzer.0x37238583c041a2f51964f23fde2710c4fbd29e9e | Processed function constructor
[INFO] | 2024-11-10 07:40:46 AM | analyzer.0x37238583c041a2f51964f23fde2710c4fbd29e9e | Generating return summary for getCurrentRoundInfo
[INFO] | 2024-11-10 07:40:46 AM | analyzer.0x37238583c041a2f51964f23fde2710c4fbd29e9e | Return summary generated for getCurrentRoundInfo
[INFO] | 2024-11-10 07:40:46 AM | analyzer.0x37238583c041a2f51964f23fde2710c4fbd29e9e | State variable assignement do not exist
[INFO] | 2024-11-10 07:40:46 AM | analyzer.0x37238583c041a2f51964f23fde2710c4fbd29e9e | Processed function getCurrentRoundInfo
[INFO] | 2024-11-10 07:40:46 AM | analyzer.0x37238583c041a2f51964f23fde2710c4fbd29e9e | Generating return summary for receivePlayerInfo
[INFO] | 2024-11-10 07:40:46 AM | analyzer.0x37238583c041a2f51964f23fde2710c4fbd29e9e | Return summary generated for receivePlayerInfo
[INFO] | 2024-11-10 07:40:46 AM | analyzer.0x37238583c041a2f51964f23fde2710c4fbd29e9e | Range graph generated
[INFO] | 2024-11-10 07:40:46 AM | analyzer.0x37238583c041a2f51964f23fde2710c4fbd29e9e | Processed function receivePlayerInfo
[INFO] | 2024-11-10 07:40:46 AM | analyzer.0x37238583c041a2f51964f23fde2710c4fbd29e9e | Generating return summary for receivePlayerNameList
[INFO] | 2024-11-10 07:40:46 AM | analyzer.0x37238583c041a2f51964f23fde2710c4fbd29e9e | Return summary generated for receivePlayerNameList
[INFO] | 2024-11-10 07:40:46 AM | analyzer.0x37238583c041a2f51964f23fde2710c4fbd29e9e | Range graph generated
[INFO] | 2024-11-10 07:40:46 AM | analyzer.0x37238583c041a2f51964f23fde2710c4fbd29e9e | Processed function receivePlayerNameList
[INFO] | 2024-11-10 07:40:46 AM | analyzer.0x37238583c041a2f51964f23fde2710c4fbd29e9e | Generating return summary for endTx
[INFO] | 2024-11-10 07:40:46 AM | analyzer.0x37238583c041a2f51964f23fde2710c4fbd29e9e | Return summary generated for endTx
[INFO] | 2024-11-10 07:40:46 AM | analyzer.0x37238583c041a2f51964f23fde2710c4fbd29e9e | State variable assignement do not exist
[INFO] | 2024-11-10 07:40:46 AM | analyzer.0x37238583c041a2f51964f23fde2710c4fbd29e9e | Processed function endTx
[INFO] | 2024-11-10 07:40:46 AM | analyzer.0x37238583c041a2f51964f23fde2710c4fbd29e9e | Generating return summary for activate
[INFO] | 2024-11-10 07:40:46 AM | analyzer.0x37238583c041a2f51964f23fde2710c4fbd29e9e | Return summary generated for activate
[INFO] | 2024-11-10 07:40:46 AM | analyzer.0x37238583c041a2f51964f23fde2710c4fbd29e9e | Range graph generated
[INFO] | 2024-11-10 07:40:46 AM | analyzer.0x37238583c041a2f51964f23fde2710c4fbd29e9e | Processed function activate
[INFO] | 2024-11-10 07:40:46 AM | analyzer.0x37238583c041a2f51964f23fde2710c4fbd29e9e | Generating return summary for slitherConstructorVariables
[INFO] | 2024-11-10 07:40:46 AM | analyzer.0x37238583c041a2f51964f23fde2710c4fbd29e9e | Return summary generated for slitherConstructorVariables
[INFO] | 2024-11-10 07:40:46 AM | analyzer.0x37238583c041a2f51964f23fde2710c4fbd29e9e | Range graph generated
[INFO] | 2024-11-10 07:40:46 AM | analyzer.0x37238583c041a2f51964f23fde2710c4fbd29e9e | Processed function slitherConstructorVariables
[INFO] | 2024-11-10 07:40:46 AM | analyzer.0x37238583c041a2f51964f23fde2710c4fbd29e9e | Generating return summary for isHuman
[INFO] | 2024-11-10 07:40:46 AM | analyzer.0x37238583c041a2f51964f23fde2710c4fbd29e9e | Return summary generated for isHuman
[INFO] | 2024-11-10 07:40:46 AM | analyzer.0x37238583c041a2f51964f23fde2710c4fbd29e9e | State variable assignement do not exist
[INFO] | 2024-11-10 07:40:46 AM | analyzer.0x37238583c041a2f51964f23fde2710c4fbd29e9e | Processed function isHuman
[INFO] | 2024-11-10 07:40:46 AM | analyzer.0x37238583c041a2f51964f23fde2710c4fbd29e9e | Generating return summary for isWithinLimits
[INFO] | 2024-11-10 07:40:46 AM | analyzer.0x37238583c041a2f51964f23fde2710c4fbd29e9e | Return summary generated for isWithinLimits
[INFO] | 2024-11-10 07:40:46 AM | analyzer.0x37238583c041a2f51964f23fde2710c4fbd29e9e | State variable assignement do not exist
[INFO] | 2024-11-10 07:40:46 AM | analyzer.0x37238583c041a2f51964f23fde2710c4fbd29e9e | Processed function isWithinLimits
[INFO] | 2024-11-10 07:40:46 AM | analyzer.0x37238583c041a2f51964f23fde2710c4fbd29e9e | Generating return summary for isActivated
[INFO] | 2024-11-10 07:40:46 AM | analyzer.0x37238583c041a2f51964f23fde2710c4fbd29e9e | Return summary generated for isActivated
[INFO] | 2024-11-10 07:40:46 AM | analyzer.0x37238583c041a2f51964f23fde2710c4fbd29e9e | State variable assignement do not exist
[INFO] | 2024-11-10 07:40:46 AM | analyzer.0x37238583c041a2f51964f23fde2710c4fbd29e9e | Processed function isActivated
[INFO] | 2024-11-10 07:40:46 AM | analyzer.0x37238583c041a2f51964f23fde2710c4fbd29e9e | Generating return summary for registerNameXIDFromDapp
[INFO] | 2024-11-10 07:40:46 AM | analyzer.0x37238583c041a2f51964f23fde2710c4fbd29e9e | Return summary generated for registerNameXIDFromDapp
[INFO] | 2024-11-10 07:40:46 AM | analyzer.0x37238583c041a2f51964f23fde2710c4fbd29e9e | State variable assignement do not exist
[INFO] | 2024-11-10 07:40:46 AM | analyzer.0x37238583c041a2f51964f23fde2710c4fbd29e9e | Processed function registerNameXIDFromDapp
[INFO] | 2024-11-10 07:40:46 AM | analyzer.0x37238583c041a2f51964f23fde2710c4fbd29e9e | Generating return summary for nameFilter
[INFO] | 2024-11-10 07:40:46 AM | analyzer.0x37238583c041a2f51964f23fde2710c4fbd29e9e | We should not consider this kind of return values!
[INFO] | 2024-11-10 07:40:46 AM | analyzer.0x37238583c041a2f51964f23fde2710c4fbd29e9e | Return summary generated for nameFilter
[INFO] | 2024-11-10 07:40:46 AM | analyzer.0x37238583c041a2f51964f23fde2710c4fbd29e9e | State variable assignement do not exist
[INFO] | 2024-11-10 07:40:46 AM | analyzer.0x37238583c041a2f51964f23fde2710c4fbd29e9e | Processed function nameFilter
[INFO] | 2024-11-10 07:40:46 AM | analyzer.0x37238583c041a2f51964f23fde2710c4fbd29e9e | Generating return summary for registerNameXaddrFromDapp
[INFO] | 2024-11-10 07:40:46 AM | analyzer.0x37238583c041a2f51964f23fde2710c4fbd29e9e | Return summary generated for registerNameXaddrFromDapp
[INFO] | 2024-11-10 07:40:46 AM | analyzer.0x37238583c041a2f51964f23fde2710c4fbd29e9e | State variable assignement do not exist
[INFO] | 2024-11-10 07:40:46 AM | analyzer.0x37238583c041a2f51964f23fde2710c4fbd29e9e | Processed function registerNameXaddrFromDapp
[INFO] | 2024-11-10 07:40:46 AM | analyzer.0x37238583c041a2f51964f23fde2710c4fbd29e9e | Generating return summary for registerNameXnameFromDapp
[INFO] | 2024-11-10 07:40:46 AM | analyzer.0x37238583c041a2f51964f23fde2710c4fbd29e9e | Return summary generated for registerNameXnameFromDapp
[INFO] | 2024-11-10 07:40:46 AM | analyzer.0x37238583c041a2f51964f23fde2710c4fbd29e9e | State variable assignement do not exist
[INFO] | 2024-11-10 07:40:46 AM | analyzer.0x37238583c041a2f51964f23fde2710c4fbd29e9e | Processed function registerNameXnameFromDapp
[INFO] | 2024-11-10 07:40:46 AM | analyzer.0x37238583c041a2f51964f23fde2710c4fbd29e9e | Generating return summary for add
[INFO] | 2024-11-10 07:40:46 AM | analyzer.0x37238583c041a2f51964f23fde2710c4fbd29e9e | Return summary generated for add
[INFO] | 2024-11-10 07:40:46 AM | analyzer.0x37238583c041a2f51964f23fde2710c4fbd29e9e | State variable assignement do not exist
[INFO] | 2024-11-10 07:40:46 AM | analyzer.0x37238583c041a2f51964f23fde2710c4fbd29e9e | Processed function add
[INFO] | 2024-11-10 07:40:46 AM | analyzer.0x37238583c041a2f51964f23fde2710c4fbd29e9e | Generating return summary for sub
[INFO] | 2024-11-10 07:40:46 AM | analyzer.0x37238583c041a2f51964f23fde2710c4fbd29e9e | Return summary generated for sub
[INFO] | 2024-11-10 07:40:46 AM | analyzer.0x37238583c041a2f51964f23fde2710c4fbd29e9e | State variable assignement do not exist
[INFO] | 2024-11-10 07:40:46 AM | analyzer.0x37238583c041a2f51964f23fde2710c4fbd29e9e | Processed function sub
[INFO] | 2024-11-10 07:40:46 AM | analyzer.0x37238583c041a2f51964f23fde2710c4fbd29e9e | Generating return summary for mul
[INFO] | 2024-11-10 07:40:46 AM | analyzer.0x37238583c041a2f51964f23fde2710c4fbd29e9e | Return summary generated for mul
[INFO] | 2024-11-10 07:40:46 AM | analyzer.0x37238583c041a2f51964f23fde2710c4fbd29e9e | State variable assignement do not exist
[INFO] | 2024-11-10 07:40:46 AM | analyzer.0x37238583c041a2f51964f23fde2710c4fbd29e9e | Processed function mul
[INFO] | 2024-11-10 07:40:46 AM | analyzer.0x37238583c041a2f51964f23fde2710c4fbd29e9e | Generating return summary for getPlayerID
[INFO] | 2024-11-10 07:40:46 AM | analyzer.0x37238583c041a2f51964f23fde2710c4fbd29e9e | Return summary generated for getPlayerID
[INFO] | 2024-11-10 07:40:46 AM | analyzer.0x37238583c041a2f51964f23fde2710c4fbd29e9e | State variable assignement do not exist
[INFO] | 2024-11-10 07:40:46 AM | analyzer.0x37238583c041a2f51964f23fde2710c4fbd29e9e | Processed function getPlayerID
[INFO] | 2024-11-10 07:40:46 AM | analyzer.0x37238583c041a2f51964f23fde2710c4fbd29e9e | Generating return summary for getPlayerName
[INFO] | 2024-11-10 07:40:46 AM | analyzer.0x37238583c041a2f51964f23fde2710c4fbd29e9e | Return summary generated for getPlayerName
[INFO] | 2024-11-10 07:40:46 AM | analyzer.0x37238583c041a2f51964f23fde2710c4fbd29e9e | State variable assignement do not exist
[INFO] | 2024-11-10 07:40:46 AM | analyzer.0x37238583c041a2f51964f23fde2710c4fbd29e9e | Processed function getPlayerName
[INFO] | 2024-11-10 07:40:46 AM | analyzer.0x37238583c041a2f51964f23fde2710c4fbd29e9e | Generating return summary for getPlayerLAff
[INFO] | 2024-11-10 07:40:46 AM | analyzer.0x37238583c041a2f51964f23fde2710c4fbd29e9e | Return summary generated for getPlayerLAff
[INFO] | 2024-11-10 07:40:46 AM | analyzer.0x37238583c041a2f51964f23fde2710c4fbd29e9e | State variable assignement do not exist
[INFO] | 2024-11-10 07:40:46 AM | analyzer.0x37238583c041a2f51964f23fde2710c4fbd29e9e | Processed function getPlayerLAff
[INFO] | 2024-11-10 07:40:46 AM | analyzer.0x37238583c041a2f51964f23fde2710c4fbd29e9e | Generating return summary for donateDivs
[INFO] | 2024-11-10 07:40:46 AM | analyzer.0x37238583c041a2f51964f23fde2710c4fbd29e9e | Return summary generated for donateDivs
[INFO] | 2024-11-10 07:40:46 AM | analyzer.0x37238583c041a2f51964f23fde2710c4fbd29e9e | State variable assignement do not exist
[INFO] | 2024-11-10 07:40:46 AM | analyzer.0x37238583c041a2f51964f23fde2710c4fbd29e9e | Processed function donateDivs
[INFO] | 2024-11-10 07:40:46 AM | analyzer.0x37238583c041a2f51964f23fde2710c4fbd29e9e | Generating return summary for getPlayerAddr
[INFO] | 2024-11-10 07:40:46 AM | analyzer.0x37238583c041a2f51964f23fde2710c4fbd29e9e | Return summary generated for getPlayerAddr
[INFO] | 2024-11-10 07:40:46 AM | analyzer.0x37238583c041a2f51964f23fde2710c4fbd29e9e | State variable assignement do not exist
[INFO] | 2024-11-10 07:40:46 AM | analyzer.0x37238583c041a2f51964f23fde2710c4fbd29e9e | Processed function getPlayerAddr
[INFO] | 2024-11-10 07:40:46 AM | analyzer.0x37238583c041a2f51964f23fde2710c4fbd29e9e | Generating return summary for getNameFee
[INFO] | 2024-11-10 07:40:46 AM | analyzer.0x37238583c041a2f51964f23fde2710c4fbd29e9e | Return summary generated for getNameFee
[INFO] | 2024-11-10 07:40:46 AM | analyzer.0x37238583c041a2f51964f23fde2710c4fbd29e9e | State variable assignement do not exist
[INFO] | 2024-11-10 07:40:46 AM | analyzer.0x37238583c041a2f51964f23fde2710c4fbd29e9e | Processed function getNameFee
[INFO] | 2024-11-10 07:40:46 AM | analyzer.0x37238583c041a2f51964f23fde2710c4fbd29e9e | Generating return summary for registerNameXID
[INFO] | 2024-11-10 07:40:46 AM | analyzer.0x37238583c041a2f51964f23fde2710c4fbd29e9e | Return summary generated for registerNameXID
[WARNING] | 2024-11-10 07:40:46 AM | analyzer.0x37238583c041a2f51964f23fde2710c4fbd29e9e | Other types of right variable exists!
[WARNING] | 2024-11-10 07:40:46 AM | analyzer.0x37238583c041a2f51964f23fde2710c4fbd29e9e | Other types of right variable exists!
[INFO] | 2024-11-10 07:40:46 AM | analyzer.0x37238583c041a2f51964f23fde2710c4fbd29e9e | State variable assignement do not exist
[INFO] | 2024-11-10 07:40:46 AM | analyzer.0x37238583c041a2f51964f23fde2710c4fbd29e9e | Processed function registerNameXID
[INFO] | 2024-11-10 07:40:46 AM | analyzer.0x37238583c041a2f51964f23fde2710c4fbd29e9e | Generating return summary for registerNameXaddr
[INFO] | 2024-11-10 07:40:46 AM | analyzer.0x37238583c041a2f51964f23fde2710c4fbd29e9e | Return summary generated for registerNameXaddr
[WARNING] | 2024-11-10 07:40:46 AM | analyzer.0x37238583c041a2f51964f23fde2710c4fbd29e9e | Other types of right variable exists!
[WARNING] | 2024-11-10 07:40:46 AM | analyzer.0x37238583c041a2f51964f23fde2710c4fbd29e9e | Other types of right variable exists!
[INFO] | 2024-11-10 07:40:46 AM | analyzer.0x37238583c041a2f51964f23fde2710c4fbd29e9e | State variable assignement do not exist
[INFO] | 2024-11-10 07:40:46 AM | analyzer.0x37238583c041a2f51964f23fde2710c4fbd29e9e | Processed function registerNameXaddr
[INFO] | 2024-11-10 07:40:46 AM | analyzer.0x37238583c041a2f51964f23fde2710c4fbd29e9e | Generating return summary for registerNameXname
[INFO] | 2024-11-10 07:40:46 AM | analyzer.0x37238583c041a2f51964f23fde2710c4fbd29e9e | Return summary generated for registerNameXname
[WARNING] | 2024-11-10 07:40:46 AM | analyzer.0x37238583c041a2f51964f23fde2710c4fbd29e9e | Other types of right variable exists!
[WARNING] | 2024-11-10 07:40:46 AM | analyzer.0x37238583c041a2f51964f23fde2710c4fbd29e9e | Other types of right variable exists!
[INFO] | 2024-11-10 07:40:46 AM | analyzer.0x37238583c041a2f51964f23fde2710c4fbd29e9e | State variable assignement do not exist
[INFO] | 2024-11-10 07:40:46 AM | analyzer.0x37238583c041a2f51964f23fde2710c4fbd29e9e | Processed function registerNameXname
[INFO] | 2024-11-10 07:40:46 AM | analyzer.0x37238583c041a2f51964f23fde2710c4fbd29e9e | Generating return summary for getPlayerVaultsHelper
[INFO] | 2024-11-10 07:40:46 AM | analyzer.0x37238583c041a2f51964f23fde2710c4fbd29e9e | Return summary generated for getPlayerVaultsHelper
[INFO] | 2024-11-10 07:40:46 AM | analyzer.0x37238583c041a2f51964f23fde2710c4fbd29e9e | State variable assignement do not exist
[INFO] | 2024-11-10 07:40:46 AM | analyzer.0x37238583c041a2f51964f23fde2710c4fbd29e9e | Processed function getPlayerVaultsHelper
[INFO] | 2024-11-10 07:40:46 AM | analyzer.0x37238583c041a2f51964f23fde2710c4fbd29e9e | Generating return summary for endRound
[INFO] | 2024-11-10 07:40:46 AM | analyzer.0x37238583c041a2f51964f23fde2710c4fbd29e9e | Return summary generated for endRound
[INFO] | 2024-11-10 07:40:46 AM | analyzer.0x37238583c041a2f51964f23fde2710c4fbd29e9e | Range graph generated
[INFO] | 2024-11-10 07:40:46 AM | analyzer.0x37238583c041a2f51964f23fde2710c4fbd29e9e | Processed function endRound
[INFO] | 2024-11-10 07:40:46 AM | analyzer.0x37238583c041a2f51964f23fde2710c4fbd29e9e | Generating return summary for updateTimer
[INFO] | 2024-11-10 07:40:46 AM | analyzer.0x37238583c041a2f51964f23fde2710c4fbd29e9e | Return summary generated for updateTimer
[INFO] | 2024-11-10 07:40:46 AM | analyzer.0x37238583c041a2f51964f23fde2710c4fbd29e9e | Range graph generated
[INFO] | 2024-11-10 07:40:46 AM | analyzer.0x37238583c041a2f51964f23fde2710c4fbd29e9e | Processed function updateTimer
[INFO] | 2024-11-10 07:40:46 AM | analyzer.0x37238583c041a2f51964f23fde2710c4fbd29e9e | Generating return summary for distributeExternal
[INFO] | 2024-11-10 07:40:46 AM | analyzer.0x37238583c041a2f51964f23fde2710c4fbd29e9e | Return summary generated for distributeExternal
[INFO] | 2024-11-10 07:40:46 AM | analyzer.0x37238583c041a2f51964f23fde2710c4fbd29e9e | Range graph generated
[INFO] | 2024-11-10 07:40:46 AM | analyzer.0x37238583c041a2f51964f23fde2710c4fbd29e9e | Processed function distributeExternal
[INFO] | 2024-11-10 07:40:46 AM | analyzer.0x37238583c041a2f51964f23fde2710c4fbd29e9e | Generating return summary for updateMasks
[INFO] | 2024-11-10 07:40:46 AM | analyzer.0x37238583c041a2f51964f23fde2710c4fbd29e9e | Return summary generated for updateMasks
[INFO] | 2024-11-10 07:40:46 AM | analyzer.0x37238583c041a2f51964f23fde2710c4fbd29e9e | Range graph generated
[INFO] | 2024-11-10 07:40:46 AM | analyzer.0x37238583c041a2f51964f23fde2710c4fbd29e9e | Processed function updateMasks
[INFO] | 2024-11-10 07:40:46 AM | analyzer.0x37238583c041a2f51964f23fde2710c4fbd29e9e | Generating return summary for sqrt
[INFO] | 2024-11-10 07:40:46 AM | analyzer.0x37238583c041a2f51964f23fde2710c4fbd29e9e | Return summary generated for sqrt
[INFO] | 2024-11-10 07:40:46 AM | analyzer.0x37238583c041a2f51964f23fde2710c4fbd29e9e | State variable assignement do not exist
[INFO] | 2024-11-10 07:40:46 AM | analyzer.0x37238583c041a2f51964f23fde2710c4fbd29e9e | Processed function sqrt
[INFO] | 2024-11-10 07:40:46 AM | analyzer.0x37238583c041a2f51964f23fde2710c4fbd29e9e | Generating return summary for getTimeLeft
[INFO] | 2024-11-10 07:40:46 AM | analyzer.0x37238583c041a2f51964f23fde2710c4fbd29e9e | Return summary generated for getTimeLeft
[INFO] | 2024-11-10 07:40:46 AM | analyzer.0x37238583c041a2f51964f23fde2710c4fbd29e9e | State variable assignement do not exist
[INFO] | 2024-11-10 07:40:46 AM | analyzer.0x37238583c041a2f51964f23fde2710c4fbd29e9e | Processed function getTimeLeft
[INFO] | 2024-11-10 07:40:46 AM | analyzer.0x37238583c041a2f51964f23fde2710c4fbd29e9e | Generating return summary for calcUnMaskedEarnings
[INFO] | 2024-11-10 07:40:46 AM | analyzer.0x37238583c041a2f51964f23fde2710c4fbd29e9e | Return summary generated for calcUnMaskedEarnings
[INFO] | 2024-11-10 07:40:46 AM | analyzer.0x37238583c041a2f51964f23fde2710c4fbd29e9e | State variable assignement do not exist
[INFO] | 2024-11-10 07:40:46 AM | analyzer.0x37238583c041a2f51964f23fde2710c4fbd29e9e | Processed function calcUnMaskedEarnings
[INFO] | 2024-11-10 07:40:46 AM | analyzer.0x37238583c041a2f51964f23fde2710c4fbd29e9e | Generating return summary for sq
[INFO] | 2024-11-10 07:40:46 AM | analyzer.0x37238583c041a2f51964f23fde2710c4fbd29e9e | Return summary generated for sq
[INFO] | 2024-11-10 07:40:46 AM | analyzer.0x37238583c041a2f51964f23fde2710c4fbd29e9e | State variable assignement do not exist
[INFO] | 2024-11-10 07:40:46 AM | analyzer.0x37238583c041a2f51964f23fde2710c4fbd29e9e | Processed function sq
[INFO] | 2024-11-10 07:40:46 AM | analyzer.0x37238583c041a2f51964f23fde2710c4fbd29e9e | Generating return summary for pwr
[INFO] | 2024-11-10 07:40:46 AM | analyzer.0x37238583c041a2f51964f23fde2710c4fbd29e9e | Return summary generated for pwr
[INFO] | 2024-11-10 07:40:46 AM | analyzer.0x37238583c041a2f51964f23fde2710c4fbd29e9e | State variable assignement do not exist
[INFO] | 2024-11-10 07:40:46 AM | analyzer.0x37238583c041a2f51964f23fde2710c4fbd29e9e | Processed function pwr
[INFO] | 2024-11-10 07:40:46 AM | analyzer.0x37238583c041a2f51964f23fde2710c4fbd29e9e | Generating return summary for determinePID
[INFO] | 2024-11-10 07:40:46 AM | analyzer.0x37238583c041a2f51964f23fde2710c4fbd29e9e | Return summary generated for determinePID
[INFO] | 2024-11-10 07:40:46 AM | analyzer.0x37238583c041a2f51964f23fde2710c4fbd29e9e | Range graph generated
[INFO] | 2024-11-10 07:40:46 AM | analyzer.0x37238583c041a2f51964f23fde2710c4fbd29e9e | Processed function determinePID
[INFO] | 2024-11-10 07:40:46 AM | analyzer.0x37238583c041a2f51964f23fde2710c4fbd29e9e | Generating return summary for distributeInternal
[INFO] | 2024-11-10 07:40:46 AM | analyzer.0x37238583c041a2f51964f23fde2710c4fbd29e9e | Return summary generated for distributeInternal
[INFO] | 2024-11-10 07:40:46 AM | analyzer.0x37238583c041a2f51964f23fde2710c4fbd29e9e | Range graph generated
[INFO] | 2024-11-10 07:40:46 AM | analyzer.0x37238583c041a2f51964f23fde2710c4fbd29e9e | Processed function distributeInternal
[INFO] | 2024-11-10 07:40:46 AM | analyzer.0x37238583c041a2f51964f23fde2710c4fbd29e9e | Generating return summary for keys
[INFO] | 2024-11-10 07:40:46 AM | analyzer.0x37238583c041a2f51964f23fde2710c4fbd29e9e | Return summary generated for keys
[INFO] | 2024-11-10 07:40:46 AM | analyzer.0x37238583c041a2f51964f23fde2710c4fbd29e9e | State variable assignement do not exist
[INFO] | 2024-11-10 07:40:46 AM | analyzer.0x37238583c041a2f51964f23fde2710c4fbd29e9e | Processed function keys
[INFO] | 2024-11-10 07:40:46 AM | analyzer.0x37238583c041a2f51964f23fde2710c4fbd29e9e | Generating return summary for getPlayerVaults
[INFO] | 2024-11-10 07:40:46 AM | analyzer.0x37238583c041a2f51964f23fde2710c4fbd29e9e | Return summary generated for getPlayerVaults
[INFO] | 2024-11-10 07:40:46 AM | analyzer.0x37238583c041a2f51964f23fde2710c4fbd29e9e | State variable assignement do not exist
[INFO] | 2024-11-10 07:40:46 AM | analyzer.0x37238583c041a2f51964f23fde2710c4fbd29e9e | Processed function getPlayerVaults
[INFO] | 2024-11-10 07:40:46 AM | analyzer.0x37238583c041a2f51964f23fde2710c4fbd29e9e | Generating return summary for getPlayerInfoByAddress
[INFO] | 2024-11-10 07:40:46 AM | analyzer.0x37238583c041a2f51964f23fde2710c4fbd29e9e | Return summary generated for getPlayerInfoByAddress
[INFO] | 2024-11-10 07:40:46 AM | analyzer.0x37238583c041a2f51964f23fde2710c4fbd29e9e | State variable assignement do not exist
[INFO] | 2024-11-10 07:40:46 AM | analyzer.0x37238583c041a2f51964f23fde2710c4fbd29e9e | Processed function getPlayerInfoByAddress
[INFO] | 2024-11-10 07:40:46 AM | analyzer.0x37238583c041a2f51964f23fde2710c4fbd29e9e | Generating return summary for updateGenVault
[INFO] | 2024-11-10 07:40:46 AM | analyzer.0x37238583c041a2f51964f23fde2710c4fbd29e9e | Return summary generated for updateGenVault
[INFO] | 2024-11-10 07:40:46 AM | analyzer.0x37238583c041a2f51964f23fde2710c4fbd29e9e | Range graph generated
[INFO] | 2024-11-10 07:40:46 AM | analyzer.0x37238583c041a2f51964f23fde2710c4fbd29e9e | Processed function updateGenVault
[INFO] | 2024-11-10 07:40:46 AM | analyzer.0x37238583c041a2f51964f23fde2710c4fbd29e9e | Generating return summary for eth
[INFO] | 2024-11-10 07:40:46 AM | analyzer.0x37238583c041a2f51964f23fde2710c4fbd29e9e | Return summary generated for eth
[INFO] | 2024-11-10 07:40:46 AM | analyzer.0x37238583c041a2f51964f23fde2710c4fbd29e9e | State variable assignement do not exist
[INFO] | 2024-11-10 07:40:46 AM | analyzer.0x37238583c041a2f51964f23fde2710c4fbd29e9e | Processed function eth
[INFO] | 2024-11-10 07:40:46 AM | analyzer.0x37238583c041a2f51964f23fde2710c4fbd29e9e | Generating return summary for keysRec
[INFO] | 2024-11-10 07:40:46 AM | analyzer.0x37238583c041a2f51964f23fde2710c4fbd29e9e | Return summary generated for keysRec
[INFO] | 2024-11-10 07:40:46 AM | analyzer.0x37238583c041a2f51964f23fde2710c4fbd29e9e | State variable assignement do not exist
[INFO] | 2024-11-10 07:40:46 AM | analyzer.0x37238583c041a2f51964f23fde2710c4fbd29e9e | Processed function keysRec
[INFO] | 2024-11-10 07:40:46 AM | analyzer.0x37238583c041a2f51964f23fde2710c4fbd29e9e | Generating return summary for managePlayer
[INFO] | 2024-11-10 07:40:46 AM | analyzer.0x37238583c041a2f51964f23fde2710c4fbd29e9e | Return summary generated for managePlayer
[INFO] | 2024-11-10 07:40:46 AM | analyzer.0x37238583c041a2f51964f23fde2710c4fbd29e9e | Range graph generated
[INFO] | 2024-11-10 07:40:46 AM | analyzer.0x37238583c041a2f51964f23fde2710c4fbd29e9e | Processed function managePlayer
[INFO] | 2024-11-10 07:40:46 AM | analyzer.0x37238583c041a2f51964f23fde2710c4fbd29e9e | Generating return summary for withdrawEarnings
[INFO] | 2024-11-10 07:40:46 AM | analyzer.0x37238583c041a2f51964f23fde2710c4fbd29e9e | Return summary generated for withdrawEarnings
[INFO] | 2024-11-10 07:40:46 AM | analyzer.0x37238583c041a2f51964f23fde2710c4fbd29e9e | Range graph generated
[INFO] | 2024-11-10 07:40:46 AM | analyzer.0x37238583c041a2f51964f23fde2710c4fbd29e9e | Processed function withdrawEarnings
[INFO] | 2024-11-10 07:40:46 AM | analyzer.0x37238583c041a2f51964f23fde2710c4fbd29e9e | Generating return summary for ethRec
[INFO] | 2024-11-10 07:40:46 AM | analyzer.0x37238583c041a2f51964f23fde2710c4fbd29e9e | Return summary generated for ethRec
[INFO] | 2024-11-10 07:40:46 AM | analyzer.0x37238583c041a2f51964f23fde2710c4fbd29e9e | State variable assignement do not exist
[INFO] | 2024-11-10 07:40:46 AM | analyzer.0x37238583c041a2f51964f23fde2710c4fbd29e9e | Processed function ethRec
[INFO] | 2024-11-10 07:40:46 AM | analyzer.0x37238583c041a2f51964f23fde2710c4fbd29e9e | Generating return summary for calcKeysReceived
[INFO] | 2024-11-10 07:40:46 AM | analyzer.0x37238583c041a2f51964f23fde2710c4fbd29e9e | Return summary generated for calcKeysReceived
[INFO] | 2024-11-10 07:40:46 AM | analyzer.0x37238583c041a2f51964f23fde2710c4fbd29e9e | State variable assignement do not exist
[INFO] | 2024-11-10 07:40:46 AM | analyzer.0x37238583c041a2f51964f23fde2710c4fbd29e9e | Processed function calcKeysReceived
[INFO] | 2024-11-10 07:40:46 AM | analyzer.0x37238583c041a2f51964f23fde2710c4fbd29e9e | Generating return summary for core
[INFO] | 2024-11-10 07:40:46 AM | analyzer.0x37238583c041a2f51964f23fde2710c4fbd29e9e | Return summary generated for core
[INFO] | 2024-11-10 07:40:46 AM | analyzer.0x37238583c041a2f51964f23fde2710c4fbd29e9e | Range graph generated
[INFO] | 2024-11-10 07:40:46 AM | analyzer.0x37238583c041a2f51964f23fde2710c4fbd29e9e | Processed function core
[INFO] | 2024-11-10 07:40:46 AM | analyzer.0x37238583c041a2f51964f23fde2710c4fbd29e9e | Generating return summary for withdraw
[INFO] | 2024-11-10 07:40:46 AM | analyzer.0x37238583c041a2f51964f23fde2710c4fbd29e9e | Return summary generated for withdraw
[WARNING] | 2024-11-10 07:40:46 AM | analyzer.0x37238583c041a2f51964f23fde2710c4fbd29e9e | Can there be this kind of variables
[WARNING] | 2024-11-10 07:40:46 AM | analyzer.0x37238583c041a2f51964f23fde2710c4fbd29e9e | Can there be this kind of variables
[WARNING] | 2024-11-10 07:40:46 AM | analyzer.0x37238583c041a2f51964f23fde2710c4fbd29e9e | Can there be this kind of variables
[WARNING] | 2024-11-10 07:40:46 AM | analyzer.0x37238583c041a2f51964f23fde2710c4fbd29e9e | Can there be this kind of variables
[WARNING] | 2024-11-10 07:40:46 AM | analyzer.0x37238583c041a2f51964f23fde2710c4fbd29e9e | Can there be this kind of variables
[WARNING] | 2024-11-10 07:40:46 AM | analyzer.0x37238583c041a2f51964f23fde2710c4fbd29e9e | Can there be this kind of variables
[WARNING] | 2024-11-10 07:40:46 AM | analyzer.0x37238583c041a2f51964f23fde2710c4fbd29e9e | Can there be this kind of variables
[WARNING] | 2024-11-10 07:40:46 AM | analyzer.0x37238583c041a2f51964f23fde2710c4fbd29e9e | Can there be this kind of variables
[WARNING] | 2024-11-10 07:40:46 AM | analyzer.0x37238583c041a2f51964f23fde2710c4fbd29e9e | Can there be this kind of variables
[WARNING] | 2024-11-10 07:40:46 AM | analyzer.0x37238583c041a2f51964f23fde2710c4fbd29e9e | Can there be this kind of variables
[WARNING] | 2024-11-10 07:40:46 AM | analyzer.0x37238583c041a2f51964f23fde2710c4fbd29e9e | Can there be this kind of variables
[WARNING] | 2024-11-10 07:40:46 AM | analyzer.0x37238583c041a2f51964f23fde2710c4fbd29e9e | Can there be this kind of variables
[WARNING] | 2024-11-10 07:40:46 AM | analyzer.0x37238583c041a2f51964f23fde2710c4fbd29e9e | Can there be this kind of variables
[WARNING] | 2024-11-10 07:40:46 AM | analyzer.0x37238583c041a2f51964f23fde2710c4fbd29e9e | Can there be this kind of variables
[WARNING] | 2024-11-10 07:40:46 AM | analyzer.0x37238583c041a2f51964f23fde2710c4fbd29e9e | Can there be this kind of variables
[WARNING] | 2024-11-10 07:40:46 AM | analyzer.0x37238583c041a2f51964f23fde2710c4fbd29e9e | Can there be this kind of variables
[WARNING] | 2024-11-10 07:40:46 AM | analyzer.0x37238583c041a2f51964f23fde2710c4fbd29e9e | Can there be this kind of variables
[WARNING] | 2024-11-10 07:40:46 AM | analyzer.0x37238583c041a2f51964f23fde2710c4fbd29e9e | Can there be this kind of variables
[INFO] | 2024-11-10 07:40:46 AM | analyzer.0x37238583c041a2f51964f23fde2710c4fbd29e9e | Range graph generated
[INFO] | 2024-11-10 07:40:46 AM | analyzer.0x37238583c041a2f51964f23fde2710c4fbd29e9e | Processed function withdraw
[INFO] | 2024-11-10 07:40:46 AM | analyzer.0x37238583c041a2f51964f23fde2710c4fbd29e9e | Generating return summary for getBuyPrice
[INFO] | 2024-11-10 07:40:46 AM | analyzer.0x37238583c041a2f51964f23fde2710c4fbd29e9e | Return summary generated for getBuyPrice
[INFO] | 2024-11-10 07:40:46 AM | analyzer.0x37238583c041a2f51964f23fde2710c4fbd29e9e | State variable assignement do not exist
[INFO] | 2024-11-10 07:40:46 AM | analyzer.0x37238583c041a2f51964f23fde2710c4fbd29e9e | Processed function getBuyPrice
[INFO] | 2024-11-10 07:40:46 AM | analyzer.0x37238583c041a2f51964f23fde2710c4fbd29e9e | Generating return summary for iWantXKeys
[INFO] | 2024-11-10 07:40:46 AM | analyzer.0x37238583c041a2f51964f23fde2710c4fbd29e9e | Return summary generated for iWantXKeys
[INFO] | 2024-11-10 07:40:46 AM | analyzer.0x37238583c041a2f51964f23fde2710c4fbd29e9e | State variable assignement do not exist
[INFO] | 2024-11-10 07:40:46 AM | analyzer.0x37238583c041a2f51964f23fde2710c4fbd29e9e | Processed function iWantXKeys
[INFO] | 2024-11-10 07:40:46 AM | analyzer.0x37238583c041a2f51964f23fde2710c4fbd29e9e | Generating return summary for buyCore
[INFO] | 2024-11-10 07:40:46 AM | analyzer.0x37238583c041a2f51964f23fde2710c4fbd29e9e | Return summary generated for buyCore
[INFO] | 2024-11-10 07:40:46 AM | analyzer.0x37238583c041a2f51964f23fde2710c4fbd29e9e | Range graph generated
[INFO] | 2024-11-10 07:40:46 AM | analyzer.0x37238583c041a2f51964f23fde2710c4fbd29e9e | Processed function buyCore
[INFO] | 2024-11-10 07:40:46 AM | analyzer.0x37238583c041a2f51964f23fde2710c4fbd29e9e | Generating return summary for reLoadCore
[INFO] | 2024-11-10 07:40:46 AM | analyzer.0x37238583c041a2f51964f23fde2710c4fbd29e9e | Return summary generated for reLoadCore
[INFO] | 2024-11-10 07:40:46 AM | analyzer.0x37238583c041a2f51964f23fde2710c4fbd29e9e | Range graph generated
[INFO] | 2024-11-10 07:40:46 AM | analyzer.0x37238583c041a2f51964f23fde2710c4fbd29e9e | Processed function reLoadCore
[INFO] | 2024-11-10 07:40:46 AM | analyzer.0x37238583c041a2f51964f23fde2710c4fbd29e9e | Generating return summary for fallback
[INFO] | 2024-11-10 07:40:46 AM | analyzer.0x37238583c041a2f51964f23fde2710c4fbd29e9e | Return summary generated for fallback
[WARNING] | 2024-11-10 07:40:46 AM | analyzer.0x37238583c041a2f51964f23fde2710c4fbd29e9e | Can there be this kind of variables
[WARNING] | 2024-11-10 07:40:46 AM | analyzer.0x37238583c041a2f51964f23fde2710c4fbd29e9e | Can there be this kind of variables
[WARNING] | 2024-11-10 07:40:46 AM | analyzer.0x37238583c041a2f51964f23fde2710c4fbd29e9e | Can there be this kind of variables
[WARNING] | 2024-11-10 07:40:46 AM | analyzer.0x37238583c041a2f51964f23fde2710c4fbd29e9e | Can there be this kind of variables
[WARNING] | 2024-11-10 07:40:46 AM | analyzer.0x37238583c041a2f51964f23fde2710c4fbd29e9e | Can there be this kind of variables
[WARNING] | 2024-11-10 07:40:46 AM | analyzer.0x37238583c041a2f51964f23fde2710c4fbd29e9e | Can there be this kind of variables
[WARNING] | 2024-11-10 07:40:46 AM | analyzer.0x37238583c041a2f51964f23fde2710c4fbd29e9e | Can there be this kind of variables
[WARNING] | 2024-11-10 07:40:46 AM | analyzer.0x37238583c041a2f51964f23fde2710c4fbd29e9e | Can there be this kind of variables
[WARNING] | 2024-11-10 07:40:46 AM | analyzer.0x37238583c041a2f51964f23fde2710c4fbd29e9e | Can there be this kind of variables
[WARNING] | 2024-11-10 07:40:46 AM | analyzer.0x37238583c041a2f51964f23fde2710c4fbd29e9e | Can there be this kind of variables
[WARNING] | 2024-11-10 07:40:46 AM | analyzer.0x37238583c041a2f51964f23fde2710c4fbd29e9e | Can there be this kind of variables
[WARNING] | 2024-11-10 07:40:46 AM | analyzer.0x37238583c041a2f51964f23fde2710c4fbd29e9e | Can there be this kind of variables
[WARNING] | 2024-11-10 07:40:46 AM | analyzer.0x37238583c041a2f51964f23fde2710c4fbd29e9e | Can there be this kind of variables
[WARNING] | 2024-11-10 07:40:46 AM | analyzer.0x37238583c041a2f51964f23fde2710c4fbd29e9e | Can there be this kind of variables
[WARNING] | 2024-11-10 07:40:46 AM | analyzer.0x37238583c041a2f51964f23fde2710c4fbd29e9e | Can there be this kind of variables
[WARNING] | 2024-11-10 07:40:46 AM | analyzer.0x37238583c041a2f51964f23fde2710c4fbd29e9e | Can there be this kind of variables
[WARNING] | 2024-11-10 07:40:46 AM | analyzer.0x37238583c041a2f51964f23fde2710c4fbd29e9e | Can there be this kind of variables
[WARNING] | 2024-11-10 07:40:46 AM | analyzer.0x37238583c041a2f51964f23fde2710c4fbd29e9e | Can there be this kind of variables
[WARNING] | 2024-11-10 07:40:46 AM | analyzer.0x37238583c041a2f51964f23fde2710c4fbd29e9e | Can there be this kind of variables
[WARNING] | 2024-11-10 07:40:46 AM | analyzer.0x37238583c041a2f51964f23fde2710c4fbd29e9e | Can there be this kind of variables
[WARNING] | 2024-11-10 07:40:46 AM | analyzer.0x37238583c041a2f51964f23fde2710c4fbd29e9e | Can there be this kind of variables
[WARNING] | 2024-11-10 07:40:46 AM | analyzer.0x37238583c041a2f51964f23fde2710c4fbd29e9e | Can there be this kind of variables
[WARNING] | 2024-11-10 07:40:46 AM | analyzer.0x37238583c041a2f51964f23fde2710c4fbd29e9e | Can there be this kind of variables
[WARNING] | 2024-11-10 07:40:46 AM | analyzer.0x37238583c041a2f51964f23fde2710c4fbd29e9e | Can there be this kind of variables
[WARNING] | 2024-11-10 07:40:46 AM | analyzer.0x37238583c041a2f51964f23fde2710c4fbd29e9e | Can there be this kind of variables
[WARNING] | 2024-11-10 07:40:46 AM | analyzer.0x37238583c041a2f51964f23fde2710c4fbd29e9e | Can there be this kind of variables
[WARNING] | 2024-11-10 07:40:46 AM | analyzer.0x37238583c041a2f51964f23fde2710c4fbd29e9e | Can there be this kind of variables
[WARNING] | 2024-11-10 07:40:46 AM | analyzer.0x37238583c041a2f51964f23fde2710c4fbd29e9e | Can there be this kind of variables
[WARNING] | 2024-11-10 07:40:46 AM | analyzer.0x37238583c041a2f51964f23fde2710c4fbd29e9e | Can there be this kind of variables
[WARNING] | 2024-11-10 07:40:46 AM | analyzer.0x37238583c041a2f51964f23fde2710c4fbd29e9e | Can there be this kind of variables
[WARNING] | 2024-11-10 07:40:46 AM | analyzer.0x37238583c041a2f51964f23fde2710c4fbd29e9e | Can there be this kind of variables
[WARNING] | 2024-11-10 07:40:46 AM | analyzer.0x37238583c041a2f51964f23fde2710c4fbd29e9e | Can there be this kind of variables
[WARNING] | 2024-11-10 07:40:46 AM | analyzer.0x37238583c041a2f51964f23fde2710c4fbd29e9e | Can there be this kind of variables
[WARNING] | 2024-11-10 07:40:46 AM | analyzer.0x37238583c041a2f51964f23fde2710c4fbd29e9e | Can there be this kind of variables
[WARNING] | 2024-11-10 07:40:46 AM | analyzer.0x37238583c041a2f51964f23fde2710c4fbd29e9e | Can there be this kind of variables
[INFO] | 2024-11-10 07:40:46 AM | analyzer.0x37238583c041a2f51964f23fde2710c4fbd29e9e | Range graph generated
[INFO] | 2024-11-10 07:40:46 AM | analyzer.0x37238583c041a2f51964f23fde2710c4fbd29e9e | Processed function fallback
[INFO] | 2024-11-10 07:40:46 AM | analyzer.0x37238583c041a2f51964f23fde2710c4fbd29e9e | Generating return summary for buyXid
[INFO] | 2024-11-10 07:40:46 AM | analyzer.0x37238583c041a2f51964f23fde2710c4fbd29e9e | Return summary generated for buyXid
[WARNING] | 2024-11-10 07:40:46 AM | analyzer.0x37238583c041a2f51964f23fde2710c4fbd29e9e | Can there be this kind of variables
[WARNING] | 2024-11-10 07:40:46 AM | analyzer.0x37238583c041a2f51964f23fde2710c4fbd29e9e | Can there be this kind of variables
[WARNING] | 2024-11-10 07:40:46 AM | analyzer.0x37238583c041a2f51964f23fde2710c4fbd29e9e | Can there be this kind of variables
[WARNING] | 2024-11-10 07:40:46 AM | analyzer.0x37238583c041a2f51964f23fde2710c4fbd29e9e | Can there be this kind of variables
[WARNING] | 2024-11-10 07:40:46 AM | analyzer.0x37238583c041a2f51964f23fde2710c4fbd29e9e | Can there be this kind of variables
[WARNING] | 2024-11-10 07:40:46 AM | analyzer.0x37238583c041a2f51964f23fde2710c4fbd29e9e | Can there be this kind of variables
[WARNING] | 2024-11-10 07:40:46 AM | analyzer.0x37238583c041a2f51964f23fde2710c4fbd29e9e | Can there be this kind of variables
[WARNING] | 2024-11-10 07:40:46 AM | analyzer.0x37238583c041a2f51964f23fde2710c4fbd29e9e | Can there be this kind of variables
[WARNING] | 2024-11-10 07:40:46 AM | analyzer.0x37238583c041a2f51964f23fde2710c4fbd29e9e | Can there be this kind of variables
[WARNING] | 2024-11-10 07:40:46 AM | analyzer.0x37238583c041a2f51964f23fde2710c4fbd29e9e | Can there be this kind of variables
[WARNING] | 2024-11-10 07:40:46 AM | analyzer.0x37238583c041a2f51964f23fde2710c4fbd29e9e | Can there be this kind of variables
[WARNING] | 2024-11-10 07:40:46 AM | analyzer.0x37238583c041a2f51964f23fde2710c4fbd29e9e | Can there be this kind of variables
[WARNING] | 2024-11-10 07:40:46 AM | analyzer.0x37238583c041a2f51964f23fde2710c4fbd29e9e | Can there be this kind of variables
[WARNING] | 2024-11-10 07:40:46 AM | analyzer.0x37238583c041a2f51964f23fde2710c4fbd29e9e | Can there be this kind of variables
[WARNING] | 2024-11-10 07:40:46 AM | analyzer.0x37238583c041a2f51964f23fde2710c4fbd29e9e | Can there be this kind of variables
[WARNING] | 2024-11-10 07:40:46 AM | analyzer.0x37238583c041a2f51964f23fde2710c4fbd29e9e | Can there be this kind of variables
[WARNING] | 2024-11-10 07:40:46 AM | analyzer.0x37238583c041a2f51964f23fde2710c4fbd29e9e | Can there be this kind of variables
[WARNING] | 2024-11-10 07:40:46 AM | analyzer.0x37238583c041a2f51964f23fde2710c4fbd29e9e | Can there be this kind of variables
[WARNING] | 2024-11-10 07:40:46 AM | analyzer.0x37238583c041a2f51964f23fde2710c4fbd29e9e | Can there be this kind of variables
[WARNING] | 2024-11-10 07:40:46 AM | analyzer.0x37238583c041a2f51964f23fde2710c4fbd29e9e | Can there be this kind of variables
[WARNING] | 2024-11-10 07:40:46 AM | analyzer.0x37238583c041a2f51964f23fde2710c4fbd29e9e | Can there be this kind of variables
[WARNING] | 2024-11-10 07:40:46 AM | analyzer.0x37238583c041a2f51964f23fde2710c4fbd29e9e | Can there be this kind of variables
[WARNING] | 2024-11-10 07:40:46 AM | analyzer.0x37238583c041a2f51964f23fde2710c4fbd29e9e | Can there be this kind of variables
[WARNING] | 2024-11-10 07:40:46 AM | analyzer.0x37238583c041a2f51964f23fde2710c4fbd29e9e | Can there be this kind of variables
[WARNING] | 2024-11-10 07:40:46 AM | analyzer.0x37238583c041a2f51964f23fde2710c4fbd29e9e | Can there be this kind of variables
[WARNING] | 2024-11-10 07:40:46 AM | analyzer.0x37238583c041a2f51964f23fde2710c4fbd29e9e | Can there be this kind of variables
[WARNING] | 2024-11-10 07:40:46 AM | analyzer.0x37238583c041a2f51964f23fde2710c4fbd29e9e | Can there be this kind of variables
[WARNING] | 2024-11-10 07:40:46 AM | analyzer.0x37238583c041a2f51964f23fde2710c4fbd29e9e | Can there be this kind of variables
[WARNING] | 2024-11-10 07:40:46 AM | analyzer.0x37238583c041a2f51964f23fde2710c4fbd29e9e | Can there be this kind of variables
[WARNING] | 2024-11-10 07:40:46 AM | analyzer.0x37238583c041a2f51964f23fde2710c4fbd29e9e | Can there be this kind of variables
[WARNING] | 2024-11-10 07:40:46 AM | analyzer.0x37238583c041a2f51964f23fde2710c4fbd29e9e | Can there be this kind of variables
[WARNING] | 2024-11-10 07:40:46 AM | analyzer.0x37238583c041a2f51964f23fde2710c4fbd29e9e | Can there be this kind of variables
[WARNING] | 2024-11-10 07:40:46 AM | analyzer.0x37238583c041a2f51964f23fde2710c4fbd29e9e | Can there be this kind of variables
[WARNING] | 2024-11-10 07:40:46 AM | analyzer.0x37238583c041a2f51964f23fde2710c4fbd29e9e | Can there be this kind of variables
[WARNING] | 2024-11-10 07:40:46 AM | analyzer.0x37238583c041a2f51964f23fde2710c4fbd29e9e | Can there be this kind of variables
[WARNING] | 2024-11-10 07:40:46 AM | analyzer.0x37238583c041a2f51964f23fde2710c4fbd29e9e | Can there be this kind of variables
[INFO] | 2024-11-10 07:40:46 AM | analyzer.0x37238583c041a2f51964f23fde2710c4fbd29e9e | Range graph generated
[INFO] | 2024-11-10 07:40:46 AM | analyzer.0x37238583c041a2f51964f23fde2710c4fbd29e9e | Processed function buyXid
[INFO] | 2024-11-10 07:40:46 AM | analyzer.0x37238583c041a2f51964f23fde2710c4fbd29e9e | Generating return summary for buyXaddr
[INFO] | 2024-11-10 07:40:46 AM | analyzer.0x37238583c041a2f51964f23fde2710c4fbd29e9e | Return summary generated for buyXaddr
[WARNING] | 2024-11-10 07:40:46 AM | analyzer.0x37238583c041a2f51964f23fde2710c4fbd29e9e | Can there be this kind of variables
[WARNING] | 2024-11-10 07:40:46 AM | analyzer.0x37238583c041a2f51964f23fde2710c4fbd29e9e | Can there be this kind of variables
[WARNING] | 2024-11-10 07:40:46 AM | analyzer.0x37238583c041a2f51964f23fde2710c4fbd29e9e | Can there be this kind of variables
[WARNING] | 2024-11-10 07:40:46 AM | analyzer.0x37238583c041a2f51964f23fde2710c4fbd29e9e | Can there be this kind of variables
[WARNING] | 2024-11-10 07:40:46 AM | analyzer.0x37238583c041a2f51964f23fde2710c4fbd29e9e | Can there be this kind of variables
[WARNING] | 2024-11-10 07:40:46 AM | analyzer.0x37238583c041a2f51964f23fde2710c4fbd29e9e | Can there be this kind of variables
[WARNING] | 2024-11-10 07:40:46 AM | analyzer.0x37238583c041a2f51964f23fde2710c4fbd29e9e | Can there be this kind of variables
[WARNING] | 2024-11-10 07:40:46 AM | analyzer.0x37238583c041a2f51964f23fde2710c4fbd29e9e | Can there be this kind of variables
[WARNING] | 2024-11-10 07:40:46 AM | analyzer.0x37238583c041a2f51964f23fde2710c4fbd29e9e | Can there be this kind of variables
[WARNING] | 2024-11-10 07:40:46 AM | analyzer.0x37238583c041a2f51964f23fde2710c4fbd29e9e | Can there be this kind of variables
[WARNING] | 2024-11-10 07:40:46 AM | analyzer.0x37238583c041a2f51964f23fde2710c4fbd29e9e | Can there be this kind of variables
[WARNING] | 2024-11-10 07:40:46 AM | analyzer.0x37238583c041a2f51964f23fde2710c4fbd29e9e | Can there be this kind of variables
[WARNING] | 2024-11-10 07:40:46 AM | analyzer.0x37238583c041a2f51964f23fde2710c4fbd29e9e | Can there be this kind of variables
[WARNING] | 2024-11-10 07:40:46 AM | analyzer.0x37238583c041a2f51964f23fde2710c4fbd29e9e | Can there be this kind of variables
[WARNING] | 2024-11-10 07:40:46 AM | analyzer.0x37238583c041a2f51964f23fde2710c4fbd29e9e | Can there be this kind of variables
[WARNING] | 2024-11-10 07:40:46 AM | analyzer.0x37238583c041a2f51964f23fde2710c4fbd29e9e | Can there be this kind of variables
[WARNING] | 2024-11-10 07:40:46 AM | analyzer.0x37238583c041a2f51964f23fde2710c4fbd29e9e | Can there be this kind of variables
[WARNING] | 2024-11-10 07:40:46 AM | analyzer.0x37238583c041a2f51964f23fde2710c4fbd29e9e | Can there be this kind of variables
[WARNING] | 2024-11-10 07:40:46 AM | analyzer.0x37238583c041a2f51964f23fde2710c4fbd29e9e | Can there be this kind of variables
[WARNING] | 2024-11-10 07:40:46 AM | analyzer.0x37238583c041a2f51964f23fde2710c4fbd29e9e | Can there be this kind of variables
[WARNING] | 2024-11-10 07:40:46 AM | analyzer.0x37238583c041a2f51964f23fde2710c4fbd29e9e | Can there be this kind of variables
[WARNING] | 2024-11-10 07:40:46 AM | analyzer.0x37238583c041a2f51964f23fde2710c4fbd29e9e | Can there be this kind of variables
[WARNING] | 2024-11-10 07:40:46 AM | analyzer.0x37238583c041a2f51964f23fde2710c4fbd29e9e | Can there be this kind of variables
[WARNING] | 2024-11-10 07:40:46 AM | analyzer.0x37238583c041a2f51964f23fde2710c4fbd29e9e | Can there be this kind of variables
[WARNING] | 2024-11-10 07:40:46 AM | analyzer.0x37238583c041a2f51964f23fde2710c4fbd29e9e | Can there be this kind of variables
[WARNING] | 2024-11-10 07:40:46 AM | analyzer.0x37238583c041a2f51964f23fde2710c4fbd29e9e | Can there be this kind of variables
[WARNING] | 2024-11-10 07:40:46 AM | analyzer.0x37238583c041a2f51964f23fde2710c4fbd29e9e | Can there be this kind of variables
[WARNING] | 2024-11-10 07:40:46 AM | analyzer.0x37238583c041a2f51964f23fde2710c4fbd29e9e | Can there be this kind of variables
[WARNING] | 2024-11-10 07:40:46 AM | analyzer.0x37238583c041a2f51964f23fde2710c4fbd29e9e | Can there be this kind of variables
[WARNING] | 2024-11-10 07:40:46 AM | analyzer.0x37238583c041a2f51964f23fde2710c4fbd29e9e | Can there be this kind of variables
[WARNING] | 2024-11-10 07:40:46 AM | analyzer.0x37238583c041a2f51964f23fde2710c4fbd29e9e | Can there be this kind of variables
[WARNING] | 2024-11-10 07:40:46 AM | analyzer.0x37238583c041a2f51964f23fde2710c4fbd29e9e | Can there be this kind of variables
[WARNING] | 2024-11-10 07:40:46 AM | analyzer.0x37238583c041a2f51964f23fde2710c4fbd29e9e | Can there be this kind of variables
[WARNING] | 2024-11-10 07:40:46 AM | analyzer.0x37238583c041a2f51964f23fde2710c4fbd29e9e | Can there be this kind of variables
[WARNING] | 2024-11-10 07:40:46 AM | analyzer.0x37238583c041a2f51964f23fde2710c4fbd29e9e | Can there be this kind of variables
[WARNING] | 2024-11-10 07:40:46 AM | analyzer.0x37238583c041a2f51964f23fde2710c4fbd29e9e | Can there be this kind of variables
[INFO] | 2024-11-10 07:40:46 AM | analyzer.0x37238583c041a2f51964f23fde2710c4fbd29e9e | Range graph generated
[INFO] | 2024-11-10 07:40:46 AM | analyzer.0x37238583c041a2f51964f23fde2710c4fbd29e9e | Processed function buyXaddr
[INFO] | 2024-11-10 07:40:46 AM | analyzer.0x37238583c041a2f51964f23fde2710c4fbd29e9e | Generating return summary for buyXname
[INFO] | 2024-11-10 07:40:46 AM | analyzer.0x37238583c041a2f51964f23fde2710c4fbd29e9e | Return summary generated for buyXname
[WARNING] | 2024-11-10 07:40:46 AM | analyzer.0x37238583c041a2f51964f23fde2710c4fbd29e9e | Can there be this kind of variables
[WARNING] | 2024-11-10 07:40:46 AM | analyzer.0x37238583c041a2f51964f23fde2710c4fbd29e9e | Can there be this kind of variables
[WARNING] | 2024-11-10 07:40:46 AM | analyzer.0x37238583c041a2f51964f23fde2710c4fbd29e9e | Can there be this kind of variables
[WARNING] | 2024-11-10 07:40:46 AM | analyzer.0x37238583c041a2f51964f23fde2710c4fbd29e9e | Can there be this kind of variables
[WARNING] | 2024-11-10 07:40:46 AM | analyzer.0x37238583c041a2f51964f23fde2710c4fbd29e9e | Can there be this kind of variables
[WARNING] | 2024-11-10 07:40:46 AM | analyzer.0x37238583c041a2f51964f23fde2710c4fbd29e9e | Can there be this kind of variables
[WARNING] | 2024-11-10 07:40:46 AM | analyzer.0x37238583c041a2f51964f23fde2710c4fbd29e9e | Can there be this kind of variables
[WARNING] | 2024-11-10 07:40:46 AM | analyzer.0x37238583c041a2f51964f23fde2710c4fbd29e9e | Can there be this kind of variables
[WARNING] | 2024-11-10 07:40:46 AM | analyzer.0x37238583c041a2f51964f23fde2710c4fbd29e9e | Can there be this kind of variables
[WARNING] | 2024-11-10 07:40:46 AM | analyzer.0x37238583c041a2f51964f23fde2710c4fbd29e9e | Can there be this kind of variables
[WARNING] | 2024-11-10 07:40:46 AM | analyzer.0x37238583c041a2f51964f23fde2710c4fbd29e9e | Can there be this kind of variables
[WARNING] | 2024-11-10 07:40:46 AM | analyzer.0x37238583c041a2f51964f23fde2710c4fbd29e9e | Can there be this kind of variables
[WARNING] | 2024-11-10 07:40:46 AM | analyzer.0x37238583c041a2f51964f23fde2710c4fbd29e9e | Can there be this kind of variables
[WARNING] | 2024-11-10 07:40:46 AM | analyzer.0x37238583c041a2f51964f23fde2710c4fbd29e9e | Can there be this kind of variables
[WARNING] | 2024-11-10 07:40:46 AM | analyzer.0x37238583c041a2f51964f23fde2710c4fbd29e9e | Can there be this kind of variables
[WARNING] | 2024-11-10 07:40:46 AM | analyzer.0x37238583c041a2f51964f23fde2710c4fbd29e9e | Can there be this kind of variables
[WARNING] | 2024-11-10 07:40:46 AM | analyzer.0x37238583c041a2f51964f23fde2710c4fbd29e9e | Can there be this kind of variables
[WARNING] | 2024-11-10 07:40:46 AM | analyzer.0x37238583c041a2f51964f23fde2710c4fbd29e9e | Can there be this kind of variables
[WARNING] | 2024-11-10 07:40:46 AM | analyzer.0x37238583c041a2f51964f23fde2710c4fbd29e9e | Can there be this kind of variables
[WARNING] | 2024-11-10 07:40:46 AM | analyzer.0x37238583c041a2f51964f23fde2710c4fbd29e9e | Can there be this kind of variables
[WARNING] | 2024-11-10 07:40:46 AM | analyzer.0x37238583c041a2f51964f23fde2710c4fbd29e9e | Can there be this kind of variables
[WARNING] | 2024-11-10 07:40:46 AM | analyzer.0x37238583c041a2f51964f23fde2710c4fbd29e9e | Can there be this kind of variables
[WARNING] | 2024-11-10 07:40:46 AM | analyzer.0x37238583c041a2f51964f23fde2710c4fbd29e9e | Can there be this kind of variables
[WARNING] | 2024-11-10 07:40:46 AM | analyzer.0x37238583c041a2f51964f23fde2710c4fbd29e9e | Can there be this kind of variables
[WARNING] | 2024-11-10 07:40:46 AM | analyzer.0x37238583c041a2f51964f23fde2710c4fbd29e9e | Can there be this kind of variables
[WARNING] | 2024-11-10 07:40:46 AM | analyzer.0x37238583c041a2f51964f23fde2710c4fbd29e9e | Can there be this kind of variables
[WARNING] | 2024-11-10 07:40:46 AM | analyzer.0x37238583c041a2f51964f23fde2710c4fbd29e9e | Can there be this kind of variables
[WARNING] | 2024-11-10 07:40:46 AM | analyzer.0x37238583c041a2f51964f23fde2710c4fbd29e9e | Can there be this kind of variables
[WARNING] | 2024-11-10 07:40:46 AM | analyzer.0x37238583c041a2f51964f23fde2710c4fbd29e9e | Can there be this kind of variables
[WARNING] | 2024-11-10 07:40:46 AM | analyzer.0x37238583c041a2f51964f23fde2710c4fbd29e9e | Can there be this kind of variables
[WARNING] | 2024-11-10 07:40:46 AM | analyzer.0x37238583c041a2f51964f23fde2710c4fbd29e9e | Can there be this kind of variables
[WARNING] | 2024-11-10 07:40:46 AM | analyzer.0x37238583c041a2f51964f23fde2710c4fbd29e9e | Can there be this kind of variables
[WARNING] | 2024-11-10 07:40:46 AM | analyzer.0x37238583c041a2f51964f23fde2710c4fbd29e9e | Can there be this kind of variables
[WARNING] | 2024-11-10 07:40:46 AM | analyzer.0x37238583c041a2f51964f23fde2710c4fbd29e9e | Can there be this kind of variables
[WARNING] | 2024-11-10 07:40:46 AM | analyzer.0x37238583c041a2f51964f23fde2710c4fbd29e9e | Can there be this kind of variables
[WARNING] | 2024-11-10 07:40:46 AM | analyzer.0x37238583c041a2f51964f23fde2710c4fbd29e9e | Can there be this kind of variables
[INFO] | 2024-11-10 07:40:46 AM | analyzer.0x37238583c041a2f51964f23fde2710c4fbd29e9e | Range graph generated
[INFO] | 2024-11-10 07:40:46 AM | analyzer.0x37238583c041a2f51964f23fde2710c4fbd29e9e | Processed function buyXname
[INFO] | 2024-11-10 07:40:46 AM | analyzer.0x37238583c041a2f51964f23fde2710c4fbd29e9e | Generating return summary for reLoadXid
[INFO] | 2024-11-10 07:40:46 AM | analyzer.0x37238583c041a2f51964f23fde2710c4fbd29e9e | Return summary generated for reLoadXid
[WARNING] | 2024-11-10 07:40:46 AM | analyzer.0x37238583c041a2f51964f23fde2710c4fbd29e9e | Can there be this kind of variables
[WARNING] | 2024-11-10 07:40:46 AM | analyzer.0x37238583c041a2f51964f23fde2710c4fbd29e9e | Can there be this kind of variables
[WARNING] | 2024-11-10 07:40:46 AM | analyzer.0x37238583c041a2f51964f23fde2710c4fbd29e9e | Can there be this kind of variables
[WARNING] | 2024-11-10 07:40:46 AM | analyzer.0x37238583c041a2f51964f23fde2710c4fbd29e9e | Can there be this kind of variables
[WARNING] | 2024-11-10 07:40:46 AM | analyzer.0x37238583c041a2f51964f23fde2710c4fbd29e9e | Can there be this kind of variables
[WARNING] | 2024-11-10 07:40:46 AM | analyzer.0x37238583c041a2f51964f23fde2710c4fbd29e9e | Can there be this kind of variables
[WARNING] | 2024-11-10 07:40:46 AM | analyzer.0x37238583c041a2f51964f23fde2710c4fbd29e9e | Can there be this kind of variables
[WARNING] | 2024-11-10 07:40:46 AM | analyzer.0x37238583c041a2f51964f23fde2710c4fbd29e9e | Can there be this kind of variables
[WARNING] | 2024-11-10 07:40:46 AM | analyzer.0x37238583c041a2f51964f23fde2710c4fbd29e9e | Can there be this kind of variables
[WARNING] | 2024-11-10 07:40:46 AM | analyzer.0x37238583c041a2f51964f23fde2710c4fbd29e9e | Can there be this kind of variables
[WARNING] | 2024-11-10 07:40:46 AM | analyzer.0x37238583c041a2f51964f23fde2710c4fbd29e9e | Can there be this kind of variables
[WARNING] | 2024-11-10 07:40:46 AM | analyzer.0x37238583c041a2f51964f23fde2710c4fbd29e9e | Can there be this kind of variables
[WARNING] | 2024-11-10 07:40:46 AM | analyzer.0x37238583c041a2f51964f23fde2710c4fbd29e9e | Can there be this kind of variables
[WARNING] | 2024-11-10 07:40:46 AM | analyzer.0x37238583c041a2f51964f23fde2710c4fbd29e9e | Can there be this kind of variables
[WARNING] | 2024-11-10 07:40:46 AM | analyzer.0x37238583c041a2f51964f23fde2710c4fbd29e9e | Can there be this kind of variables
[WARNING] | 2024-11-10 07:40:46 AM | analyzer.0x37238583c041a2f51964f23fde2710c4fbd29e9e | Can there be this kind of variables
[WARNING] | 2024-11-10 07:40:46 AM | analyzer.0x37238583c041a2f51964f23fde2710c4fbd29e9e | Can there be this kind of variables
[WARNING] | 2024-11-10 07:40:46 AM | analyzer.0x37238583c041a2f51964f23fde2710c4fbd29e9e | Can there be this kind of variables
[WARNING] | 2024-11-10 07:40:46 AM | analyzer.0x37238583c041a2f51964f23fde2710c4fbd29e9e | Can there be this kind of variables
[WARNING] | 2024-11-10 07:40:46 AM | analyzer.0x37238583c041a2f51964f23fde2710c4fbd29e9e | Can there be this kind of variables
[WARNING] | 2024-11-10 07:40:46 AM | analyzer.0x37238583c041a2f51964f23fde2710c4fbd29e9e | Can there be this kind of variables
[WARNING] | 2024-11-10 07:40:46 AM | analyzer.0x37238583c041a2f51964f23fde2710c4fbd29e9e | Can there be this kind of variables
[WARNING] | 2024-11-10 07:40:46 AM | analyzer.0x37238583c041a2f51964f23fde2710c4fbd29e9e | Can there be this kind of variables
[WARNING] | 2024-11-10 07:40:46 AM | analyzer.0x37238583c041a2f51964f23fde2710c4fbd29e9e | Can there be this kind of variables
[WARNING] | 2024-11-10 07:40:46 AM | analyzer.0x37238583c041a2f51964f23fde2710c4fbd29e9e | Can there be this kind of variables
[WARNING] | 2024-11-10 07:40:46 AM | analyzer.0x37238583c041a2f51964f23fde2710c4fbd29e9e | Can there be this kind of variables
[WARNING] | 2024-11-10 07:40:46 AM | analyzer.0x37238583c041a2f51964f23fde2710c4fbd29e9e | Can there be this kind of variables
[WARNING] | 2024-11-10 07:40:46 AM | analyzer.0x37238583c041a2f51964f23fde2710c4fbd29e9e | Can there be this kind of variables
[WARNING] | 2024-11-10 07:40:46 AM | analyzer.0x37238583c041a2f51964f23fde2710c4fbd29e9e | Can there be this kind of variables
[WARNING] | 2024-11-10 07:40:46 AM | analyzer.0x37238583c041a2f51964f23fde2710c4fbd29e9e | Can there be this kind of variables
[WARNING] | 2024-11-10 07:40:46 AM | analyzer.0x37238583c041a2f51964f23fde2710c4fbd29e9e | Can there be this kind of variables
[WARNING] | 2024-11-10 07:40:46 AM | analyzer.0x37238583c041a2f51964f23fde2710c4fbd29e9e | Can there be this kind of variables
[WARNING] | 2024-11-10 07:40:46 AM | analyzer.0x37238583c041a2f51964f23fde2710c4fbd29e9e | Can there be this kind of variables
[WARNING] | 2024-11-10 07:40:46 AM | analyzer.0x37238583c041a2f51964f23fde2710c4fbd29e9e | Can there be this kind of variables
[WARNING] | 2024-11-10 07:40:46 AM | analyzer.0x37238583c041a2f51964f23fde2710c4fbd29e9e | Can there be this kind of variables
[INFO] | 2024-11-10 07:40:46 AM | analyzer.0x37238583c041a2f51964f23fde2710c4fbd29e9e | Range graph generated
[INFO] | 2024-11-10 07:40:46 AM | analyzer.0x37238583c041a2f51964f23fde2710c4fbd29e9e | Processed function reLoadXid
[INFO] | 2024-11-10 07:40:46 AM | analyzer.0x37238583c041a2f51964f23fde2710c4fbd29e9e | Generating return summary for reLoadXaddr
[INFO] | 2024-11-10 07:40:46 AM | analyzer.0x37238583c041a2f51964f23fde2710c4fbd29e9e | Return summary generated for reLoadXaddr
[WARNING] | 2024-11-10 07:40:46 AM | analyzer.0x37238583c041a2f51964f23fde2710c4fbd29e9e | Can there be this kind of variables
[WARNING] | 2024-11-10 07:40:46 AM | analyzer.0x37238583c041a2f51964f23fde2710c4fbd29e9e | Can there be this kind of variables
[WARNING] | 2024-11-10 07:40:46 AM | analyzer.0x37238583c041a2f51964f23fde2710c4fbd29e9e | Can there be this kind of variables
[WARNING] | 2024-11-10 07:40:46 AM | analyzer.0x37238583c041a2f51964f23fde2710c4fbd29e9e | Can there be this kind of variables
[WARNING] | 2024-11-10 07:40:46 AM | analyzer.0x37238583c041a2f51964f23fde2710c4fbd29e9e | Can there be this kind of variables
[WARNING] | 2024-11-10 07:40:46 AM | analyzer.0x37238583c041a2f51964f23fde2710c4fbd29e9e | Can there be this kind of variables
[WARNING] | 2024-11-10 07:40:46 AM | analyzer.0x37238583c041a2f51964f23fde2710c4fbd29e9e | Can there be this kind of variables
[WARNING] | 2024-11-10 07:40:46 AM | analyzer.0x37238583c041a2f51964f23fde2710c4fbd29e9e | Can there be this kind of variables
[WARNING] | 2024-11-10 07:40:46 AM | analyzer.0x37238583c041a2f51964f23fde2710c4fbd29e9e | Can there be this kind of variables
[WARNING] | 2024-11-10 07:40:46 AM | analyzer.0x37238583c041a2f51964f23fde2710c4fbd29e9e | Can there be this kind of variables
[WARNING] | 2024-11-10 07:40:46 AM | analyzer.0x37238583c041a2f51964f23fde2710c4fbd29e9e | Can there be this kind of variables
[WARNING] | 2024-11-10 07:40:46 AM | analyzer.0x37238583c041a2f51964f23fde2710c4fbd29e9e | Can there be this kind of variables
[WARNING] | 2024-11-10 07:40:46 AM | analyzer.0x37238583c041a2f51964f23fde2710c4fbd29e9e | Can there be this kind of variables
[WARNING] | 2024-11-10 07:40:46 AM | analyzer.0x37238583c041a2f51964f23fde2710c4fbd29e9e | Can there be this kind of variables
[WARNING] | 2024-11-10 07:40:46 AM | analyzer.0x37238583c041a2f51964f23fde2710c4fbd29e9e | Can there be this kind of variables
[WARNING] | 2024-11-10 07:40:46 AM | analyzer.0x37238583c041a2f51964f23fde2710c4fbd29e9e | Can there be this kind of variables
[WARNING] | 2024-11-10 07:40:46 AM | analyzer.0x37238583c041a2f51964f23fde2710c4fbd29e9e | Can there be this kind of variables
[WARNING] | 2024-11-10 07:40:46 AM | analyzer.0x37238583c041a2f51964f23fde2710c4fbd29e9e | Can there be this kind of variables
[WARNING] | 2024-11-10 07:40:46 AM | analyzer.0x37238583c041a2f51964f23fde2710c4fbd29e9e | Can there be this kind of variables
[WARNING] | 2024-11-10 07:40:46 AM | analyzer.0x37238583c041a2f51964f23fde2710c4fbd29e9e | Can there be this kind of variables
[WARNING] | 2024-11-10 07:40:46 AM | analyzer.0x37238583c041a2f51964f23fde2710c4fbd29e9e | Can there be this kind of variables
[WARNING] | 2024-11-10 07:40:46 AM | analyzer.0x37238583c041a2f51964f23fde2710c4fbd29e9e | Can there be this kind of variables
[WARNING] | 2024-11-10 07:40:46 AM | analyzer.0x37238583c041a2f51964f23fde2710c4fbd29e9e | Can there be this kind of variables
[WARNING] | 2024-11-10 07:40:46 AM | analyzer.0x37238583c041a2f51964f23fde2710c4fbd29e9e | Can there be this kind of variables
[WARNING] | 2024-11-10 07:40:46 AM | analyzer.0x37238583c041a2f51964f23fde2710c4fbd29e9e | Can there be this kind of variables
[WARNING] | 2024-11-10 07:40:46 AM | analyzer.0x37238583c041a2f51964f23fde2710c4fbd29e9e | Can there be this kind of variables
[WARNING] | 2024-11-10 07:40:46 AM | analyzer.0x37238583c041a2f51964f23fde2710c4fbd29e9e | Can there be this kind of variables
[WARNING] | 2024-11-10 07:40:46 AM | analyzer.0x37238583c041a2f51964f23fde2710c4fbd29e9e | Can there be this kind of variables
[WARNING] | 2024-11-10 07:40:46 AM | analyzer.0x37238583c041a2f51964f23fde2710c4fbd29e9e | Can there be this kind of variables
[WARNING] | 2024-11-10 07:40:46 AM | analyzer.0x37238583c041a2f51964f23fde2710c4fbd29e9e | Can there be this kind of variables
[WARNING] | 2024-11-10 07:40:46 AM | analyzer.0x37238583c041a2f51964f23fde2710c4fbd29e9e | Can there be this kind of variables
[WARNING] | 2024-11-10 07:40:46 AM | analyzer.0x37238583c041a2f51964f23fde2710c4fbd29e9e | Can there be this kind of variables
[WARNING] | 2024-11-10 07:40:46 AM | analyzer.0x37238583c041a2f51964f23fde2710c4fbd29e9e | Can there be this kind of variables
[WARNING] | 2024-11-10 07:40:46 AM | analyzer.0x37238583c041a2f51964f23fde2710c4fbd29e9e | Can there be this kind of variables
[WARNING] | 2024-11-10 07:40:46 AM | analyzer.0x37238583c041a2f51964f23fde2710c4fbd29e9e | Can there be this kind of variables
[INFO] | 2024-11-10 07:40:46 AM | analyzer.0x37238583c041a2f51964f23fde2710c4fbd29e9e | Range graph generated
[INFO] | 2024-11-10 07:40:46 AM | analyzer.0x37238583c041a2f51964f23fde2710c4fbd29e9e | Processed function reLoadXaddr
[INFO] | 2024-11-10 07:40:46 AM | analyzer.0x37238583c041a2f51964f23fde2710c4fbd29e9e | Generating return summary for reLoadXname
[INFO] | 2024-11-10 07:40:46 AM | analyzer.0x37238583c041a2f51964f23fde2710c4fbd29e9e | Return summary generated for reLoadXname
[WARNING] | 2024-11-10 07:40:46 AM | analyzer.0x37238583c041a2f51964f23fde2710c4fbd29e9e | Can there be this kind of variables
[WARNING] | 2024-11-10 07:40:46 AM | analyzer.0x37238583c041a2f51964f23fde2710c4fbd29e9e | Can there be this kind of variables
[WARNING] | 2024-11-10 07:40:46 AM | analyzer.0x37238583c041a2f51964f23fde2710c4fbd29e9e | Can there be this kind of variables
[WARNING] | 2024-11-10 07:40:46 AM | analyzer.0x37238583c041a2f51964f23fde2710c4fbd29e9e | Can there be this kind of variables
[WARNING] | 2024-11-10 07:40:46 AM | analyzer.0x37238583c041a2f51964f23fde2710c4fbd29e9e | Can there be this kind of variables
[WARNING] | 2024-11-10 07:40:46 AM | analyzer.0x37238583c041a2f51964f23fde2710c4fbd29e9e | Can there be this kind of variables
[WARNING] | 2024-11-10 07:40:46 AM | analyzer.0x37238583c041a2f51964f23fde2710c4fbd29e9e | Can there be this kind of variables
[WARNING] | 2024-11-10 07:40:46 AM | analyzer.0x37238583c041a2f51964f23fde2710c4fbd29e9e | Can there be this kind of variables
[WARNING] | 2024-11-10 07:40:46 AM | analyzer.0x37238583c041a2f51964f23fde2710c4fbd29e9e | Can there be this kind of variables
[WARNING] | 2024-11-10 07:40:46 AM | analyzer.0x37238583c041a2f51964f23fde2710c4fbd29e9e | Can there be this kind of variables
[WARNING] | 2024-11-10 07:40:46 AM | analyzer.0x37238583c041a2f51964f23fde2710c4fbd29e9e | Can there be this kind of variables
[WARNING] | 2024-11-10 07:40:46 AM | analyzer.0x37238583c041a2f51964f23fde2710c4fbd29e9e | Can there be this kind of variables
[WARNING] | 2024-11-10 07:40:46 AM | analyzer.0x37238583c041a2f51964f23fde2710c4fbd29e9e | Can there be this kind of variables
[WARNING] | 2024-11-10 07:40:46 AM | analyzer.0x37238583c041a2f51964f23fde2710c4fbd29e9e | Can there be this kind of variables
[WARNING] | 2024-11-10 07:40:46 AM | analyzer.0x37238583c041a2f51964f23fde2710c4fbd29e9e | Can there be this kind of variables
[WARNING] | 2024-11-10 07:40:46 AM | analyzer.0x37238583c041a2f51964f23fde2710c4fbd29e9e | Can there be this kind of variables
[WARNING] | 2024-11-10 07:40:46 AM | analyzer.0x37238583c041a2f51964f23fde2710c4fbd29e9e | Can there be this kind of variables
[WARNING] | 2024-11-10 07:40:46 AM | analyzer.0x37238583c041a2f51964f23fde2710c4fbd29e9e | Can there be this kind of variables
[WARNING] | 2024-11-10 07:40:46 AM | analyzer.0x37238583c041a2f51964f23fde2710c4fbd29e9e | Can there be this kind of variables
[WARNING] | 2024-11-10 07:40:46 AM | analyzer.0x37238583c041a2f51964f23fde2710c4fbd29e9e | Can there be this kind of variables
[WARNING] | 2024-11-10 07:40:46 AM | analyzer.0x37238583c041a2f51964f23fde2710c4fbd29e9e | Can there be this kind of variables
[WARNING] | 2024-11-10 07:40:46 AM | analyzer.0x37238583c041a2f51964f23fde2710c4fbd29e9e | Can there be this kind of variables
[WARNING] | 2024-11-10 07:40:46 AM | analyzer.0x37238583c041a2f51964f23fde2710c4fbd29e9e | Can there be this kind of variables
[WARNING] | 2024-11-10 07:40:46 AM | analyzer.0x37238583c041a2f51964f23fde2710c4fbd29e9e | Can there be this kind of variables
[WARNING] | 2024-11-10 07:40:46 AM | analyzer.0x37238583c041a2f51964f23fde2710c4fbd29e9e | Can there be this kind of variables
[WARNING] | 2024-11-10 07:40:46 AM | analyzer.0x37238583c041a2f51964f23fde2710c4fbd29e9e | Can there be this kind of variables
[WARNING] | 2024-11-10 07:40:46 AM | analyzer.0x37238583c041a2f51964f23fde2710c4fbd29e9e | Can there be this kind of variables
[WARNING] | 2024-11-10 07:40:46 AM | analyzer.0x37238583c041a2f51964f23fde2710c4fbd29e9e | Can there be this kind of variables
[WARNING] | 2024-11-10 07:40:46 AM | analyzer.0x37238583c041a2f51964f23fde2710c4fbd29e9e | Can there be this kind of variables
[WARNING] | 2024-11-10 07:40:46 AM | analyzer.0x37238583c041a2f51964f23fde2710c4fbd29e9e | Can there be this kind of variables
[WARNING] | 2024-11-10 07:40:46 AM | analyzer.0x37238583c041a2f51964f23fde2710c4fbd29e9e | Can there be this kind of variables
[WARNING] | 2024-11-10 07:40:46 AM | analyzer.0x37238583c041a2f51964f23fde2710c4fbd29e9e | Can there be this kind of variables
[WARNING] | 2024-11-10 07:40:46 AM | analyzer.0x37238583c041a2f51964f23fde2710c4fbd29e9e | Can there be this kind of variables
[WARNING] | 2024-11-10 07:40:46 AM | analyzer.0x37238583c041a2f51964f23fde2710c4fbd29e9e | Can there be this kind of variables
[WARNING] | 2024-11-10 07:40:46 AM | analyzer.0x37238583c041a2f51964f23fde2710c4fbd29e9e | Can there be this kind of variables
[INFO] | 2024-11-10 07:40:46 AM | analyzer.0x37238583c041a2f51964f23fde2710c4fbd29e9e | Range graph generated
[INFO] | 2024-11-10 07:40:46 AM | analyzer.0x37238583c041a2f51964f23fde2710c4fbd29e9e | Processed function reLoadXname
[INFO] | 2024-11-10 07:40:46 AM | analyzer.0x37238583c041a2f51964f23fde2710c4fbd29e9e | Value Range Analysis took 0.171254 seconds
[INFO] | 2024-11-10 07:40:46 AM | analyzer.0x37238583c041a2f51964f23fde2710c4fbd29e9e | Value Range Analysis finished
[INFO] | 2024-11-10 07:40:46 AM | analyzer.0x37238583c041a2f51964f23fde2710c4fbd29e9e | Storage dependency graph compostion started!
[INFO] | 2024-11-10 07:40:46 AM | analyzer.0x37238583c041a2f51964f23fde2710c4fbd29e9e | Storage dependency graph compostion finished!
[INFO] | 2024-11-10 07:40:46 AM | analyzer.0x37238583c041a2f51964f23fde2710c4fbd29e9e | Dependency detection started!
[INFO] | 2024-11-10 07:40:46 AM | analyzer.0x37238583c041a2f51964f23fde2710c4fbd29e9e | Dependency detection finished!
[INFO] | 2024-11-10 07:40:46 AM | analyzer.0x37238583c041a2f51964f23fde2710c4fbd29e9e | Static Analysis took 19.441395 seconds
[INFO] | 2024-11-10 07:40:46 AM | analyzer.0x37238583c041a2f51964f23fde2710c4fbd29e9e | Dependency does not exist
[INFO] | 2024-11-10 07:40:46 AM | analyzer.0x37238583c041a2f51964f23fde2710c4fbd29e9e | Symbolic execution is not needed!
[INFO] | 2024-11-10 07:40:46 AM | analyzer.0x37238583c041a2f51964f23fde2710c4fbd29e9e | Analysis finished!
[INFO] | 2024-11-10 07:40:46 AM | analyzer.0x37238583c041a2f51964f23fde2710c4fbd29e9e | Analysis took 19.441683 seconds
[INFO] | 2024-11-10 07:40:46 AM | analyzer.0x37238583c041a2f51964f23fde2710c4fbd29e9e | Analysis finished at: 2024-11-10 07:40:46 AM
