[INFO] | 2024-11-10 07:39:25 AM | analyzer.0x125365069020439b830c9eac9dd402f8aa762569 | Analysis started at: 2024-11-10 07:39:25 AM
[INFO] | 2024-11-10 07:39:34 AM | analyzer.0x125365069020439b830c9eac9dd402f8aa762569 | Version constraints: ['^0.4.24']
[INFO] | 2024-11-10 07:39:34 AM | analyzer.0x125365069020439b830c9eac9dd402f8aa762569 | solc version: v0.4.24
[INFO] | 2024-11-10 07:39:41 AM | analyzer.0x125365069020439b830c9eac9dd402f8aa762569 | Callgraph generation started!
[INFO] | 2024-11-10 07:39:41 AM | analyzer.0x125365069020439b830c9eac9dd402f8aa762569 | Callgraph generation finished!
[INFO] | 2024-11-10 07:39:41 AM | analyzer.0x125365069020439b830c9eac9dd402f8aa762569 | Interprocedural CFG generation started!
[INFO] | 2024-11-10 07:39:43 AM | analyzer.0x125365069020439b830c9eac9dd402f8aa762569 | Interprocedural CFG generation finished!
[INFO] | 2024-11-10 07:39:43 AM | analyzer.0x125365069020439b830c9eac9dd402f8aa762569 | Storage dependency graph generation started!
[WARNING] | 2024-11-10 07:39:44 AM | analyzer.0x125365069020439b830c9eac9dd402f8aa762569 | Issues with getting the high level call destination address
[WARNING] | 2024-11-10 07:39:44 AM | analyzer.0x125365069020439b830c9eac9dd402f8aa762569 | Issues with getting the high level call destination address
[WARNING] | 2024-11-10 07:39:44 AM | analyzer.0x125365069020439b830c9eac9dd402f8aa762569 | Issues with getting the high level call destination address
[WARNING] | 2024-11-10 07:39:44 AM | analyzer.0x125365069020439b830c9eac9dd402f8aa762569 | Issues with getting the high level call destination address
[WARNING] | 2024-11-10 07:39:44 AM | analyzer.0x125365069020439b830c9eac9dd402f8aa762569 | Issues with getting the high level call destination address
[WARNING] | 2024-11-10 07:39:44 AM | analyzer.0x125365069020439b830c9eac9dd402f8aa762569 | Issues with getting the high level call destination address
[WARNING] | 2024-11-10 07:39:44 AM | analyzer.0x125365069020439b830c9eac9dd402f8aa762569 | Issues with getting the high level call destination address
[WARNING] | 2024-11-10 07:39:44 AM | analyzer.0x125365069020439b830c9eac9dd402f8aa762569 | Issues with getting the high level call destination address
[WARNING] | 2024-11-10 07:39:44 AM | analyzer.0x125365069020439b830c9eac9dd402f8aa762569 | Issues with getting the high level call destination address
[WARNING] | 2024-11-10 07:39:44 AM | analyzer.0x125365069020439b830c9eac9dd402f8aa762569 | Issues with getting the high level call destination address
[WARNING] | 2024-11-10 07:39:44 AM | analyzer.0x125365069020439b830c9eac9dd402f8aa762569 | Issues with getting the high level call destination address
[WARNING] | 2024-11-10 07:39:44 AM | analyzer.0x125365069020439b830c9eac9dd402f8aa762569 | Issues with getting the high level call destination address
[WARNING] | 2024-11-10 07:39:44 AM | analyzer.0x125365069020439b830c9eac9dd402f8aa762569 | Issues with getting the high level call destination address
[WARNING] | 2024-11-10 07:39:44 AM | analyzer.0x125365069020439b830c9eac9dd402f8aa762569 | Issues with getting the high level call destination address
[WARNING] | 2024-11-10 07:39:44 AM | analyzer.0x125365069020439b830c9eac9dd402f8aa762569 | Issues with getting the high level call destination address
[INFO] | 2024-11-10 07:39:44 AM | analyzer.0x125365069020439b830c9eac9dd402f8aa762569 | Storage dependency graph generation finished!
[INFO] | 2024-11-10 07:39:44 AM | analyzer.0x125365069020439b830c9eac9dd402f8aa762569 | Value Range Analysis started
[INFO] | 2024-11-10 07:39:44 AM | analyzer.0x125365069020439b830c9eac9dd402f8aa762569 | Generating return summary for slitherConstructorConstantVariables
[INFO] | 2024-11-10 07:39:44 AM | analyzer.0x125365069020439b830c9eac9dd402f8aa762569 | Return summary generated for slitherConstructorConstantVariables
[INFO] | 2024-11-10 07:39:44 AM | analyzer.0x125365069020439b830c9eac9dd402f8aa762569 | Range graph generated
[INFO] | 2024-11-10 07:39:45 AM | analyzer.0x125365069020439b830c9eac9dd402f8aa762569 | Processed function slitherConstructorConstantVariables
[INFO] | 2024-11-10 07:39:45 AM | analyzer.0x125365069020439b830c9eac9dd402f8aa762569 | Generating return summary for constructor
[INFO] | 2024-11-10 07:39:45 AM | analyzer.0x125365069020439b830c9eac9dd402f8aa762569 | Return summary generated for constructor
[INFO] | 2024-11-10 07:39:45 AM | analyzer.0x125365069020439b830c9eac9dd402f8aa762569 | State variable assignement do not exist
[INFO] | 2024-11-10 07:39:45 AM | analyzer.0x125365069020439b830c9eac9dd402f8aa762569 | Processed function constructor
[INFO] | 2024-11-10 07:39:45 AM | analyzer.0x125365069020439b830c9eac9dd402f8aa762569 | Generating return summary for getCurrentRoundInfo
[INFO] | 2024-11-10 07:39:45 AM | analyzer.0x125365069020439b830c9eac9dd402f8aa762569 | Return summary generated for getCurrentRoundInfo
[INFO] | 2024-11-10 07:39:45 AM | analyzer.0x125365069020439b830c9eac9dd402f8aa762569 | State variable assignement do not exist
[INFO] | 2024-11-10 07:39:45 AM | analyzer.0x125365069020439b830c9eac9dd402f8aa762569 | Processed function getCurrentRoundInfo
[INFO] | 2024-11-10 07:39:45 AM | analyzer.0x125365069020439b830c9eac9dd402f8aa762569 | Generating return summary for receivePlayerInfo
[INFO] | 2024-11-10 07:39:45 AM | analyzer.0x125365069020439b830c9eac9dd402f8aa762569 | Return summary generated for receivePlayerInfo
[INFO] | 2024-11-10 07:39:45 AM | analyzer.0x125365069020439b830c9eac9dd402f8aa762569 | Range graph generated
[INFO] | 2024-11-10 07:39:45 AM | analyzer.0x125365069020439b830c9eac9dd402f8aa762569 | Processed function receivePlayerInfo
[INFO] | 2024-11-10 07:39:45 AM | analyzer.0x125365069020439b830c9eac9dd402f8aa762569 | Generating return summary for receivePlayerNameList
[INFO] | 2024-11-10 07:39:45 AM | analyzer.0x125365069020439b830c9eac9dd402f8aa762569 | Return summary generated for receivePlayerNameList
[INFO] | 2024-11-10 07:39:45 AM | analyzer.0x125365069020439b830c9eac9dd402f8aa762569 | Range graph generated
[INFO] | 2024-11-10 07:39:45 AM | analyzer.0x125365069020439b830c9eac9dd402f8aa762569 | Processed function receivePlayerNameList
[INFO] | 2024-11-10 07:39:45 AM | analyzer.0x125365069020439b830c9eac9dd402f8aa762569 | Generating return summary for managePlayer
[INFO] | 2024-11-10 07:39:45 AM | analyzer.0x125365069020439b830c9eac9dd402f8aa762569 | Return summary generated for managePlayer
[INFO] | 2024-11-10 07:39:45 AM | analyzer.0x125365069020439b830c9eac9dd402f8aa762569 | State variable assignement do not exist
[INFO] | 2024-11-10 07:39:45 AM | analyzer.0x125365069020439b830c9eac9dd402f8aa762569 | Processed function managePlayer
[INFO] | 2024-11-10 07:39:45 AM | analyzer.0x125365069020439b830c9eac9dd402f8aa762569 | Generating return summary for endTx
[INFO] | 2024-11-10 07:39:45 AM | analyzer.0x125365069020439b830c9eac9dd402f8aa762569 | Return summary generated for endTx
[INFO] | 2024-11-10 07:39:45 AM | analyzer.0x125365069020439b830c9eac9dd402f8aa762569 | State variable assignement do not exist
[INFO] | 2024-11-10 07:39:45 AM | analyzer.0x125365069020439b830c9eac9dd402f8aa762569 | Processed function endTx
[INFO] | 2024-11-10 07:39:45 AM | analyzer.0x125365069020439b830c9eac9dd402f8aa762569 | Generating return summary for activate
[INFO] | 2024-11-10 07:39:45 AM | analyzer.0x125365069020439b830c9eac9dd402f8aa762569 | Return summary generated for activate
[INFO] | 2024-11-10 07:39:45 AM | analyzer.0x125365069020439b830c9eac9dd402f8aa762569 | Range graph generated
[INFO] | 2024-11-10 07:39:45 AM | analyzer.0x125365069020439b830c9eac9dd402f8aa762569 | Processed function activate
[INFO] | 2024-11-10 07:39:45 AM | analyzer.0x125365069020439b830c9eac9dd402f8aa762569 | Generating return summary for slitherConstructorVariables
[INFO] | 2024-11-10 07:39:45 AM | analyzer.0x125365069020439b830c9eac9dd402f8aa762569 | Return summary generated for slitherConstructorVariables
[INFO] | 2024-11-10 07:39:45 AM | analyzer.0x125365069020439b830c9eac9dd402f8aa762569 | Range graph generated
[INFO] | 2024-11-10 07:39:45 AM | analyzer.0x125365069020439b830c9eac9dd402f8aa762569 | Processed function slitherConstructorVariables
[INFO] | 2024-11-10 07:39:45 AM | analyzer.0x125365069020439b830c9eac9dd402f8aa762569 | Generating return summary for isActivated
[INFO] | 2024-11-10 07:39:45 AM | analyzer.0x125365069020439b830c9eac9dd402f8aa762569 | Return summary generated for isActivated
[INFO] | 2024-11-10 07:39:45 AM | analyzer.0x125365069020439b830c9eac9dd402f8aa762569 | State variable assignement do not exist
[INFO] | 2024-11-10 07:39:45 AM | analyzer.0x125365069020439b830c9eac9dd402f8aa762569 | Processed function isActivated
[INFO] | 2024-11-10 07:39:45 AM | analyzer.0x125365069020439b830c9eac9dd402f8aa762569 | Generating return summary for isHuman
[INFO] | 2024-11-10 07:39:45 AM | analyzer.0x125365069020439b830c9eac9dd402f8aa762569 | Return summary generated for isHuman
[INFO] | 2024-11-10 07:39:45 AM | analyzer.0x125365069020439b830c9eac9dd402f8aa762569 | State variable assignement do not exist
[INFO] | 2024-11-10 07:39:45 AM | analyzer.0x125365069020439b830c9eac9dd402f8aa762569 | Processed function isHuman
[INFO] | 2024-11-10 07:39:45 AM | analyzer.0x125365069020439b830c9eac9dd402f8aa762569 | Generating return summary for isWithinLimits
[INFO] | 2024-11-10 07:39:45 AM | analyzer.0x125365069020439b830c9eac9dd402f8aa762569 | Return summary generated for isWithinLimits
[INFO] | 2024-11-10 07:39:45 AM | analyzer.0x125365069020439b830c9eac9dd402f8aa762569 | State variable assignement do not exist
[INFO] | 2024-11-10 07:39:45 AM | analyzer.0x125365069020439b830c9eac9dd402f8aa762569 | Processed function isWithinLimits
[INFO] | 2024-11-10 07:39:45 AM | analyzer.0x125365069020439b830c9eac9dd402f8aa762569 | Generating return summary for registerNameXIDFromDapp
[INFO] | 2024-11-10 07:39:45 AM | analyzer.0x125365069020439b830c9eac9dd402f8aa762569 | Return summary generated for registerNameXIDFromDapp
[INFO] | 2024-11-10 07:39:45 AM | analyzer.0x125365069020439b830c9eac9dd402f8aa762569 | State variable assignement do not exist
[INFO] | 2024-11-10 07:39:45 AM | analyzer.0x125365069020439b830c9eac9dd402f8aa762569 | Processed function registerNameXIDFromDapp
[INFO] | 2024-11-10 07:39:45 AM | analyzer.0x125365069020439b830c9eac9dd402f8aa762569 | Generating return summary for nameFilter
[INFO] | 2024-11-10 07:39:45 AM | analyzer.0x125365069020439b830c9eac9dd402f8aa762569 | We should not consider this kind of return values!
[INFO] | 2024-11-10 07:39:45 AM | analyzer.0x125365069020439b830c9eac9dd402f8aa762569 | Return summary generated for nameFilter
[INFO] | 2024-11-10 07:39:45 AM | analyzer.0x125365069020439b830c9eac9dd402f8aa762569 | State variable assignement do not exist
[INFO] | 2024-11-10 07:39:45 AM | analyzer.0x125365069020439b830c9eac9dd402f8aa762569 | Processed function nameFilter
[INFO] | 2024-11-10 07:39:45 AM | analyzer.0x125365069020439b830c9eac9dd402f8aa762569 | Generating return summary for registerNameXaddrFromDapp
[INFO] | 2024-11-10 07:39:45 AM | analyzer.0x125365069020439b830c9eac9dd402f8aa762569 | Return summary generated for registerNameXaddrFromDapp
[INFO] | 2024-11-10 07:39:45 AM | analyzer.0x125365069020439b830c9eac9dd402f8aa762569 | State variable assignement do not exist
[INFO] | 2024-11-10 07:39:45 AM | analyzer.0x125365069020439b830c9eac9dd402f8aa762569 | Processed function registerNameXaddrFromDapp
[INFO] | 2024-11-10 07:39:45 AM | analyzer.0x125365069020439b830c9eac9dd402f8aa762569 | Generating return summary for registerNameXnameFromDapp
[INFO] | 2024-11-10 07:39:45 AM | analyzer.0x125365069020439b830c9eac9dd402f8aa762569 | Return summary generated for registerNameXnameFromDapp
[INFO] | 2024-11-10 07:39:45 AM | analyzer.0x125365069020439b830c9eac9dd402f8aa762569 | State variable assignement do not exist
[INFO] | 2024-11-10 07:39:45 AM | analyzer.0x125365069020439b830c9eac9dd402f8aa762569 | Processed function registerNameXnameFromDapp
[INFO] | 2024-11-10 07:39:45 AM | analyzer.0x125365069020439b830c9eac9dd402f8aa762569 | Generating return summary for add
[INFO] | 2024-11-10 07:39:45 AM | analyzer.0x125365069020439b830c9eac9dd402f8aa762569 | Return summary generated for add
[INFO] | 2024-11-10 07:39:45 AM | analyzer.0x125365069020439b830c9eac9dd402f8aa762569 | State variable assignement do not exist
[INFO] | 2024-11-10 07:39:45 AM | analyzer.0x125365069020439b830c9eac9dd402f8aa762569 | Processed function add
[INFO] | 2024-11-10 07:39:45 AM | analyzer.0x125365069020439b830c9eac9dd402f8aa762569 | Generating return summary for sub
[INFO] | 2024-11-10 07:39:45 AM | analyzer.0x125365069020439b830c9eac9dd402f8aa762569 | Return summary generated for sub
[INFO] | 2024-11-10 07:39:45 AM | analyzer.0x125365069020439b830c9eac9dd402f8aa762569 | State variable assignement do not exist
[INFO] | 2024-11-10 07:39:45 AM | analyzer.0x125365069020439b830c9eac9dd402f8aa762569 | Processed function sub
[INFO] | 2024-11-10 07:39:45 AM | analyzer.0x125365069020439b830c9eac9dd402f8aa762569 | Generating return summary for mul
[INFO] | 2024-11-10 07:39:45 AM | analyzer.0x125365069020439b830c9eac9dd402f8aa762569 | Return summary generated for mul
[INFO] | 2024-11-10 07:39:45 AM | analyzer.0x125365069020439b830c9eac9dd402f8aa762569 | State variable assignement do not exist
[INFO] | 2024-11-10 07:39:45 AM | analyzer.0x125365069020439b830c9eac9dd402f8aa762569 | Processed function mul
[INFO] | 2024-11-10 07:39:45 AM | analyzer.0x125365069020439b830c9eac9dd402f8aa762569 | Generating return summary for getPlayerLAff
[INFO] | 2024-11-10 07:39:45 AM | analyzer.0x125365069020439b830c9eac9dd402f8aa762569 | Return summary generated for getPlayerLAff
[INFO] | 2024-11-10 07:39:45 AM | analyzer.0x125365069020439b830c9eac9dd402f8aa762569 | State variable assignement do not exist
[INFO] | 2024-11-10 07:39:45 AM | analyzer.0x125365069020439b830c9eac9dd402f8aa762569 | Processed function getPlayerLAff
[INFO] | 2024-11-10 07:39:45 AM | analyzer.0x125365069020439b830c9eac9dd402f8aa762569 | Generating return summary for getPlayerID
[INFO] | 2024-11-10 07:39:45 AM | analyzer.0x125365069020439b830c9eac9dd402f8aa762569 | Return summary generated for getPlayerID
[INFO] | 2024-11-10 07:39:45 AM | analyzer.0x125365069020439b830c9eac9dd402f8aa762569 | State variable assignement do not exist
[INFO] | 2024-11-10 07:39:45 AM | analyzer.0x125365069020439b830c9eac9dd402f8aa762569 | Processed function getPlayerID
[INFO] | 2024-11-10 07:39:45 AM | analyzer.0x125365069020439b830c9eac9dd402f8aa762569 | Generating return summary for getPlayerName
[INFO] | 2024-11-10 07:39:45 AM | analyzer.0x125365069020439b830c9eac9dd402f8aa762569 | Return summary generated for getPlayerName
[INFO] | 2024-11-10 07:39:45 AM | analyzer.0x125365069020439b830c9eac9dd402f8aa762569 | State variable assignement do not exist
[INFO] | 2024-11-10 07:39:45 AM | analyzer.0x125365069020439b830c9eac9dd402f8aa762569 | Processed function getPlayerName
[INFO] | 2024-11-10 07:39:45 AM | analyzer.0x125365069020439b830c9eac9dd402f8aa762569 | Generating return summary for deposit
[INFO] | 2024-11-10 07:39:45 AM | analyzer.0x125365069020439b830c9eac9dd402f8aa762569 | Return summary generated for deposit
[INFO] | 2024-11-10 07:39:45 AM | analyzer.0x125365069020439b830c9eac9dd402f8aa762569 | State variable assignement do not exist
[INFO] | 2024-11-10 07:39:45 AM | analyzer.0x125365069020439b830c9eac9dd402f8aa762569 | Processed function deposit
[INFO] | 2024-11-10 07:39:45 AM | analyzer.0x125365069020439b830c9eac9dd402f8aa762569 | Generating return summary for getPlayerAddr
[INFO] | 2024-11-10 07:39:45 AM | analyzer.0x125365069020439b830c9eac9dd402f8aa762569 | Return summary generated for getPlayerAddr
[INFO] | 2024-11-10 07:39:45 AM | analyzer.0x125365069020439b830c9eac9dd402f8aa762569 | State variable assignement do not exist
[INFO] | 2024-11-10 07:39:45 AM | analyzer.0x125365069020439b830c9eac9dd402f8aa762569 | Processed function getPlayerAddr
[INFO] | 2024-11-10 07:39:45 AM | analyzer.0x125365069020439b830c9eac9dd402f8aa762569 | Generating return summary for getNameFee
[INFO] | 2024-11-10 07:39:45 AM | analyzer.0x125365069020439b830c9eac9dd402f8aa762569 | Return summary generated for getNameFee
[INFO] | 2024-11-10 07:39:45 AM | analyzer.0x125365069020439b830c9eac9dd402f8aa762569 | State variable assignement do not exist
[INFO] | 2024-11-10 07:39:45 AM | analyzer.0x125365069020439b830c9eac9dd402f8aa762569 | Processed function getNameFee
[INFO] | 2024-11-10 07:39:45 AM | analyzer.0x125365069020439b830c9eac9dd402f8aa762569 | Generating return summary for registerNameXID
[INFO] | 2024-11-10 07:39:45 AM | analyzer.0x125365069020439b830c9eac9dd402f8aa762569 | Return summary generated for registerNameXID
[WARNING] | 2024-11-10 07:39:45 AM | analyzer.0x125365069020439b830c9eac9dd402f8aa762569 | Other types of right variable exists!
[WARNING] | 2024-11-10 07:39:45 AM | analyzer.0x125365069020439b830c9eac9dd402f8aa762569 | Other types of right variable exists!
[INFO] | 2024-11-10 07:39:45 AM | analyzer.0x125365069020439b830c9eac9dd402f8aa762569 | State variable assignement do not exist
[INFO] | 2024-11-10 07:39:45 AM | analyzer.0x125365069020439b830c9eac9dd402f8aa762569 | Processed function registerNameXID
[INFO] | 2024-11-10 07:39:45 AM | analyzer.0x125365069020439b830c9eac9dd402f8aa762569 | Generating return summary for registerNameXaddr
[INFO] | 2024-11-10 07:39:45 AM | analyzer.0x125365069020439b830c9eac9dd402f8aa762569 | Return summary generated for registerNameXaddr
[WARNING] | 2024-11-10 07:39:45 AM | analyzer.0x125365069020439b830c9eac9dd402f8aa762569 | Other types of right variable exists!
[WARNING] | 2024-11-10 07:39:45 AM | analyzer.0x125365069020439b830c9eac9dd402f8aa762569 | Other types of right variable exists!
[INFO] | 2024-11-10 07:39:45 AM | analyzer.0x125365069020439b830c9eac9dd402f8aa762569 | State variable assignement do not exist
[INFO] | 2024-11-10 07:39:45 AM | analyzer.0x125365069020439b830c9eac9dd402f8aa762569 | Processed function registerNameXaddr
[INFO] | 2024-11-10 07:39:45 AM | analyzer.0x125365069020439b830c9eac9dd402f8aa762569 | Generating return summary for registerNameXname
[INFO] | 2024-11-10 07:39:45 AM | analyzer.0x125365069020439b830c9eac9dd402f8aa762569 | Return summary generated for registerNameXname
[WARNING] | 2024-11-10 07:39:45 AM | analyzer.0x125365069020439b830c9eac9dd402f8aa762569 | Other types of right variable exists!
[WARNING] | 2024-11-10 07:39:45 AM | analyzer.0x125365069020439b830c9eac9dd402f8aa762569 | Other types of right variable exists!
[INFO] | 2024-11-10 07:39:45 AM | analyzer.0x125365069020439b830c9eac9dd402f8aa762569 | State variable assignement do not exist
[INFO] | 2024-11-10 07:39:45 AM | analyzer.0x125365069020439b830c9eac9dd402f8aa762569 | Processed function registerNameXname
[INFO] | 2024-11-10 07:39:45 AM | analyzer.0x125365069020439b830c9eac9dd402f8aa762569 | Generating return summary for getPlayerVaultsHelper
[INFO] | 2024-11-10 07:39:45 AM | analyzer.0x125365069020439b830c9eac9dd402f8aa762569 | Return summary generated for getPlayerVaultsHelper
[INFO] | 2024-11-10 07:39:45 AM | analyzer.0x125365069020439b830c9eac9dd402f8aa762569 | State variable assignement do not exist
[INFO] | 2024-11-10 07:39:45 AM | analyzer.0x125365069020439b830c9eac9dd402f8aa762569 | Processed function getPlayerVaultsHelper
[INFO] | 2024-11-10 07:39:45 AM | analyzer.0x125365069020439b830c9eac9dd402f8aa762569 | Generating return summary for endRound
[INFO] | 2024-11-10 07:39:45 AM | analyzer.0x125365069020439b830c9eac9dd402f8aa762569 | Return summary generated for endRound
[INFO] | 2024-11-10 07:39:45 AM | analyzer.0x125365069020439b830c9eac9dd402f8aa762569 | Range graph generated
[INFO] | 2024-11-10 07:39:45 AM | analyzer.0x125365069020439b830c9eac9dd402f8aa762569 | Processed function endRound
[INFO] | 2024-11-10 07:39:45 AM | analyzer.0x125365069020439b830c9eac9dd402f8aa762569 | Generating return summary for updateTimer
[INFO] | 2024-11-10 07:39:45 AM | analyzer.0x125365069020439b830c9eac9dd402f8aa762569 | Return summary generated for updateTimer
[INFO] | 2024-11-10 07:39:45 AM | analyzer.0x125365069020439b830c9eac9dd402f8aa762569 | Range graph generated
[INFO] | 2024-11-10 07:39:45 AM | analyzer.0x125365069020439b830c9eac9dd402f8aa762569 | Processed function updateTimer
[INFO] | 2024-11-10 07:39:45 AM | analyzer.0x125365069020439b830c9eac9dd402f8aa762569 | Generating return summary for airdrop
[INFO] | 2024-11-10 07:39:45 AM | analyzer.0x125365069020439b830c9eac9dd402f8aa762569 | Return summary generated for airdrop
[INFO] | 2024-11-10 07:39:45 AM | analyzer.0x125365069020439b830c9eac9dd402f8aa762569 | State variable assignement do not exist
[INFO] | 2024-11-10 07:39:45 AM | analyzer.0x125365069020439b830c9eac9dd402f8aa762569 | Processed function airdrop
[INFO] | 2024-11-10 07:39:45 AM | analyzer.0x125365069020439b830c9eac9dd402f8aa762569 | Generating return summary for distributeExternal
[INFO] | 2024-11-10 07:39:45 AM | analyzer.0x125365069020439b830c9eac9dd402f8aa762569 | Return summary generated for distributeExternal
[INFO] | 2024-11-10 07:39:45 AM | analyzer.0x125365069020439b830c9eac9dd402f8aa762569 | Range graph generated
[INFO] | 2024-11-10 07:39:45 AM | analyzer.0x125365069020439b830c9eac9dd402f8aa762569 | Processed function distributeExternal
[INFO] | 2024-11-10 07:39:45 AM | analyzer.0x125365069020439b830c9eac9dd402f8aa762569 | Generating return summary for updateMasks
[INFO] | 2024-11-10 07:39:45 AM | analyzer.0x125365069020439b830c9eac9dd402f8aa762569 | Return summary generated for updateMasks
[INFO] | 2024-11-10 07:39:45 AM | analyzer.0x125365069020439b830c9eac9dd402f8aa762569 | Range graph generated
[INFO] | 2024-11-10 07:39:45 AM | analyzer.0x125365069020439b830c9eac9dd402f8aa762569 | Processed function updateMasks
[INFO] | 2024-11-10 07:39:45 AM | analyzer.0x125365069020439b830c9eac9dd402f8aa762569 | Generating return summary for sqrt
[INFO] | 2024-11-10 07:39:45 AM | analyzer.0x125365069020439b830c9eac9dd402f8aa762569 | Return summary generated for sqrt
[INFO] | 2024-11-10 07:39:45 AM | analyzer.0x125365069020439b830c9eac9dd402f8aa762569 | State variable assignement do not exist
[INFO] | 2024-11-10 07:39:45 AM | analyzer.0x125365069020439b830c9eac9dd402f8aa762569 | Processed function sqrt
[INFO] | 2024-11-10 07:39:45 AM | analyzer.0x125365069020439b830c9eac9dd402f8aa762569 | Generating return summary for getTimeLeft
[INFO] | 2024-11-10 07:39:45 AM | analyzer.0x125365069020439b830c9eac9dd402f8aa762569 | Return summary generated for getTimeLeft
[INFO] | 2024-11-10 07:39:45 AM | analyzer.0x125365069020439b830c9eac9dd402f8aa762569 | State variable assignement do not exist
[INFO] | 2024-11-10 07:39:45 AM | analyzer.0x125365069020439b830c9eac9dd402f8aa762569 | Processed function getTimeLeft
[INFO] | 2024-11-10 07:39:45 AM | analyzer.0x125365069020439b830c9eac9dd402f8aa762569 | Generating return summary for calcUnMaskedEarnings
[INFO] | 2024-11-10 07:39:45 AM | analyzer.0x125365069020439b830c9eac9dd402f8aa762569 | Return summary generated for calcUnMaskedEarnings
[INFO] | 2024-11-10 07:39:45 AM | analyzer.0x125365069020439b830c9eac9dd402f8aa762569 | State variable assignement do not exist
[INFO] | 2024-11-10 07:39:45 AM | analyzer.0x125365069020439b830c9eac9dd402f8aa762569 | Processed function calcUnMaskedEarnings
[INFO] | 2024-11-10 07:39:45 AM | analyzer.0x125365069020439b830c9eac9dd402f8aa762569 | Generating return summary for sq
[INFO] | 2024-11-10 07:39:45 AM | analyzer.0x125365069020439b830c9eac9dd402f8aa762569 | Return summary generated for sq
[INFO] | 2024-11-10 07:39:45 AM | analyzer.0x125365069020439b830c9eac9dd402f8aa762569 | State variable assignement do not exist
[INFO] | 2024-11-10 07:39:45 AM | analyzer.0x125365069020439b830c9eac9dd402f8aa762569 | Processed function sq
[INFO] | 2024-11-10 07:39:45 AM | analyzer.0x125365069020439b830c9eac9dd402f8aa762569 | Generating return summary for determinePID
[INFO] | 2024-11-10 07:39:45 AM | analyzer.0x125365069020439b830c9eac9dd402f8aa762569 | Return summary generated for determinePID
[INFO] | 2024-11-10 07:39:45 AM | analyzer.0x125365069020439b830c9eac9dd402f8aa762569 | Range graph generated
[INFO] | 2024-11-10 07:39:45 AM | analyzer.0x125365069020439b830c9eac9dd402f8aa762569 | Processed function determinePID
[INFO] | 2024-11-10 07:39:45 AM | analyzer.0x125365069020439b830c9eac9dd402f8aa762569 | Generating return summary for distributeInternal
[INFO] | 2024-11-10 07:39:45 AM | analyzer.0x125365069020439b830c9eac9dd402f8aa762569 | Return summary generated for distributeInternal
[INFO] | 2024-11-10 07:39:45 AM | analyzer.0x125365069020439b830c9eac9dd402f8aa762569 | Range graph generated
[INFO] | 2024-11-10 07:39:45 AM | analyzer.0x125365069020439b830c9eac9dd402f8aa762569 | Processed function distributeInternal
[INFO] | 2024-11-10 07:39:45 AM | analyzer.0x125365069020439b830c9eac9dd402f8aa762569 | Generating return summary for keys
[INFO] | 2024-11-10 07:39:45 AM | analyzer.0x125365069020439b830c9eac9dd402f8aa762569 | Return summary generated for keys
[INFO] | 2024-11-10 07:39:45 AM | analyzer.0x125365069020439b830c9eac9dd402f8aa762569 | State variable assignement do not exist
[INFO] | 2024-11-10 07:39:45 AM | analyzer.0x125365069020439b830c9eac9dd402f8aa762569 | Processed function keys
[INFO] | 2024-11-10 07:39:45 AM | analyzer.0x125365069020439b830c9eac9dd402f8aa762569 | Generating return summary for getPlayerVaults
[INFO] | 2024-11-10 07:39:45 AM | analyzer.0x125365069020439b830c9eac9dd402f8aa762569 | Return summary generated for getPlayerVaults
[INFO] | 2024-11-10 07:39:45 AM | analyzer.0x125365069020439b830c9eac9dd402f8aa762569 | State variable assignement do not exist
[INFO] | 2024-11-10 07:39:45 AM | analyzer.0x125365069020439b830c9eac9dd402f8aa762569 | Processed function getPlayerVaults
[INFO] | 2024-11-10 07:39:45 AM | analyzer.0x125365069020439b830c9eac9dd402f8aa762569 | Generating return summary for getPlayerInfoByAddress
[INFO] | 2024-11-10 07:39:45 AM | analyzer.0x125365069020439b830c9eac9dd402f8aa762569 | Return summary generated for getPlayerInfoByAddress
[INFO] | 2024-11-10 07:39:45 AM | analyzer.0x125365069020439b830c9eac9dd402f8aa762569 | State variable assignement do not exist
[INFO] | 2024-11-10 07:39:45 AM | analyzer.0x125365069020439b830c9eac9dd402f8aa762569 | Processed function getPlayerInfoByAddress
[INFO] | 2024-11-10 07:39:45 AM | analyzer.0x125365069020439b830c9eac9dd402f8aa762569 | Generating return summary for updateGenVault
[INFO] | 2024-11-10 07:39:45 AM | analyzer.0x125365069020439b830c9eac9dd402f8aa762569 | Return summary generated for updateGenVault
[INFO] | 2024-11-10 07:39:45 AM | analyzer.0x125365069020439b830c9eac9dd402f8aa762569 | Range graph generated
[INFO] | 2024-11-10 07:39:45 AM | analyzer.0x125365069020439b830c9eac9dd402f8aa762569 | Processed function updateGenVault
[INFO] | 2024-11-10 07:39:45 AM | analyzer.0x125365069020439b830c9eac9dd402f8aa762569 | Generating return summary for eth
[INFO] | 2024-11-10 07:39:45 AM | analyzer.0x125365069020439b830c9eac9dd402f8aa762569 | Return summary generated for eth
[INFO] | 2024-11-10 07:39:45 AM | analyzer.0x125365069020439b830c9eac9dd402f8aa762569 | State variable assignement do not exist
[INFO] | 2024-11-10 07:39:45 AM | analyzer.0x125365069020439b830c9eac9dd402f8aa762569 | Processed function eth
[INFO] | 2024-11-10 07:39:45 AM | analyzer.0x125365069020439b830c9eac9dd402f8aa762569 | Generating return summary for keysRec
[INFO] | 2024-11-10 07:39:45 AM | analyzer.0x125365069020439b830c9eac9dd402f8aa762569 | Return summary generated for keysRec
[INFO] | 2024-11-10 07:39:45 AM | analyzer.0x125365069020439b830c9eac9dd402f8aa762569 | State variable assignement do not exist
[INFO] | 2024-11-10 07:39:45 AM | analyzer.0x125365069020439b830c9eac9dd402f8aa762569 | Processed function keysRec
[INFO] | 2024-11-10 07:39:45 AM | analyzer.0x125365069020439b830c9eac9dd402f8aa762569 | Generating return summary for withdrawEarnings
[INFO] | 2024-11-10 07:39:45 AM | analyzer.0x125365069020439b830c9eac9dd402f8aa762569 | Return summary generated for withdrawEarnings
[INFO] | 2024-11-10 07:39:45 AM | analyzer.0x125365069020439b830c9eac9dd402f8aa762569 | Range graph generated
[INFO] | 2024-11-10 07:39:45 AM | analyzer.0x125365069020439b830c9eac9dd402f8aa762569 | Processed function withdrawEarnings
[INFO] | 2024-11-10 07:39:45 AM | analyzer.0x125365069020439b830c9eac9dd402f8aa762569 | Generating return summary for ethRec
[INFO] | 2024-11-10 07:39:45 AM | analyzer.0x125365069020439b830c9eac9dd402f8aa762569 | Return summary generated for ethRec
[INFO] | 2024-11-10 07:39:45 AM | analyzer.0x125365069020439b830c9eac9dd402f8aa762569 | State variable assignement do not exist
[INFO] | 2024-11-10 07:39:45 AM | analyzer.0x125365069020439b830c9eac9dd402f8aa762569 | Processed function ethRec
[INFO] | 2024-11-10 07:39:45 AM | analyzer.0x125365069020439b830c9eac9dd402f8aa762569 | Generating return summary for core
[INFO] | 2024-11-10 07:39:45 AM | analyzer.0x125365069020439b830c9eac9dd402f8aa762569 | Return summary generated for core
[INFO] | 2024-11-10 07:39:45 AM | analyzer.0x125365069020439b830c9eac9dd402f8aa762569 | Range graph generated
[INFO] | 2024-11-10 07:39:45 AM | analyzer.0x125365069020439b830c9eac9dd402f8aa762569 | Processed function core
[INFO] | 2024-11-10 07:39:45 AM | analyzer.0x125365069020439b830c9eac9dd402f8aa762569 | Generating return summary for calcKeysReceived
[INFO] | 2024-11-10 07:39:45 AM | analyzer.0x125365069020439b830c9eac9dd402f8aa762569 | Return summary generated for calcKeysReceived
[INFO] | 2024-11-10 07:39:45 AM | analyzer.0x125365069020439b830c9eac9dd402f8aa762569 | State variable assignement do not exist
[INFO] | 2024-11-10 07:39:45 AM | analyzer.0x125365069020439b830c9eac9dd402f8aa762569 | Processed function calcKeysReceived
[INFO] | 2024-11-10 07:39:45 AM | analyzer.0x125365069020439b830c9eac9dd402f8aa762569 | Generating return summary for withdraw
[INFO] | 2024-11-10 07:39:45 AM | analyzer.0x125365069020439b830c9eac9dd402f8aa762569 | Return summary generated for withdraw
[INFO] | 2024-11-10 07:39:45 AM | analyzer.0x125365069020439b830c9eac9dd402f8aa762569 | Range graph generated
[INFO] | 2024-11-10 07:39:45 AM | analyzer.0x125365069020439b830c9eac9dd402f8aa762569 | Processed function withdraw
[INFO] | 2024-11-10 07:39:45 AM | analyzer.0x125365069020439b830c9eac9dd402f8aa762569 | Generating return summary for getBuyPrice
[INFO] | 2024-11-10 07:39:45 AM | analyzer.0x125365069020439b830c9eac9dd402f8aa762569 | Return summary generated for getBuyPrice
[INFO] | 2024-11-10 07:39:45 AM | analyzer.0x125365069020439b830c9eac9dd402f8aa762569 | State variable assignement do not exist
[INFO] | 2024-11-10 07:39:45 AM | analyzer.0x125365069020439b830c9eac9dd402f8aa762569 | Processed function getBuyPrice
[INFO] | 2024-11-10 07:39:45 AM | analyzer.0x125365069020439b830c9eac9dd402f8aa762569 | Generating return summary for iWantXKeys
[INFO] | 2024-11-10 07:39:45 AM | analyzer.0x125365069020439b830c9eac9dd402f8aa762569 | Return summary generated for iWantXKeys
[INFO] | 2024-11-10 07:39:45 AM | analyzer.0x125365069020439b830c9eac9dd402f8aa762569 | State variable assignement do not exist
[INFO] | 2024-11-10 07:39:45 AM | analyzer.0x125365069020439b830c9eac9dd402f8aa762569 | Processed function iWantXKeys
[INFO] | 2024-11-10 07:39:45 AM | analyzer.0x125365069020439b830c9eac9dd402f8aa762569 | Generating return summary for buyCore
[INFO] | 2024-11-10 07:39:45 AM | analyzer.0x125365069020439b830c9eac9dd402f8aa762569 | Return summary generated for buyCore
[INFO] | 2024-11-10 07:39:45 AM | analyzer.0x125365069020439b830c9eac9dd402f8aa762569 | Range graph generated
[INFO] | 2024-11-10 07:39:45 AM | analyzer.0x125365069020439b830c9eac9dd402f8aa762569 | Processed function buyCore
[INFO] | 2024-11-10 07:39:45 AM | analyzer.0x125365069020439b830c9eac9dd402f8aa762569 | Generating return summary for reLoadCore
[INFO] | 2024-11-10 07:39:45 AM | analyzer.0x125365069020439b830c9eac9dd402f8aa762569 | Return summary generated for reLoadCore
[INFO] | 2024-11-10 07:39:45 AM | analyzer.0x125365069020439b830c9eac9dd402f8aa762569 | Range graph generated
[INFO] | 2024-11-10 07:39:45 AM | analyzer.0x125365069020439b830c9eac9dd402f8aa762569 | Processed function reLoadCore
[INFO] | 2024-11-10 07:39:45 AM | analyzer.0x125365069020439b830c9eac9dd402f8aa762569 | Generating return summary for fallback
[INFO] | 2024-11-10 07:39:45 AM | analyzer.0x125365069020439b830c9eac9dd402f8aa762569 | Return summary generated for fallback
[INFO] | 2024-11-10 07:39:45 AM | analyzer.0x125365069020439b830c9eac9dd402f8aa762569 | Range graph generated
[INFO] | 2024-11-10 07:39:45 AM | analyzer.0x125365069020439b830c9eac9dd402f8aa762569 | Processed function fallback
[INFO] | 2024-11-10 07:39:45 AM | analyzer.0x125365069020439b830c9eac9dd402f8aa762569 | Generating return summary for buyXid
[INFO] | 2024-11-10 07:39:45 AM | analyzer.0x125365069020439b830c9eac9dd402f8aa762569 | Return summary generated for buyXid
[INFO] | 2024-11-10 07:39:45 AM | analyzer.0x125365069020439b830c9eac9dd402f8aa762569 | Range graph generated
[INFO] | 2024-11-10 07:39:45 AM | analyzer.0x125365069020439b830c9eac9dd402f8aa762569 | Processed function buyXid
[INFO] | 2024-11-10 07:39:45 AM | analyzer.0x125365069020439b830c9eac9dd402f8aa762569 | Generating return summary for buyXaddr
[INFO] | 2024-11-10 07:39:45 AM | analyzer.0x125365069020439b830c9eac9dd402f8aa762569 | Return summary generated for buyXaddr
[INFO] | 2024-11-10 07:39:45 AM | analyzer.0x125365069020439b830c9eac9dd402f8aa762569 | Range graph generated
[INFO] | 2024-11-10 07:39:45 AM | analyzer.0x125365069020439b830c9eac9dd402f8aa762569 | Processed function buyXaddr
[INFO] | 2024-11-10 07:39:45 AM | analyzer.0x125365069020439b830c9eac9dd402f8aa762569 | Generating return summary for buyXname
[INFO] | 2024-11-10 07:39:45 AM | analyzer.0x125365069020439b830c9eac9dd402f8aa762569 | Return summary generated for buyXname
[INFO] | 2024-11-10 07:39:45 AM | analyzer.0x125365069020439b830c9eac9dd402f8aa762569 | Range graph generated
[INFO] | 2024-11-10 07:39:45 AM | analyzer.0x125365069020439b830c9eac9dd402f8aa762569 | Processed function buyXname
[INFO] | 2024-11-10 07:39:45 AM | analyzer.0x125365069020439b830c9eac9dd402f8aa762569 | Generating return summary for reLoadXid
[INFO] | 2024-11-10 07:39:45 AM | analyzer.0x125365069020439b830c9eac9dd402f8aa762569 | Return summary generated for reLoadXid
[INFO] | 2024-11-10 07:39:45 AM | analyzer.0x125365069020439b830c9eac9dd402f8aa762569 | Range graph generated
[INFO] | 2024-11-10 07:39:45 AM | analyzer.0x125365069020439b830c9eac9dd402f8aa762569 | Processed function reLoadXid
[INFO] | 2024-11-10 07:39:45 AM | analyzer.0x125365069020439b830c9eac9dd402f8aa762569 | Generating return summary for reLoadXaddr
[INFO] | 2024-11-10 07:39:45 AM | analyzer.0x125365069020439b830c9eac9dd402f8aa762569 | Return summary generated for reLoadXaddr
[INFO] | 2024-11-10 07:39:45 AM | analyzer.0x125365069020439b830c9eac9dd402f8aa762569 | Range graph generated
[INFO] | 2024-11-10 07:39:45 AM | analyzer.0x125365069020439b830c9eac9dd402f8aa762569 | Processed function reLoadXaddr
[INFO] | 2024-11-10 07:39:45 AM | analyzer.0x125365069020439b830c9eac9dd402f8aa762569 | Generating return summary for reLoadXname
[INFO] | 2024-11-10 07:39:45 AM | analyzer.0x125365069020439b830c9eac9dd402f8aa762569 | Return summary generated for reLoadXname
[INFO] | 2024-11-10 07:39:45 AM | analyzer.0x125365069020439b830c9eac9dd402f8aa762569 | Range graph generated
[INFO] | 2024-11-10 07:39:45 AM | analyzer.0x125365069020439b830c9eac9dd402f8aa762569 | Processed function reLoadXname
[INFO] | 2024-11-10 07:39:45 AM | analyzer.0x125365069020439b830c9eac9dd402f8aa762569 | Value Range Analysis took 0.119516 seconds
[INFO] | 2024-11-10 07:39:45 AM | analyzer.0x125365069020439b830c9eac9dd402f8aa762569 | Value Range Analysis finished
[INFO] | 2024-11-10 07:39:45 AM | analyzer.0x125365069020439b830c9eac9dd402f8aa762569 | Storage dependency graph compostion started!
[INFO] | 2024-11-10 07:39:45 AM | analyzer.0x125365069020439b830c9eac9dd402f8aa762569 | Storage dependency graph compostion finished!
[INFO] | 2024-11-10 07:39:45 AM | analyzer.0x125365069020439b830c9eac9dd402f8aa762569 | Dependency detection started!
[INFO] | 2024-11-10 07:39:45 AM | analyzer.0x125365069020439b830c9eac9dd402f8aa762569 | Dependency detection finished!
[INFO] | 2024-11-10 07:39:45 AM | analyzer.0x125365069020439b830c9eac9dd402f8aa762569 | Static Analysis took 19.423531 seconds
[INFO] | 2024-11-10 07:39:45 AM | analyzer.0x125365069020439b830c9eac9dd402f8aa762569 | Dependency does not exist
[INFO] | 2024-11-10 07:39:45 AM | analyzer.0x125365069020439b830c9eac9dd402f8aa762569 | Symbolic execution is not needed!
[INFO] | 2024-11-10 07:39:45 AM | analyzer.0x125365069020439b830c9eac9dd402f8aa762569 | Analysis finished!
[INFO] | 2024-11-10 07:39:45 AM | analyzer.0x125365069020439b830c9eac9dd402f8aa762569 | Analysis took 19.423742 seconds
[INFO] | 2024-11-10 07:39:45 AM | analyzer.0x125365069020439b830c9eac9dd402f8aa762569 | Analysis finished at: 2024-11-10 07:39:45 AM
