[INFO] | 2024-11-10 07:39:19 AM | analyzer.0x2cf5694906bdd80f33bac7cb80183f1c61bc5be2 | Analysis started at: 2024-11-10 07:39:19 AM
[INFO] | 2024-11-10 07:39:23 AM | analyzer.0x2cf5694906bdd80f33bac7cb80183f1c61bc5be2 | Version constraints: ['^0.4.24']
[INFO] | 2024-11-10 07:39:23 AM | analyzer.0x2cf5694906bdd80f33bac7cb80183f1c61bc5be2 | solc version: v0.4.24
[INFO] | 2024-11-10 07:39:26 AM | analyzer.0x2cf5694906bdd80f33bac7cb80183f1c61bc5be2 | Callgraph generation started!
[INFO] | 2024-11-10 07:39:26 AM | analyzer.0x2cf5694906bdd80f33bac7cb80183f1c61bc5be2 | Callgraph generation finished!
[INFO] | 2024-11-10 07:39:26 AM | analyzer.0x2cf5694906bdd80f33bac7cb80183f1c61bc5be2 | Interprocedural CFG generation started!
[INFO] | 2024-11-10 07:39:26 AM | analyzer.0x2cf5694906bdd80f33bac7cb80183f1c61bc5be2 | Interprocedural CFG generation finished!
[INFO] | 2024-11-10 07:39:26 AM | analyzer.0x2cf5694906bdd80f33bac7cb80183f1c61bc5be2 | Storage dependency graph generation started!
[INFO] | 2024-11-10 07:39:26 AM | analyzer.0x2cf5694906bdd80f33bac7cb80183f1c61bc5be2 | Storage dependency graph generation finished!
[INFO] | 2024-11-10 07:39:26 AM | analyzer.0x2cf5694906bdd80f33bac7cb80183f1c61bc5be2 | Value Range Analysis started
[INFO] | 2024-11-10 07:39:26 AM | analyzer.0x2cf5694906bdd80f33bac7cb80183f1c61bc5be2 | Generating return summary for slitherConstructorConstantVariables
[INFO] | 2024-11-10 07:39:26 AM | analyzer.0x2cf5694906bdd80f33bac7cb80183f1c61bc5be2 | Return summary generated for slitherConstructorConstantVariables
[INFO] | 2024-11-10 07:39:26 AM | analyzer.0x2cf5694906bdd80f33bac7cb80183f1c61bc5be2 | Range graph generated
[INFO] | 2024-11-10 07:39:26 AM | analyzer.0x2cf5694906bdd80f33bac7cb80183f1c61bc5be2 | Processed function slitherConstructorConstantVariables
[INFO] | 2024-11-10 07:39:26 AM | analyzer.0x2cf5694906bdd80f33bac7cb80183f1c61bc5be2 | Generating return summary for slitherConstructorConstantVariables
[INFO] | 2024-11-10 07:39:26 AM | analyzer.0x2cf5694906bdd80f33bac7cb80183f1c61bc5be2 | Return summary generated for slitherConstructorConstantVariables
[INFO] | 2024-11-10 07:39:26 AM | analyzer.0x2cf5694906bdd80f33bac7cb80183f1c61bc5be2 | Range graph generated
[INFO] | 2024-11-10 07:39:26 AM | analyzer.0x2cf5694906bdd80f33bac7cb80183f1c61bc5be2 | Processed function slitherConstructorConstantVariables
[INFO] | 2024-11-10 07:39:26 AM | analyzer.0x2cf5694906bdd80f33bac7cb80183f1c61bc5be2 | Generating return summary for slitherConstructorConstantVariables
[INFO] | 2024-11-10 07:39:26 AM | analyzer.0x2cf5694906bdd80f33bac7cb80183f1c61bc5be2 | Return summary generated for slitherConstructorConstantVariables
[INFO] | 2024-11-10 07:39:26 AM | analyzer.0x2cf5694906bdd80f33bac7cb80183f1c61bc5be2 | Range graph generated
[INFO] | 2024-11-10 07:39:26 AM | analyzer.0x2cf5694906bdd80f33bac7cb80183f1c61bc5be2 | Processed function slitherConstructorConstantVariables
[INFO] | 2024-11-10 07:39:26 AM | analyzer.0x2cf5694906bdd80f33bac7cb80183f1c61bc5be2 | Generating return summary for slitherConstructorConstantVariables
[INFO] | 2024-11-10 07:39:26 AM | analyzer.0x2cf5694906bdd80f33bac7cb80183f1c61bc5be2 | Return summary generated for slitherConstructorConstantVariables
[INFO] | 2024-11-10 07:39:26 AM | analyzer.0x2cf5694906bdd80f33bac7cb80183f1c61bc5be2 | Range graph generated
[INFO] | 2024-11-10 07:39:26 AM | analyzer.0x2cf5694906bdd80f33bac7cb80183f1c61bc5be2 | Processed function slitherConstructorConstantVariables
[INFO] | 2024-11-10 07:39:26 AM | analyzer.0x2cf5694906bdd80f33bac7cb80183f1c61bc5be2 | Generating return summary for mul
[INFO] | 2024-11-10 07:39:26 AM | analyzer.0x2cf5694906bdd80f33bac7cb80183f1c61bc5be2 | Return summary generated for mul
[INFO] | 2024-11-10 07:39:26 AM | analyzer.0x2cf5694906bdd80f33bac7cb80183f1c61bc5be2 | State variable assignement do not exist
[INFO] | 2024-11-10 07:39:26 AM | analyzer.0x2cf5694906bdd80f33bac7cb80183f1c61bc5be2 | Processed function mul
[INFO] | 2024-11-10 07:39:26 AM | analyzer.0x2cf5694906bdd80f33bac7cb80183f1c61bc5be2 | Generating return summary for div
[INFO] | 2024-11-10 07:39:26 AM | analyzer.0x2cf5694906bdd80f33bac7cb80183f1c61bc5be2 | Return summary generated for div
[INFO] | 2024-11-10 07:39:26 AM | analyzer.0x2cf5694906bdd80f33bac7cb80183f1c61bc5be2 | State variable assignement do not exist
[INFO] | 2024-11-10 07:39:26 AM | analyzer.0x2cf5694906bdd80f33bac7cb80183f1c61bc5be2 | Processed function div
[INFO] | 2024-11-10 07:39:26 AM | analyzer.0x2cf5694906bdd80f33bac7cb80183f1c61bc5be2 | Generating return summary for sub
[INFO] | 2024-11-10 07:39:26 AM | analyzer.0x2cf5694906bdd80f33bac7cb80183f1c61bc5be2 | Return summary generated for sub
[INFO] | 2024-11-10 07:39:26 AM | analyzer.0x2cf5694906bdd80f33bac7cb80183f1c61bc5be2 | State variable assignement do not exist
[INFO] | 2024-11-10 07:39:26 AM | analyzer.0x2cf5694906bdd80f33bac7cb80183f1c61bc5be2 | Processed function sub
[INFO] | 2024-11-10 07:39:26 AM | analyzer.0x2cf5694906bdd80f33bac7cb80183f1c61bc5be2 | Generating return summary for add
[INFO] | 2024-11-10 07:39:26 AM | analyzer.0x2cf5694906bdd80f33bac7cb80183f1c61bc5be2 | Return summary generated for add
[INFO] | 2024-11-10 07:39:26 AM | analyzer.0x2cf5694906bdd80f33bac7cb80183f1c61bc5be2 | State variable assignement do not exist
[INFO] | 2024-11-10 07:39:26 AM | analyzer.0x2cf5694906bdd80f33bac7cb80183f1c61bc5be2 | Processed function add
[INFO] | 2024-11-10 07:39:26 AM | analyzer.0x2cf5694906bdd80f33bac7cb80183f1c61bc5be2 | Generating return summary for constructor
[INFO] | 2024-11-10 07:39:26 AM | analyzer.0x2cf5694906bdd80f33bac7cb80183f1c61bc5be2 | Return summary generated for constructor
[INFO] | 2024-11-10 07:39:26 AM | analyzer.0x2cf5694906bdd80f33bac7cb80183f1c61bc5be2 | Range graph generated
[INFO] | 2024-11-10 07:39:26 AM | analyzer.0x2cf5694906bdd80f33bac7cb80183f1c61bc5be2 | Processed function constructor
[INFO] | 2024-11-10 07:39:26 AM | analyzer.0x2cf5694906bdd80f33bac7cb80183f1c61bc5be2 | Generating return summary for _transferOwnership
[INFO] | 2024-11-10 07:39:26 AM | analyzer.0x2cf5694906bdd80f33bac7cb80183f1c61bc5be2 | Return summary generated for _transferOwnership
[INFO] | 2024-11-10 07:39:26 AM | analyzer.0x2cf5694906bdd80f33bac7cb80183f1c61bc5be2 | Range graph generated
[INFO] | 2024-11-10 07:39:26 AM | analyzer.0x2cf5694906bdd80f33bac7cb80183f1c61bc5be2 | Processed function _transferOwnership
[INFO] | 2024-11-10 07:39:26 AM | analyzer.0x2cf5694906bdd80f33bac7cb80183f1c61bc5be2 | Generating return summary for onlyOwner
[INFO] | 2024-11-10 07:39:26 AM | analyzer.0x2cf5694906bdd80f33bac7cb80183f1c61bc5be2 | Return summary generated for onlyOwner
[INFO] | 2024-11-10 07:39:26 AM | analyzer.0x2cf5694906bdd80f33bac7cb80183f1c61bc5be2 | State variable assignement do not exist
[INFO] | 2024-11-10 07:39:26 AM | analyzer.0x2cf5694906bdd80f33bac7cb80183f1c61bc5be2 | Processed function onlyOwner
[INFO] | 2024-11-10 07:39:26 AM | analyzer.0x2cf5694906bdd80f33bac7cb80183f1c61bc5be2 | Generating return summary for constructor
[INFO] | 2024-11-10 07:39:26 AM | analyzer.0x2cf5694906bdd80f33bac7cb80183f1c61bc5be2 | Return summary generated for constructor
[INFO] | 2024-11-10 07:39:26 AM | analyzer.0x2cf5694906bdd80f33bac7cb80183f1c61bc5be2 | Range graph generated
[INFO] | 2024-11-10 07:39:26 AM | analyzer.0x2cf5694906bdd80f33bac7cb80183f1c61bc5be2 | Processed function constructor
[INFO] | 2024-11-10 07:39:26 AM | analyzer.0x2cf5694906bdd80f33bac7cb80183f1c61bc5be2 | Generating return summary for _transferOwnership
[INFO] | 2024-11-10 07:39:26 AM | analyzer.0x2cf5694906bdd80f33bac7cb80183f1c61bc5be2 | Return summary generated for _transferOwnership
[INFO] | 2024-11-10 07:39:26 AM | analyzer.0x2cf5694906bdd80f33bac7cb80183f1c61bc5be2 | Range graph generated
[INFO] | 2024-11-10 07:39:26 AM | analyzer.0x2cf5694906bdd80f33bac7cb80183f1c61bc5be2 | Processed function _transferOwnership
[INFO] | 2024-11-10 07:39:26 AM | analyzer.0x2cf5694906bdd80f33bac7cb80183f1c61bc5be2 | Generating return summary for slitherConstructorVariables
[INFO] | 2024-11-10 07:39:26 AM | analyzer.0x2cf5694906bdd80f33bac7cb80183f1c61bc5be2 | Return summary generated for slitherConstructorVariables
[INFO] | 2024-11-10 07:39:26 AM | analyzer.0x2cf5694906bdd80f33bac7cb80183f1c61bc5be2 | Range graph generated
[INFO] | 2024-11-10 07:39:26 AM | analyzer.0x2cf5694906bdd80f33bac7cb80183f1c61bc5be2 | Processed function slitherConstructorVariables
[INFO] | 2024-11-10 07:39:26 AM | analyzer.0x2cf5694906bdd80f33bac7cb80183f1c61bc5be2 | Generating return summary for onlyOwner
[INFO] | 2024-11-10 07:39:26 AM | analyzer.0x2cf5694906bdd80f33bac7cb80183f1c61bc5be2 | Return summary generated for onlyOwner
[INFO] | 2024-11-10 07:39:26 AM | analyzer.0x2cf5694906bdd80f33bac7cb80183f1c61bc5be2 | State variable assignement do not exist
[INFO] | 2024-11-10 07:39:26 AM | analyzer.0x2cf5694906bdd80f33bac7cb80183f1c61bc5be2 | Processed function onlyOwner
[INFO] | 2024-11-10 07:39:26 AM | analyzer.0x2cf5694906bdd80f33bac7cb80183f1c61bc5be2 | Generating return summary for whenNotPaused
[INFO] | 2024-11-10 07:39:26 AM | analyzer.0x2cf5694906bdd80f33bac7cb80183f1c61bc5be2 | Return summary generated for whenNotPaused
[INFO] | 2024-11-10 07:39:26 AM | analyzer.0x2cf5694906bdd80f33bac7cb80183f1c61bc5be2 | State variable assignement do not exist
[INFO] | 2024-11-10 07:39:26 AM | analyzer.0x2cf5694906bdd80f33bac7cb80183f1c61bc5be2 | Processed function whenNotPaused
[INFO] | 2024-11-10 07:39:26 AM | analyzer.0x2cf5694906bdd80f33bac7cb80183f1c61bc5be2 | Generating return summary for whenPaused
[INFO] | 2024-11-10 07:39:26 AM | analyzer.0x2cf5694906bdd80f33bac7cb80183f1c61bc5be2 | Return summary generated for whenPaused
[INFO] | 2024-11-10 07:39:26 AM | analyzer.0x2cf5694906bdd80f33bac7cb80183f1c61bc5be2 | State variable assignement do not exist
[INFO] | 2024-11-10 07:39:26 AM | analyzer.0x2cf5694906bdd80f33bac7cb80183f1c61bc5be2 | Processed function whenPaused
[INFO] | 2024-11-10 07:39:26 AM | analyzer.0x2cf5694906bdd80f33bac7cb80183f1c61bc5be2 | Generating return summary for constructor
[INFO] | 2024-11-10 07:39:26 AM | analyzer.0x2cf5694906bdd80f33bac7cb80183f1c61bc5be2 | Return summary generated for constructor
[INFO] | 2024-11-10 07:39:26 AM | analyzer.0x2cf5694906bdd80f33bac7cb80183f1c61bc5be2 | Range graph generated
[INFO] | 2024-11-10 07:39:26 AM | analyzer.0x2cf5694906bdd80f33bac7cb80183f1c61bc5be2 | Processed function constructor
[INFO] | 2024-11-10 07:39:26 AM | analyzer.0x2cf5694906bdd80f33bac7cb80183f1c61bc5be2 | Generating return summary for _transferOwnership
[INFO] | 2024-11-10 07:39:26 AM | analyzer.0x2cf5694906bdd80f33bac7cb80183f1c61bc5be2 | Return summary generated for _transferOwnership
[INFO] | 2024-11-10 07:39:26 AM | analyzer.0x2cf5694906bdd80f33bac7cb80183f1c61bc5be2 | Range graph generated
[INFO] | 2024-11-10 07:39:26 AM | analyzer.0x2cf5694906bdd80f33bac7cb80183f1c61bc5be2 | Processed function _transferOwnership
[INFO] | 2024-11-10 07:39:26 AM | analyzer.0x2cf5694906bdd80f33bac7cb80183f1c61bc5be2 | Generating return summary for onlyOwner
[INFO] | 2024-11-10 07:39:26 AM | analyzer.0x2cf5694906bdd80f33bac7cb80183f1c61bc5be2 | Return summary generated for onlyOwner
[INFO] | 2024-11-10 07:39:26 AM | analyzer.0x2cf5694906bdd80f33bac7cb80183f1c61bc5be2 | State variable assignement do not exist
[INFO] | 2024-11-10 07:39:26 AM | analyzer.0x2cf5694906bdd80f33bac7cb80183f1c61bc5be2 | Processed function onlyOwner
[INFO] | 2024-11-10 07:39:26 AM | analyzer.0x2cf5694906bdd80f33bac7cb80183f1c61bc5be2 | Generating return summary for constructor
[INFO] | 2024-11-10 07:39:26 AM | analyzer.0x2cf5694906bdd80f33bac7cb80183f1c61bc5be2 | Return summary generated for constructor
[INFO] | 2024-11-10 07:39:26 AM | analyzer.0x2cf5694906bdd80f33bac7cb80183f1c61bc5be2 | Range graph generated
[INFO] | 2024-11-10 07:39:26 AM | analyzer.0x2cf5694906bdd80f33bac7cb80183f1c61bc5be2 | Processed function constructor
[INFO] | 2024-11-10 07:39:26 AM | analyzer.0x2cf5694906bdd80f33bac7cb80183f1c61bc5be2 | Generating return summary for _transferOwnership
[INFO] | 2024-11-10 07:39:26 AM | analyzer.0x2cf5694906bdd80f33bac7cb80183f1c61bc5be2 | Return summary generated for _transferOwnership
[INFO] | 2024-11-10 07:39:26 AM | analyzer.0x2cf5694906bdd80f33bac7cb80183f1c61bc5be2 | Range graph generated
[INFO] | 2024-11-10 07:39:26 AM | analyzer.0x2cf5694906bdd80f33bac7cb80183f1c61bc5be2 | Processed function _transferOwnership
[INFO] | 2024-11-10 07:39:26 AM | analyzer.0x2cf5694906bdd80f33bac7cb80183f1c61bc5be2 | Generating return summary for onlyOwner
[INFO] | 2024-11-10 07:39:26 AM | analyzer.0x2cf5694906bdd80f33bac7cb80183f1c61bc5be2 | Return summary generated for onlyOwner
[INFO] | 2024-11-10 07:39:26 AM | analyzer.0x2cf5694906bdd80f33bac7cb80183f1c61bc5be2 | State variable assignement do not exist
[INFO] | 2024-11-10 07:39:26 AM | analyzer.0x2cf5694906bdd80f33bac7cb80183f1c61bc5be2 | Processed function onlyOwner
[INFO] | 2024-11-10 07:39:26 AM | analyzer.0x2cf5694906bdd80f33bac7cb80183f1c61bc5be2 | Generating return summary for constructor
[INFO] | 2024-11-10 07:39:26 AM | analyzer.0x2cf5694906bdd80f33bac7cb80183f1c61bc5be2 | Return summary generated for constructor
[INFO] | 2024-11-10 07:39:26 AM | analyzer.0x2cf5694906bdd80f33bac7cb80183f1c61bc5be2 | Range graph generated
[INFO] | 2024-11-10 07:39:26 AM | analyzer.0x2cf5694906bdd80f33bac7cb80183f1c61bc5be2 | Processed function constructor
[INFO] | 2024-11-10 07:39:26 AM | analyzer.0x2cf5694906bdd80f33bac7cb80183f1c61bc5be2 | Generating return summary for _transferOwnership
[INFO] | 2024-11-10 07:39:26 AM | analyzer.0x2cf5694906bdd80f33bac7cb80183f1c61bc5be2 | Return summary generated for _transferOwnership
[INFO] | 2024-11-10 07:39:26 AM | analyzer.0x2cf5694906bdd80f33bac7cb80183f1c61bc5be2 | Range graph generated
[INFO] | 2024-11-10 07:39:26 AM | analyzer.0x2cf5694906bdd80f33bac7cb80183f1c61bc5be2 | Processed function _transferOwnership
[INFO] | 2024-11-10 07:39:26 AM | analyzer.0x2cf5694906bdd80f33bac7cb80183f1c61bc5be2 | Generating return summary for onlyOwner
[INFO] | 2024-11-10 07:39:26 AM | analyzer.0x2cf5694906bdd80f33bac7cb80183f1c61bc5be2 | Return summary generated for onlyOwner
[INFO] | 2024-11-10 07:39:26 AM | analyzer.0x2cf5694906bdd80f33bac7cb80183f1c61bc5be2 | State variable assignement do not exist
[INFO] | 2024-11-10 07:39:26 AM | analyzer.0x2cf5694906bdd80f33bac7cb80183f1c61bc5be2 | Processed function onlyOwner
[INFO] | 2024-11-10 07:39:26 AM | analyzer.0x2cf5694906bdd80f33bac7cb80183f1c61bc5be2 | Generating return summary for totalInSharedPool
[INFO] | 2024-11-10 07:39:26 AM | analyzer.0x2cf5694906bdd80f33bac7cb80183f1c61bc5be2 | Return summary generated for totalInSharedPool
[INFO] | 2024-11-10 07:39:26 AM | analyzer.0x2cf5694906bdd80f33bac7cb80183f1c61bc5be2 | State variable assignement do not exist
[INFO] | 2024-11-10 07:39:26 AM | analyzer.0x2cf5694906bdd80f33bac7cb80183f1c61bc5be2 | Processed function totalInSharedPool
[INFO] | 2024-11-10 07:39:26 AM | analyzer.0x2cf5694906bdd80f33bac7cb80183f1c61bc5be2 | Generating return summary for toWei
[INFO] | 2024-11-10 07:39:26 AM | analyzer.0x2cf5694906bdd80f33bac7cb80183f1c61bc5be2 | Return summary generated for toWei
[INFO] | 2024-11-10 07:39:26 AM | analyzer.0x2cf5694906bdd80f33bac7cb80183f1c61bc5be2 | State variable assignement do not exist
[INFO] | 2024-11-10 07:39:26 AM | analyzer.0x2cf5694906bdd80f33bac7cb80183f1c61bc5be2 | Processed function toWei
[INFO] | 2024-11-10 07:39:26 AM | analyzer.0x2cf5694906bdd80f33bac7cb80183f1c61bc5be2 | Generating return summary for fromWei
[INFO] | 2024-11-10 07:39:26 AM | analyzer.0x2cf5694906bdd80f33bac7cb80183f1c61bc5be2 | Return summary generated for fromWei
[INFO] | 2024-11-10 07:39:26 AM | analyzer.0x2cf5694906bdd80f33bac7cb80183f1c61bc5be2 | State variable assignement do not exist
[INFO] | 2024-11-10 07:39:26 AM | analyzer.0x2cf5694906bdd80f33bac7cb80183f1c61bc5be2 | Processed function fromWei
[INFO] | 2024-11-10 07:39:26 AM | analyzer.0x2cf5694906bdd80f33bac7cb80183f1c61bc5be2 | Generating return summary for applyDiscount
[INFO] | 2024-11-10 07:39:26 AM | analyzer.0x2cf5694906bdd80f33bac7cb80183f1c61bc5be2 | Return summary generated for applyDiscount
[INFO] | 2024-11-10 07:39:26 AM | analyzer.0x2cf5694906bdd80f33bac7cb80183f1c61bc5be2 | State variable assignement do not exist
[INFO] | 2024-11-10 07:39:26 AM | analyzer.0x2cf5694906bdd80f33bac7cb80183f1c61bc5be2 | Processed function applyDiscount
[INFO] | 2024-11-10 07:39:26 AM | analyzer.0x2cf5694906bdd80f33bac7cb80183f1c61bc5be2 | Generating return summary for applyPayback
[INFO] | 2024-11-10 07:39:26 AM | analyzer.0x2cf5694906bdd80f33bac7cb80183f1c61bc5be2 | Return summary generated for applyPayback
[INFO] | 2024-11-10 07:39:26 AM | analyzer.0x2cf5694906bdd80f33bac7cb80183f1c61bc5be2 | State variable assignement do not exist
[INFO] | 2024-11-10 07:39:26 AM | analyzer.0x2cf5694906bdd80f33bac7cb80183f1c61bc5be2 | Processed function applyPayback
[INFO] | 2024-11-10 07:39:26 AM | analyzer.0x2cf5694906bdd80f33bac7cb80183f1c61bc5be2 | Generating return summary for buyVouchers
[INFO] | 2024-11-10 07:39:26 AM | analyzer.0x2cf5694906bdd80f33bac7cb80183f1c61bc5be2 | Return summary generated for buyVouchers
[INFO] | 2024-11-10 07:39:26 AM | analyzer.0x2cf5694906bdd80f33bac7cb80183f1c61bc5be2 | State variable assignement do not exist
[INFO] | 2024-11-10 07:39:26 AM | analyzer.0x2cf5694906bdd80f33bac7cb80183f1c61bc5be2 | Processed function buyVouchers
[INFO] | 2024-11-10 07:39:26 AM | analyzer.0x2cf5694906bdd80f33bac7cb80183f1c61bc5be2 | Generating return summary for sellVouchers
[INFO] | 2024-11-10 07:39:26 AM | analyzer.0x2cf5694906bdd80f33bac7cb80183f1c61bc5be2 | Return summary generated for sellVouchers
[INFO] | 2024-11-10 07:39:26 AM | analyzer.0x2cf5694906bdd80f33bac7cb80183f1c61bc5be2 | State variable assignement do not exist
[INFO] | 2024-11-10 07:39:26 AM | analyzer.0x2cf5694906bdd80f33bac7cb80183f1c61bc5be2 | Processed function sellVouchers
[INFO] | 2024-11-10 07:39:26 AM | analyzer.0x2cf5694906bdd80f33bac7cb80183f1c61bc5be2 | Generating return summary for releasePurchasedTo
[INFO] | 2024-11-10 07:39:26 AM | analyzer.0x2cf5694906bdd80f33bac7cb80183f1c61bc5be2 | Return summary generated for releasePurchasedTo
[INFO] | 2024-11-10 07:39:26 AM | analyzer.0x2cf5694906bdd80f33bac7cb80183f1c61bc5be2 | State variable assignement do not exist
[INFO] | 2024-11-10 07:39:26 AM | analyzer.0x2cf5694906bdd80f33bac7cb80183f1c61bc5be2 | Processed function releasePurchasedTo
[INFO] | 2024-11-10 07:39:26 AM | analyzer.0x2cf5694906bdd80f33bac7cb80183f1c61bc5be2 | Generating return summary for purchasedBy
[INFO] | 2024-11-10 07:39:26 AM | analyzer.0x2cf5694906bdd80f33bac7cb80183f1c61bc5be2 | Return summary generated for purchasedBy
[INFO] | 2024-11-10 07:39:26 AM | analyzer.0x2cf5694906bdd80f33bac7cb80183f1c61bc5be2 | State variable assignement do not exist
[INFO] | 2024-11-10 07:39:26 AM | analyzer.0x2cf5694906bdd80f33bac7cb80183f1c61bc5be2 | Processed function purchasedBy
[INFO] | 2024-11-10 07:39:26 AM | analyzer.0x2cf5694906bdd80f33bac7cb80183f1c61bc5be2 | Generating return summary for totalSupply
[INFO] | 2024-11-10 07:39:26 AM | analyzer.0x2cf5694906bdd80f33bac7cb80183f1c61bc5be2 | Return summary generated for totalSupply
[INFO] | 2024-11-10 07:39:26 AM | analyzer.0x2cf5694906bdd80f33bac7cb80183f1c61bc5be2 | State variable assignement do not exist
[INFO] | 2024-11-10 07:39:26 AM | analyzer.0x2cf5694906bdd80f33bac7cb80183f1c61bc5be2 | Processed function totalSupply
[INFO] | 2024-11-10 07:39:26 AM | analyzer.0x2cf5694906bdd80f33bac7cb80183f1c61bc5be2 | Generating return summary for decimals
[INFO] | 2024-11-10 07:39:26 AM | analyzer.0x2cf5694906bdd80f33bac7cb80183f1c61bc5be2 | Return summary generated for decimals
[INFO] | 2024-11-10 07:39:26 AM | analyzer.0x2cf5694906bdd80f33bac7cb80183f1c61bc5be2 | State variable assignement do not exist
[INFO] | 2024-11-10 07:39:26 AM | analyzer.0x2cf5694906bdd80f33bac7cb80183f1c61bc5be2 | Processed function decimals
[INFO] | 2024-11-10 07:39:26 AM | analyzer.0x2cf5694906bdd80f33bac7cb80183f1c61bc5be2 | Generating return summary for balanceOf
[INFO] | 2024-11-10 07:39:26 AM | analyzer.0x2cf5694906bdd80f33bac7cb80183f1c61bc5be2 | Return summary generated for balanceOf
[INFO] | 2024-11-10 07:39:26 AM | analyzer.0x2cf5694906bdd80f33bac7cb80183f1c61bc5be2 | State variable assignement do not exist
[INFO] | 2024-11-10 07:39:26 AM | analyzer.0x2cf5694906bdd80f33bac7cb80183f1c61bc5be2 | Processed function balanceOf
[INFO] | 2024-11-10 07:39:26 AM | analyzer.0x2cf5694906bdd80f33bac7cb80183f1c61bc5be2 | Generating return summary for allowance
[INFO] | 2024-11-10 07:39:26 AM | analyzer.0x2cf5694906bdd80f33bac7cb80183f1c61bc5be2 | Return summary generated for allowance
[INFO] | 2024-11-10 07:39:26 AM | analyzer.0x2cf5694906bdd80f33bac7cb80183f1c61bc5be2 | State variable assignement do not exist
[INFO] | 2024-11-10 07:39:26 AM | analyzer.0x2cf5694906bdd80f33bac7cb80183f1c61bc5be2 | Processed function allowance
[INFO] | 2024-11-10 07:39:26 AM | analyzer.0x2cf5694906bdd80f33bac7cb80183f1c61bc5be2 | Generating return summary for transfer
[INFO] | 2024-11-10 07:39:26 AM | analyzer.0x2cf5694906bdd80f33bac7cb80183f1c61bc5be2 | Return summary generated for transfer
[INFO] | 2024-11-10 07:39:26 AM | analyzer.0x2cf5694906bdd80f33bac7cb80183f1c61bc5be2 | State variable assignement do not exist
[INFO] | 2024-11-10 07:39:26 AM | analyzer.0x2cf5694906bdd80f33bac7cb80183f1c61bc5be2 | Processed function transfer
[INFO] | 2024-11-10 07:39:26 AM | analyzer.0x2cf5694906bdd80f33bac7cb80183f1c61bc5be2 | Generating return summary for approve
[INFO] | 2024-11-10 07:39:26 AM | analyzer.0x2cf5694906bdd80f33bac7cb80183f1c61bc5be2 | Return summary generated for approve
[INFO] | 2024-11-10 07:39:26 AM | analyzer.0x2cf5694906bdd80f33bac7cb80183f1c61bc5be2 | State variable assignement do not exist
[INFO] | 2024-11-10 07:39:26 AM | analyzer.0x2cf5694906bdd80f33bac7cb80183f1c61bc5be2 | Processed function approve
[INFO] | 2024-11-10 07:39:26 AM | analyzer.0x2cf5694906bdd80f33bac7cb80183f1c61bc5be2 | Generating return summary for transferFrom
[INFO] | 2024-11-10 07:39:26 AM | analyzer.0x2cf5694906bdd80f33bac7cb80183f1c61bc5be2 | Return summary generated for transferFrom
[INFO] | 2024-11-10 07:39:26 AM | analyzer.0x2cf5694906bdd80f33bac7cb80183f1c61bc5be2 | State variable assignement do not exist
[INFO] | 2024-11-10 07:39:26 AM | analyzer.0x2cf5694906bdd80f33bac7cb80183f1c61bc5be2 | Processed function transferFrom
[INFO] | 2024-11-10 07:39:26 AM | analyzer.0x2cf5694906bdd80f33bac7cb80183f1c61bc5be2 | Generating return summary for constructor
[INFO] | 2024-11-10 07:39:26 AM | analyzer.0x2cf5694906bdd80f33bac7cb80183f1c61bc5be2 | Return summary generated for constructor
[INFO] | 2024-11-10 07:39:26 AM | analyzer.0x2cf5694906bdd80f33bac7cb80183f1c61bc5be2 | Range graph generated
[INFO] | 2024-11-10 07:39:26 AM | analyzer.0x2cf5694906bdd80f33bac7cb80183f1c61bc5be2 | Processed function constructor
[INFO] | 2024-11-10 07:39:26 AM | analyzer.0x2cf5694906bdd80f33bac7cb80183f1c61bc5be2 | Generating return summary for _transferOwnership
[INFO] | 2024-11-10 07:39:26 AM | analyzer.0x2cf5694906bdd80f33bac7cb80183f1c61bc5be2 | Return summary generated for _transferOwnership
[INFO] | 2024-11-10 07:39:26 AM | analyzer.0x2cf5694906bdd80f33bac7cb80183f1c61bc5be2 | Range graph generated
[INFO] | 2024-11-10 07:39:26 AM | analyzer.0x2cf5694906bdd80f33bac7cb80183f1c61bc5be2 | Processed function _transferOwnership
[INFO] | 2024-11-10 07:39:26 AM | analyzer.0x2cf5694906bdd80f33bac7cb80183f1c61bc5be2 | Generating return summary for setMonethaAddress
[INFO] | 2024-11-10 07:39:26 AM | analyzer.0x2cf5694906bdd80f33bac7cb80183f1c61bc5be2 | Return summary generated for setMonethaAddress
[INFO] | 2024-11-10 07:39:26 AM | analyzer.0x2cf5694906bdd80f33bac7cb80183f1c61bc5be2 | Range graph generated
[INFO] | 2024-11-10 07:39:26 AM | analyzer.0x2cf5694906bdd80f33bac7cb80183f1c61bc5be2 | Processed function setMonethaAddress
[INFO] | 2024-11-10 07:39:26 AM | analyzer.0x2cf5694906bdd80f33bac7cb80183f1c61bc5be2 | Generating return summary for slitherConstructorVariables
[INFO] | 2024-11-10 07:39:26 AM | analyzer.0x2cf5694906bdd80f33bac7cb80183f1c61bc5be2 | Return summary generated for slitherConstructorVariables
[INFO] | 2024-11-10 07:39:26 AM | analyzer.0x2cf5694906bdd80f33bac7cb80183f1c61bc5be2 | Range graph generated
[INFO] | 2024-11-10 07:39:26 AM | analyzer.0x2cf5694906bdd80f33bac7cb80183f1c61bc5be2 | Processed function slitherConstructorVariables
[INFO] | 2024-11-10 07:39:26 AM | analyzer.0x2cf5694906bdd80f33bac7cb80183f1c61bc5be2 | Generating return summary for onlyOwner
[INFO] | 2024-11-10 07:39:26 AM | analyzer.0x2cf5694906bdd80f33bac7cb80183f1c61bc5be2 | Return summary generated for onlyOwner
[INFO] | 2024-11-10 07:39:26 AM | analyzer.0x2cf5694906bdd80f33bac7cb80183f1c61bc5be2 | State variable assignement do not exist
[INFO] | 2024-11-10 07:39:26 AM | analyzer.0x2cf5694906bdd80f33bac7cb80183f1c61bc5be2 | Processed function onlyOwner
[INFO] | 2024-11-10 07:39:26 AM | analyzer.0x2cf5694906bdd80f33bac7cb80183f1c61bc5be2 | Generating return summary for whenNotPaused
[INFO] | 2024-11-10 07:39:26 AM | analyzer.0x2cf5694906bdd80f33bac7cb80183f1c61bc5be2 | Return summary generated for whenNotPaused
[INFO] | 2024-11-10 07:39:26 AM | analyzer.0x2cf5694906bdd80f33bac7cb80183f1c61bc5be2 | State variable assignement do not exist
[INFO] | 2024-11-10 07:39:26 AM | analyzer.0x2cf5694906bdd80f33bac7cb80183f1c61bc5be2 | Processed function whenNotPaused
[INFO] | 2024-11-10 07:39:26 AM | analyzer.0x2cf5694906bdd80f33bac7cb80183f1c61bc5be2 | Generating return summary for whenPaused
[INFO] | 2024-11-10 07:39:26 AM | analyzer.0x2cf5694906bdd80f33bac7cb80183f1c61bc5be2 | Return summary generated for whenPaused
[INFO] | 2024-11-10 07:39:26 AM | analyzer.0x2cf5694906bdd80f33bac7cb80183f1c61bc5be2 | State variable assignement do not exist
[INFO] | 2024-11-10 07:39:26 AM | analyzer.0x2cf5694906bdd80f33bac7cb80183f1c61bc5be2 | Processed function whenPaused
[INFO] | 2024-11-10 07:39:26 AM | analyzer.0x2cf5694906bdd80f33bac7cb80183f1c61bc5be2 | Generating return summary for onlyMonetha
[INFO] | 2024-11-10 07:39:26 AM | analyzer.0x2cf5694906bdd80f33bac7cb80183f1c61bc5be2 | Return summary generated for onlyMonetha
[INFO] | 2024-11-10 07:39:26 AM | analyzer.0x2cf5694906bdd80f33bac7cb80183f1c61bc5be2 | State variable assignement do not exist
[INFO] | 2024-11-10 07:39:26 AM | analyzer.0x2cf5694906bdd80f33bac7cb80183f1c61bc5be2 | Processed function onlyMonetha
[INFO] | 2024-11-10 07:39:26 AM | analyzer.0x2cf5694906bdd80f33bac7cb80183f1c61bc5be2 | Generating return summary for constructor
[INFO] | 2024-11-10 07:39:26 AM | analyzer.0x2cf5694906bdd80f33bac7cb80183f1c61bc5be2 | Return summary generated for constructor
[INFO] | 2024-11-10 07:39:26 AM | analyzer.0x2cf5694906bdd80f33bac7cb80183f1c61bc5be2 | Range graph generated
[INFO] | 2024-11-10 07:39:26 AM | analyzer.0x2cf5694906bdd80f33bac7cb80183f1c61bc5be2 | Processed function constructor
[INFO] | 2024-11-10 07:39:26 AM | analyzer.0x2cf5694906bdd80f33bac7cb80183f1c61bc5be2 | Generating return summary for _transferOwnership
[INFO] | 2024-11-10 07:39:26 AM | analyzer.0x2cf5694906bdd80f33bac7cb80183f1c61bc5be2 | Return summary generated for _transferOwnership
[INFO] | 2024-11-10 07:39:26 AM | analyzer.0x2cf5694906bdd80f33bac7cb80183f1c61bc5be2 | Range graph generated
[INFO] | 2024-11-10 07:39:26 AM | analyzer.0x2cf5694906bdd80f33bac7cb80183f1c61bc5be2 | Processed function _transferOwnership
[INFO] | 2024-11-10 07:39:26 AM | analyzer.0x2cf5694906bdd80f33bac7cb80183f1c61bc5be2 | Generating return summary for constructor
[INFO] | 2024-11-10 07:39:26 AM | analyzer.0x2cf5694906bdd80f33bac7cb80183f1c61bc5be2 | Return summary generated for constructor
[INFO] | 2024-11-10 07:39:26 AM | analyzer.0x2cf5694906bdd80f33bac7cb80183f1c61bc5be2 | Range graph generated
[INFO] | 2024-11-10 07:39:26 AM | analyzer.0x2cf5694906bdd80f33bac7cb80183f1c61bc5be2 | Processed function constructor
[INFO] | 2024-11-10 07:39:26 AM | analyzer.0x2cf5694906bdd80f33bac7cb80183f1c61bc5be2 | Generating return summary for onlyOwner
[INFO] | 2024-11-10 07:39:26 AM | analyzer.0x2cf5694906bdd80f33bac7cb80183f1c61bc5be2 | Return summary generated for onlyOwner
[INFO] | 2024-11-10 07:39:26 AM | analyzer.0x2cf5694906bdd80f33bac7cb80183f1c61bc5be2 | State variable assignement do not exist
[INFO] | 2024-11-10 07:39:26 AM | analyzer.0x2cf5694906bdd80f33bac7cb80183f1c61bc5be2 | Processed function onlyOwner
[INFO] | 2024-11-10 07:39:26 AM | analyzer.0x2cf5694906bdd80f33bac7cb80183f1c61bc5be2 | Generating return summary for onlyMonetha
[INFO] | 2024-11-10 07:39:26 AM | analyzer.0x2cf5694906bdd80f33bac7cb80183f1c61bc5be2 | Return summary generated for onlyMonetha
[INFO] | 2024-11-10 07:39:26 AM | analyzer.0x2cf5694906bdd80f33bac7cb80183f1c61bc5be2 | State variable assignement do not exist
[INFO] | 2024-11-10 07:39:26 AM | analyzer.0x2cf5694906bdd80f33bac7cb80183f1c61bc5be2 | Processed function onlyMonetha
[INFO] | 2024-11-10 07:39:26 AM | analyzer.0x2cf5694906bdd80f33bac7cb80183f1c61bc5be2 | Generating return summary for constructor
[INFO] | 2024-11-10 07:39:26 AM | analyzer.0x2cf5694906bdd80f33bac7cb80183f1c61bc5be2 | Return summary generated for constructor
[INFO] | 2024-11-10 07:39:26 AM | analyzer.0x2cf5694906bdd80f33bac7cb80183f1c61bc5be2 | Range graph generated
[INFO] | 2024-11-10 07:39:26 AM | analyzer.0x2cf5694906bdd80f33bac7cb80183f1c61bc5be2 | Processed function constructor
[INFO] | 2024-11-10 07:39:26 AM | analyzer.0x2cf5694906bdd80f33bac7cb80183f1c61bc5be2 | Generating return summary for _transferOwnership
[INFO] | 2024-11-10 07:39:26 AM | analyzer.0x2cf5694906bdd80f33bac7cb80183f1c61bc5be2 | Return summary generated for _transferOwnership
[INFO] | 2024-11-10 07:39:26 AM | analyzer.0x2cf5694906bdd80f33bac7cb80183f1c61bc5be2 | Range graph generated
[INFO] | 2024-11-10 07:39:26 AM | analyzer.0x2cf5694906bdd80f33bac7cb80183f1c61bc5be2 | Processed function _transferOwnership
[INFO] | 2024-11-10 07:39:26 AM | analyzer.0x2cf5694906bdd80f33bac7cb80183f1c61bc5be2 | Generating return summary for onlyOwner
[INFO] | 2024-11-10 07:39:26 AM | analyzer.0x2cf5694906bdd80f33bac7cb80183f1c61bc5be2 | Return summary generated for onlyOwner
[INFO] | 2024-11-10 07:39:26 AM | analyzer.0x2cf5694906bdd80f33bac7cb80183f1c61bc5be2 | State variable assignement do not exist
[INFO] | 2024-11-10 07:39:26 AM | analyzer.0x2cf5694906bdd80f33bac7cb80183f1c61bc5be2 | Processed function onlyOwner
[INFO] | 2024-11-10 07:39:26 AM | analyzer.0x2cf5694906bdd80f33bac7cb80183f1c61bc5be2 | Generating return summary for constructor
[INFO] | 2024-11-10 07:39:26 AM | analyzer.0x2cf5694906bdd80f33bac7cb80183f1c61bc5be2 | Return summary generated for constructor
[INFO] | 2024-11-10 07:39:26 AM | analyzer.0x2cf5694906bdd80f33bac7cb80183f1c61bc5be2 | Range graph generated
[INFO] | 2024-11-10 07:39:26 AM | analyzer.0x2cf5694906bdd80f33bac7cb80183f1c61bc5be2 | Processed function constructor
[INFO] | 2024-11-10 07:39:26 AM | analyzer.0x2cf5694906bdd80f33bac7cb80183f1c61bc5be2 | Generating return summary for _transferOwnership
[INFO] | 2024-11-10 07:39:26 AM | analyzer.0x2cf5694906bdd80f33bac7cb80183f1c61bc5be2 | Return summary generated for _transferOwnership
[INFO] | 2024-11-10 07:39:26 AM | analyzer.0x2cf5694906bdd80f33bac7cb80183f1c61bc5be2 | Range graph generated
[INFO] | 2024-11-10 07:39:26 AM | analyzer.0x2cf5694906bdd80f33bac7cb80183f1c61bc5be2 | Processed function _transferOwnership
[INFO] | 2024-11-10 07:39:26 AM | analyzer.0x2cf5694906bdd80f33bac7cb80183f1c61bc5be2 | Generating return summary for fallback
[INFO] | 2024-11-10 07:39:26 AM | analyzer.0x2cf5694906bdd80f33bac7cb80183f1c61bc5be2 | Return summary generated for fallback
[INFO] | 2024-11-10 07:39:26 AM | analyzer.0x2cf5694906bdd80f33bac7cb80183f1c61bc5be2 | State variable assignement do not exist
[INFO] | 2024-11-10 07:39:26 AM | analyzer.0x2cf5694906bdd80f33bac7cb80183f1c61bc5be2 | Processed function fallback
[INFO] | 2024-11-10 07:39:26 AM | analyzer.0x2cf5694906bdd80f33bac7cb80183f1c61bc5be2 | Generating return summary for profile
[INFO] | 2024-11-10 07:39:26 AM | analyzer.0x2cf5694906bdd80f33bac7cb80183f1c61bc5be2 | Return summary generated for profile
[INFO] | 2024-11-10 07:39:26 AM | analyzer.0x2cf5694906bdd80f33bac7cb80183f1c61bc5be2 | State variable assignement do not exist
[INFO] | 2024-11-10 07:39:26 AM | analyzer.0x2cf5694906bdd80f33bac7cb80183f1c61bc5be2 | Processed function profile
[INFO] | 2024-11-10 07:39:26 AM | analyzer.0x2cf5694906bdd80f33bac7cb80183f1c61bc5be2 | Generating return summary for paymentSettings
[INFO] | 2024-11-10 07:39:26 AM | analyzer.0x2cf5694906bdd80f33bac7cb80183f1c61bc5be2 | Return summary generated for paymentSettings
[INFO] | 2024-11-10 07:39:26 AM | analyzer.0x2cf5694906bdd80f33bac7cb80183f1c61bc5be2 | State variable assignement do not exist
[INFO] | 2024-11-10 07:39:26 AM | analyzer.0x2cf5694906bdd80f33bac7cb80183f1c61bc5be2 | Processed function paymentSettings
[INFO] | 2024-11-10 07:39:26 AM | analyzer.0x2cf5694906bdd80f33bac7cb80183f1c61bc5be2 | Generating return summary for compositeReputation
[INFO] | 2024-11-10 07:39:26 AM | analyzer.0x2cf5694906bdd80f33bac7cb80183f1c61bc5be2 | Return summary generated for compositeReputation
[INFO] | 2024-11-10 07:39:26 AM | analyzer.0x2cf5694906bdd80f33bac7cb80183f1c61bc5be2 | State variable assignement do not exist
[INFO] | 2024-11-10 07:39:26 AM | analyzer.0x2cf5694906bdd80f33bac7cb80183f1c61bc5be2 | Processed function compositeReputation
[INFO] | 2024-11-10 07:39:26 AM | analyzer.0x2cf5694906bdd80f33bac7cb80183f1c61bc5be2 | Generating return summary for doWithdrawal
[INFO] | 2024-11-10 07:39:26 AM | analyzer.0x2cf5694906bdd80f33bac7cb80183f1c61bc5be2 | Return summary generated for doWithdrawal
[INFO] | 2024-11-10 07:39:26 AM | analyzer.0x2cf5694906bdd80f33bac7cb80183f1c61bc5be2 | State variable assignement do not exist
[INFO] | 2024-11-10 07:39:26 AM | analyzer.0x2cf5694906bdd80f33bac7cb80183f1c61bc5be2 | Processed function doWithdrawal
[INFO] | 2024-11-10 07:39:26 AM | analyzer.0x2cf5694906bdd80f33bac7cb80183f1c61bc5be2 | Generating return summary for slitherConstructorVariables
[INFO] | 2024-11-10 07:39:26 AM | analyzer.0x2cf5694906bdd80f33bac7cb80183f1c61bc5be2 | Return summary generated for slitherConstructorVariables
[INFO] | 2024-11-10 07:39:26 AM | analyzer.0x2cf5694906bdd80f33bac7cb80183f1c61bc5be2 | Range graph generated
[INFO] | 2024-11-10 07:39:26 AM | analyzer.0x2cf5694906bdd80f33bac7cb80183f1c61bc5be2 | Processed function slitherConstructorVariables
[INFO] | 2024-11-10 07:39:26 AM | analyzer.0x2cf5694906bdd80f33bac7cb80183f1c61bc5be2 | Generating return summary for onlyOwner
[INFO] | 2024-11-10 07:39:26 AM | analyzer.0x2cf5694906bdd80f33bac7cb80183f1c61bc5be2 | Return summary generated for onlyOwner
[INFO] | 2024-11-10 07:39:26 AM | analyzer.0x2cf5694906bdd80f33bac7cb80183f1c61bc5be2 | State variable assignement do not exist
[INFO] | 2024-11-10 07:39:26 AM | analyzer.0x2cf5694906bdd80f33bac7cb80183f1c61bc5be2 | Processed function onlyOwner
[INFO] | 2024-11-10 07:39:26 AM | analyzer.0x2cf5694906bdd80f33bac7cb80183f1c61bc5be2 | Generating return summary for whenNotPaused
[INFO] | 2024-11-10 07:39:26 AM | analyzer.0x2cf5694906bdd80f33bac7cb80183f1c61bc5be2 | Return summary generated for whenNotPaused
[INFO] | 2024-11-10 07:39:26 AM | analyzer.0x2cf5694906bdd80f33bac7cb80183f1c61bc5be2 | State variable assignement do not exist
[INFO] | 2024-11-10 07:39:26 AM | analyzer.0x2cf5694906bdd80f33bac7cb80183f1c61bc5be2 | Processed function whenNotPaused
[INFO] | 2024-11-10 07:39:26 AM | analyzer.0x2cf5694906bdd80f33bac7cb80183f1c61bc5be2 | Generating return summary for whenPaused
[INFO] | 2024-11-10 07:39:26 AM | analyzer.0x2cf5694906bdd80f33bac7cb80183f1c61bc5be2 | Return summary generated for whenPaused
[INFO] | 2024-11-10 07:39:26 AM | analyzer.0x2cf5694906bdd80f33bac7cb80183f1c61bc5be2 | State variable assignement do not exist
[INFO] | 2024-11-10 07:39:26 AM | analyzer.0x2cf5694906bdd80f33bac7cb80183f1c61bc5be2 | Processed function whenPaused
[INFO] | 2024-11-10 07:39:26 AM | analyzer.0x2cf5694906bdd80f33bac7cb80183f1c61bc5be2 | Generating return summary for isEOA
[INFO] | 2024-11-10 07:39:26 AM | analyzer.0x2cf5694906bdd80f33bac7cb80183f1c61bc5be2 | Return summary generated for isEOA
[INFO] | 2024-11-10 07:39:26 AM | analyzer.0x2cf5694906bdd80f33bac7cb80183f1c61bc5be2 | State variable assignement do not exist
[INFO] | 2024-11-10 07:39:26 AM | analyzer.0x2cf5694906bdd80f33bac7cb80183f1c61bc5be2 | Processed function isEOA
[INFO] | 2024-11-10 07:39:26 AM | analyzer.0x2cf5694906bdd80f33bac7cb80183f1c61bc5be2 | Generating return summary for onlyMonetha
[INFO] | 2024-11-10 07:39:26 AM | analyzer.0x2cf5694906bdd80f33bac7cb80183f1c61bc5be2 | Return summary generated for onlyMonetha
[INFO] | 2024-11-10 07:39:26 AM | analyzer.0x2cf5694906bdd80f33bac7cb80183f1c61bc5be2 | State variable assignement do not exist
[INFO] | 2024-11-10 07:39:26 AM | analyzer.0x2cf5694906bdd80f33bac7cb80183f1c61bc5be2 | Processed function onlyMonetha
[INFO] | 2024-11-10 07:39:26 AM | analyzer.0x2cf5694906bdd80f33bac7cb80183f1c61bc5be2 | Generating return summary for onlyMerchant
[INFO] | 2024-11-10 07:39:26 AM | analyzer.0x2cf5694906bdd80f33bac7cb80183f1c61bc5be2 | Return summary generated for onlyMerchant
[INFO] | 2024-11-10 07:39:26 AM | analyzer.0x2cf5694906bdd80f33bac7cb80183f1c61bc5be2 | State variable assignement do not exist
[INFO] | 2024-11-10 07:39:26 AM | analyzer.0x2cf5694906bdd80f33bac7cb80183f1c61bc5be2 | Processed function onlyMerchant
[INFO] | 2024-11-10 07:39:26 AM | analyzer.0x2cf5694906bdd80f33bac7cb80183f1c61bc5be2 | Generating return summary for onlyMerchantOrMonetha
[INFO] | 2024-11-10 07:39:26 AM | analyzer.0x2cf5694906bdd80f33bac7cb80183f1c61bc5be2 | Return summary generated for onlyMerchantOrMonetha
[INFO] | 2024-11-10 07:39:26 AM | analyzer.0x2cf5694906bdd80f33bac7cb80183f1c61bc5be2 | State variable assignement do not exist
[INFO] | 2024-11-10 07:39:26 AM | analyzer.0x2cf5694906bdd80f33bac7cb80183f1c61bc5be2 | Processed function onlyMerchantOrMonetha
[INFO] | 2024-11-10 07:39:26 AM | analyzer.0x2cf5694906bdd80f33bac7cb80183f1c61bc5be2 | Generating return summary for constructor
[INFO] | 2024-11-10 07:39:26 AM | analyzer.0x2cf5694906bdd80f33bac7cb80183f1c61bc5be2 | Return summary generated for constructor
[INFO] | 2024-11-10 07:39:26 AM | analyzer.0x2cf5694906bdd80f33bac7cb80183f1c61bc5be2 | Range graph generated
[INFO] | 2024-11-10 07:39:26 AM | analyzer.0x2cf5694906bdd80f33bac7cb80183f1c61bc5be2 | Processed function constructor
[INFO] | 2024-11-10 07:39:26 AM | analyzer.0x2cf5694906bdd80f33bac7cb80183f1c61bc5be2 | Generating return summary for _transferOwnership
[INFO] | 2024-11-10 07:39:26 AM | analyzer.0x2cf5694906bdd80f33bac7cb80183f1c61bc5be2 | Return summary generated for _transferOwnership
[INFO] | 2024-11-10 07:39:26 AM | analyzer.0x2cf5694906bdd80f33bac7cb80183f1c61bc5be2 | Range graph generated
[INFO] | 2024-11-10 07:39:26 AM | analyzer.0x2cf5694906bdd80f33bac7cb80183f1c61bc5be2 | Processed function _transferOwnership
[INFO] | 2024-11-10 07:39:26 AM | analyzer.0x2cf5694906bdd80f33bac7cb80183f1c61bc5be2 | Generating return summary for slitherConstructorVariables
[INFO] | 2024-11-10 07:39:26 AM | analyzer.0x2cf5694906bdd80f33bac7cb80183f1c61bc5be2 | Return summary generated for slitherConstructorVariables
[INFO] | 2024-11-10 07:39:26 AM | analyzer.0x2cf5694906bdd80f33bac7cb80183f1c61bc5be2 | Range graph generated
[INFO] | 2024-11-10 07:39:26 AM | analyzer.0x2cf5694906bdd80f33bac7cb80183f1c61bc5be2 | Processed function slitherConstructorVariables
[INFO] | 2024-11-10 07:39:26 AM | analyzer.0x2cf5694906bdd80f33bac7cb80183f1c61bc5be2 | Generating return summary for onlyOwner
[INFO] | 2024-11-10 07:39:26 AM | analyzer.0x2cf5694906bdd80f33bac7cb80183f1c61bc5be2 | Return summary generated for onlyOwner
[INFO] | 2024-11-10 07:39:26 AM | analyzer.0x2cf5694906bdd80f33bac7cb80183f1c61bc5be2 | State variable assignement do not exist
[INFO] | 2024-11-10 07:39:26 AM | analyzer.0x2cf5694906bdd80f33bac7cb80183f1c61bc5be2 | Processed function onlyOwner
[INFO] | 2024-11-10 07:39:26 AM | analyzer.0x2cf5694906bdd80f33bac7cb80183f1c61bc5be2 | Generating return summary for whenNotPaused
[INFO] | 2024-11-10 07:39:26 AM | analyzer.0x2cf5694906bdd80f33bac7cb80183f1c61bc5be2 | Return summary generated for whenNotPaused
[INFO] | 2024-11-10 07:39:26 AM | analyzer.0x2cf5694906bdd80f33bac7cb80183f1c61bc5be2 | State variable assignement do not exist
[INFO] | 2024-11-10 07:39:26 AM | analyzer.0x2cf5694906bdd80f33bac7cb80183f1c61bc5be2 | Processed function whenNotPaused
[INFO] | 2024-11-10 07:39:26 AM | analyzer.0x2cf5694906bdd80f33bac7cb80183f1c61bc5be2 | Generating return summary for whenPaused
[INFO] | 2024-11-10 07:39:26 AM | analyzer.0x2cf5694906bdd80f33bac7cb80183f1c61bc5be2 | Return summary generated for whenPaused
[INFO] | 2024-11-10 07:39:26 AM | analyzer.0x2cf5694906bdd80f33bac7cb80183f1c61bc5be2 | State variable assignement do not exist
[INFO] | 2024-11-10 07:39:26 AM | analyzer.0x2cf5694906bdd80f33bac7cb80183f1c61bc5be2 | Processed function whenPaused
[INFO] | 2024-11-10 07:39:26 AM | analyzer.0x2cf5694906bdd80f33bac7cb80183f1c61bc5be2 | Generating return summary for atState
[INFO] | 2024-11-10 07:39:26 AM | analyzer.0x2cf5694906bdd80f33bac7cb80183f1c61bc5be2 | Return summary generated for atState
[INFO] | 2024-11-10 07:39:26 AM | analyzer.0x2cf5694906bdd80f33bac7cb80183f1c61bc5be2 | State variable assignement do not exist
[INFO] | 2024-11-10 07:39:26 AM | analyzer.0x2cf5694906bdd80f33bac7cb80183f1c61bc5be2 | Processed function atState
[INFO] | 2024-11-10 07:39:26 AM | analyzer.0x2cf5694906bdd80f33bac7cb80183f1c61bc5be2 | Generating return summary for transition
[INFO] | 2024-11-10 07:39:26 AM | analyzer.0x2cf5694906bdd80f33bac7cb80183f1c61bc5be2 | Return summary generated for transition
[INFO] | 2024-11-10 07:39:26 AM | analyzer.0x2cf5694906bdd80f33bac7cb80183f1c61bc5be2 | Range graph generated
[INFO] | 2024-11-10 07:39:26 AM | analyzer.0x2cf5694906bdd80f33bac7cb80183f1c61bc5be2 | Processed function transition
[INFO] | 2024-11-10 07:39:26 AM | analyzer.0x2cf5694906bdd80f33bac7cb80183f1c61bc5be2 | Generating return summary for onlyMonetha
[INFO] | 2024-11-10 07:39:26 AM | analyzer.0x2cf5694906bdd80f33bac7cb80183f1c61bc5be2 | Return summary generated for onlyMonetha
[INFO] | 2024-11-10 07:39:26 AM | analyzer.0x2cf5694906bdd80f33bac7cb80183f1c61bc5be2 | State variable assignement do not exist
[INFO] | 2024-11-10 07:39:26 AM | analyzer.0x2cf5694906bdd80f33bac7cb80183f1c61bc5be2 | Processed function onlyMonetha
[INFO] | 2024-11-10 07:39:26 AM | analyzer.0x2cf5694906bdd80f33bac7cb80183f1c61bc5be2 | Generating return summary for acceptPayment
[INFO] | 2024-11-10 07:39:26 AM | analyzer.0x2cf5694906bdd80f33bac7cb80183f1c61bc5be2 | Return summary generated for acceptPayment
[INFO] | 2024-11-10 07:39:26 AM | analyzer.0x2cf5694906bdd80f33bac7cb80183f1c61bc5be2 | State variable assignement do not exist
[INFO] | 2024-11-10 07:39:26 AM | analyzer.0x2cf5694906bdd80f33bac7cb80183f1c61bc5be2 | Processed function acceptPayment
[INFO] | 2024-11-10 07:39:26 AM | analyzer.0x2cf5694906bdd80f33bac7cb80183f1c61bc5be2 | Generating return summary for acceptTokenPayment
[INFO] | 2024-11-10 07:39:26 AM | analyzer.0x2cf5694906bdd80f33bac7cb80183f1c61bc5be2 | Return summary generated for acceptTokenPayment
[INFO] | 2024-11-10 07:39:26 AM | analyzer.0x2cf5694906bdd80f33bac7cb80183f1c61bc5be2 | State variable assignement do not exist
[INFO] | 2024-11-10 07:39:26 AM | analyzer.0x2cf5694906bdd80f33bac7cb80183f1c61bc5be2 | Processed function acceptTokenPayment
[INFO] | 2024-11-10 07:39:26 AM | analyzer.0x2cf5694906bdd80f33bac7cb80183f1c61bc5be2 | Generating return summary for addOrder
[INFO] | 2024-11-10 07:39:26 AM | analyzer.0x2cf5694906bdd80f33bac7cb80183f1c61bc5be2 | Return summary generated for addOrder
[INFO] | 2024-11-10 07:39:26 AM | analyzer.0x2cf5694906bdd80f33bac7cb80183f1c61bc5be2 | Range graph generated
[INFO] | 2024-11-10 07:39:26 AM | analyzer.0x2cf5694906bdd80f33bac7cb80183f1c61bc5be2 | Processed function addOrder
[INFO] | 2024-11-10 07:39:26 AM | analyzer.0x2cf5694906bdd80f33bac7cb80183f1c61bc5be2 | Generating return summary for withdrawRefund
[INFO] | 2024-11-10 07:39:26 AM | analyzer.0x2cf5694906bdd80f33bac7cb80183f1c61bc5be2 | Return summary generated for withdrawRefund
[INFO] | 2024-11-10 07:39:26 AM | analyzer.0x2cf5694906bdd80f33bac7cb80183f1c61bc5be2 | Range graph generated
[INFO] | 2024-11-10 07:39:26 AM | analyzer.0x2cf5694906bdd80f33bac7cb80183f1c61bc5be2 | Processed function withdrawRefund
[INFO] | 2024-11-10 07:39:26 AM | analyzer.0x2cf5694906bdd80f33bac7cb80183f1c61bc5be2 | Generating return summary for transferOwnership
[INFO] | 2024-11-10 07:39:26 AM | analyzer.0x2cf5694906bdd80f33bac7cb80183f1c61bc5be2 | Return summary generated for transferOwnership
[INFO] | 2024-11-10 07:39:26 AM | analyzer.0x2cf5694906bdd80f33bac7cb80183f1c61bc5be2 | Range graph generated
[INFO] | 2024-11-10 07:39:26 AM | analyzer.0x2cf5694906bdd80f33bac7cb80183f1c61bc5be2 | Processed function transferOwnership
[INFO] | 2024-11-10 07:39:26 AM | analyzer.0x2cf5694906bdd80f33bac7cb80183f1c61bc5be2 | Generating return summary for renounceOwnership
[INFO] | 2024-11-10 07:39:26 AM | analyzer.0x2cf5694906bdd80f33bac7cb80183f1c61bc5be2 | Return summary generated for renounceOwnership
[INFO] | 2024-11-10 07:39:26 AM | analyzer.0x2cf5694906bdd80f33bac7cb80183f1c61bc5be2 | Range graph generated
[INFO] | 2024-11-10 07:39:26 AM | analyzer.0x2cf5694906bdd80f33bac7cb80183f1c61bc5be2 | Processed function renounceOwnership
[INFO] | 2024-11-10 07:39:26 AM | analyzer.0x2cf5694906bdd80f33bac7cb80183f1c61bc5be2 | Generating return summary for transferOwnership
[INFO] | 2024-11-10 07:39:26 AM | analyzer.0x2cf5694906bdd80f33bac7cb80183f1c61bc5be2 | Return summary generated for transferOwnership
[INFO] | 2024-11-10 07:39:26 AM | analyzer.0x2cf5694906bdd80f33bac7cb80183f1c61bc5be2 | Range graph generated
[INFO] | 2024-11-10 07:39:26 AM | analyzer.0x2cf5694906bdd80f33bac7cb80183f1c61bc5be2 | Processed function transferOwnership
[INFO] | 2024-11-10 07:39:26 AM | analyzer.0x2cf5694906bdd80f33bac7cb80183f1c61bc5be2 | Generating return summary for renounceOwnership
[INFO] | 2024-11-10 07:39:26 AM | analyzer.0x2cf5694906bdd80f33bac7cb80183f1c61bc5be2 | Return summary generated for renounceOwnership
[INFO] | 2024-11-10 07:39:26 AM | analyzer.0x2cf5694906bdd80f33bac7cb80183f1c61bc5be2 | Range graph generated
[INFO] | 2024-11-10 07:39:26 AM | analyzer.0x2cf5694906bdd80f33bac7cb80183f1c61bc5be2 | Processed function renounceOwnership
[INFO] | 2024-11-10 07:39:26 AM | analyzer.0x2cf5694906bdd80f33bac7cb80183f1c61bc5be2 | Generating return summary for pause
[INFO] | 2024-11-10 07:39:26 AM | analyzer.0x2cf5694906bdd80f33bac7cb80183f1c61bc5be2 | Return summary generated for pause
[INFO] | 2024-11-10 07:39:26 AM | analyzer.0x2cf5694906bdd80f33bac7cb80183f1c61bc5be2 | Range graph generated
[INFO] | 2024-11-10 07:39:26 AM | analyzer.0x2cf5694906bdd80f33bac7cb80183f1c61bc5be2 | Processed function pause
[INFO] | 2024-11-10 07:39:26 AM | analyzer.0x2cf5694906bdd80f33bac7cb80183f1c61bc5be2 | Generating return summary for unpause
[INFO] | 2024-11-10 07:39:26 AM | analyzer.0x2cf5694906bdd80f33bac7cb80183f1c61bc5be2 | Return summary generated for unpause
[INFO] | 2024-11-10 07:39:26 AM | analyzer.0x2cf5694906bdd80f33bac7cb80183f1c61bc5be2 | Range graph generated
[INFO] | 2024-11-10 07:39:26 AM | analyzer.0x2cf5694906bdd80f33bac7cb80183f1c61bc5be2 | Processed function unpause
[INFO] | 2024-11-10 07:39:26 AM | analyzer.0x2cf5694906bdd80f33bac7cb80183f1c61bc5be2 | Generating return summary for transferOwnership
[INFO] | 2024-11-10 07:39:26 AM | analyzer.0x2cf5694906bdd80f33bac7cb80183f1c61bc5be2 | Return summary generated for transferOwnership
[INFO] | 2024-11-10 07:39:26 AM | analyzer.0x2cf5694906bdd80f33bac7cb80183f1c61bc5be2 | Range graph generated
[INFO] | 2024-11-10 07:39:26 AM | analyzer.0x2cf5694906bdd80f33bac7cb80183f1c61bc5be2 | Processed function transferOwnership
[INFO] | 2024-11-10 07:39:26 AM | analyzer.0x2cf5694906bdd80f33bac7cb80183f1c61bc5be2 | Generating return summary for renounceOwnership
[INFO] | 2024-11-10 07:39:26 AM | analyzer.0x2cf5694906bdd80f33bac7cb80183f1c61bc5be2 | Return summary generated for renounceOwnership
[INFO] | 2024-11-10 07:39:26 AM | analyzer.0x2cf5694906bdd80f33bac7cb80183f1c61bc5be2 | Range graph generated
[INFO] | 2024-11-10 07:39:26 AM | analyzer.0x2cf5694906bdd80f33bac7cb80183f1c61bc5be2 | Processed function renounceOwnership
[INFO] | 2024-11-10 07:39:26 AM | analyzer.0x2cf5694906bdd80f33bac7cb80183f1c61bc5be2 | Generating return summary for destroy
[INFO] | 2024-11-10 07:39:26 AM | analyzer.0x2cf5694906bdd80f33bac7cb80183f1c61bc5be2 | Return summary generated for destroy
[INFO] | 2024-11-10 07:39:26 AM | analyzer.0x2cf5694906bdd80f33bac7cb80183f1c61bc5be2 | State variable assignement do not exist
[INFO] | 2024-11-10 07:39:26 AM | analyzer.0x2cf5694906bdd80f33bac7cb80183f1c61bc5be2 | Processed function destroy
[INFO] | 2024-11-10 07:39:26 AM | analyzer.0x2cf5694906bdd80f33bac7cb80183f1c61bc5be2 | Generating return summary for destroyAndSend
[INFO] | 2024-11-10 07:39:26 AM | analyzer.0x2cf5694906bdd80f33bac7cb80183f1c61bc5be2 | Return summary generated for destroyAndSend
[INFO] | 2024-11-10 07:39:26 AM | analyzer.0x2cf5694906bdd80f33bac7cb80183f1c61bc5be2 | State variable assignement do not exist
[INFO] | 2024-11-10 07:39:26 AM | analyzer.0x2cf5694906bdd80f33bac7cb80183f1c61bc5be2 | Processed function destroyAndSend
[INFO] | 2024-11-10 07:39:26 AM | analyzer.0x2cf5694906bdd80f33bac7cb80183f1c61bc5be2 | Generating return summary for transferOwnership
[INFO] | 2024-11-10 07:39:26 AM | analyzer.0x2cf5694906bdd80f33bac7cb80183f1c61bc5be2 | Return summary generated for transferOwnership
[INFO] | 2024-11-10 07:39:26 AM | analyzer.0x2cf5694906bdd80f33bac7cb80183f1c61bc5be2 | Range graph generated
[INFO] | 2024-11-10 07:39:26 AM | analyzer.0x2cf5694906bdd80f33bac7cb80183f1c61bc5be2 | Processed function transferOwnership
[INFO] | 2024-11-10 07:39:26 AM | analyzer.0x2cf5694906bdd80f33bac7cb80183f1c61bc5be2 | Generating return summary for renounceOwnership
[INFO] | 2024-11-10 07:39:26 AM | analyzer.0x2cf5694906bdd80f33bac7cb80183f1c61bc5be2 | Return summary generated for renounceOwnership
[INFO] | 2024-11-10 07:39:26 AM | analyzer.0x2cf5694906bdd80f33bac7cb80183f1c61bc5be2 | Range graph generated
[INFO] | 2024-11-10 07:39:26 AM | analyzer.0x2cf5694906bdd80f33bac7cb80183f1c61bc5be2 | Processed function renounceOwnership
[INFO] | 2024-11-10 07:39:26 AM | analyzer.0x2cf5694906bdd80f33bac7cb80183f1c61bc5be2 | Generating return summary for setContactInformation
[INFO] | 2024-11-10 07:39:26 AM | analyzer.0x2cf5694906bdd80f33bac7cb80183f1c61bc5be2 | Return summary generated for setContactInformation
[INFO] | 2024-11-10 07:39:26 AM | analyzer.0x2cf5694906bdd80f33bac7cb80183f1c61bc5be2 | Range graph generated
[INFO] | 2024-11-10 07:39:26 AM | analyzer.0x2cf5694906bdd80f33bac7cb80183f1c61bc5be2 | Processed function setContactInformation
[INFO] | 2024-11-10 07:39:26 AM | analyzer.0x2cf5694906bdd80f33bac7cb80183f1c61bc5be2 | Generating return summary for transferOwnership
[INFO] | 2024-11-10 07:39:26 AM | analyzer.0x2cf5694906bdd80f33bac7cb80183f1c61bc5be2 | Return summary generated for transferOwnership
[INFO] | 2024-11-10 07:39:26 AM | analyzer.0x2cf5694906bdd80f33bac7cb80183f1c61bc5be2 | Range graph generated
[INFO] | 2024-11-10 07:39:26 AM | analyzer.0x2cf5694906bdd80f33bac7cb80183f1c61bc5be2 | Processed function transferOwnership
[INFO] | 2024-11-10 07:39:26 AM | analyzer.0x2cf5694906bdd80f33bac7cb80183f1c61bc5be2 | Generating return summary for renounceOwnership
[INFO] | 2024-11-10 07:39:26 AM | analyzer.0x2cf5694906bdd80f33bac7cb80183f1c61bc5be2 | Return summary generated for renounceOwnership
[INFO] | 2024-11-10 07:39:26 AM | analyzer.0x2cf5694906bdd80f33bac7cb80183f1c61bc5be2 | Range graph generated
[INFO] | 2024-11-10 07:39:26 AM | analyzer.0x2cf5694906bdd80f33bac7cb80183f1c61bc5be2 | Processed function renounceOwnership
[INFO] | 2024-11-10 07:39:26 AM | analyzer.0x2cf5694906bdd80f33bac7cb80183f1c61bc5be2 | Generating return summary for setMonethaAddress
[INFO] | 2024-11-10 07:39:26 AM | analyzer.0x2cf5694906bdd80f33bac7cb80183f1c61bc5be2 | Return summary generated for setMonethaAddress
[INFO] | 2024-11-10 07:39:26 AM | analyzer.0x2cf5694906bdd80f33bac7cb80183f1c61bc5be2 | Range graph generated
[INFO] | 2024-11-10 07:39:26 AM | analyzer.0x2cf5694906bdd80f33bac7cb80183f1c61bc5be2 | Processed function setMonethaAddress
[INFO] | 2024-11-10 07:39:26 AM | analyzer.0x2cf5694906bdd80f33bac7cb80183f1c61bc5be2 | Generating return summary for withdrawAllTokensToExchange
[INFO] | 2024-11-10 07:39:26 AM | analyzer.0x2cf5694906bdd80f33bac7cb80183f1c61bc5be2 | Return summary generated for withdrawAllTokensToExchange
[INFO] | 2024-11-10 07:39:26 AM | analyzer.0x2cf5694906bdd80f33bac7cb80183f1c61bc5be2 | State variable assignement do not exist
[INFO] | 2024-11-10 07:39:26 AM | analyzer.0x2cf5694906bdd80f33bac7cb80183f1c61bc5be2 | Processed function withdrawAllTokensToExchange
[INFO] | 2024-11-10 07:39:26 AM | analyzer.0x2cf5694906bdd80f33bac7cb80183f1c61bc5be2 | Generating return summary for withdrawTokenRefund
[INFO] | 2024-11-10 07:39:26 AM | analyzer.0x2cf5694906bdd80f33bac7cb80183f1c61bc5be2 | Return summary generated for withdrawTokenRefund
[INFO] | 2024-11-10 07:39:26 AM | analyzer.0x2cf5694906bdd80f33bac7cb80183f1c61bc5be2 | Range graph generated
[INFO] | 2024-11-10 07:39:26 AM | analyzer.0x2cf5694906bdd80f33bac7cb80183f1c61bc5be2 | Processed function withdrawTokenRefund
[INFO] | 2024-11-10 07:39:26 AM | analyzer.0x2cf5694906bdd80f33bac7cb80183f1c61bc5be2 | Generating return summary for secureTokenPay
[INFO] | 2024-11-10 07:39:26 AM | analyzer.0x2cf5694906bdd80f33bac7cb80183f1c61bc5be2 | Return summary generated for secureTokenPay
[INFO] | 2024-11-10 07:39:26 AM | analyzer.0x2cf5694906bdd80f33bac7cb80183f1c61bc5be2 | Range graph generated
[INFO] | 2024-11-10 07:39:26 AM | analyzer.0x2cf5694906bdd80f33bac7cb80183f1c61bc5be2 | Processed function secureTokenPay
[INFO] | 2024-11-10 07:39:26 AM | analyzer.0x2cf5694906bdd80f33bac7cb80183f1c61bc5be2 | Generating return summary for transferOwnership
[INFO] | 2024-11-10 07:39:26 AM | analyzer.0x2cf5694906bdd80f33bac7cb80183f1c61bc5be2 | Return summary generated for transferOwnership
[INFO] | 2024-11-10 07:39:26 AM | analyzer.0x2cf5694906bdd80f33bac7cb80183f1c61bc5be2 | Range graph generated
[INFO] | 2024-11-10 07:39:26 AM | analyzer.0x2cf5694906bdd80f33bac7cb80183f1c61bc5be2 | Processed function transferOwnership
[INFO] | 2024-11-10 07:39:26 AM | analyzer.0x2cf5694906bdd80f33bac7cb80183f1c61bc5be2 | Generating return summary for renounceOwnership
[INFO] | 2024-11-10 07:39:26 AM | analyzer.0x2cf5694906bdd80f33bac7cb80183f1c61bc5be2 | Return summary generated for renounceOwnership
[INFO] | 2024-11-10 07:39:26 AM | analyzer.0x2cf5694906bdd80f33bac7cb80183f1c61bc5be2 | Range graph generated
[INFO] | 2024-11-10 07:39:26 AM | analyzer.0x2cf5694906bdd80f33bac7cb80183f1c61bc5be2 | Processed function renounceOwnership
[INFO] | 2024-11-10 07:39:26 AM | analyzer.0x2cf5694906bdd80f33bac7cb80183f1c61bc5be2 | Generating return summary for setMonethaAddress
[INFO] | 2024-11-10 07:39:26 AM | analyzer.0x2cf5694906bdd80f33bac7cb80183f1c61bc5be2 | Return summary generated for setMonethaAddress
[INFO] | 2024-11-10 07:39:26 AM | analyzer.0x2cf5694906bdd80f33bac7cb80183f1c61bc5be2 | Range graph generated
[INFO] | 2024-11-10 07:39:26 AM | analyzer.0x2cf5694906bdd80f33bac7cb80183f1c61bc5be2 | Processed function setMonethaAddress
[INFO] | 2024-11-10 07:39:26 AM | analyzer.0x2cf5694906bdd80f33bac7cb80183f1c61bc5be2 | Generating return summary for destroy
[INFO] | 2024-11-10 07:39:26 AM | analyzer.0x2cf5694906bdd80f33bac7cb80183f1c61bc5be2 | Return summary generated for destroy
[INFO] | 2024-11-10 07:39:26 AM | analyzer.0x2cf5694906bdd80f33bac7cb80183f1c61bc5be2 | State variable assignement do not exist
[INFO] | 2024-11-10 07:39:26 AM | analyzer.0x2cf5694906bdd80f33bac7cb80183f1c61bc5be2 | Processed function destroy
[INFO] | 2024-11-10 07:39:26 AM | analyzer.0x2cf5694906bdd80f33bac7cb80183f1c61bc5be2 | Generating return summary for destroyAndSend
[INFO] | 2024-11-10 07:39:26 AM | analyzer.0x2cf5694906bdd80f33bac7cb80183f1c61bc5be2 | Return summary generated for destroyAndSend
[INFO] | 2024-11-10 07:39:26 AM | analyzer.0x2cf5694906bdd80f33bac7cb80183f1c61bc5be2 | State variable assignement do not exist
[INFO] | 2024-11-10 07:39:26 AM | analyzer.0x2cf5694906bdd80f33bac7cb80183f1c61bc5be2 | Processed function destroyAndSend
[INFO] | 2024-11-10 07:39:26 AM | analyzer.0x2cf5694906bdd80f33bac7cb80183f1c61bc5be2 | Generating return summary for setContactInformation
[INFO] | 2024-11-10 07:39:26 AM | analyzer.0x2cf5694906bdd80f33bac7cb80183f1c61bc5be2 | Return summary generated for setContactInformation
[INFO] | 2024-11-10 07:39:26 AM | analyzer.0x2cf5694906bdd80f33bac7cb80183f1c61bc5be2 | Range graph generated
[INFO] | 2024-11-10 07:39:26 AM | analyzer.0x2cf5694906bdd80f33bac7cb80183f1c61bc5be2 | Processed function setContactInformation
[INFO] | 2024-11-10 07:39:26 AM | analyzer.0x2cf5694906bdd80f33bac7cb80183f1c61bc5be2 | Generating return summary for pause
[INFO] | 2024-11-10 07:39:26 AM | analyzer.0x2cf5694906bdd80f33bac7cb80183f1c61bc5be2 | Return summary generated for pause
[INFO] | 2024-11-10 07:39:26 AM | analyzer.0x2cf5694906bdd80f33bac7cb80183f1c61bc5be2 | Range graph generated
[INFO] | 2024-11-10 07:39:26 AM | analyzer.0x2cf5694906bdd80f33bac7cb80183f1c61bc5be2 | Processed function pause
[INFO] | 2024-11-10 07:39:26 AM | analyzer.0x2cf5694906bdd80f33bac7cb80183f1c61bc5be2 | Generating return summary for unpause
[INFO] | 2024-11-10 07:39:26 AM | analyzer.0x2cf5694906bdd80f33bac7cb80183f1c61bc5be2 | Return summary generated for unpause
[INFO] | 2024-11-10 07:39:26 AM | analyzer.0x2cf5694906bdd80f33bac7cb80183f1c61bc5be2 | Range graph generated
[INFO] | 2024-11-10 07:39:26 AM | analyzer.0x2cf5694906bdd80f33bac7cb80183f1c61bc5be2 | Processed function unpause
[INFO] | 2024-11-10 07:39:26 AM | analyzer.0x2cf5694906bdd80f33bac7cb80183f1c61bc5be2 | Generating return summary for changeMonethaVault
[INFO] | 2024-11-10 07:39:26 AM | analyzer.0x2cf5694906bdd80f33bac7cb80183f1c61bc5be2 | Return summary generated for changeMonethaVault
[INFO] | 2024-11-10 07:39:26 AM | analyzer.0x2cf5694906bdd80f33bac7cb80183f1c61bc5be2 | Range graph generated
[INFO] | 2024-11-10 07:39:26 AM | analyzer.0x2cf5694906bdd80f33bac7cb80183f1c61bc5be2 | Processed function changeMonethaVault
[INFO] | 2024-11-10 07:39:26 AM | analyzer.0x2cf5694906bdd80f33bac7cb80183f1c61bc5be2 | Generating return summary for setAdmin
[INFO] | 2024-11-10 07:39:26 AM | analyzer.0x2cf5694906bdd80f33bac7cb80183f1c61bc5be2 | Return summary generated for setAdmin
[INFO] | 2024-11-10 07:39:26 AM | analyzer.0x2cf5694906bdd80f33bac7cb80183f1c61bc5be2 | Range graph generated
[INFO] | 2024-11-10 07:39:26 AM | analyzer.0x2cf5694906bdd80f33bac7cb80183f1c61bc5be2 | Processed function setAdmin
[INFO] | 2024-11-10 07:39:26 AM | analyzer.0x2cf5694906bdd80f33bac7cb80183f1c61bc5be2 | Generating return summary for setMonethaVoucher
[INFO] | 2024-11-10 07:39:26 AM | analyzer.0x2cf5694906bdd80f33bac7cb80183f1c61bc5be2 | Return summary generated for setMonethaVoucher
[INFO] | 2024-11-10 07:39:26 AM | analyzer.0x2cf5694906bdd80f33bac7cb80183f1c61bc5be2 | Range graph generated
[INFO] | 2024-11-10 07:39:26 AM | analyzer.0x2cf5694906bdd80f33bac7cb80183f1c61bc5be2 | Processed function setMonethaVoucher
[INFO] | 2024-11-10 07:39:26 AM | analyzer.0x2cf5694906bdd80f33bac7cb80183f1c61bc5be2 | Generating return summary for setMaxDiscountPermille
[INFO] | 2024-11-10 07:39:26 AM | analyzer.0x2cf5694906bdd80f33bac7cb80183f1c61bc5be2 | Return summary generated for setMaxDiscountPermille
[INFO] | 2024-11-10 07:39:26 AM | analyzer.0x2cf5694906bdd80f33bac7cb80183f1c61bc5be2 | Range graph generated
[INFO] | 2024-11-10 07:39:26 AM | analyzer.0x2cf5694906bdd80f33bac7cb80183f1c61bc5be2 | Processed function setMaxDiscountPermille
[INFO] | 2024-11-10 07:39:26 AM | analyzer.0x2cf5694906bdd80f33bac7cb80183f1c61bc5be2 | Generating return summary for transferOwnership
[INFO] | 2024-11-10 07:39:26 AM | analyzer.0x2cf5694906bdd80f33bac7cb80183f1c61bc5be2 | Return summary generated for transferOwnership
[INFO] | 2024-11-10 07:39:26 AM | analyzer.0x2cf5694906bdd80f33bac7cb80183f1c61bc5be2 | Range graph generated
[INFO] | 2024-11-10 07:39:26 AM | analyzer.0x2cf5694906bdd80f33bac7cb80183f1c61bc5be2 | Processed function transferOwnership
[INFO] | 2024-11-10 07:39:26 AM | analyzer.0x2cf5694906bdd80f33bac7cb80183f1c61bc5be2 | Generating return summary for renounceOwnership
[INFO] | 2024-11-10 07:39:26 AM | analyzer.0x2cf5694906bdd80f33bac7cb80183f1c61bc5be2 | Return summary generated for renounceOwnership
[INFO] | 2024-11-10 07:39:26 AM | analyzer.0x2cf5694906bdd80f33bac7cb80183f1c61bc5be2 | Range graph generated
[INFO] | 2024-11-10 07:39:26 AM | analyzer.0x2cf5694906bdd80f33bac7cb80183f1c61bc5be2 | Processed function renounceOwnership
[INFO] | 2024-11-10 07:39:26 AM | analyzer.0x2cf5694906bdd80f33bac7cb80183f1c61bc5be2 | Generating return summary for setMonethaAddress
[INFO] | 2024-11-10 07:39:26 AM | analyzer.0x2cf5694906bdd80f33bac7cb80183f1c61bc5be2 | Return summary generated for setMonethaAddress
[INFO] | 2024-11-10 07:39:26 AM | analyzer.0x2cf5694906bdd80f33bac7cb80183f1c61bc5be2 | Range graph generated
[INFO] | 2024-11-10 07:39:26 AM | analyzer.0x2cf5694906bdd80f33bac7cb80183f1c61bc5be2 | Processed function setMonethaAddress
[INFO] | 2024-11-10 07:39:26 AM | analyzer.0x2cf5694906bdd80f33bac7cb80183f1c61bc5be2 | Generating return summary for setContactInformation
[INFO] | 2024-11-10 07:39:26 AM | analyzer.0x2cf5694906bdd80f33bac7cb80183f1c61bc5be2 | Return summary generated for setContactInformation
[INFO] | 2024-11-10 07:39:26 AM | analyzer.0x2cf5694906bdd80f33bac7cb80183f1c61bc5be2 | Range graph generated
[INFO] | 2024-11-10 07:39:26 AM | analyzer.0x2cf5694906bdd80f33bac7cb80183f1c61bc5be2 | Processed function setContactInformation
[INFO] | 2024-11-10 07:39:26 AM | analyzer.0x2cf5694906bdd80f33bac7cb80183f1c61bc5be2 | Generating return summary for recordDeal
[INFO] | 2024-11-10 07:39:26 AM | analyzer.0x2cf5694906bdd80f33bac7cb80183f1c61bc5be2 | Return summary generated for recordDeal
[INFO] | 2024-11-10 07:39:26 AM | analyzer.0x2cf5694906bdd80f33bac7cb80183f1c61bc5be2 | State variable assignement do not exist
[INFO] | 2024-11-10 07:39:26 AM | analyzer.0x2cf5694906bdd80f33bac7cb80183f1c61bc5be2 | Processed function recordDeal
[INFO] | 2024-11-10 07:39:26 AM | analyzer.0x2cf5694906bdd80f33bac7cb80183f1c61bc5be2 | Generating return summary for recordDealCancelReason
[INFO] | 2024-11-10 07:39:26 AM | analyzer.0x2cf5694906bdd80f33bac7cb80183f1c61bc5be2 | Return summary generated for recordDealCancelReason
[INFO] | 2024-11-10 07:39:26 AM | analyzer.0x2cf5694906bdd80f33bac7cb80183f1c61bc5be2 | State variable assignement do not exist
[INFO] | 2024-11-10 07:39:26 AM | analyzer.0x2cf5694906bdd80f33bac7cb80183f1c61bc5be2 | Processed function recordDealCancelReason
[INFO] | 2024-11-10 07:39:26 AM | analyzer.0x2cf5694906bdd80f33bac7cb80183f1c61bc5be2 | Generating return summary for recordDealRefundReason
[INFO] | 2024-11-10 07:39:26 AM | analyzer.0x2cf5694906bdd80f33bac7cb80183f1c61bc5be2 | Return summary generated for recordDealRefundReason
[INFO] | 2024-11-10 07:39:26 AM | analyzer.0x2cf5694906bdd80f33bac7cb80183f1c61bc5be2 | State variable assignement do not exist
[INFO] | 2024-11-10 07:39:26 AM | analyzer.0x2cf5694906bdd80f33bac7cb80183f1c61bc5be2 | Processed function recordDealRefundReason
[INFO] | 2024-11-10 07:39:26 AM | analyzer.0x2cf5694906bdd80f33bac7cb80183f1c61bc5be2 | Generating return summary for setMerchantDealsHistory
[INFO] | 2024-11-10 07:39:26 AM | analyzer.0x2cf5694906bdd80f33bac7cb80183f1c61bc5be2 | Return summary generated for setMerchantDealsHistory
[INFO] | 2024-11-10 07:39:26 AM | analyzer.0x2cf5694906bdd80f33bac7cb80183f1c61bc5be2 | Range graph generated
[INFO] | 2024-11-10 07:39:26 AM | analyzer.0x2cf5694906bdd80f33bac7cb80183f1c61bc5be2 | Processed function setMerchantDealsHistory
[INFO] | 2024-11-10 07:39:26 AM | analyzer.0x2cf5694906bdd80f33bac7cb80183f1c61bc5be2 | Generating return summary for transferOwnership
[INFO] | 2024-11-10 07:39:26 AM | analyzer.0x2cf5694906bdd80f33bac7cb80183f1c61bc5be2 | Return summary generated for transferOwnership
[INFO] | 2024-11-10 07:39:26 AM | analyzer.0x2cf5694906bdd80f33bac7cb80183f1c61bc5be2 | Range graph generated
[INFO] | 2024-11-10 07:39:26 AM | analyzer.0x2cf5694906bdd80f33bac7cb80183f1c61bc5be2 | Processed function transferOwnership
[INFO] | 2024-11-10 07:39:26 AM | analyzer.0x2cf5694906bdd80f33bac7cb80183f1c61bc5be2 | Generating return summary for renounceOwnership
[INFO] | 2024-11-10 07:39:26 AM | analyzer.0x2cf5694906bdd80f33bac7cb80183f1c61bc5be2 | Return summary generated for renounceOwnership
[INFO] | 2024-11-10 07:39:26 AM | analyzer.0x2cf5694906bdd80f33bac7cb80183f1c61bc5be2 | Range graph generated
[INFO] | 2024-11-10 07:39:26 AM | analyzer.0x2cf5694906bdd80f33bac7cb80183f1c61bc5be2 | Processed function renounceOwnership
[INFO] | 2024-11-10 07:39:26 AM | analyzer.0x2cf5694906bdd80f33bac7cb80183f1c61bc5be2 | Generating return summary for destroy
[INFO] | 2024-11-10 07:39:26 AM | analyzer.0x2cf5694906bdd80f33bac7cb80183f1c61bc5be2 | Return summary generated for destroy
[INFO] | 2024-11-10 07:39:26 AM | analyzer.0x2cf5694906bdd80f33bac7cb80183f1c61bc5be2 | State variable assignement do not exist
[INFO] | 2024-11-10 07:39:26 AM | analyzer.0x2cf5694906bdd80f33bac7cb80183f1c61bc5be2 | Processed function destroy
[INFO] | 2024-11-10 07:39:26 AM | analyzer.0x2cf5694906bdd80f33bac7cb80183f1c61bc5be2 | Generating return summary for transferOwnership
[INFO] | 2024-11-10 07:39:26 AM | analyzer.0x2cf5694906bdd80f33bac7cb80183f1c61bc5be2 | Return summary generated for transferOwnership
[INFO] | 2024-11-10 07:39:26 AM | analyzer.0x2cf5694906bdd80f33bac7cb80183f1c61bc5be2 | Range graph generated
[INFO] | 2024-11-10 07:39:26 AM | analyzer.0x2cf5694906bdd80f33bac7cb80183f1c61bc5be2 | Processed function transferOwnership
[INFO] | 2024-11-10 07:39:26 AM | analyzer.0x2cf5694906bdd80f33bac7cb80183f1c61bc5be2 | Generating return summary for withdrawTo
[INFO] | 2024-11-10 07:39:26 AM | analyzer.0x2cf5694906bdd80f33bac7cb80183f1c61bc5be2 | Return summary generated for withdrawTo
[INFO] | 2024-11-10 07:39:26 AM | analyzer.0x2cf5694906bdd80f33bac7cb80183f1c61bc5be2 | State variable assignement do not exist
[INFO] | 2024-11-10 07:39:26 AM | analyzer.0x2cf5694906bdd80f33bac7cb80183f1c61bc5be2 | Processed function withdrawTo
[INFO] | 2024-11-10 07:39:26 AM | analyzer.0x2cf5694906bdd80f33bac7cb80183f1c61bc5be2 | Generating return summary for withdrawToExchange
[INFO] | 2024-11-10 07:39:26 AM | analyzer.0x2cf5694906bdd80f33bac7cb80183f1c61bc5be2 | Return summary generated for withdrawToExchange
[INFO] | 2024-11-10 07:39:26 AM | analyzer.0x2cf5694906bdd80f33bac7cb80183f1c61bc5be2 | State variable assignement do not exist
[INFO] | 2024-11-10 07:39:26 AM | analyzer.0x2cf5694906bdd80f33bac7cb80183f1c61bc5be2 | Processed function withdrawToExchange
[INFO] | 2024-11-10 07:39:26 AM | analyzer.0x2cf5694906bdd80f33bac7cb80183f1c61bc5be2 | Generating return summary for withdrawAllToExchange
[INFO] | 2024-11-10 07:39:26 AM | analyzer.0x2cf5694906bdd80f33bac7cb80183f1c61bc5be2 | Return summary generated for withdrawAllToExchange
[INFO] | 2024-11-10 07:39:26 AM | analyzer.0x2cf5694906bdd80f33bac7cb80183f1c61bc5be2 | State variable assignement do not exist
[INFO] | 2024-11-10 07:39:26 AM | analyzer.0x2cf5694906bdd80f33bac7cb80183f1c61bc5be2 | Processed function withdrawAllToExchange
[INFO] | 2024-11-10 07:39:26 AM | analyzer.0x2cf5694906bdd80f33bac7cb80183f1c61bc5be2 | Generating return summary for renounceOwnership
[INFO] | 2024-11-10 07:39:26 AM | analyzer.0x2cf5694906bdd80f33bac7cb80183f1c61bc5be2 | Return summary generated for renounceOwnership
[INFO] | 2024-11-10 07:39:26 AM | analyzer.0x2cf5694906bdd80f33bac7cb80183f1c61bc5be2 | Range graph generated
[INFO] | 2024-11-10 07:39:26 AM | analyzer.0x2cf5694906bdd80f33bac7cb80183f1c61bc5be2 | Processed function renounceOwnership
[INFO] | 2024-11-10 07:39:26 AM | analyzer.0x2cf5694906bdd80f33bac7cb80183f1c61bc5be2 | Generating return summary for setMonethaAddress
[INFO] | 2024-11-10 07:39:26 AM | analyzer.0x2cf5694906bdd80f33bac7cb80183f1c61bc5be2 | Return summary generated for setMonethaAddress
[INFO] | 2024-11-10 07:39:26 AM | analyzer.0x2cf5694906bdd80f33bac7cb80183f1c61bc5be2 | Range graph generated
[INFO] | 2024-11-10 07:39:26 AM | analyzer.0x2cf5694906bdd80f33bac7cb80183f1c61bc5be2 | Processed function setMonethaAddress
[INFO] | 2024-11-10 07:39:26 AM | analyzer.0x2cf5694906bdd80f33bac7cb80183f1c61bc5be2 | Generating return summary for setContactInformation
[INFO] | 2024-11-10 07:39:26 AM | analyzer.0x2cf5694906bdd80f33bac7cb80183f1c61bc5be2 | Return summary generated for setContactInformation
[INFO] | 2024-11-10 07:39:26 AM | analyzer.0x2cf5694906bdd80f33bac7cb80183f1c61bc5be2 | Range graph generated
[INFO] | 2024-11-10 07:39:26 AM | analyzer.0x2cf5694906bdd80f33bac7cb80183f1c61bc5be2 | Processed function setContactInformation
[INFO] | 2024-11-10 07:39:26 AM | analyzer.0x2cf5694906bdd80f33bac7cb80183f1c61bc5be2 | Generating return summary for destroy
[INFO] | 2024-11-10 07:39:26 AM | analyzer.0x2cf5694906bdd80f33bac7cb80183f1c61bc5be2 | Return summary generated for destroy
[INFO] | 2024-11-10 07:39:26 AM | analyzer.0x2cf5694906bdd80f33bac7cb80183f1c61bc5be2 | State variable assignement do not exist
[INFO] | 2024-11-10 07:39:26 AM | analyzer.0x2cf5694906bdd80f33bac7cb80183f1c61bc5be2 | Processed function destroy
[INFO] | 2024-11-10 07:39:26 AM | analyzer.0x2cf5694906bdd80f33bac7cb80183f1c61bc5be2 | Generating return summary for pause
[INFO] | 2024-11-10 07:39:26 AM | analyzer.0x2cf5694906bdd80f33bac7cb80183f1c61bc5be2 | Return summary generated for pause
[INFO] | 2024-11-10 07:39:26 AM | analyzer.0x2cf5694906bdd80f33bac7cb80183f1c61bc5be2 | Range graph generated
[INFO] | 2024-11-10 07:39:26 AM | analyzer.0x2cf5694906bdd80f33bac7cb80183f1c61bc5be2 | Processed function pause
[INFO] | 2024-11-10 07:39:26 AM | analyzer.0x2cf5694906bdd80f33bac7cb80183f1c61bc5be2 | Generating return summary for unpause
[INFO] | 2024-11-10 07:39:26 AM | analyzer.0x2cf5694906bdd80f33bac7cb80183f1c61bc5be2 | Return summary generated for unpause
[INFO] | 2024-11-10 07:39:26 AM | analyzer.0x2cf5694906bdd80f33bac7cb80183f1c61bc5be2 | Range graph generated
[INFO] | 2024-11-10 07:39:26 AM | analyzer.0x2cf5694906bdd80f33bac7cb80183f1c61bc5be2 | Processed function unpause
[INFO] | 2024-11-10 07:39:26 AM | analyzer.0x2cf5694906bdd80f33bac7cb80183f1c61bc5be2 | Generating return summary for setProfile
[INFO] | 2024-11-10 07:39:26 AM | analyzer.0x2cf5694906bdd80f33bac7cb80183f1c61bc5be2 | Return summary generated for setProfile
[INFO] | 2024-11-10 07:39:26 AM | analyzer.0x2cf5694906bdd80f33bac7cb80183f1c61bc5be2 | Range graph generated
[INFO] | 2024-11-10 07:39:26 AM | analyzer.0x2cf5694906bdd80f33bac7cb80183f1c61bc5be2 | Processed function setProfile
[INFO] | 2024-11-10 07:39:26 AM | analyzer.0x2cf5694906bdd80f33bac7cb80183f1c61bc5be2 | Generating return summary for setPaymentSettings
[INFO] | 2024-11-10 07:39:26 AM | analyzer.0x2cf5694906bdd80f33bac7cb80183f1c61bc5be2 | Return summary generated for setPaymentSettings
[INFO] | 2024-11-10 07:39:26 AM | analyzer.0x2cf5694906bdd80f33bac7cb80183f1c61bc5be2 | Range graph generated
[INFO] | 2024-11-10 07:39:26 AM | analyzer.0x2cf5694906bdd80f33bac7cb80183f1c61bc5be2 | Processed function setPaymentSettings
[INFO] | 2024-11-10 07:39:26 AM | analyzer.0x2cf5694906bdd80f33bac7cb80183f1c61bc5be2 | Generating return summary for changeMerchantAccount
[INFO] | 2024-11-10 07:39:26 AM | analyzer.0x2cf5694906bdd80f33bac7cb80183f1c61bc5be2 | Return summary generated for changeMerchantAccount
[INFO] | 2024-11-10 07:39:26 AM | analyzer.0x2cf5694906bdd80f33bac7cb80183f1c61bc5be2 | Range graph generated
[INFO] | 2024-11-10 07:39:26 AM | analyzer.0x2cf5694906bdd80f33bac7cb80183f1c61bc5be2 | Processed function changeMerchantAccount
[INFO] | 2024-11-10 07:39:26 AM | analyzer.0x2cf5694906bdd80f33bac7cb80183f1c61bc5be2 | Generating return summary for constructor
[INFO] | 2024-11-10 07:39:26 AM | analyzer.0x2cf5694906bdd80f33bac7cb80183f1c61bc5be2 | Return summary generated for constructor
[WARNING] | 2024-11-10 07:39:26 AM | analyzer.0x2cf5694906bdd80f33bac7cb80183f1c61bc5be2 | Can there be this kind of variables
[WARNING] | 2024-11-10 07:39:26 AM | analyzer.0x2cf5694906bdd80f33bac7cb80183f1c61bc5be2 | Can there be this kind of variables
[WARNING] | 2024-11-10 07:39:26 AM | analyzer.0x2cf5694906bdd80f33bac7cb80183f1c61bc5be2 | Can there be this kind of variables
[INFO] | 2024-11-10 07:39:26 AM | analyzer.0x2cf5694906bdd80f33bac7cb80183f1c61bc5be2 | Range graph generated
[INFO] | 2024-11-10 07:39:26 AM | analyzer.0x2cf5694906bdd80f33bac7cb80183f1c61bc5be2 | Processed function constructor
[INFO] | 2024-11-10 07:39:26 AM | analyzer.0x2cf5694906bdd80f33bac7cb80183f1c61bc5be2 | Generating return summary for changeFundAddress
[INFO] | 2024-11-10 07:39:26 AM | analyzer.0x2cf5694906bdd80f33bac7cb80183f1c61bc5be2 | Return summary generated for changeFundAddress
[WARNING] | 2024-11-10 07:39:26 AM | analyzer.0x2cf5694906bdd80f33bac7cb80183f1c61bc5be2 | Can there be this kind of variables
[INFO] | 2024-11-10 07:39:26 AM | analyzer.0x2cf5694906bdd80f33bac7cb80183f1c61bc5be2 | Range graph generated
[INFO] | 2024-11-10 07:39:26 AM | analyzer.0x2cf5694906bdd80f33bac7cb80183f1c61bc5be2 | Processed function changeFundAddress
[INFO] | 2024-11-10 07:39:26 AM | analyzer.0x2cf5694906bdd80f33bac7cb80183f1c61bc5be2 | Generating return summary for setCompositeReputation
[INFO] | 2024-11-10 07:39:26 AM | analyzer.0x2cf5694906bdd80f33bac7cb80183f1c61bc5be2 | Return summary generated for setCompositeReputation
[INFO] | 2024-11-10 07:39:26 AM | analyzer.0x2cf5694906bdd80f33bac7cb80183f1c61bc5be2 | Range graph generated
[INFO] | 2024-11-10 07:39:26 AM | analyzer.0x2cf5694906bdd80f33bac7cb80183f1c61bc5be2 | Processed function setCompositeReputation
[INFO] | 2024-11-10 07:39:26 AM | analyzer.0x2cf5694906bdd80f33bac7cb80183f1c61bc5be2 | Generating return summary for setMerchantWallet
[INFO] | 2024-11-10 07:39:26 AM | analyzer.0x2cf5694906bdd80f33bac7cb80183f1c61bc5be2 | Return summary generated for setMerchantWallet
[INFO] | 2024-11-10 07:39:26 AM | analyzer.0x2cf5694906bdd80f33bac7cb80183f1c61bc5be2 | Range graph generated
[INFO] | 2024-11-10 07:39:26 AM | analyzer.0x2cf5694906bdd80f33bac7cb80183f1c61bc5be2 | Processed function setMerchantWallet
[INFO] | 2024-11-10 07:39:26 AM | analyzer.0x2cf5694906bdd80f33bac7cb80183f1c61bc5be2 | Generating return summary for transferOwnership
[INFO] | 2024-11-10 07:39:26 AM | analyzer.0x2cf5694906bdd80f33bac7cb80183f1c61bc5be2 | Return summary generated for transferOwnership
[INFO] | 2024-11-10 07:39:26 AM | analyzer.0x2cf5694906bdd80f33bac7cb80183f1c61bc5be2 | Range graph generated
[INFO] | 2024-11-10 07:39:26 AM | analyzer.0x2cf5694906bdd80f33bac7cb80183f1c61bc5be2 | Processed function transferOwnership
[INFO] | 2024-11-10 07:39:26 AM | analyzer.0x2cf5694906bdd80f33bac7cb80183f1c61bc5be2 | Generating return summary for renounceOwnership
[INFO] | 2024-11-10 07:39:26 AM | analyzer.0x2cf5694906bdd80f33bac7cb80183f1c61bc5be2 | Return summary generated for renounceOwnership
[INFO] | 2024-11-10 07:39:26 AM | analyzer.0x2cf5694906bdd80f33bac7cb80183f1c61bc5be2 | Range graph generated
[INFO] | 2024-11-10 07:39:26 AM | analyzer.0x2cf5694906bdd80f33bac7cb80183f1c61bc5be2 | Processed function renounceOwnership
[INFO] | 2024-11-10 07:39:26 AM | analyzer.0x2cf5694906bdd80f33bac7cb80183f1c61bc5be2 | Generating return summary for setMonethaAddress
[INFO] | 2024-11-10 07:39:26 AM | analyzer.0x2cf5694906bdd80f33bac7cb80183f1c61bc5be2 | Return summary generated for setMonethaAddress
[INFO] | 2024-11-10 07:39:26 AM | analyzer.0x2cf5694906bdd80f33bac7cb80183f1c61bc5be2 | Range graph generated
[INFO] | 2024-11-10 07:39:26 AM | analyzer.0x2cf5694906bdd80f33bac7cb80183f1c61bc5be2 | Processed function setMonethaAddress
[INFO] | 2024-11-10 07:39:26 AM | analyzer.0x2cf5694906bdd80f33bac7cb80183f1c61bc5be2 | Generating return summary for setContactInformation
[INFO] | 2024-11-10 07:39:26 AM | analyzer.0x2cf5694906bdd80f33bac7cb80183f1c61bc5be2 | Return summary generated for setContactInformation
[INFO] | 2024-11-10 07:39:26 AM | analyzer.0x2cf5694906bdd80f33bac7cb80183f1c61bc5be2 | Range graph generated
[INFO] | 2024-11-10 07:39:26 AM | analyzer.0x2cf5694906bdd80f33bac7cb80183f1c61bc5be2 | Processed function setContactInformation
[INFO] | 2024-11-10 07:39:26 AM | analyzer.0x2cf5694906bdd80f33bac7cb80183f1c61bc5be2 | Generating return summary for destroy
[INFO] | 2024-11-10 07:39:26 AM | analyzer.0x2cf5694906bdd80f33bac7cb80183f1c61bc5be2 | Return summary generated for destroy
[INFO] | 2024-11-10 07:39:26 AM | analyzer.0x2cf5694906bdd80f33bac7cb80183f1c61bc5be2 | State variable assignement do not exist
[INFO] | 2024-11-10 07:39:26 AM | analyzer.0x2cf5694906bdd80f33bac7cb80183f1c61bc5be2 | Processed function destroy
[INFO] | 2024-11-10 07:39:26 AM | analyzer.0x2cf5694906bdd80f33bac7cb80183f1c61bc5be2 | Generating return summary for destroyAndSend
[INFO] | 2024-11-10 07:39:26 AM | analyzer.0x2cf5694906bdd80f33bac7cb80183f1c61bc5be2 | Return summary generated for destroyAndSend
[INFO] | 2024-11-10 07:39:26 AM | analyzer.0x2cf5694906bdd80f33bac7cb80183f1c61bc5be2 | State variable assignement do not exist
[INFO] | 2024-11-10 07:39:26 AM | analyzer.0x2cf5694906bdd80f33bac7cb80183f1c61bc5be2 | Processed function destroyAndSend
[INFO] | 2024-11-10 07:39:26 AM | analyzer.0x2cf5694906bdd80f33bac7cb80183f1c61bc5be2 | Generating return summary for pause
[INFO] | 2024-11-10 07:39:26 AM | analyzer.0x2cf5694906bdd80f33bac7cb80183f1c61bc5be2 | Return summary generated for pause
[INFO] | 2024-11-10 07:39:26 AM | analyzer.0x2cf5694906bdd80f33bac7cb80183f1c61bc5be2 | Range graph generated
[INFO] | 2024-11-10 07:39:26 AM | analyzer.0x2cf5694906bdd80f33bac7cb80183f1c61bc5be2 | Processed function pause
[INFO] | 2024-11-10 07:39:26 AM | analyzer.0x2cf5694906bdd80f33bac7cb80183f1c61bc5be2 | Generating return summary for unpause
[INFO] | 2024-11-10 07:39:26 AM | analyzer.0x2cf5694906bdd80f33bac7cb80183f1c61bc5be2 | Return summary generated for unpause
[INFO] | 2024-11-10 07:39:26 AM | analyzer.0x2cf5694906bdd80f33bac7cb80183f1c61bc5be2 | Range graph generated
[INFO] | 2024-11-10 07:39:26 AM | analyzer.0x2cf5694906bdd80f33bac7cb80183f1c61bc5be2 | Processed function unpause
[INFO] | 2024-11-10 07:39:26 AM | analyzer.0x2cf5694906bdd80f33bac7cb80183f1c61bc5be2 | Generating return summary for setMonethaGateway
[INFO] | 2024-11-10 07:39:26 AM | analyzer.0x2cf5694906bdd80f33bac7cb80183f1c61bc5be2 | Return summary generated for setMonethaGateway
[INFO] | 2024-11-10 07:39:26 AM | analyzer.0x2cf5694906bdd80f33bac7cb80183f1c61bc5be2 | Range graph generated
[INFO] | 2024-11-10 07:39:26 AM | analyzer.0x2cf5694906bdd80f33bac7cb80183f1c61bc5be2 | Processed function setMonethaGateway
[INFO] | 2024-11-10 07:39:26 AM | analyzer.0x2cf5694906bdd80f33bac7cb80183f1c61bc5be2 | Generating return summary for securePay
[INFO] | 2024-11-10 07:39:26 AM | analyzer.0x2cf5694906bdd80f33bac7cb80183f1c61bc5be2 | Return summary generated for securePay
[INFO] | 2024-11-10 07:39:26 AM | analyzer.0x2cf5694906bdd80f33bac7cb80183f1c61bc5be2 | Range graph generated
[INFO] | 2024-11-10 07:39:26 AM | analyzer.0x2cf5694906bdd80f33bac7cb80183f1c61bc5be2 | Processed function securePay
[INFO] | 2024-11-10 07:39:26 AM | analyzer.0x2cf5694906bdd80f33bac7cb80183f1c61bc5be2 | Generating return summary for constructor
[INFO] | 2024-11-10 07:39:26 AM | analyzer.0x2cf5694906bdd80f33bac7cb80183f1c61bc5be2 | Return summary generated for constructor
[INFO] | 2024-11-10 07:39:26 AM | analyzer.0x2cf5694906bdd80f33bac7cb80183f1c61bc5be2 | Range graph generated
[INFO] | 2024-11-10 07:39:26 AM | analyzer.0x2cf5694906bdd80f33bac7cb80183f1c61bc5be2 | Processed function constructor
[INFO] | 2024-11-10 07:39:26 AM | analyzer.0x2cf5694906bdd80f33bac7cb80183f1c61bc5be2 | Generating return summary for withdraw
[INFO] | 2024-11-10 07:39:26 AM | analyzer.0x2cf5694906bdd80f33bac7cb80183f1c61bc5be2 | Return summary generated for withdraw
[INFO] | 2024-11-10 07:39:26 AM | analyzer.0x2cf5694906bdd80f33bac7cb80183f1c61bc5be2 | State variable assignement do not exist
[INFO] | 2024-11-10 07:39:26 AM | analyzer.0x2cf5694906bdd80f33bac7cb80183f1c61bc5be2 | Processed function withdraw
[INFO] | 2024-11-10 07:39:26 AM | analyzer.0x2cf5694906bdd80f33bac7cb80183f1c61bc5be2 | Generating return summary for updateDealConditions
[INFO] | 2024-11-10 07:39:26 AM | analyzer.0x2cf5694906bdd80f33bac7cb80183f1c61bc5be2 | Return summary generated for updateDealConditions
[INFO] | 2024-11-10 07:39:26 AM | analyzer.0x2cf5694906bdd80f33bac7cb80183f1c61bc5be2 | Range graph generated
[INFO] | 2024-11-10 07:39:26 AM | analyzer.0x2cf5694906bdd80f33bac7cb80183f1c61bc5be2 | Processed function updateDealConditions
[INFO] | 2024-11-10 07:39:26 AM | analyzer.0x2cf5694906bdd80f33bac7cb80183f1c61bc5be2 | Generating return summary for constructor
[INFO] | 2024-11-10 07:39:26 AM | analyzer.0x2cf5694906bdd80f33bac7cb80183f1c61bc5be2 | Return summary generated for constructor
[INFO] | 2024-11-10 07:39:26 AM | analyzer.0x2cf5694906bdd80f33bac7cb80183f1c61bc5be2 | Range graph generated
[INFO] | 2024-11-10 07:39:26 AM | analyzer.0x2cf5694906bdd80f33bac7cb80183f1c61bc5be2 | Processed function constructor
[INFO] | 2024-11-10 07:39:26 AM | analyzer.0x2cf5694906bdd80f33bac7cb80183f1c61bc5be2 | Generating return summary for cancelOrder
[INFO] | 2024-11-10 07:39:26 AM | analyzer.0x2cf5694906bdd80f33bac7cb80183f1c61bc5be2 | Return summary generated for cancelOrder
[INFO] | 2024-11-10 07:39:26 AM | analyzer.0x2cf5694906bdd80f33bac7cb80183f1c61bc5be2 | Range graph generated
[INFO] | 2024-11-10 07:39:26 AM | analyzer.0x2cf5694906bdd80f33bac7cb80183f1c61bc5be2 | Processed function cancelOrder
[INFO] | 2024-11-10 07:39:26 AM | analyzer.0x2cf5694906bdd80f33bac7cb80183f1c61bc5be2 | Generating return summary for refundPayment
[INFO] | 2024-11-10 07:39:26 AM | analyzer.0x2cf5694906bdd80f33bac7cb80183f1c61bc5be2 | Return summary generated for refundPayment
[INFO] | 2024-11-10 07:39:26 AM | analyzer.0x2cf5694906bdd80f33bac7cb80183f1c61bc5be2 | Range graph generated
[INFO] | 2024-11-10 07:39:26 AM | analyzer.0x2cf5694906bdd80f33bac7cb80183f1c61bc5be2 | Processed function refundPayment
[INFO] | 2024-11-10 07:39:26 AM | analyzer.0x2cf5694906bdd80f33bac7cb80183f1c61bc5be2 | Generating return summary for processPayment
[INFO] | 2024-11-10 07:39:26 AM | analyzer.0x2cf5694906bdd80f33bac7cb80183f1c61bc5be2 | Return summary generated for processPayment
[INFO] | 2024-11-10 07:39:26 AM | analyzer.0x2cf5694906bdd80f33bac7cb80183f1c61bc5be2 | Range graph generated
[INFO] | 2024-11-10 07:39:26 AM | analyzer.0x2cf5694906bdd80f33bac7cb80183f1c61bc5be2 | Processed function processPayment
[INFO] | 2024-11-10 07:39:26 AM | analyzer.0x2cf5694906bdd80f33bac7cb80183f1c61bc5be2 | Value Range Analysis took 0.116324 seconds
[INFO] | 2024-11-10 07:39:26 AM | analyzer.0x2cf5694906bdd80f33bac7cb80183f1c61bc5be2 | Value Range Analysis finished
[INFO] | 2024-11-10 07:39:26 AM | analyzer.0x2cf5694906bdd80f33bac7cb80183f1c61bc5be2 | Storage dependency graph compostion started!
[INFO] | 2024-11-10 07:39:27 AM | analyzer.0x2cf5694906bdd80f33bac7cb80183f1c61bc5be2 | Storage dependency graph compostion finished!
[INFO] | 2024-11-10 07:39:27 AM | analyzer.0x2cf5694906bdd80f33bac7cb80183f1c61bc5be2 | Dependency detection started!
[INFO] | 2024-11-10 07:39:27 AM | analyzer.0x2cf5694906bdd80f33bac7cb80183f1c61bc5be2 | DAO dependency detected in file 0x2cf5694906bdd80f33bac7cb80183f1c61bc5be2.sol in contract PaymentProcessor in by composing functions withdrawTokenRefund and addOrder
[INFO] | 2024-11-10 07:39:27 AM | analyzer.0x2cf5694906bdd80f33bac7cb80183f1c61bc5be2 | DAO dependency detected in file 0x2cf5694906bdd80f33bac7cb80183f1c61bc5be2.sol in contract PaymentProcessor in by composing functions withdrawTokenRefund and securePay
[INFO] | 2024-11-10 07:39:27 AM | analyzer.0x2cf5694906bdd80f33bac7cb80183f1c61bc5be2 | DAO dependency detected in file 0x2cf5694906bdd80f33bac7cb80183f1c61bc5be2.sol in contract PaymentProcessor in by composing functions withdrawTokenRefund and secureTokenPay
[INFO] | 2024-11-10 07:39:27 AM | analyzer.0x2cf5694906bdd80f33bac7cb80183f1c61bc5be2 | DAO dependency detected in file 0x2cf5694906bdd80f33bac7cb80183f1c61bc5be2.sol in contract PaymentProcessor in by composing functions withdrawTokenRefund and cancelOrder
[INFO] | 2024-11-10 07:39:27 AM | analyzer.0x2cf5694906bdd80f33bac7cb80183f1c61bc5be2 | DAO dependency detected in file 0x2cf5694906bdd80f33bac7cb80183f1c61bc5be2.sol in contract PaymentProcessor in by composing functions withdrawTokenRefund and refundPayment
[INFO] | 2024-11-10 07:39:27 AM | analyzer.0x2cf5694906bdd80f33bac7cb80183f1c61bc5be2 | DAO dependency detected in file 0x2cf5694906bdd80f33bac7cb80183f1c61bc5be2.sol in contract PaymentProcessor in by composing functions withdrawTokenRefund and withdrawRefund
[INFO] | 2024-11-10 07:39:28 AM | analyzer.0x2cf5694906bdd80f33bac7cb80183f1c61bc5be2 | DAO dependency detected in file 0x2cf5694906bdd80f33bac7cb80183f1c61bc5be2.sol in contract PaymentProcessor in by composing functions withdrawTokenRefund and withdrawTokenRefund
[INFO] | 2024-11-10 07:39:28 AM | analyzer.0x2cf5694906bdd80f33bac7cb80183f1c61bc5be2 | DAO dependency detected in file 0x2cf5694906bdd80f33bac7cb80183f1c61bc5be2.sol in contract PaymentProcessor in by composing functions withdrawTokenRefund and processPayment
[INFO] | 2024-11-10 07:39:28 AM | analyzer.0x2cf5694906bdd80f33bac7cb80183f1c61bc5be2 | Dependency detection finished!
[INFO] | 2024-11-10 07:39:28 AM | analyzer.0x2cf5694906bdd80f33bac7cb80183f1c61bc5be2 | Static Analysis took 8.426441 seconds
[INFO] | 2024-11-10 07:39:28 AM | analyzer.0x2cf5694906bdd80f33bac7cb80183f1c61bc5be2 | Dependency exists
[INFO] | 2024-11-10 07:39:28 AM | analyzer.0x2cf5694906bdd80f33bac7cb80183f1c61bc5be2 | Invoking symbolic executor!
[INFO] | 2024-11-10 07:39:31 AM | analyzer.0x2cf5694906bdd80f33bac7cb80183f1c61bc5be2 | Symbolic execution took 3.412309 seconds
[INFO] | 2024-11-10 07:39:31 AM | analyzer.0x2cf5694906bdd80f33bac7cb80183f1c61bc5be2 | Symbolic execution finished!
[INFO] | 2024-11-10 07:39:31 AM | analyzer.0x2cf5694906bdd80f33bac7cb80183f1c61bc5be2 | Analysis finished!
[INFO] | 2024-11-10 07:39:31 AM | analyzer.0x2cf5694906bdd80f33bac7cb80183f1c61bc5be2 | Analysis took 11.840640 seconds
[INFO] | 2024-11-10 07:39:31 AM | analyzer.0x2cf5694906bdd80f33bac7cb80183f1c61bc5be2 | Analysis finished at: 2024-11-10 07:39:31 AM
